Offset: 0
Patterns start at ID:0
Serialization report: Thu Sep 26 12:25:43 2013

Serialize graph
Serialize patterns
DUMPING 5 EQU CALSSES
EQU CLASSES ID: 448
PATTERN ID: 447
EQU CLASSES UNIQUE_PATHS: 
EQU CLASSES FLOW: 
EQU CLASSES CONTENT: (225,29) (60,103) 
END
EQU CLASSES ID: 451
PATTERN ID: 450
EQU CLASSES UNIQUE_PATHS: 
EQU CLASSES FLOW: 
EQU CLASSES CONTENT: (90,247) (362,367) 
END
EQU CLASSES ID: 455
PATTERN ID: 454
EQU CLASSES UNIQUE_PATHS: 
EQU CLASSES FLOW: 
EQU CLASSES CONTENT: (277,5) (101,5) (140,5) 
END
EQU CLASSES ID: 458
PATTERN ID: 457
EQU CLASSES UNIQUE_PATHS: 
EQU CLASSES FLOW: 
EQU CLASSES CONTENT: (390,231) (347,105) 
END
EQU CLASSES ID: 465
PATTERN ID: 464
EQU CLASSES UNIQUE_PATHS: 
EQU CLASSES FLOW: 
EQU CLASSES CONTENT: (70,3) (362,15) 
END
DUMPING 14 PATTERNS
SEQUENCE: 390 0 362 
INDEX: 
ID 447
SIGNATURE -1526984839
SIGNIFICANCE 1
LENGTH 3
BUNDLE: 1 3 1 65 0.613208 0.9 1 1
EQU CLASSES REF(-1526984839,1) 
EQU CLASSES 448 SEQUENCE: 60 362 
INDEX: 
ID 449
SIGNATURE 22379332
SIGNIFICANCE 0.999684
LENGTH 2
BUNDLE: 0.999684 2 1 38 0.383838 0.140741 0.999369 1
EQU CLASSES REFEQU CLASSES SEQUENCE: 390 241 0 
INDEX: 
ID 450
SIGNATURE -1526975653
SIGNIFICANCE 1
LENGTH 3
BUNDLE: 1 3 1 49 0.720588 0.662162 1 1
EQU CLASSES REF(-1526975653,2) 
EQU CLASSES 451 SEQUENCE: 390 60 70 
INDEX: 
ID 452
SIGNATURE 955120922
SIGNIFICANCE 1
LENGTH 3
BUNDLE: 1 3 1 34 0.85 0.894737 1 1
EQU CLASSES REFEQU CLASSES SEQUENCE: 283 269 390 
INDEX: 
ID 453
SIGNATURE -1756303057
SIGNIFICANCE 0.99259
LENGTH 3
BUNDLE: 0.99259 8 6 24 0.827586 0.545455 1 0.98518
EQU CLASSES REFEQU CLASSES SEQUENCE: 450 0 390 
INDEX: 
ID 454
SIGNATURE -1520344377
SIGNIFICANCE 1
LENGTH 5
BUNDLE: 1 3 1 6 0.75 0.266667 1 1
EQU CLASSES REF(-1520344377,1) 
EQU CLASSES 455 SEQUENCE: 390 70 
INDEX: 
ID 456
SIGNATURE 22144060
SIGNIFICANCE 1
LENGTH 2
BUNDLE: 1 5 4 97 0.205074 0.595092 1 1
EQU CLASSES REFEQU CLASSES SEQUENCE: 0 451 
INDEX: 
ID 457
SIGNATURE 873010
SIGNIFICANCE 1
LENGTH 2
BUNDLE: 1 2 1 131 0.294382 1 1 1
EQU CLASSES REF(873010,0) 
EQU CLASSES 458 SEQUENCE: 241 451 
INDEX: 
ID 459
SIGNATURE 110285510
SIGNIFICANCE 0.994528
LENGTH 2
BUNDLE: 0.994528 2 1 25 0.390625 0.120773 0.989055 1
EQU CLASSES REFEQU CLASSES SEQUENCE: 390 128 
INDEX: 
ID 460
SIGNATURE 110719402
SIGNIFICANCE 1
LENGTH 2
BUNDLE: 1 3 2 74 0.249158 0.691589 1 1
EQU CLASSES REFEQU CLASSES SEQUENCE: 390 241 70 301 
INDEX: 
ID 461
SIGNATURE 2040274062
SIGNIFICANCE 1
LENGTH 4
BUNDLE: 1 4 1 4 0.5 1 1 1
EQU CLASSES REFEQU CLASSES SEQUENCE: 390 348 362 
INDEX: 
ID 462
SIGNATURE -1892556019
SIGNIFICANCE 0.99321
LENGTH 3
BUNDLE: 0.99321 3 1 6 0.857143 1 0.98642 1
EQU CLASSES REFEQU CLASSES SEQUENCE: 19 451 
INDEX: 
ID 463
SIGNATURE 22001135
SIGNIFICANCE 0.996554
LENGTH 2
BUNDLE: 0.996554 2 1 22 0.458333 0.125 0.993107 1
EQU CLASSES REFEQU CLASSES SEQUENCE: 390 61 0 
INDEX: 
ID 464
SIGNATURE 553601043
SIGNIFICANCE 0.999858
LENGTH 3
BUNDLE: 0.999858 3 1 8 1 1 0.999717 1
EQU CLASSES REF(553601043,2) 
EQU CLASSES 465 