Start new search-path : Thu Sep 26 12:25:40 2013

Start new search-path : Thu Sep 26 12:25:40 2013

Start new search-path : Thu Sep 26 12:25:40 2013

Start new search-path : Thu Sep 26 12:25:40 2013

Start new search-path : Thu Sep 26 12:25:40 2013

Start new search-path : Thu Sep 26 12:25:40 2013

Start new search-path : Thu Sep 26 12:25:40 2013

Start new search-path : Thu Sep 26 12:25:40 2013

Start new search-path : Thu Sep 26 12:25:40 2013

Start new search-path : Thu Sep 26 12:25:40 2013

Start new search-path : Thu Sep 26 12:25:40 2013

Start new search-path : Thu Sep 26 12:25:40 2013

Start new search-path : Thu Sep 26 12:25:40 2013

Start new search-path : Thu Sep 26 12:25:40 2013

Start new search-path : Thu Sep 26 12:25:40 2013

Start new search-path : Thu Sep 26 12:25:40 2013

Start new search-path : Thu Sep 26 12:25:40 2013

Start new search-path : Thu Sep 26 12:25:40 2013

Start new search-path : Thu Sep 26 12:25:40 2013

Start new search-path : Thu Sep 26 12:25:40 2013

Start new search-path : Thu Sep 26 12:25:40 2013

Start new search-path : Thu Sep 26 12:25:40 2013

Start new search-path : Thu Sep 26 12:25:40 2013

Start new search-path : Thu Sep 26 12:25:40 2013

Start new search-path : Thu Sep 26 12:25:40 2013

Start new search-path : Thu Sep 26 12:25:40 2013

Start new search-path : Thu Sep 26 12:25:40 2013

Start new search-path : Thu Sep 26 12:25:40 2013

Start new search-path : Thu Sep 26 12:25:40 2013

Start new search-path : Thu Sep 26 12:25:40 2013

Start new search-path : Thu Sep 26 12:25:40 2013

-1526984839 1
553600893 2
List of patterns: 
1.00578	(the,E0,square)
1.00578	(the,big,E0)
0.999996	(the,big,square)
0.999996	(the,big,square)
0.999958	(the,big,square)
NEW	P447	(the,E0,square)	0	1	3	65
E0	{large,big}
Start new search-path : Thu Sep 26 12:25:40 2013

Start new search-path : Thu Sep 26 12:25:40 2013

Start new search-path : Thu Sep 26 12:25:40 2013

Start new search-path : Thu Sep 26 12:25:40 2013

Start new search-path : Thu Sep 26 12:25:40 2013

Start new search-path : Thu Sep 26 12:25:40 2013

Start new search-path : Thu Sep 26 12:25:40 2013

Start new search-path : Thu Sep 26 12:25:40 2013

List of patterns: 
0.999684	(big,square)
NEW	P449	(big,square)	0.00031554699	1	2	38
Start new search-path : Thu Sep 26 12:25:40 2013

Start new search-path : Thu Sep 26 12:25:40 2013

Start new search-path : Thu Sep 26 12:25:40 2013

Start new search-path : Thu Sep 26 12:25:40 2013

Start new search-path : Thu Sep 26 12:25:40 2013

Start new search-path : Thu Sep 26 12:25:40 2013

Start new search-path : Thu Sep 26 12:25:40 2013

Start new search-path : Thu Sep 26 12:25:40 2013

Start new search-path : Thu Sep 26 12:25:40 2013

Start new search-path : Thu Sep 26 12:25:40 2013

Start new search-path : Thu Sep 26 12:25:40 2013

Start new search-path : Thu Sep 26 12:25:40 2013

Start new search-path : Thu Sep 26 12:25:40 2013

Start new search-path : Thu Sep 26 12:25:40 2013

Start new search-path : Thu Sep 26 12:25:40 2013

Start new search-path : Thu Sep 26 12:25:40 2013

Start new search-path : Thu Sep 26 12:25:40 2013

Start new search-path : Thu Sep 26 12:25:40 2013

Start new search-path : Thu Sep 26 12:25:40 2013

Start new search-path : Thu Sep 26 12:25:40 2013

Start new search-path : Thu Sep 26 12:25:40 2013

Start new search-path : Thu Sep 26 12:25:40 2013

Start new search-path : Thu Sep 26 12:25:40 2013

Start new search-path : Thu Sep 26 12:25:40 2013

Start new search-path : Thu Sep 26 12:25:40 2013

Start new search-path : Thu Sep 26 12:25:40 2013

Start new search-path : Thu Sep 26 12:25:40 2013

Start new search-path : Thu Sep 26 12:25:40 2013

Start new search-path : Thu Sep 26 12:25:40 2013

Start new search-path : Thu Sep 26 12:25:40 2013

Start new search-path : Thu Sep 26 12:25:40 2013

Start new search-path : Thu Sep 26 12:25:40 2013

Start new search-path : Thu Sep 26 12:25:40 2013

Start new search-path : Thu Sep 26 12:25:40 2013

Start new search-path : Thu Sep 26 12:25:40 2013

Start new search-path : Thu Sep 26 12:25:40 2013

Start new search-path : Thu Sep 26 12:25:40 2013

Start new search-path : Thu Sep 26 12:25:40 2013

Start new search-path : Thu Sep 26 12:25:40 2013

Start new search-path : Thu Sep 26 12:25:40 2013

Start new search-path : Thu Sep 26 12:25:40 2013

Start new search-path : Thu Sep 26 12:25:40 2013

-1526984839 1
List of patterns: 
1.01153	(the,E0,square)
Pattern already exists - ignore
Start new search-path : Thu Sep 26 12:25:40 2013

-1526975653 2
-1526975653 2
List of patterns: 
1.00578	(the,little,E0)
1.00578	(the,little,E0)
NEW	P450	(the,little,E0)	0	1	3	49
E0	{circle,square}
Start new search-path : Thu Sep 26 12:25:40 2013

553600893 2
=> NON VALID PATTERN, ERASE IT
List of patterns: 
1	(the,big,box)
0.997472	(the,door)
0.997472	(the,door)
NEW	P452	(the,big,box)	0	1	3	34
Start new search-path : Thu Sep 26 12:25:40 2013

Start new search-path : Thu Sep 26 12:25:40 2013

Start new search-path : Thu Sep 26 12:25:40 2013

Start new search-path : Thu Sep 26 12:25:40 2013

Start new search-path : Thu Sep 26 12:25:40 2013

Start new search-path : Thu Sep 26 12:25:40 2013

List of patterns: 
0.99259	(out,of,the)
NEW	P453	(out,of,the)	0.007409811	1	3	24
Start new search-path : Thu Sep 26 12:25:40 2013

Start new search-path : Thu Sep 26 12:25:40 2013

Start new search-path : Thu Sep 26 12:25:40 2013

-1568216252 0
-1520344377 1
=> NON VALID PATTERN, ERASE IT
List of patterns: 
1.01493	(P450,E0,the)
NEW	P454	(P450,E0,the)	0	0.66666669	5	6
E0	{opens,closes,enters}
Start new search-path : Thu Sep 26 12:25:40 2013

List of patterns: 
1	(the,box)
1	(the,box)
1	(the,box)
1	(the,box)
0.995618	(the,door)
NEW	P456	(the,box)	0	1	2	97
Start new search-path : Thu Sep 26 12:25:40 2013

Start new search-path : Thu Sep 26 12:25:40 2013

Start new search-path : Thu Sep 26 12:25:40 2013

Start new search-path : Thu Sep 26 12:25:40 2013

Start new search-path : Thu Sep 26 12:25:40 2013

Start new search-path : Thu Sep 26 12:25:40 2013

Start new search-path : Thu Sep 26 12:25:40 2013

Start new search-path : Thu Sep 26 12:25:40 2013

Start new search-path : Thu Sep 26 12:25:40 2013

Start new search-path : Thu Sep 26 12:25:40 2013

Start new search-path : Thu Sep 26 12:25:40 2013

Start new search-path : Thu Sep 26 12:25:40 2013

Start new search-path : Thu Sep 26 12:25:40 2013

Start new search-path : Thu Sep 26 12:25:40 2013

Start new search-path : Thu Sep 26 12:25:40 2013

Start new search-path : Thu Sep 26 12:25:40 2013

Start new search-path : Thu Sep 26 12:25:40 2013

Start new search-path : Thu Sep 26 12:25:40 2013

873010 0
List of patterns: 
1.01155	(E0,E451)
1.00496	(the,E451)
NEW	P457	(E0,E451)	5.9604645e-08	1	2	131
E0	{the,small}
Start new search-path : Thu Sep 26 12:25:40 2013

Start new search-path : Thu Sep 26 12:25:40 2013

Start new search-path : Thu Sep 26 12:25:40 2013

Start new search-path : Thu Sep 26 12:25:41 2013

Start new search-path : Thu Sep 26 12:25:41 2013

Start new search-path : Thu Sep 26 12:25:41 2013

Start new search-path : Thu Sep 26 12:25:41 2013

Start new search-path : Thu Sep 26 12:25:41 2013

Start new search-path : Thu Sep 26 12:25:41 2013

Start new search-path : Thu Sep 26 12:25:41 2013

Start new search-path : Thu Sep 26 12:25:41 2013

Start new search-path : Thu Sep 26 12:25:41 2013

Start new search-path : Thu Sep 26 12:25:41 2013

Start new search-path : Thu Sep 26 12:25:41 2013

Start new search-path : Thu Sep 26 12:25:41 2013

Start new search-path : Thu Sep 26 12:25:41 2013

Start new search-path : Thu Sep 26 12:25:41 2013

Start new search-path : Thu Sep 26 12:25:41 2013

Start new search-path : Thu Sep 26 12:25:41 2013

Start new search-path : Thu Sep 26 12:25:41 2013

Start new search-path : Thu Sep 26 12:25:41 2013

Start new search-path : Thu Sep 26 12:25:41 2013

Start new search-path : Thu Sep 26 12:25:41 2013

Start new search-path : Thu Sep 26 12:25:41 2013

Start new search-path : Thu Sep 26 12:25:41 2013

Start new search-path : Thu Sep 26 12:25:41 2013

Start new search-path : Thu Sep 26 12:25:41 2013

Start new search-path : Thu Sep 26 12:25:41 2013

Start new search-path : Thu Sep 26 12:25:41 2013

Start new search-path : Thu Sep 26 12:25:41 2013

Start new search-path : Thu Sep 26 12:25:41 2013

Start new search-path : Thu Sep 26 12:25:41 2013

Start new search-path : Thu Sep 26 12:25:41 2013

Start new search-path : Thu Sep 26 12:25:41 2013

Start new search-path : Thu Sep 26 12:25:41 2013

List of patterns: 
1.0003	(little,E451)
NEW	P459	(little,E451)	0.005472362	1	2	25
Start new search-path : Thu Sep 26 12:25:41 2013

Start new search-path : Thu Sep 26 12:25:41 2013

Start new search-path : Thu Sep 26 12:25:41 2013

Start new search-path : Thu Sep 26 12:25:41 2013

Start new search-path : Thu Sep 26 12:25:41 2013

Start new search-path : Thu Sep 26 12:25:41 2013

Start new search-path : Thu Sep 26 12:25:41 2013

Start new search-path : Thu Sep 26 12:25:41 2013

Start new search-path : Thu Sep 26 12:25:41 2013

Start new search-path : Thu Sep 26 12:25:41 2013

Start new search-path : Thu Sep 26 12:25:41 2013

Start new search-path : Thu Sep 26 12:25:41 2013

Start new search-path : Thu Sep 26 12:25:41 2013

Start new search-path : Thu Sep 26 12:25:41 2013

Start new search-path : Thu Sep 26 12:25:41 2013

Start new search-path : Thu Sep 26 12:25:41 2013

Start new search-path : Thu Sep 26 12:25:41 2013

Start new search-path : Thu Sep 26 12:25:41 2013

Start new search-path : Thu Sep 26 12:25:41 2013

Start new search-path : Thu Sep 26 12:25:41 2013

Start new search-path : Thu Sep 26 12:25:41 2013

Start new search-path : Thu Sep 26 12:25:41 2013

Start new search-path : Thu Sep 26 12:25:41 2013

List of patterns: 
1	(the,door)
NEW	P460	(the,door)	0	1	2	74
Start new search-path : Thu Sep 26 12:25:41 2013

Start new search-path : Thu Sep 26 12:25:41 2013

Start new search-path : Thu Sep 26 12:25:41 2013

Start new search-path : Thu Sep 26 12:25:41 2013

Start new search-path : Thu Sep 26 12:25:41 2013

Start new search-path : Thu Sep 26 12:25:41 2013

Start new search-path : Thu Sep 26 12:25:41 2013

Start new search-path : Thu Sep 26 12:25:41 2013

Start new search-path : Thu Sep 26 12:25:41 2013

Start new search-path : Thu Sep 26 12:25:41 2013

Start new search-path : Thu Sep 26 12:25:41 2013

Start new search-path : Thu Sep 26 12:25:41 2013

Start new search-path : Thu Sep 26 12:25:41 2013

Start new search-path : Thu Sep 26 12:25:41 2013

Start new search-path : Thu Sep 26 12:25:41 2013

Start new search-path : Thu Sep 26 12:25:41 2013

Start new search-path : Thu Sep 26 12:25:41 2013

Start new search-path : Thu Sep 26 12:25:41 2013

Start new search-path : Thu Sep 26 12:25:41 2013

Start new search-path : Thu Sep 26 12:25:41 2013

Start new search-path : Thu Sep 26 12:25:41 2013

Start new search-path : Thu Sep 26 12:25:41 2013

Start new search-path : Thu Sep 26 12:25:41 2013

Start new search-path : Thu Sep 26 12:25:41 2013

Start new search-path : Thu Sep 26 12:25:41 2013

Start new search-path : Thu Sep 26 12:25:41 2013

Start new search-path : Thu Sep 26 12:25:41 2013

Start new search-path : Thu Sep 26 12:25:41 2013

Start new search-path : Thu Sep 26 12:25:41 2013

Start new search-path : Thu Sep 26 12:25:41 2013

Start new search-path : Thu Sep 26 12:25:41 2013

Start new search-path : Thu Sep 26 12:25:41 2013

Start new search-path : Thu Sep 26 12:25:41 2013

Start new search-path : Thu Sep 26 12:25:41 2013

Start new search-path : Thu Sep 26 12:25:41 2013

Start new search-path : Thu Sep 26 12:25:41 2013

Start new search-path : Thu Sep 26 12:25:41 2013

Start new search-path : Thu Sep 26 12:25:41 2013

Start new search-path : Thu Sep 26 12:25:41 2013

Start new search-path : Thu Sep 26 12:25:41 2013

Start new search-path : Thu Sep 26 12:25:41 2013

Start new search-path : Thu Sep 26 12:25:41 2013

Start new search-path : Thu Sep 26 12:25:41 2013

Start new search-path : Thu Sep 26 12:25:41 2013

Start new search-path : Thu Sep 26 12:25:41 2013

Start new search-path : Thu Sep 26 12:25:41 2013

Start new search-path : Thu Sep 26 12:25:41 2013

Start new search-path : Thu Sep 26 12:25:41 2013

Start new search-path : Thu Sep 26 12:25:41 2013

Start new search-path : Thu Sep 26 12:25:41 2013

Start new search-path : Thu Sep 26 12:25:41 2013

Start new search-path : Thu Sep 26 12:25:41 2013

Start new search-path : Thu Sep 26 12:25:41 2013

Start new search-path : Thu Sep 26 12:25:41 2013

Start new search-path : Thu Sep 26 12:25:41 2013

Start new search-path : Thu Sep 26 12:25:41 2013

Start new search-path : Thu Sep 26 12:25:41 2013

Start new search-path : Thu Sep 26 12:25:41 2013

Start new search-path : Thu Sep 26 12:25:41 2013

Start new search-path : Thu Sep 26 12:25:41 2013

Start new search-path : Thu Sep 26 12:25:41 2013

Start new search-path : Thu Sep 26 12:25:41 2013

Start new search-path : Thu Sep 26 12:25:41 2013

Start new search-path : Thu Sep 26 12:25:41 2013

Start new search-path : Thu Sep 26 12:25:41 2013

Start new search-path : Thu Sep 26 12:25:41 2013

Start new search-path : Thu Sep 26 12:25:41 2013

Start new search-path : Thu Sep 26 12:25:41 2013

Start new search-path : Thu Sep 26 12:25:41 2013

Start new search-path : Thu Sep 26 12:25:41 2013

Start new search-path : Thu Sep 26 12:25:41 2013

Start new search-path : Thu Sep 26 12:25:41 2013

Start new search-path : Thu Sep 26 12:25:41 2013

Start new search-path : Thu Sep 26 12:25:41 2013

Start new search-path : Thu Sep 26 12:25:41 2013

Start new search-path : Thu Sep 26 12:25:41 2013

List of patterns: 
1	(the,little,box,pushed)
1	(the,little,box,pushed)
NEW	P461	(the,little,box,pushed)	0	1	4	4
Start new search-path : Thu Sep 26 12:25:41 2013

Start new search-path : Thu Sep 26 12:25:41 2013

Start new search-path : Thu Sep 26 12:25:41 2013

Start new search-path : Thu Sep 26 12:25:41 2013

Start new search-path : Thu Sep 26 12:25:41 2013

Start new search-path : Thu Sep 26 12:25:41 2013

Start new search-path : Thu Sep 26 12:25:41 2013

Start new search-path : Thu Sep 26 12:25:41 2013

Start new search-path : Thu Sep 26 12:25:41 2013

Start new search-path : Thu Sep 26 12:25:41 2013

Start new search-path : Thu Sep 26 12:25:41 2013

Start new search-path : Thu Sep 26 12:25:41 2013

Start new search-path : Thu Sep 26 12:25:41 2013

Start new search-path : Thu Sep 26 12:25:41 2013

Start new search-path : Thu Sep 26 12:25:41 2013

Start new search-path : Thu Sep 26 12:25:41 2013

Start new search-path : Thu Sep 26 12:25:41 2013

Start new search-path : Thu Sep 26 12:25:41 2013

Start new search-path : Thu Sep 26 12:25:41 2013

Start new search-path : Thu Sep 26 12:25:41 2013

Start new search-path : Thu Sep 26 12:25:41 2013

Start new search-path : Thu Sep 26 12:25:41 2013

Start new search-path : Thu Sep 26 12:25:41 2013

Start new search-path : Thu Sep 26 12:25:41 2013

Start new search-path : Thu Sep 26 12:25:41 2013

Start new search-path : Thu Sep 26 12:25:41 2013

Start new search-path : Thu Sep 26 12:25:41 2013

Start new search-path : Thu Sep 26 12:25:41 2013

Start new search-path : Thu Sep 26 12:25:41 2013

Start new search-path : Thu Sep 26 12:25:41 2013

Start new search-path : Thu Sep 26 12:25:41 2013

Start new search-path : Thu Sep 26 12:25:41 2013

Start new search-path : Thu Sep 26 12:25:41 2013

Start new search-path : Thu Sep 26 12:25:41 2013

Start new search-path : Thu Sep 26 12:25:41 2013

Start new search-path : Thu Sep 26 12:25:41 2013

Start new search-path : Thu Sep 26 12:25:41 2013

Start new search-path : Thu Sep 26 12:25:41 2013

Start new search-path : Thu Sep 26 12:25:41 2013

Start new search-path : Thu Sep 26 12:25:41 2013

Start new search-path : Thu Sep 26 12:25:41 2013

Start new search-path : Thu Sep 26 12:25:41 2013

Start new search-path : Thu Sep 26 12:25:41 2013

Start new search-path : Thu Sep 26 12:25:41 2013

Start new search-path : Thu Sep 26 12:25:41 2013

Start new search-path : Thu Sep 26 12:25:41 2013

Start new search-path : Thu Sep 26 12:25:41 2013

Start new search-path : Thu Sep 26 12:25:41 2013

Start new search-path : Thu Sep 26 12:25:41 2013

Start new search-path : Thu Sep 26 12:25:41 2013

Start new search-path : Thu Sep 26 12:25:41 2013

Start new search-path : Thu Sep 26 12:25:41 2013

Start new search-path : Thu Sep 26 12:25:41 2013

Start new search-path : Thu Sep 26 12:25:41 2013

Start new search-path : Thu Sep 26 12:25:41 2013

Start new search-path : Thu Sep 26 12:25:41 2013

Start new search-path : Thu Sep 26 12:25:41 2013

Start new search-path : Thu Sep 26 12:25:41 2013

Start new search-path : Thu Sep 26 12:25:41 2013

Start new search-path : Thu Sep 26 12:25:41 2013

Start new search-path : Thu Sep 26 12:25:41 2013

Start new search-path : Thu Sep 26 12:25:41 2013

Start new search-path : Thu Sep 26 12:25:41 2013

Start new search-path : Thu Sep 26 12:25:41 2013

Start new search-path : Thu Sep 26 12:25:41 2013

Start new search-path : Thu Sep 26 12:25:41 2013

Start new search-path : Thu Sep 26 12:25:41 2013

Start new search-path : Thu Sep 26 12:25:41 2013

Start new search-path : Thu Sep 26 12:25:41 2013

Start new search-path : Thu Sep 26 12:25:41 2013

Start new search-path : Thu Sep 26 12:25:41 2013

Start new search-path : Thu Sep 26 12:25:41 2013

Start new search-path : Thu Sep 26 12:25:41 2013

Start new search-path : Thu Sep 26 12:25:41 2013

Start new search-path : Thu Sep 26 12:25:41 2013

Start new search-path : Thu Sep 26 12:25:41 2013

Start new search-path : Thu Sep 26 12:25:41 2013

Start new search-path : Thu Sep 26 12:25:41 2013

Start new search-path : Thu Sep 26 12:25:41 2013

Start new search-path : Thu Sep 26 12:25:41 2013

Start new search-path : Thu Sep 26 12:25:41 2013

Start new search-path : Thu Sep 26 12:25:41 2013

Start new search-path : Thu Sep 26 12:25:41 2013

Start new search-path : Thu Sep 26 12:25:41 2013

Start new search-path : Thu Sep 26 12:25:41 2013

Start new search-path : Thu Sep 26 12:25:41 2013

Start new search-path : Thu Sep 26 12:25:41 2013

Start new search-path : Thu Sep 26 12:25:41 2013

Start new search-path : Thu Sep 26 12:25:41 2013

Start new search-path : Thu Sep 26 12:25:41 2013

Start new search-path : Thu Sep 26 12:25:41 2013

Start new search-path : Thu Sep 26 12:25:41 2013

-1516594214 1
=> NON VALID PATTERN, ERASE IT
=> NON VALID PATTERN, ERASE IT
Start new search-path : Thu Sep 26 12:25:41 2013

Start new search-path : Thu Sep 26 12:25:41 2013

Start new search-path : Thu Sep 26 12:25:41 2013

Start new search-path : Thu Sep 26 12:25:41 2013

-1516594214 1
=> NON VALID PATTERN, ERASE IT
=> NON VALID PATTERN, ERASE IT
Start new search-path : Thu Sep 26 12:25:41 2013

Start new search-path : Thu Sep 26 12:25:41 2013

-1516594214 1
=> NON VALID PATTERN, ERASE IT
Start new search-path : Thu Sep 26 12:25:41 2013

Start new search-path : Thu Sep 26 12:25:41 2013

Start new search-path : Thu Sep 26 12:25:41 2013

Start new search-path : Thu Sep 26 12:25:41 2013

Start new search-path : Thu Sep 26 12:25:41 2013

Start new search-path : Thu Sep 26 12:25:41 2013

Start new search-path : Thu Sep 26 12:25:41 2013

Start new search-path : Thu Sep 26 12:25:41 2013

Start new search-path : Thu Sep 26 12:25:41 2013

Start new search-path : Thu Sep 26 12:25:41 2013

Start new search-path : Thu Sep 26 12:25:41 2013

Start new search-path : Thu Sep 26 12:25:41 2013

Start new search-path : Thu Sep 26 12:25:41 2013

Start new search-path : Thu Sep 26 12:25:41 2013

Start new search-path : Thu Sep 26 12:25:41 2013

Start new search-path : Thu Sep 26 12:25:41 2013

Start new search-path : Thu Sep 26 12:25:41 2013

Start new search-path : Thu Sep 26 12:25:41 2013

Start new search-path : Thu Sep 26 12:25:41 2013

Start new search-path : Thu Sep 26 12:25:42 2013

Start new search-path : Thu Sep 26 12:25:42 2013

Start new search-path : Thu Sep 26 12:25:42 2013

Start new search-path : Thu Sep 26 12:25:42 2013

Start new search-path : Thu Sep 26 12:25:42 2013

Start new search-path : Thu Sep 26 12:25:42 2013

Start new search-path : Thu Sep 26 12:25:42 2013

Start new search-path : Thu Sep 26 12:25:42 2013

Start new search-path : Thu Sep 26 12:25:42 2013

Start new search-path : Thu Sep 26 12:25:42 2013

Start new search-path : Thu Sep 26 12:25:42 2013

Start new search-path : Thu Sep 26 12:25:42 2013

Start new search-path : Thu Sep 26 12:25:42 2013

Start new search-path : Thu Sep 26 12:25:42 2013

Start new search-path : Thu Sep 26 12:25:42 2013

Start new search-path : Thu Sep 26 12:25:42 2013

Start new search-path : Thu Sep 26 12:25:42 2013

Start new search-path : Thu Sep 26 12:25:42 2013

Start new search-path : Thu Sep 26 12:25:42 2013

Start new search-path : Thu Sep 26 12:25:42 2013

Start new search-path : Thu Sep 26 12:25:42 2013

Start new search-path : Thu Sep 26 12:25:42 2013

Start new search-path : Thu Sep 26 12:25:42 2013

Start new search-path : Thu Sep 26 12:25:42 2013

Start new search-path : Thu Sep 26 12:25:42 2013

=> NON VALID PATTERN, ERASE IT
Start new search-path : Thu Sep 26 12:25:42 2013

-1526984839 1
List of patterns: 
1.00915	(the,E0,square)
Pattern already exists - ignore
Start new search-path : Thu Sep 26 12:25:42 2013

Start new search-path : Thu Sep 26 12:25:42 2013

Start new search-path : Thu Sep 26 12:25:42 2013

Start new search-path : Thu Sep 26 12:25:42 2013

Start new search-path : Thu Sep 26 12:25:42 2013

Start new search-path : Thu Sep 26 12:25:42 2013

Start new search-path : Thu Sep 26 12:25:42 2013

Start new search-path : Thu Sep 26 12:25:42 2013

-1526984839 1
List of patterns: 
1.00915	(the,E0,square)
0.99321	(the,smaller,square)
Pattern already exists - ignore
NEW	P462	(the,smaller,square)	0.0067898035	1	3	6
Start new search-path : Thu Sep 26 12:25:42 2013

Start new search-path : Thu Sep 26 12:25:42 2013

Start new search-path : Thu Sep 26 12:25:42 2013

Start new search-path : Thu Sep 26 12:25:42 2013

Start new search-path : Thu Sep 26 12:25:42 2013

Start new search-path : Thu Sep 26 12:25:42 2013

Start new search-path : Thu Sep 26 12:25:42 2013

Start new search-path : Thu Sep 26 12:25:42 2013

Start new search-path : Thu Sep 26 12:25:42 2013

Start new search-path : Thu Sep 26 12:25:42 2013

Start new search-path : Thu Sep 26 12:25:42 2013

Start new search-path : Thu Sep 26 12:25:42 2013

Start new search-path : Thu Sep 26 12:25:42 2013

Start new search-path : Thu Sep 26 12:25:42 2013

Start new search-path : Thu Sep 26 12:25:42 2013

Start new search-path : Thu Sep 26 12:25:42 2013

Start new search-path : Thu Sep 26 12:25:42 2013

Start new search-path : Thu Sep 26 12:25:42 2013

Start new search-path : Thu Sep 26 12:25:42 2013

Start new search-path : Thu Sep 26 12:25:42 2013

Start new search-path : Thu Sep 26 12:25:42 2013

Start new search-path : Thu Sep 26 12:25:42 2013

Start new search-path : Thu Sep 26 12:25:42 2013

Start new search-path : Thu Sep 26 12:25:42 2013

Start new search-path : Thu Sep 26 12:25:42 2013

Start new search-path : Thu Sep 26 12:25:42 2013

Start new search-path : Thu Sep 26 12:25:42 2013

Start new search-path : Thu Sep 26 12:25:42 2013

Start new search-path : Thu Sep 26 12:25:42 2013

Start new search-path : Thu Sep 26 12:25:42 2013

Start new search-path : Thu Sep 26 12:25:42 2013

Start new search-path : Thu Sep 26 12:25:42 2013

Start new search-path : Thu Sep 26 12:25:42 2013

Start new search-path : Thu Sep 26 12:25:42 2013

Start new search-path : Thu Sep 26 12:25:42 2013

Start new search-path : Thu Sep 26 12:25:42 2013

Start new search-path : Thu Sep 26 12:25:42 2013

Start new search-path : Thu Sep 26 12:25:42 2013

Start new search-path : Thu Sep 26 12:25:42 2013

Start new search-path : Thu Sep 26 12:25:42 2013

Start new search-path : Thu Sep 26 12:25:42 2013

Start new search-path : Thu Sep 26 12:25:42 2013

Start new search-path : Thu Sep 26 12:25:42 2013

Start new search-path : Thu Sep 26 12:25:42 2013

Start new search-path : Thu Sep 26 12:25:42 2013

Start new search-path : Thu Sep 26 12:25:42 2013

Start new search-path : Thu Sep 26 12:25:42 2013

Start new search-path : Thu Sep 26 12:25:42 2013

Start new search-path : Thu Sep 26 12:25:42 2013

Start new search-path : Thu Sep 26 12:25:42 2013

Start new search-path : Thu Sep 26 12:25:42 2013

Start new search-path : Thu Sep 26 12:25:42 2013

Start new search-path : Thu Sep 26 12:25:42 2013

Start new search-path : Thu Sep 26 12:25:42 2013

Start new search-path : Thu Sep 26 12:25:42 2013

Start new search-path : Thu Sep 26 12:25:42 2013

Start new search-path : Thu Sep 26 12:25:42 2013

Start new search-path : Thu Sep 26 12:25:42 2013

Start new search-path : Thu Sep 26 12:25:42 2013

Start new search-path : Thu Sep 26 12:25:42 2013

Start new search-path : Thu Sep 26 12:25:42 2013

Start new search-path : Thu Sep 26 12:25:42 2013

Start new search-path : Thu Sep 26 12:25:42 2013

Start new search-path : Thu Sep 26 12:25:42 2013

Start new search-path : Thu Sep 26 12:25:42 2013

Start new search-path : Thu Sep 26 12:25:42 2013

Start new search-path : Thu Sep 26 12:25:42 2013

Start new search-path : Thu Sep 26 12:25:42 2013

Start new search-path : Thu Sep 26 12:25:42 2013

Start new search-path : Thu Sep 26 12:25:42 2013

Start new search-path : Thu Sep 26 12:25:42 2013

Start new search-path : Thu Sep 26 12:25:42 2013

Start new search-path : Thu Sep 26 12:25:42 2013

Start new search-path : Thu Sep 26 12:25:42 2013

Start new search-path : Thu Sep 26 12:25:42 2013

Start new search-path : Thu Sep 26 12:25:42 2013

Start new search-path : Thu Sep 26 12:25:42 2013

Start new search-path : Thu Sep 26 12:25:42 2013

Start new search-path : Thu Sep 26 12:25:42 2013

Start new search-path : Thu Sep 26 12:25:42 2013

Start new search-path : Thu Sep 26 12:25:42 2013

Start new search-path : Thu Sep 26 12:25:42 2013

Start new search-path : Thu Sep 26 12:25:42 2013

Start new search-path : Thu Sep 26 12:25:42 2013

Start new search-path : Thu Sep 26 12:25:42 2013

Start new search-path : Thu Sep 26 12:25:42 2013

Start new search-path : Thu Sep 26 12:25:42 2013

Start new search-path : Thu Sep 26 12:25:42 2013

Start new search-path : Thu Sep 26 12:25:42 2013

Start new search-path : Thu Sep 26 12:25:42 2013

Start new search-path : Thu Sep 26 12:25:42 2013

Start new search-path : Thu Sep 26 12:25:42 2013

Start new search-path : Thu Sep 26 12:25:42 2013

Start new search-path : Thu Sep 26 12:25:42 2013

Start new search-path : Thu Sep 26 12:25:42 2013

Start new search-path : Thu Sep 26 12:25:42 2013

Start new search-path : Thu Sep 26 12:25:42 2013

Start new search-path : Thu Sep 26 12:25:42 2013

Start new search-path : Thu Sep 26 12:25:42 2013

Start new search-path : Thu Sep 26 12:25:42 2013

Start new search-path : Thu Sep 26 12:25:42 2013

Start new search-path : Thu Sep 26 12:25:42 2013

Start new search-path : Thu Sep 26 12:25:42 2013

Start new search-path : Thu Sep 26 12:25:42 2013

Start new search-path : Thu Sep 26 12:25:42 2013

Start new search-path : Thu Sep 26 12:25:42 2013

Start new search-path : Thu Sep 26 12:25:42 2013

Start new search-path : Thu Sep 26 12:25:42 2013

Start new search-path : Thu Sep 26 12:25:42 2013

Start new search-path : Thu Sep 26 12:25:42 2013

Start new search-path : Thu Sep 26 12:25:42 2013

Start new search-path : Thu Sep 26 12:25:42 2013

Start new search-path : Thu Sep 26 12:25:42 2013

Start new search-path : Thu Sep 26 12:25:42 2013

Start new search-path : Thu Sep 26 12:25:42 2013

Start new search-path : Thu Sep 26 12:25:42 2013

Start new search-path : Thu Sep 26 12:25:42 2013

Start new search-path : Thu Sep 26 12:25:42 2013

Start new search-path : Thu Sep 26 12:25:42 2013

Start new search-path : Thu Sep 26 12:25:42 2013

Start new search-path : Thu Sep 26 12:25:42 2013

Start new search-path : Thu Sep 26 12:25:42 2013

Start new search-path : Thu Sep 26 12:25:42 2013

Start new search-path : Thu Sep 26 12:25:42 2013

Start new search-path : Thu Sep 26 12:25:42 2013

Start new search-path : Thu Sep 26 12:25:42 2013

Start new search-path : Thu Sep 26 12:25:42 2013

Start new search-path : Thu Sep 26 12:25:42 2013

Start new search-path : Thu Sep 26 12:25:42 2013

Start new search-path : Thu Sep 26 12:25:42 2013

Start new search-path : Thu Sep 26 12:25:42 2013

Start new search-path : Thu Sep 26 12:25:42 2013

Start new search-path : Thu Sep 26 12:25:42 2013

Start new search-path : Thu Sep 26 12:25:42 2013

Start new search-path : Thu Sep 26 12:25:42 2013

Start new search-path : Thu Sep 26 12:25:42 2013

Start new search-path : Thu Sep 26 12:25:42 2013

Start new search-path : Thu Sep 26 12:25:42 2013

Start new search-path : Thu Sep 26 12:25:42 2013

Start new search-path : Thu Sep 26 12:25:42 2013

Start new search-path : Thu Sep 26 12:25:42 2013

Start new search-path : Thu Sep 26 12:25:42 2013

Start new search-path : Thu Sep 26 12:25:42 2013

Start new search-path : Thu Sep 26 12:25:42 2013

Start new search-path : Thu Sep 26 12:25:42 2013

Start new search-path : Thu Sep 26 12:25:42 2013

Start new search-path : Thu Sep 26 12:25:42 2013

Start new search-path : Thu Sep 26 12:25:42 2013

Start new search-path : Thu Sep 26 12:25:42 2013

Start new search-path : Thu Sep 26 12:25:42 2013

Start new search-path : Thu Sep 26 12:25:42 2013

Start new search-path : Thu Sep 26 12:25:42 2013

Start new search-path : Thu Sep 26 12:25:42 2013

Start new search-path : Thu Sep 26 12:25:42 2013

Start new search-path : Thu Sep 26 12:25:42 2013

Start new search-path : Thu Sep 26 12:25:42 2013

Start new search-path : Thu Sep 26 12:25:42 2013

Start new search-path : Thu Sep 26 12:25:42 2013

Start new search-path : Thu Sep 26 12:25:42 2013

Start new search-path : Thu Sep 26 12:25:42 2013

Start new search-path : Thu Sep 26 12:25:42 2013

Start new search-path : Thu Sep 26 12:25:42 2013

Start new search-path : Thu Sep 26 12:25:42 2013

Start new search-path : Thu Sep 26 12:25:42 2013

Start new search-path : Thu Sep 26 12:25:42 2013

Start new search-path : Thu Sep 26 12:25:42 2013

Start new search-path : Thu Sep 26 12:25:42 2013

Start new search-path : Thu Sep 26 12:25:42 2013

Start new search-path : Thu Sep 26 12:25:42 2013

Start new search-path : Thu Sep 26 12:25:42 2013

Start new search-path : Thu Sep 26 12:25:42 2013

Start new search-path : Thu Sep 26 12:25:42 2013

Start new search-path : Thu Sep 26 12:25:42 2013

Start new search-path : Thu Sep 26 12:25:42 2013

Start new search-path : Thu Sep 26 12:25:42 2013

Start new search-path : Thu Sep 26 12:25:42 2013

Start new search-path : Thu Sep 26 12:25:42 2013

Start new search-path : Thu Sep 26 12:25:42 2013

Start new search-path : Thu Sep 26 12:25:42 2013

Start new search-path : Thu Sep 26 12:25:42 2013

Start new search-path : Thu Sep 26 12:25:42 2013

Start new search-path : Thu Sep 26 12:25:42 2013

Start new search-path : Thu Sep 26 12:25:42 2013

Start new search-path : Thu Sep 26 12:25:42 2013

Start new search-path : Thu Sep 26 12:25:42 2013

Start new search-path : Thu Sep 26 12:25:42 2013

Start new search-path : Thu Sep 26 12:25:42 2013

Start new search-path : Thu Sep 26 12:25:42 2013

Start new search-path : Thu Sep 26 12:25:42 2013

Start new search-path : Thu Sep 26 12:25:42 2013

Start new search-path : Thu Sep 26 12:25:42 2013

Start new search-path : Thu Sep 26 12:25:42 2013

Start new search-path : Thu Sep 26 12:25:42 2013

Start new search-path : Thu Sep 26 12:25:42 2013

Start new search-path : Thu Sep 26 12:25:42 2013

Start new search-path : Thu Sep 26 12:25:42 2013

Start new search-path : Thu Sep 26 12:25:42 2013

Start new search-path : Thu Sep 26 12:25:42 2013

Start new search-path : Thu Sep 26 12:25:42 2013

Start new search-path : Thu Sep 26 12:25:42 2013

Start new search-path : Thu Sep 26 12:25:42 2013

Start new search-path : Thu Sep 26 12:25:42 2013

Start new search-path : Thu Sep 26 12:25:42 2013

Start new search-path : Thu Sep 26 12:25:42 2013

Start new search-path : Thu Sep 26 12:25:42 2013

Start new search-path : Thu Sep 26 12:25:42 2013

Start new search-path : Thu Sep 26 12:25:42 2013

Start new search-path : Thu Sep 26 12:25:42 2013

Start new search-path : Thu Sep 26 12:25:42 2013

Start new search-path : Thu Sep 26 12:25:42 2013

Start new search-path : Thu Sep 26 12:25:42 2013

Start new search-path : Thu Sep 26 12:25:42 2013

Start new search-path : Thu Sep 26 12:25:42 2013

Start new search-path : Thu Sep 26 12:25:42 2013

Start new search-path : Thu Sep 26 12:25:42 2013

Start new search-path : Thu Sep 26 12:25:42 2013

Start new search-path : Thu Sep 26 12:25:42 2013

Start new search-path : Thu Sep 26 12:25:42 2013

Start new search-path : Thu Sep 26 12:25:42 2013

Start new search-path : Thu Sep 26 12:25:42 2013

Start new search-path : Thu Sep 26 12:25:42 2013

Start new search-path : Thu Sep 26 12:25:42 2013

Start new search-path : Thu Sep 26 12:25:42 2013

Start new search-path : Thu Sep 26 12:25:42 2013

Start new search-path : Thu Sep 26 12:25:42 2013

Start new search-path : Thu Sep 26 12:25:42 2013

Start new search-path : Thu Sep 26 12:25:42 2013

Start new search-path : Thu Sep 26 12:25:42 2013

Start new search-path : Thu Sep 26 12:25:42 2013

Start new search-path : Thu Sep 26 12:25:42 2013

Start new search-path : Thu Sep 26 12:25:42 2013

Start new search-path : Thu Sep 26 12:25:42 2013

Start new search-path : Thu Sep 26 12:25:42 2013

Start new search-path : Thu Sep 26 12:25:42 2013

Start new search-path : Thu Sep 26 12:25:42 2013

Start new search-path : Thu Sep 26 12:25:42 2013

Start new search-path : Thu Sep 26 12:25:42 2013

Start new search-path : Thu Sep 26 12:25:42 2013

Start new search-path : Thu Sep 26 12:25:42 2013

Start new search-path : Thu Sep 26 12:25:42 2013

Start new search-path : Thu Sep 26 12:25:42 2013

Start new search-path : Thu Sep 26 12:25:42 2013

Start new search-path : Thu Sep 26 12:25:42 2013

Start new search-path : Thu Sep 26 12:25:42 2013

Start new search-path : Thu Sep 26 12:25:42 2013

Start new search-path : Thu Sep 26 12:25:42 2013

Start new search-path : Thu Sep 26 12:25:42 2013

Start new search-path : Thu Sep 26 12:25:42 2013

Start new search-path : Thu Sep 26 12:25:42 2013

Start new search-path : Thu Sep 26 12:25:42 2013

Start new search-path : Thu Sep 26 12:25:42 2013

Start new search-path : Thu Sep 26 12:25:42 2013

Start new search-path : Thu Sep 26 12:25:42 2013

Start new search-path : Thu Sep 26 12:25:42 2013

Start new search-path : Thu Sep 26 12:25:42 2013

Start new search-path : Thu Sep 26 12:25:42 2013

Start new search-path : Thu Sep 26 12:25:42 2013

Start new search-path : Thu Sep 26 12:25:42 2013

Start new search-path : Thu Sep 26 12:25:42 2013

Start new search-path : Thu Sep 26 12:25:42 2013

Start new search-path : Thu Sep 26 12:25:42 2013

Start new search-path : Thu Sep 26 12:25:42 2013

Start new search-path : Thu Sep 26 12:25:42 2013

Start new search-path : Thu Sep 26 12:25:42 2013

Start new search-path : Thu Sep 26 12:25:42 2013

Start new search-path : Thu Sep 26 12:25:42 2013

Start new search-path : Thu Sep 26 12:25:42 2013

Start new search-path : Thu Sep 26 12:25:42 2013

Start new search-path : Thu Sep 26 12:25:42 2013

Start new search-path : Thu Sep 26 12:25:42 2013

Start new search-path : Thu Sep 26 12:25:42 2013

Start new search-path : Thu Sep 26 12:25:42 2013

Start new search-path : Thu Sep 26 12:25:42 2013

Start new search-path : Thu Sep 26 12:25:42 2013

Start new search-path : Thu Sep 26 12:25:42 2013

Start new search-path : Thu Sep 26 12:25:42 2013

Start new search-path : Thu Sep 26 12:25:42 2013

Start new search-path : Thu Sep 26 12:25:42 2013

Start new search-path : Thu Sep 26 12:25:42 2013

Start new search-path : Thu Sep 26 12:25:42 2013

Start new search-path : Thu Sep 26 12:25:42 2013

Start new search-path : Thu Sep 26 12:25:42 2013

Start new search-path : Thu Sep 26 12:25:42 2013

Start new search-path : Thu Sep 26 12:25:42 2013

Start new search-path : Thu Sep 26 12:25:42 2013

List of patterns: 
1.00233	(The,E451)
NEW	P463	(The,E451)	0.003446281	1	2	22
Start new search-path : Thu Sep 26 12:25:42 2013

Start new search-path : Thu Sep 26 12:25:42 2013

Start new search-path : Thu Sep 26 12:25:42 2013

Start new search-path : Thu Sep 26 12:25:42 2013

Start new search-path : Thu Sep 26 12:25:42 2013

Start new search-path : Thu Sep 26 12:25:42 2013

Start new search-path : Thu Sep 26 12:25:42 2013

Start new search-path : Thu Sep 26 12:25:42 2013

Start new search-path : Thu Sep 26 12:25:42 2013

Start new search-path : Thu Sep 26 12:25:42 2013

Start new search-path : Thu Sep 26 12:25:42 2013

Start new search-path : Thu Sep 26 12:25:42 2013

Start new search-path : Thu Sep 26 12:25:42 2013

Start new search-path : Thu Sep 26 12:25:42 2013

Start new search-path : Thu Sep 26 12:25:42 2013

Start new search-path : Thu Sep 26 12:25:42 2013

Start new search-path : Thu Sep 26 12:25:42 2013

Start new search-path : Thu Sep 26 12:25:42 2013

Start new search-path : Thu Sep 26 12:25:42 2013

Start new search-path : Thu Sep 26 12:25:42 2013

Start new search-path : Thu Sep 26 12:25:42 2013

Start new search-path : Thu Sep 26 12:25:42 2013

Start new search-path : Thu Sep 26 12:25:43 2013

Start new search-path : Thu Sep 26 12:25:43 2013

Start new search-path : Thu Sep 26 12:25:43 2013

Start new search-path : Thu Sep 26 12:25:43 2013

Start new search-path : Thu Sep 26 12:25:43 2013

Start new search-path : Thu Sep 26 12:25:43 2013

Start new search-path : Thu Sep 26 12:25:43 2013

Start new search-path : Thu Sep 26 12:25:43 2013

Start new search-path : Thu Sep 26 12:25:43 2013

Start new search-path : Thu Sep 26 12:25:43 2013

Start new search-path : Thu Sep 26 12:25:43 2013

Start new search-path : Thu Sep 26 12:25:43 2013

Start new search-path : Thu Sep 26 12:25:43 2013

Start new search-path : Thu Sep 26 12:25:43 2013

Start new search-path : Thu Sep 26 12:25:43 2013

Start new search-path : Thu Sep 26 12:25:43 2013

Start new search-path : Thu Sep 26 12:25:43 2013

Start new search-path : Thu Sep 26 12:25:43 2013

Start new search-path : Thu Sep 26 12:25:43 2013

Start new search-path : Thu Sep 26 12:25:43 2013

Start new search-path : Thu Sep 26 12:25:43 2013

Start new search-path : Thu Sep 26 12:25:43 2013

Start new search-path : Thu Sep 26 12:25:43 2013

Start new search-path : Thu Sep 26 12:25:43 2013

Start new search-path : Thu Sep 26 12:25:43 2013

Start new search-path : Thu Sep 26 12:25:43 2013

Start new search-path : Thu Sep 26 12:25:43 2013

Start new search-path : Thu Sep 26 12:25:43 2013

Start new search-path : Thu Sep 26 12:25:43 2013

Start new search-path : Thu Sep 26 12:25:43 2013

Start new search-path : Thu Sep 26 12:25:43 2013

Start new search-path : Thu Sep 26 12:25:43 2013

Start new search-path : Thu Sep 26 12:25:43 2013

Start new search-path : Thu Sep 26 12:25:43 2013

Start new search-path : Thu Sep 26 12:25:43 2013

Start new search-path : Thu Sep 26 12:25:43 2013

Start new search-path : Thu Sep 26 12:25:43 2013

Start new search-path : Thu Sep 26 12:25:43 2013

Start new search-path : Thu Sep 26 12:25:43 2013

Start new search-path : Thu Sep 26 12:25:43 2013

Start new search-path : Thu Sep 26 12:25:43 2013

Start new search-path : Thu Sep 26 12:25:43 2013

Start new search-path : Thu Sep 26 12:25:43 2013

Start new search-path : Thu Sep 26 12:25:43 2013

Start new search-path : Thu Sep 26 12:25:43 2013

Start new search-path : Thu Sep 26 12:25:43 2013

Start new search-path : Thu Sep 26 12:25:43 2013

Start new search-path : Thu Sep 26 12:25:43 2013

Start new search-path : Thu Sep 26 12:25:43 2013

Start new search-path : Thu Sep 26 12:25:43 2013

Start new search-path : Thu Sep 26 12:25:43 2013

Start new search-path : Thu Sep 26 12:25:43 2013

Start new search-path : Thu Sep 26 12:25:43 2013

Start new search-path : Thu Sep 26 12:25:43 2013

Start new search-path : Thu Sep 26 12:25:43 2013

Start new search-path : Thu Sep 26 12:25:43 2013

Start new search-path : Thu Sep 26 12:25:43 2013

Start new search-path : Thu Sep 26 12:25:43 2013

Start new search-path : Thu Sep 26 12:25:43 2013

Start new search-path : Thu Sep 26 12:25:43 2013

Start new search-path : Thu Sep 26 12:25:43 2013

Start new search-path : Thu Sep 26 12:25:43 2013

Start new search-path : Thu Sep 26 12:25:43 2013

Start new search-path : Thu Sep 26 12:25:43 2013

Start new search-path : Thu Sep 26 12:25:43 2013

Start new search-path : Thu Sep 26 12:25:43 2013

Start new search-path : Thu Sep 26 12:25:43 2013

Start new search-path : Thu Sep 26 12:25:43 2013

Start new search-path : Thu Sep 26 12:25:43 2013

Start new search-path : Thu Sep 26 12:25:43 2013

Start new search-path : Thu Sep 26 12:25:43 2013

Start new search-path : Thu Sep 26 12:25:43 2013

Start new search-path : Thu Sep 26 12:25:43 2013

Start new search-path : Thu Sep 26 12:25:43 2013

Start new search-path : Thu Sep 26 12:25:43 2013

Start new search-path : Thu Sep 26 12:25:43 2013

Start new search-path : Thu Sep 26 12:25:43 2013

Start new search-path : Thu Sep 26 12:25:43 2013

Start new search-path : Thu Sep 26 12:25:43 2013

Start new search-path : Thu Sep 26 12:25:43 2013

Start new search-path : Thu Sep 26 12:25:43 2013

Start new search-path : Thu Sep 26 12:25:43 2013

Start new search-path : Thu Sep 26 12:25:43 2013

Start new search-path : Thu Sep 26 12:25:43 2013

Start new search-path : Thu Sep 26 12:25:43 2013

Start new search-path : Thu Sep 26 12:25:43 2013

Start new search-path : Thu Sep 26 12:25:43 2013

553601043 2
553601043 2
List of patterns: 
1.00563	(the,bigger,E0)
1.00563	(the,bigger,E0)
NEW	P464	(the,bigger,E0)	0.00014162064	1	3	8
E0	{box,square}
Start new search-path : Thu Sep 26 12:25:43 2013

Start new search-path : Thu Sep 26 12:25:43 2013

Start new search-path : Thu Sep 26 12:25:43 2013

Start new search-path : Thu Sep 26 12:25:43 2013

Start new search-path : Thu Sep 26 12:25:43 2013

Start new search-path : Thu Sep 26 12:25:43 2013

Start new search-path : Thu Sep 26 12:25:43 2013

Start new search-path : Thu Sep 26 12:25:43 2013

Start new search-path : Thu Sep 26 12:25:43 2013

Start new search-path : Thu Sep 26 12:25:43 2013

Start new search-path : Thu Sep 26 12:25:43 2013

Start new search-path : Thu Sep 26 12:25:43 2013

Start new search-path : Thu Sep 26 12:25:43 2013

Start new search-path : Thu Sep 26 12:25:43 2013

Start new search-path : Thu Sep 26 12:25:43 2013

Start new search-path : Thu Sep 26 12:25:43 2013

Start new search-path : Thu Sep 26 12:25:43 2013

Start new search-path : Thu Sep 26 12:25:43 2013

Start new search-path : Thu Sep 26 12:25:43 2013

Start new search-path : Thu Sep 26 12:25:43 2013

Start new search-path : Thu Sep 26 12:25:43 2013

Start new search-path : Thu Sep 26 12:25:43 2013

Start new search-path : Thu Sep 26 12:25:43 2013

Start new search-path : Thu Sep 26 12:25:43 2013

Start new search-path : Thu Sep 26 12:25:43 2013

Start new search-path : Thu Sep 26 12:25:43 2013

Start new search-path : Thu Sep 26 12:25:43 2013

Start new search-path : Thu Sep 26 12:25:43 2013

Start new search-path : Thu Sep 26 12:25:43 2013

Start new search-path : Thu Sep 26 12:25:43 2013

Start new search-path : Thu Sep 26 12:25:43 2013

Start new search-path : Thu Sep 26 12:25:43 2013

Start new search-path : Thu Sep 26 12:25:43 2013

Start new search-path : Thu Sep 26 12:25:43 2013

Start new search-path : Thu Sep 26 12:25:43 2013

Start new search-path : Thu Sep 26 12:25:43 2013

Start new search-path : Thu Sep 26 12:25:43 2013

Start new search-path : Thu Sep 26 12:25:43 2013

Start new search-path : Thu Sep 26 12:25:43 2013

Start new search-path : Thu Sep 26 12:25:43 2013

Start new search-path : Thu Sep 26 12:25:43 2013

Start new search-path : Thu Sep 26 12:25:43 2013

Start new search-path : Thu Sep 26 12:25:43 2013

Start new search-path : Thu Sep 26 12:25:43 2013

Start new search-path : Thu Sep 26 12:25:43 2013

Start new search-path : Thu Sep 26 12:25:43 2013

Start new search-path : Thu Sep 26 12:25:43 2013

Start new search-path : Thu Sep 26 12:25:43 2013

Start new search-path : Thu Sep 26 12:25:43 2013

Start new search-path : Thu Sep 26 12:25:43 2013

Start new search-path : Thu Sep 26 12:25:43 2013

Start new search-path : Thu Sep 26 12:25:43 2013

Start new search-path : Thu Sep 26 12:25:43 2013

Start new search-path : Thu Sep 26 12:25:43 2013

Start new search-path : Thu Sep 26 12:25:43 2013

Start new search-path : Thu Sep 26 12:25:43 2013

Start new search-path : Thu Sep 26 12:25:43 2013

Start new search-path : Thu Sep 26 12:25:43 2013

Start new search-path : Thu Sep 26 12:25:43 2013

Start new search-path : Thu Sep 26 12:25:43 2013

Start new search-path : Thu Sep 26 12:25:43 2013

Start new search-path : Thu Sep 26 12:25:43 2013

Start new search-path : Thu Sep 26 12:25:43 2013

Start new search-path : Thu Sep 26 12:25:43 2013

Start new search-path : Thu Sep 26 12:25:43 2013

Start new search-path : Thu Sep 26 12:25:43 2013

Start new search-path : Thu Sep 26 12:25:43 2013

Start new search-path : Thu Sep 26 12:25:43 2013

Start new search-path : Thu Sep 26 12:25:43 2013

Start new search-path : Thu Sep 26 12:25:43 2013

Start new search-path : Thu Sep 26 12:25:43 2013

Start new search-path : Thu Sep 26 12:25:43 2013

Start new search-path : Thu Sep 26 12:25:43 2013

Start new search-path : Thu Sep 26 12:25:43 2013

Start new search-path : Thu Sep 26 12:25:43 2013

Start new search-path : Thu Sep 26 12:25:43 2013

Start new search-path : Thu Sep 26 12:25:43 2013

Start new search-path : Thu Sep 26 12:25:43 2013

Start new search-path : Thu Sep 26 12:25:43 2013

Start new search-path : Thu Sep 26 12:25:43 2013

Start new search-path : Thu Sep 26 12:25:43 2013

Start new search-path : Thu Sep 26 12:25:43 2013

Start new search-path : Thu Sep 26 12:25:43 2013

Start new search-path : Thu Sep 26 12:25:43 2013

Start new search-path : Thu Sep 26 12:25:43 2013

Start new search-path : Thu Sep 26 12:25:43 2013

Start new search-path : Thu Sep 26 12:25:43 2013

Start new search-path : Thu Sep 26 12:25:43 2013

Start new search-path : Thu Sep 26 12:25:43 2013

Start new search-path : Thu Sep 26 12:25:43 2013

Start new search-path : Thu Sep 26 12:25:43 2013

Start new search-path : Thu Sep 26 12:25:43 2013

Start new search-path : Thu Sep 26 12:25:43 2013

Start new search-path : Thu Sep 26 12:25:43 2013

Start new search-path : Thu Sep 26 12:25:43 2013

Start new search-path : Thu Sep 26 12:25:43 2013

Start new search-path : Thu Sep 26 12:25:43 2013

Start new search-path : Thu Sep 26 12:25:43 2013

Start new search-path : Thu Sep 26 12:25:43 2013

Start new search-path : Thu Sep 26 12:25:43 2013

Start new search-path : Thu Sep 26 12:25:43 2013

Start new search-path : Thu Sep 26 12:25:43 2013

Start new search-path : Thu Sep 26 12:25:43 2013

Start new search-path : Thu Sep 26 12:25:43 2013

Start new search-path : Thu Sep 26 12:25:43 2013

Start new search-path : Thu Sep 26 12:25:43 2013

Start new search-path : Thu Sep 26 12:25:43 2013

Start new search-path : Thu Sep 26 12:25:43 2013

Start new search-path : Thu Sep 26 12:25:43 2013

Start new search-path : Thu Sep 26 12:25:43 2013

Start new search-path : Thu Sep 26 12:25:43 2013

Start new search-path : Thu Sep 26 12:25:43 2013

Start new search-path : Thu Sep 26 12:25:43 2013

Start new search-path : Thu Sep 26 12:25:43 2013

Start new search-path : Thu Sep 26 12:25:43 2013

Start new search-path : Thu Sep 26 12:25:43 2013

Start new search-path : Thu Sep 26 12:25:43 2013

Start new search-path : Thu Sep 26 12:25:43 2013

Start new search-path : Thu Sep 26 12:25:43 2013

Start new search-path : Thu Sep 26 12:25:43 2013

Start new search-path : Thu Sep 26 12:25:43 2013

Start new search-path : Thu Sep 26 12:25:43 2013

Start new search-path : Thu Sep 26 12:25:43 2013

Start new search-path : Thu Sep 26 12:25:43 2013

Start new search-path : Thu Sep 26 12:25:43 2013

Start new search-path : Thu Sep 26 12:25:43 2013

Start new search-path : Thu Sep 26 12:25:43 2013

Start new search-path : Thu Sep 26 12:25:43 2013

Start new search-path : Thu Sep 26 12:25:43 2013

Start new search-path : Thu Sep 26 12:25:43 2013

Start new search-path : Thu Sep 26 12:25:43 2013

Start new search-path : Thu Sep 26 12:25:43 2013

Start new search-path : Thu Sep 26 12:25:43 2013

Start new search-path : Thu Sep 26 12:25:43 2013

Start new search-path : Thu Sep 26 12:25:43 2013

Start new search-path : Thu Sep 26 12:25:43 2013

Start new search-path : Thu Sep 26 12:25:43 2013

Start new search-path : Thu Sep 26 12:25:43 2013

Start new search-path : Thu Sep 26 12:25:43 2013

Start new search-path : Thu Sep 26 12:25:43 2013

Start new search-path : Thu Sep 26 12:25:43 2013

Start new search-path : Thu Sep 26 12:25:43 2013

Start new search-path : Thu Sep 26 12:25:43 2013

Start new search-path : Thu Sep 26 12:25:43 2013

Start new search-path : Thu Sep 26 12:25:43 2013

Start new search-path : Thu Sep 26 12:25:43 2013

Start new search-path : Thu Sep 26 12:25:43 2013

Start new search-path : Thu Sep 26 12:25:43 2013

Start new search-path : Thu Sep 26 12:25:43 2013

Start new search-path : Thu Sep 26 12:25:43 2013

Start new search-path : Thu Sep 26 12:25:43 2013

Start new search-path : Thu Sep 26 12:25:43 2013

Start new search-path : Thu Sep 26 12:25:43 2013

Start new search-path : Thu Sep 26 12:25:43 2013

Start new search-path : Thu Sep 26 12:25:43 2013

Start new search-path : Thu Sep 26 12:25:43 2013

Start new search-path : Thu Sep 26 12:25:43 2013

Start new search-path : Thu Sep 26 12:25:43 2013

Start new search-path : Thu Sep 26 12:25:43 2013

Start new search-path : Thu Sep 26 12:25:43 2013

Start new search-path : Thu Sep 26 12:25:43 2013

Start new search-path : Thu Sep 26 12:25:43 2013

Start new search-path : Thu Sep 26 12:25:43 2013

Start new search-path : Thu Sep 26 12:25:43 2013

Start new search-path : Thu Sep 26 12:25:43 2013

Start new search-path : Thu Sep 26 12:25:43 2013

Start new search-path : Thu Sep 26 12:25:43 2013

Start new search-path : Thu Sep 26 12:25:43 2013

Start new search-path : Thu Sep 26 12:25:43 2013

Start new search-path : Thu Sep 26 12:25:43 2013

Start new search-path : Thu Sep 26 12:25:43 2013

Start new search-path : Thu Sep 26 12:25:43 2013

Start new search-path : Thu Sep 26 12:25:43 2013

Start new search-path : Thu Sep 26 12:25:43 2013

Start new search-path : Thu Sep 26 12:25:43 2013

Start new search-path : Thu Sep 26 12:25:43 2013

Start new search-path : Thu Sep 26 12:25:43 2013

Start new search-path : Thu Sep 26 12:25:43 2013

Start new search-path : Thu Sep 26 12:25:43 2013

Start new search-path : Thu Sep 26 12:25:43 2013

Start new search-path : Thu Sep 26 12:25:43 2013

Start new search-path : Thu Sep 26 12:25:43 2013

Start new search-path : Thu Sep 26 12:25:43 2013

Start new search-path : Thu Sep 26 12:25:43 2013

Start new search-path : Thu Sep 26 12:25:43 2013

Start new search-path : Thu Sep 26 12:25:43 2013

Start new search-path : Thu Sep 26 12:25:43 2013

Start new search-path : Thu Sep 26 12:25:43 2013

Start new search-path : Thu Sep 26 12:25:43 2013

Start new search-path : Thu Sep 26 12:25:43 2013

Start new search-path : Thu Sep 26 12:25:43 2013

Start new search-path : Thu Sep 26 12:25:43 2013

Start new search-path : Thu Sep 26 12:25:43 2013

Start new search-path : Thu Sep 26 12:25:43 2013

Start new search-path : Thu Sep 26 12:25:43 2013

Start new search-path : Thu Sep 26 12:25:43 2013

Start new search-path : Thu Sep 26 12:25:43 2013

Start new search-path : Thu Sep 26 12:25:43 2013

Start new search-path : Thu Sep 26 12:25:43 2013

Start new search-path : Thu Sep 26 12:25:43 2013

Start new search-path : Thu Sep 26 12:25:43 2013

Start new search-path : Thu Sep 26 12:25:43 2013

Start new search-path : Thu Sep 26 12:25:43 2013

Start new search-path : Thu Sep 26 12:25:43 2013

Start new search-path : Thu Sep 26 12:25:43 2013

Start new search-path : Thu Sep 26 12:25:43 2013

Start new search-path : Thu Sep 26 12:25:43 2013

Start new search-path : Thu Sep 26 12:25:43 2013

Start new search-path : Thu Sep 26 12:25:43 2013

Start new search-path : Thu Sep 26 12:25:43 2013

Start new search-path : Thu Sep 26 12:25:43 2013

Start new search-path : Thu Sep 26 12:25:43 2013

Start new search-path : Thu Sep 26 12:25:43 2013

Start new search-path : Thu Sep 26 12:25:43 2013

Start new search-path : Thu Sep 26 12:25:43 2013

Start new search-path : Thu Sep 26 12:25:43 2013

Start new search-path : Thu Sep 26 12:25:43 2013

Start new search-path : Thu Sep 26 12:25:43 2013

Start new search-path : Thu Sep 26 12:25:43 2013

Start new search-path : Thu Sep 26 12:25:43 2013

Start new search-path : Thu Sep 26 12:25:43 2013

Start new search-path : Thu Sep 26 12:25:43 2013

Start new search-path : Thu Sep 26 12:25:43 2013

Start new search-path : Thu Sep 26 12:25:43 2013

Start new search-path : Thu Sep 26 12:25:43 2013

Start new search-path : Thu Sep 26 12:25:43 2013

Start new search-path : Thu Sep 26 12:25:43 2013

Start new search-path : Thu Sep 26 12:25:43 2013

Start new search-path : Thu Sep 26 12:25:43 2013

Start new search-path : Thu Sep 26 12:25:43 2013

Start new search-path : Thu Sep 26 12:25:43 2013

Start new search-path : Thu Sep 26 12:25:43 2013

Start new search-path : Thu Sep 26 12:25:43 2013

Start new search-path : Thu Sep 26 12:25:43 2013

Start new search-path : Thu Sep 26 12:25:43 2013

Start new search-path : Thu Sep 26 12:25:43 2013

Start new search-path : Thu Sep 26 12:25:43 2013

Start new search-path : Thu Sep 26 12:25:43 2013

Start new search-path : Thu Sep 26 12:25:43 2013

Start new search-path : Thu Sep 26 12:25:43 2013

Start new search-path : Thu Sep 26 12:25:43 2013

Start new search-path : Thu Sep 26 12:25:43 2013

Start new search-path : Thu Sep 26 12:25:43 2013

Start new search-path : Thu Sep 26 12:25:43 2013

Start new search-path : Thu Sep 26 12:25:43 2013

Start new search-path : Thu Sep 26 12:25:43 2013

Start new search-path : Thu Sep 26 12:25:43 2013

Start new search-path : Thu Sep 26 12:25:43 2013

Start new search-path : Thu Sep 26 12:25:43 2013

Start new search-path : Thu Sep 26 12:25:43 2013

Start new search-path : Thu Sep 26 12:25:43 2013

Start new search-path : Thu Sep 26 12:25:43 2013

Start new search-path : Thu Sep 26 12:25:43 2013

Start new search-path : Thu Sep 26 12:25:43 2013

Start new search-path : Thu Sep 26 12:25:43 2013

Start new search-path : Thu Sep 26 12:25:43 2013

Start new search-path : Thu Sep 26 12:25:43 2013

=> NON VALID PATTERN, ERASE IT
Start new search-path : Thu Sep 26 12:25:43 2013

Start new search-path : Thu Sep 26 12:25:43 2013

Start new search-path : Thu Sep 26 12:25:43 2013

Start new search-path : Thu Sep 26 12:25:43 2013

=> NON VALID PATTERN, ERASE IT
Start new search-path : Thu Sep 26 12:25:43 2013

Start new search-path : Thu Sep 26 12:25:43 2013

Start new search-path : Thu Sep 26 12:25:43 2013

Start new search-path : Thu Sep 26 12:25:43 2013

Start new search-path : Thu Sep 26 12:25:43 2013

Start new search-path : Thu Sep 26 12:25:43 2013

Start new search-path : Thu Sep 26 12:25:43 2013

Start new search-path : Thu Sep 26 12:25:43 2013

Start new search-path : Thu Sep 26 12:25:43 2013

Start new search-path : Thu Sep 26 12:25:43 2013

Start new search-path : Thu Sep 26 12:25:43 2013

Start new search-path : Thu Sep 26 12:25:43 2013

Start new search-path : Thu Sep 26 12:25:43 2013

Start new search-path : Thu Sep 26 12:25:43 2013

Start new search-path : Thu Sep 26 12:25:43 2013

Start new search-path : Thu Sep 26 12:25:43 2013

Start new search-path : Thu Sep 26 12:25:43 2013

Start new search-path : Thu Sep 26 12:25:43 2013

Start new search-path : Thu Sep 26 12:25:43 2013

Start new search-path : Thu Sep 26 12:25:43 2013

Start new search-path : Thu Sep 26 12:25:43 2013

Start new search-path : Thu Sep 26 12:25:43 2013

Start new search-path : Thu Sep 26 12:25:43 2013

Start new search-path : Thu Sep 26 12:25:43 2013

Start new search-path : Thu Sep 26 12:25:43 2013

Start new search-path : Thu Sep 26 12:25:43 2013

Start new search-path : Thu Sep 26 12:25:43 2013

Start new search-path : Thu Sep 26 12:25:43 2013

Start new search-path : Thu Sep 26 12:25:43 2013

Start new search-path : Thu Sep 26 12:25:43 2013

Start new search-path : Thu Sep 26 12:25:43 2013

Start new search-path : Thu Sep 26 12:25:43 2013

Start new search-path : Thu Sep 26 12:25:43 2013

Start new search-path : Thu Sep 26 12:25:43 2013

Start new search-path : Thu Sep 26 12:25:43 2013

Start new search-path : Thu Sep 26 12:25:43 2013

Start new search-path : Thu Sep 26 12:25:43 2013

Start new search-path : Thu Sep 26 12:25:43 2013

Start new search-path : Thu Sep 26 12:25:43 2013

Start new search-path : Thu Sep 26 12:25:43 2013

Start new search-path : Thu Sep 26 12:25:43 2013

Start new search-path : Thu Sep 26 12:25:43 2013

Start new search-path : Thu Sep 26 12:25:43 2013

Start new search-path : Thu Sep 26 12:25:43 2013

Start new search-path : Thu Sep 26 12:25:43 2013

Start new search-path : Thu Sep 26 12:25:43 2013

Start new search-path : Thu Sep 26 12:25:43 2013

Start new search-path : Thu Sep 26 12:25:43 2013

Start new search-path : Thu Sep 26 12:25:43 2013

Start new search-path : Thu Sep 26 12:25:43 2013

Start new search-path : Thu Sep 26 12:25:43 2013

Start new search-path : Thu Sep 26 12:25:43 2013

Start new search-path : Thu Sep 26 12:25:43 2013

Start new search-path : Thu Sep 26 12:25:43 2013

Start new search-path : Thu Sep 26 12:25:43 2013

Start new search-path : Thu Sep 26 12:25:43 2013

Start new search-path : Thu Sep 26 12:25:43 2013

Start new search-path : Thu Sep 26 12:25:43 2013

Start new search-path : Thu Sep 26 12:25:43 2013

Start new search-path : Thu Sep 26 12:25:43 2013

Start new search-path : Thu Sep 26 12:25:43 2013

Start new search-path : Thu Sep 26 12:25:43 2013

Start new search-path : Thu Sep 26 12:25:43 2013

Start new search-path : Thu Sep 26 12:25:43 2013

Start new search-path : Thu Sep 26 12:25:43 2013

Start new search-path : Thu Sep 26 12:25:43 2013

Start new search-path : Thu Sep 26 12:25:43 2013

Start new search-path : Thu Sep 26 12:25:43 2013

Start new search-path : Thu Sep 26 12:25:43 2013

Start new search-path : Thu Sep 26 12:25:43 2013

Start new search-path : Thu Sep 26 12:25:43 2013

Start new search-path : Thu Sep 26 12:25:43 2013

Start new search-path : Thu Sep 26 12:25:43 2013

Start new search-path : Thu Sep 26 12:25:43 2013

Start new search-path : Thu Sep 26 12:25:43 2013

Start new search-path : Thu Sep 26 12:25:43 2013

Start new search-path : Thu Sep 26 12:25:43 2013

Start new search-path : Thu Sep 26 12:25:43 2013

Start new search-path : Thu Sep 26 12:25:43 2013

Start new search-path : Thu Sep 26 12:25:43 2013

Start new search-path : Thu Sep 26 12:25:43 2013

Start new search-path : Thu Sep 26 12:25:43 2013

Start new search-path : Thu Sep 26 12:25:43 2013

Start new search-path : Thu Sep 26 12:25:43 2013

Start new search-path : Thu Sep 26 12:25:43 2013

Start new search-path : Thu Sep 26 12:25:43 2013

Start new search-path : Thu Sep 26 12:25:43 2013

Start new search-path : Thu Sep 26 12:25:43 2013

Start new search-path : Thu Sep 26 12:25:43 2013

Start new search-path : Thu Sep 26 12:25:43 2013

Start new search-path : Thu Sep 26 12:25:43 2013

Start new search-path : Thu Sep 26 12:25:43 2013

Start new search-path : Thu Sep 26 12:25:43 2013

Start new search-path : Thu Sep 26 12:25:43 2013

Start new search-path : Thu Sep 26 12:25:43 2013

Start new search-path : Thu Sep 26 12:25:43 2013

Start new search-path : Thu Sep 26 12:25:43 2013

Start new search-path : Thu Sep 26 12:25:43 2013

Start new search-path : Thu Sep 26 12:25:43 2013

Start new search-path : Thu Sep 26 12:25:43 2013

Start new search-path : Thu Sep 26 12:25:43 2013

Start new search-path : Thu Sep 26 12:25:43 2013

Start new search-path : Thu Sep 26 12:25:43 2013

Start new search-path : Thu Sep 26 12:25:43 2013

Start new search-path : Thu Sep 26 12:25:43 2013

Start new search-path : Thu Sep 26 12:25:43 2013

Start new search-path : Thu Sep 26 12:25:43 2013

Start new search-path : Thu Sep 26 12:25:43 2013

Start new search-path : Thu Sep 26 12:25:43 2013

Start new search-path : Thu Sep 26 12:25:43 2013

Start new search-path : Thu Sep 26 12:25:43 2013

Start new search-path : Thu Sep 26 12:25:43 2013

Start new search-path : Thu Sep 26 12:25:43 2013

Start new search-path : Thu Sep 26 12:25:43 2013

Start new search-path : Thu Sep 26 12:25:43 2013

Start new search-path : Thu Sep 26 12:25:43 2013

Start new search-path : Thu Sep 26 12:25:43 2013

Start new search-path : Thu Sep 26 12:25:43 2013

Start new search-path : Thu Sep 26 12:25:43 2013

Start new search-path : Thu Sep 26 12:25:43 2013

Start new search-path : Thu Sep 26 12:25:43 2013

Start new search-path : Thu Sep 26 12:25:43 2013

Start new search-path : Thu Sep 26 12:25:43 2013

Start new search-path : Thu Sep 26 12:25:43 2013

Start new search-path : Thu Sep 26 12:25:43 2013

Start new search-path : Thu Sep 26 12:25:43 2013

Start new search-path : Thu Sep 26 12:25:43 2013

Start new search-path : Thu Sep 26 12:25:43 2013

Start new search-path : Thu Sep 26 12:25:43 2013

Start new search-path : Thu Sep 26 12:25:43 2013

Start new search-path : Thu Sep 26 12:25:43 2013

Start new search-path : Thu Sep 26 12:25:43 2013

Start new search-path : Thu Sep 26 12:25:43 2013

Start new search-path : Thu Sep 26 12:25:43 2013

Start new search-path : Thu Sep 26 12:25:43 2013

Start new search-path : Thu Sep 26 12:25:43 2013

Start new search-path : Thu Sep 26 12:25:43 2013

Start new search-path : Thu Sep 26 12:25:43 2013

Start new search-path : Thu Sep 26 12:25:43 2013

