ADIOS V1.00 (Automatic DistIlation Of Strctures)
Tue Apr  3 00:51:49 2012

Verbosity level: 0
Context window-length: 5
Coverage: 0.65
Eta: 0.9
P-value: 0.01
Rewiring mode: Single
itrs = number of iterations
#ptrs = number of patterns
#ecs = number of equiavlence classes
#edges = number of edges
entropy = entropy (bits)
size = size (bits)
comp = compression (%)
itrs	#ptrs	#ecs	#edges	entropy	size	comp
0	0	0	1389	2.02	34392	100
100	0	0	1389	2.02	34392	100
200	0	0	1389	2.02	34392	100
300	0	0	1389	2.02	34392	100
400	0	0	1389	2.02	34392	100
