ID 3489
PATTERN ID 3488
PATTERN SIGNATURE 0
SEQUENCE LOC 9
TOTAL OCC 16
TOTAL OCC IN CLASS 2
MEAN LENGTH 1
CAPACITY 2
HIERARCHY LEVEL 0
EQU CLASSES UNIQUE PATHS: 
EQU CLASSES FLOW: 
EQU CLASSES CONTENT: (2782,19) (2399,5) 
ID 3491
PATTERN ID 3490
PATTERN SIGNATURE 0
SEQUENCE LOC 1
TOTAL OCC 9
TOTAL OCC IN CLASS 2
MEAN LENGTH 1
CAPACITY 2
HIERARCHY LEVEL 0
EQU CLASSES UNIQUE PATHS: 
EQU CLASSES FLOW: 
EQU CLASSES CONTENT: (2769,11) (2066,3) 
ID 3493
PATTERN ID 3492
PATTERN SIGNATURE 0
SEQUENCE LOC 9
TOTAL OCC 11
TOTAL OCC IN CLASS 3
MEAN LENGTH 1
CAPACITY 3
HIERARCHY LEVEL 0
EQU CLASSES UNIQUE PATHS: 
EQU CLASSES FLOW: 
EQU CLASSES CONTENT: (2356,3) (960,3) (1734,5) 


SEQUENCE: 2210 1782 
INDEX: SIZE = 0
ID: 3487
SIGNATURE: -1538868775
SIGNIFICANCE: 0.99572
LENGTH: 2
CAPACITY: 1
FLOW: 1
UNIQUE_PATHS: 1
HIERARCHY_LEVEL: 1
BUNDLE: 0.99572 18 17 5 0.0641026 1 1 0.99144
EQU CLASSES REF EQU CLASSES SIZE = 0


SEQUENCE: 746 0 2152 
INDEX: SIZE = 0
ID: 3488
SIGNATURE: 1152665299
SIGNIFICANCE: 1
LENGTH: 3
CAPACITY: 2
FLOW: 1
UNIQUE_PATHS: 2
HIERARCHY_LEVEL: 1
BUNDLE: 1 10 8 11 1 1 1 1
EQU CLASSES REF (1152665299,1) 
EQU CLASSES SIZE = 1
LOCATE POINTER: 3489


SEQUENCE: 0 714 2169 2415 
INDEX: SIZE = 0
ID: 3490
SIGNATURE: 1950590703
SIGNIFICANCE: 0.99998
LENGTH: 4
CAPACITY: 2
FLOW: 1
UNIQUE_PATHS: 2
HIERARCHY_LEVEL: 1
BUNDLE: 0.99998 4 1 6 1 0.6 0.99996 1
EQU CLASSES REF (1950590703,0) 
EQU CLASSES SIZE = 1
LOCATE POINTER: 3491


SEQUENCE: 2415 0 2664 591 3202 
INDEX: SIZE = 0
ID: 3492
SIGNATURE: -694552747
SIGNIFICANCE: 0.9963
LENGTH: 5
CAPACITY: 3
FLOW: 1
UNIQUE_PATHS: 3
HIERARCHY_LEVEL: 1
BUNDLE: 0.9963 12 8 4 1 1 0.9963 0.9963
EQU CLASSES REF (-694552747,1) 
EQU CLASSES SIZE = 1
LOCATE POINTER: 3493


SEQUENCE: 2808 1495 3409 
INDEX: SIZE = 0
ID: 3494
SIGNATURE: 734420254
SIGNIFICANCE: 0.99815
LENGTH: 3
CAPACITY: 1
FLOW: 1
UNIQUE_PATHS: 1
HIERARCHY_LEVEL: 1
BUNDLE: 0.99815 18 16 4 1 1 1 0.9963
EQU CLASSES REF EQU CLASSES SIZE = 0


SEQUENCE: 3056 2118 
INDEX: SIZE = 0
ID: 3495
SIGNATURE: -1529712713
SIGNIFICANCE: 0.99409
LENGTH: 2
CAPACITY: 1
FLOW: 1
UNIQUE_PATHS: 1
HIERARCHY_LEVEL: 1
BUNDLE: 0.99409 10 9 26 0.866667 0.789474 0.988182 0.999998
EQU CLASSES REF EQU CLASSES SIZE = 0
