Start new search-path : Tue Apr  3 01:08:30 2012

Start new search-path : Tue Apr  3 01:08:31 2012

Start new search-path : Tue Apr  3 01:08:31 2012

Start new search-path : Tue Apr  3 01:08:31 2012

Start new search-path : Tue Apr  3 01:08:32 2012

Start new search-path : Tue Apr  3 01:08:32 2012

Start new search-path : Tue Apr  3 01:08:32 2012

Start new search-path : Tue Apr  3 01:08:32 2012

Start new search-path : Tue Apr  3 01:08:32 2012

Start new search-path : Tue Apr  3 01:08:32 2012

List of patterns: 
0.99572	(भी,प्रचलित)
0.99572	(भी,प्रचलित)
0.99572	(भी,प्रचलित)
0.99572	(भी,प्रचलित)
0.99572	(भी,प्रचलित)
0.99572	(भी,प्रचलित)
0.99572	(भी,प्रचलित)
0.99572	(भी,प्रचलित)
0.99572	(भी,प्रचलित)
0.99572	(भी,प्रचलित)
0.99572	(भी,प्रचलित)
0.99572	(भी,प्रचलित)
0.99572	(भी,प्रचलित)
0.99572	(भी,प्रचलित)
0.99572	(भी,प्रचलित)
0.99572	(भी,प्रचलित)
NEW	P3487	(भी,प्रचलित)	0.0042799711	1	2	5
Start new search-path : Tue Apr  3 01:08:33 2012

Start new search-path : Tue Apr  3 01:08:33 2012

Start new search-path : Tue Apr  3 01:08:33 2012

Start new search-path : Tue Apr  3 01:08:34 2012

Start new search-path : Tue Apr  3 01:08:34 2012

Start new search-path : Tue Apr  3 01:08:34 2012

Start new search-path : Tue Apr  3 01:08:35 2012

Start new search-path : Tue Apr  3 01:08:35 2012

Start new search-path : Tue Apr  3 01:08:35 2012

Start new search-path : Tue Apr  3 01:08:35 2012

Start new search-path : Tue Apr  3 01:08:35 2012

Start new search-path : Tue Apr  3 01:08:35 2012

Start new search-path : Tue Apr  3 01:08:35 2012

Start new search-path : Tue Apr  3 01:08:36 2012

Start new search-path : Tue Apr  3 01:08:36 2012

Start new search-path : Tue Apr  3 01:08:36 2012

Start new search-path : Tue Apr  3 01:08:36 2012

Start new search-path : Tue Apr  3 01:08:36 2012

Start new search-path : Tue Apr  3 01:08:36 2012

Start new search-path : Tue Apr  3 01:08:36 2012

Start new search-path : Tue Apr  3 01:08:36 2012

Start new search-path : Tue Apr  3 01:08:36 2012

Start new search-path : Tue Apr  3 01:08:36 2012

Start new search-path : Tue Apr  3 01:08:36 2012

Start new search-path : Tue Apr  3 01:08:36 2012

Start new search-path : Tue Apr  3 01:08:36 2012

Start new search-path : Tue Apr  3 01:08:36 2012

Start new search-path : Tue Apr  3 01:08:36 2012

Start new search-path : Tue Apr  3 01:08:36 2012

Start new search-path : Tue Apr  3 01:08:36 2012

Start new search-path : Tue Apr  3 01:08:36 2012

Start new search-path : Tue Apr  3 01:08:36 2012

Start new search-path : Tue Apr  3 01:08:36 2012

Start new search-path : Tue Apr  3 01:08:36 2012

Start new search-path : Tue Apr  3 01:08:36 2012

Start new search-path : Tue Apr  3 01:08:36 2012

Start new search-path : Tue Apr  3 01:08:37 2012

Start new search-path : Tue Apr  3 01:08:37 2012

Start new search-path : Tue Apr  3 01:08:37 2012

Start new search-path : Tue Apr  3 01:08:37 2012

Start new search-path : Tue Apr  3 01:08:37 2012

Start new search-path : Tue Apr  3 01:08:37 2012

Start new search-path : Tue Apr  3 01:08:37 2012

Start new search-path : Tue Apr  3 01:08:37 2012

Start new search-path : Tue Apr  3 01:08:37 2012

Start new search-path : Tue Apr  3 01:08:37 2012

Start new search-path : Tue Apr  3 01:08:37 2012

Start new search-path : Tue Apr  3 01:08:37 2012

Start new search-path : Tue Apr  3 01:08:37 2012

Start new search-path : Tue Apr  3 01:08:37 2012

Start new search-path : Tue Apr  3 01:08:37 2012

Start new search-path : Tue Apr  3 01:08:37 2012

Start new search-path : Tue Apr  3 01:08:37 2012

Start new search-path : Tue Apr  3 01:08:37 2012

Start new search-path : Tue Apr  3 01:08:37 2012

Start new search-path : Tue Apr  3 01:08:37 2012

1152665299 1
List of patterns: 
1.00578	(के,E0,भागों)
NEW	P3488	(के,E0,भागों)	0	1	3	11
E0	{विभिन्न,मुलायम}
Start new search-path : Tue Apr  3 01:08:37 2012

Start new search-path : Tue Apr  3 01:08:37 2012

Start new search-path : Tue Apr  3 01:08:37 2012

Start new search-path : Tue Apr  3 01:08:37 2012

Start new search-path : Tue Apr  3 01:08:37 2012

Start new search-path : Tue Apr  3 01:08:37 2012

Start new search-path : Tue Apr  3 01:08:37 2012

Start new search-path : Tue Apr  3 01:08:37 2012

Start new search-path : Tue Apr  3 01:08:37 2012

Start new search-path : Tue Apr  3 01:08:37 2012

Start new search-path : Tue Apr  3 01:08:37 2012

Start new search-path : Tue Apr  3 01:08:37 2012

Start new search-path : Tue Apr  3 01:08:37 2012

Start new search-path : Tue Apr  3 01:08:37 2012

Start new search-path : Tue Apr  3 01:08:37 2012

Start new search-path : Tue Apr  3 01:08:37 2012

Start new search-path : Tue Apr  3 01:08:37 2012

Start new search-path : Tue Apr  3 01:08:38 2012

Start new search-path : Tue Apr  3 01:08:38 2012

Start new search-path : Tue Apr  3 01:08:38 2012

Start new search-path : Tue Apr  3 01:08:38 2012

Start new search-path : Tue Apr  3 01:08:38 2012

Start new search-path : Tue Apr  3 01:08:38 2012

Start new search-path : Tue Apr  3 01:08:38 2012

Start new search-path : Tue Apr  3 01:08:38 2012

Start new search-path : Tue Apr  3 01:08:38 2012

Start new search-path : Tue Apr  3 01:08:38 2012

Start new search-path : Tue Apr  3 01:08:38 2012

Start new search-path : Tue Apr  3 01:08:38 2012

Start new search-path : Tue Apr  3 01:08:38 2012

Start new search-path : Tue Apr  3 01:08:38 2012

Start new search-path : Tue Apr  3 01:08:38 2012

Start new search-path : Tue Apr  3 01:08:38 2012

Start new search-path : Tue Apr  3 01:08:38 2012

Start new search-path : Tue Apr  3 01:08:38 2012

Start new search-path : Tue Apr  3 01:08:38 2012

Start new search-path : Tue Apr  3 01:08:38 2012

Start new search-path : Tue Apr  3 01:08:38 2012

Start new search-path : Tue Apr  3 01:08:38 2012

Start new search-path : Tue Apr  3 01:08:38 2012

Start new search-path : Tue Apr  3 01:08:38 2012

Start new search-path : Tue Apr  3 01:08:38 2012

Start new search-path : Tue Apr  3 01:08:38 2012

Start new search-path : Tue Apr  3 01:08:38 2012

Start new search-path : Tue Apr  3 01:08:38 2012

Start new search-path : Tue Apr  3 01:08:38 2012

Start new search-path : Tue Apr  3 01:08:38 2012

Start new search-path : Tue Apr  3 01:08:38 2012

Start new search-path : Tue Apr  3 01:08:38 2012

Start new search-path : Tue Apr  3 01:08:38 2012

Start new search-path : Tue Apr  3 01:08:38 2012

Start new search-path : Tue Apr  3 01:08:38 2012

Start new search-path : Tue Apr  3 01:08:38 2012

Start new search-path : Tue Apr  3 01:08:38 2012

Start new search-path : Tue Apr  3 01:08:38 2012

Start new search-path : Tue Apr  3 01:08:38 2012

Start new search-path : Tue Apr  3 01:08:38 2012

Start new search-path : Tue Apr  3 01:08:38 2012

1950590703 0
List of patterns: 
1.00576	(E0,की,भाषा,में)
0.99572	(विज्ञान,की,भाषा,में)
0.99572	(विज्ञान,की,भाषा,में)
NEW	P3490	(E0,की,भाषा,में)	1.9848347e-05	1	4	6
E0	{विज्ञान,बोल-चाल}
Start new search-path : Tue Apr  3 01:08:38 2012

Start new search-path : Tue Apr  3 01:08:38 2012

Start new search-path : Tue Apr  3 01:08:38 2012

Start new search-path : Tue Apr  3 01:08:38 2012

Start new search-path : Tue Apr  3 01:08:38 2012

Start new search-path : Tue Apr  3 01:08:38 2012

Start new search-path : Tue Apr  3 01:08:38 2012

Start new search-path : Tue Apr  3 01:08:38 2012

Start new search-path : Tue Apr  3 01:08:38 2012

Start new search-path : Tue Apr  3 01:08:38 2012

Start new search-path : Tue Apr  3 01:08:38 2012

Start new search-path : Tue Apr  3 01:08:38 2012

Start new search-path : Tue Apr  3 01:08:38 2012

Start new search-path : Tue Apr  3 01:08:38 2012

Start new search-path : Tue Apr  3 01:08:38 2012

Start new search-path : Tue Apr  3 01:08:38 2012

Start new search-path : Tue Apr  3 01:08:38 2012

Start new search-path : Tue Apr  3 01:08:39 2012

Start new search-path : Tue Apr  3 01:08:39 2012

Start new search-path : Tue Apr  3 01:08:39 2012

Start new search-path : Tue Apr  3 01:08:39 2012

Start new search-path : Tue Apr  3 01:08:39 2012

Start new search-path : Tue Apr  3 01:08:39 2012

Start new search-path : Tue Apr  3 01:08:39 2012

Start new search-path : Tue Apr  3 01:08:39 2012

Start new search-path : Tue Apr  3 01:08:39 2012

Start new search-path : Tue Apr  3 01:08:39 2012

Start new search-path : Tue Apr  3 01:08:39 2012

Start new search-path : Tue Apr  3 01:08:39 2012

Start new search-path : Tue Apr  3 01:08:39 2012

Start new search-path : Tue Apr  3 01:08:39 2012

Start new search-path : Tue Apr  3 01:08:39 2012

Start new search-path : Tue Apr  3 01:08:39 2012

Start new search-path : Tue Apr  3 01:08:39 2012

Start new search-path : Tue Apr  3 01:08:39 2012

Start new search-path : Tue Apr  3 01:08:39 2012

Start new search-path : Tue Apr  3 01:08:39 2012

Start new search-path : Tue Apr  3 01:08:39 2012

Start new search-path : Tue Apr  3 01:08:39 2012

Start new search-path : Tue Apr  3 01:08:39 2012

Start new search-path : Tue Apr  3 01:08:39 2012

-694552747 1
List of patterns: 
1.00546	(में,E0,लेप,करने,से)
0.994091	(समान,भाग)
0.994091	(समान,भाग)
0.994091	(समान,भाग)
0.994091	(समान,भाग)
NEW	P3492	(में,E0,लेप,करने,से)	0.0037000179	1	5	4
E0	{मिला,घोलकर,पीसकर}
Start new search-path : Tue Apr  3 01:08:39 2012

Start new search-path : Tue Apr  3 01:08:39 2012

Start new search-path : Tue Apr  3 01:08:39 2012

Start new search-path : Tue Apr  3 01:08:39 2012

Start new search-path : Tue Apr  3 01:08:39 2012

Start new search-path : Tue Apr  3 01:08:39 2012

Start new search-path : Tue Apr  3 01:08:39 2012

Start new search-path : Tue Apr  3 01:08:39 2012

Start new search-path : Tue Apr  3 01:08:39 2012

Start new search-path : Tue Apr  3 01:08:39 2012

Start new search-path : Tue Apr  3 01:08:39 2012

Start new search-path : Tue Apr  3 01:08:39 2012

Start new search-path : Tue Apr  3 01:08:39 2012

Start new search-path : Tue Apr  3 01:08:39 2012

Start new search-path : Tue Apr  3 01:08:39 2012

Start new search-path : Tue Apr  3 01:08:39 2012

Start new search-path : Tue Apr  3 01:08:39 2012

Start new search-path : Tue Apr  3 01:08:39 2012

Start new search-path : Tue Apr  3 01:08:39 2012

Start new search-path : Tue Apr  3 01:08:39 2012

Start new search-path : Tue Apr  3 01:08:39 2012

List of patterns: 
0.99815	(विष,नष्ट,होता)
0.994079	(समान,भाग)
NEW	P3494	(विष,नष्ट,होता)	0.001850009	1	3	4
Start new search-path : Tue Apr  3 01:08:39 2012

Start new search-path : Tue Apr  3 01:08:39 2012

Start new search-path : Tue Apr  3 01:08:39 2012

Start new search-path : Tue Apr  3 01:08:39 2012

Start new search-path : Tue Apr  3 01:08:39 2012

Start new search-path : Tue Apr  3 01:08:39 2012

Start new search-path : Tue Apr  3 01:08:39 2012

List of patterns: 
0.99409	(समान,भाग)
NEW	P3495	(समान,भाग)	0.0059099197	1	2	26
Start new search-path : Tue Apr  3 01:08:39 2012

Start new search-path : Tue Apr  3 01:08:39 2012

Start new search-path : Tue Apr  3 01:08:39 2012

Start new search-path : Tue Apr  3 01:08:39 2012

Start new search-path : Tue Apr  3 01:08:39 2012

Start new search-path : Tue Apr  3 01:08:39 2012

Start new search-path : Tue Apr  3 01:08:39 2012

Start new search-path : Tue Apr  3 01:08:39 2012

Start new search-path : Tue Apr  3 01:08:39 2012

Start new search-path : Tue Apr  3 01:08:39 2012

Start new search-path : Tue Apr  3 01:08:39 2012

Start new search-path : Tue Apr  3 01:08:39 2012

Start new search-path : Tue Apr  3 01:08:39 2012

Start new search-path : Tue Apr  3 01:08:39 2012

Start new search-path : Tue Apr  3 01:08:39 2012

Start new search-path : Tue Apr  3 01:08:39 2012

Start new search-path : Tue Apr  3 01:08:40 2012

Start new search-path : Tue Apr  3 01:08:40 2012

Start new search-path : Tue Apr  3 01:08:40 2012

Start new search-path : Tue Apr  3 01:08:40 2012

Start new search-path : Tue Apr  3 01:08:40 2012

Start new search-path : Tue Apr  3 01:08:40 2012

Start new search-path : Tue Apr  3 01:08:40 2012

Start new search-path : Tue Apr  3 01:08:40 2012

Start new search-path : Tue Apr  3 01:08:40 2012

Start new search-path : Tue Apr  3 01:08:40 2012

Start new search-path : Tue Apr  3 01:08:40 2012

Start new search-path : Tue Apr  3 01:08:40 2012

Start new search-path : Tue Apr  3 01:08:40 2012

Start new search-path : Tue Apr  3 01:08:40 2012

Start new search-path : Tue Apr  3 01:08:40 2012

Start new search-path : Tue Apr  3 01:08:40 2012

Start new search-path : Tue Apr  3 01:08:40 2012

Start new search-path : Tue Apr  3 01:08:40 2012

Start new search-path : Tue Apr  3 01:08:40 2012

Start new search-path : Tue Apr  3 01:08:40 2012

Start new search-path : Tue Apr  3 01:08:40 2012

Start new search-path : Tue Apr  3 01:08:40 2012

Start new search-path : Tue Apr  3 01:08:40 2012

Start new search-path : Tue Apr  3 01:08:40 2012

Start new search-path : Tue Apr  3 01:08:40 2012

Start new search-path : Tue Apr  3 01:08:40 2012

Start new search-path : Tue Apr  3 01:08:40 2012

Start new search-path : Tue Apr  3 01:08:40 2012

Start new search-path : Tue Apr  3 01:08:40 2012

Start new search-path : Tue Apr  3 01:08:40 2012

Start new search-path : Tue Apr  3 01:08:40 2012

Start new search-path : Tue Apr  3 01:08:40 2012

Start new search-path : Tue Apr  3 01:08:40 2012

Start new search-path : Tue Apr  3 01:08:40 2012

Start new search-path : Tue Apr  3 01:08:40 2012

Start new search-path : Tue Apr  3 01:08:40 2012

Start new search-path : Tue Apr  3 01:08:40 2012

Start new search-path : Tue Apr  3 01:08:40 2012

Start new search-path : Tue Apr  3 01:08:40 2012

Start new search-path : Tue Apr  3 01:08:40 2012

Start new search-path : Tue Apr  3 01:08:40 2012

Start new search-path : Tue Apr  3 01:08:40 2012

Start new search-path : Tue Apr  3 01:08:40 2012

Start new search-path : Tue Apr  3 01:08:40 2012

Start new search-path : Tue Apr  3 01:08:40 2012

Start new search-path : Tue Apr  3 01:08:40 2012

Start new search-path : Tue Apr  3 01:08:40 2012

Start new search-path : Tue Apr  3 01:08:40 2012

Start new search-path : Tue Apr  3 01:08:40 2012

Start new search-path : Tue Apr  3 01:08:40 2012

Start new search-path : Tue Apr  3 01:08:40 2012

Start new search-path : Tue Apr  3 01:08:40 2012

Start new search-path : Tue Apr  3 01:08:40 2012

Start new search-path : Tue Apr  3 01:08:40 2012

Start new search-path : Tue Apr  3 01:08:40 2012

Start new search-path : Tue Apr  3 01:08:40 2012

Start new search-path : Tue Apr  3 01:08:40 2012

Start new search-path : Tue Apr  3 01:08:40 2012

Start new search-path : Tue Apr  3 01:08:40 2012

Start new search-path : Tue Apr  3 01:08:40 2012

Start new search-path : Tue Apr  3 01:08:40 2012

Start new search-path : Tue Apr  3 01:08:40 2012

Start new search-path : Tue Apr  3 01:08:40 2012

Start new search-path : Tue Apr  3 01:08:40 2012

Start new search-path : Tue Apr  3 01:08:40 2012

Start new search-path : Tue Apr  3 01:08:41 2012

Start new search-path : Tue Apr  3 01:08:41 2012

Start new search-path : Tue Apr  3 01:08:41 2012

Start new search-path : Tue Apr  3 01:08:41 2012

Start new search-path : Tue Apr  3 01:08:41 2012

Start new search-path : Tue Apr  3 01:08:41 2012

Start new search-path : Tue Apr  3 01:08:41 2012

Start new search-path : Tue Apr  3 01:08:41 2012

Start new search-path : Tue Apr  3 01:08:41 2012

Start new search-path : Tue Apr  3 01:08:41 2012

Start new search-path : Tue Apr  3 01:08:41 2012

Start new search-path : Tue Apr  3 01:08:41 2012

Start new search-path : Tue Apr  3 01:08:41 2012

Start new search-path : Tue Apr  3 01:08:41 2012

Start new search-path : Tue Apr  3 01:08:41 2012

Start new search-path : Tue Apr  3 01:08:41 2012

Start new search-path : Tue Apr  3 01:08:41 2012

Start new search-path : Tue Apr  3 01:08:41 2012

Start new search-path : Tue Apr  3 01:08:41 2012

Start new search-path : Tue Apr  3 01:08:41 2012

Start new search-path : Tue Apr  3 01:08:41 2012

Start new search-path : Tue Apr  3 01:08:41 2012

Start new search-path : Tue Apr  3 01:08:41 2012

Start new search-path : Tue Apr  3 01:08:41 2012

Start new search-path : Tue Apr  3 01:08:41 2012

Start new search-path : Tue Apr  3 01:08:41 2012

Start new search-path : Tue Apr  3 01:08:41 2012

Start new search-path : Tue Apr  3 01:08:41 2012

Start new search-path : Tue Apr  3 01:08:41 2012

Start new search-path : Tue Apr  3 01:08:41 2012

Start new search-path : Tue Apr  3 01:08:41 2012

Start new search-path : Tue Apr  3 01:08:41 2012

Start new search-path : Tue Apr  3 01:08:42 2012

Start new search-path : Tue Apr  3 01:08:42 2012

Start new search-path : Tue Apr  3 01:08:42 2012

Start new search-path : Tue Apr  3 01:08:42 2012

Start new search-path : Tue Apr  3 01:08:42 2012

Start new search-path : Tue Apr  3 01:08:42 2012

Start new search-path : Tue Apr  3 01:08:42 2012

Start new search-path : Tue Apr  3 01:08:42 2012

Start new search-path : Tue Apr  3 01:08:42 2012

Start new search-path : Tue Apr  3 01:08:42 2012

Start new search-path : Tue Apr  3 01:08:42 2012

Start new search-path : Tue Apr  3 01:08:42 2012

Start new search-path : Tue Apr  3 01:08:42 2012

Start new search-path : Tue Apr  3 01:08:42 2012

Start new search-path : Tue Apr  3 01:08:42 2012

Start new search-path : Tue Apr  3 01:08:42 2012

Start new search-path : Tue Apr  3 01:08:42 2012

Start new search-path : Tue Apr  3 01:08:42 2012

Start new search-path : Tue Apr  3 01:08:42 2012

Start new search-path : Tue Apr  3 01:08:42 2012

Start new search-path : Tue Apr  3 01:08:42 2012

Start new search-path : Tue Apr  3 01:08:42 2012

Start new search-path : Tue Apr  3 01:08:42 2012

Start new search-path : Tue Apr  3 01:08:42 2012

Start new search-path : Tue Apr  3 01:08:42 2012

Start new search-path : Tue Apr  3 01:08:42 2012

Start new search-path : Tue Apr  3 01:08:42 2012

Start new search-path : Tue Apr  3 01:08:42 2012

Start new search-path : Tue Apr  3 01:08:42 2012

Start new search-path : Tue Apr  3 01:08:42 2012

Start new search-path : Tue Apr  3 01:08:42 2012

Start new search-path : Tue Apr  3 01:08:42 2012

Start new search-path : Tue Apr  3 01:08:42 2012

Start new search-path : Tue Apr  3 01:08:42 2012

Start new search-path : Tue Apr  3 01:08:42 2012

Start new search-path : Tue Apr  3 01:08:42 2012

Start new search-path : Tue Apr  3 01:08:42 2012

Start new search-path : Tue Apr  3 01:08:42 2012

Start new search-path : Tue Apr  3 01:08:42 2012

Start new search-path : Tue Apr  3 01:08:42 2012

Start new search-path : Tue Apr  3 01:08:42 2012

Start new search-path : Tue Apr  3 01:08:42 2012

Start new search-path : Tue Apr  3 01:08:42 2012

Start new search-path : Tue Apr  3 01:08:42 2012

Start new search-path : Tue Apr  3 01:08:42 2012

Start new search-path : Tue Apr  3 01:08:42 2012

Start new search-path : Tue Apr  3 01:08:42 2012

Start new search-path : Tue Apr  3 01:08:42 2012

Start new search-path : Tue Apr  3 01:08:42 2012

Start new search-path : Tue Apr  3 01:08:42 2012

Start new search-path : Tue Apr  3 01:08:42 2012

Start new search-path : Tue Apr  3 01:08:42 2012

Start new search-path : Tue Apr  3 01:08:43 2012

Start new search-path : Tue Apr  3 01:08:43 2012

Start new search-path : Tue Apr  3 01:08:43 2012

Start new search-path : Tue Apr  3 01:08:43 2012

Start new search-path : Tue Apr  3 01:08:43 2012

Start new search-path : Tue Apr  3 01:08:43 2012

Start new search-path : Tue Apr  3 01:08:43 2012

Start new search-path : Tue Apr  3 01:08:43 2012

Start new search-path : Tue Apr  3 01:08:43 2012

Start new search-path : Tue Apr  3 01:08:43 2012

Start new search-path : Tue Apr  3 01:08:43 2012

Start new search-path : Tue Apr  3 01:08:43 2012

Start new search-path : Tue Apr  3 01:08:43 2012

Start new search-path : Tue Apr  3 01:08:43 2012

Start new search-path : Tue Apr  3 01:08:43 2012

Start new search-path : Tue Apr  3 01:08:43 2012

Start new search-path : Tue Apr  3 01:08:43 2012

Start new search-path : Tue Apr  3 01:08:43 2012

Start new search-path : Tue Apr  3 01:08:43 2012

Start new search-path : Tue Apr  3 01:08:43 2012

Start new search-path : Tue Apr  3 01:08:43 2012

Start new search-path : Tue Apr  3 01:08:43 2012

Start new search-path : Tue Apr  3 01:08:43 2012

Start new search-path : Tue Apr  3 01:08:43 2012

Start new search-path : Tue Apr  3 01:08:43 2012

Start new search-path : Tue Apr  3 01:08:43 2012

Start new search-path : Tue Apr  3 01:08:43 2012

Start new search-path : Tue Apr  3 01:08:43 2012

Start new search-path : Tue Apr  3 01:08:43 2012

Start new search-path : Tue Apr  3 01:08:43 2012

Start new search-path : Tue Apr  3 01:08:43 2012

Start new search-path : Tue Apr  3 01:08:43 2012

Start new search-path : Tue Apr  3 01:08:43 2012

Start new search-path : Tue Apr  3 01:08:43 2012

Start new search-path : Tue Apr  3 01:08:43 2012

Start new search-path : Tue Apr  3 01:08:43 2012

Start new search-path : Tue Apr  3 01:08:43 2012

Start new search-path : Tue Apr  3 01:08:43 2012

Start new search-path : Tue Apr  3 01:08:43 2012

Start new search-path : Tue Apr  3 01:08:43 2012

Start new search-path : Tue Apr  3 01:08:43 2012

Start new search-path : Tue Apr  3 01:08:43 2012

Start new search-path : Tue Apr  3 01:08:43 2012

Start new search-path : Tue Apr  3 01:08:43 2012

Start new search-path : Tue Apr  3 01:08:43 2012

Start new search-path : Tue Apr  3 01:08:43 2012

Start new search-path : Tue Apr  3 01:08:43 2012

Start new search-path : Tue Apr  3 01:08:43 2012

Start new search-path : Tue Apr  3 01:08:43 2012

Start new search-path : Tue Apr  3 01:08:43 2012

Start new search-path : Tue Apr  3 01:08:43 2012

Start new search-path : Tue Apr  3 01:08:43 2012

Start new search-path : Tue Apr  3 01:08:43 2012

Start new search-path : Tue Apr  3 01:08:43 2012

Start new search-path : Tue Apr  3 01:08:43 2012

Start new search-path : Tue Apr  3 01:08:43 2012

Start new search-path : Tue Apr  3 01:08:43 2012

Start new search-path : Tue Apr  3 01:08:43 2012

Start new search-path : Tue Apr  3 01:08:43 2012

Start new search-path : Tue Apr  3 01:08:43 2012

Start new search-path : Tue Apr  3 01:08:43 2012

Start new search-path : Tue Apr  3 01:08:43 2012

Start new search-path : Tue Apr  3 01:08:43 2012

Start new search-path : Tue Apr  3 01:08:43 2012

Start new search-path : Tue Apr  3 01:08:43 2012

Start new search-path : Tue Apr  3 01:08:43 2012

Start new search-path : Tue Apr  3 01:08:43 2012

Start new search-path : Tue Apr  3 01:08:43 2012

Start new search-path : Tue Apr  3 01:08:43 2012

Start new search-path : Tue Apr  3 01:08:43 2012

Start new search-path : Tue Apr  3 01:08:43 2012

Start new search-path : Tue Apr  3 01:08:43 2012

Start new search-path : Tue Apr  3 01:08:43 2012

Start new search-path : Tue Apr  3 01:08:43 2012

Start new search-path : Tue Apr  3 01:08:43 2012

Start new search-path : Tue Apr  3 01:08:43 2012

Start new search-path : Tue Apr  3 01:08:43 2012

Start new search-path : Tue Apr  3 01:08:43 2012

Start new search-path : Tue Apr  3 01:08:43 2012

Start new search-path : Tue Apr  3 01:08:43 2012

Start new search-path : Tue Apr  3 01:08:43 2012

Start new search-path : Tue Apr  3 01:08:43 2012

Start new search-path : Tue Apr  3 01:08:43 2012

Start new search-path : Tue Apr  3 01:08:43 2012

Start new search-path : Tue Apr  3 01:08:43 2012

Start new search-path : Tue Apr  3 01:08:43 2012

Start new search-path : Tue Apr  3 01:08:43 2012

Start new search-path : Tue Apr  3 01:08:43 2012

Start new search-path : Tue Apr  3 01:08:43 2012

Start new search-path : Tue Apr  3 01:08:43 2012

Start new search-path : Tue Apr  3 01:08:43 2012

Start new search-path : Tue Apr  3 01:08:43 2012

Start new search-path : Tue Apr  3 01:08:43 2012

Start new search-path : Tue Apr  3 01:08:43 2012

Start new search-path : Tue Apr  3 01:08:43 2012

Start new search-path : Tue Apr  3 01:08:43 2012

Start new search-path : Tue Apr  3 01:08:44 2012

Start new search-path : Tue Apr  3 01:08:45 2012

Start new search-path : Tue Apr  3 01:08:45 2012

Start new search-path : Tue Apr  3 01:08:45 2012

Start new search-path : Tue Apr  3 01:08:45 2012

Start new search-path : Tue Apr  3 01:08:45 2012

Start new search-path : Tue Apr  3 01:08:45 2012

Start new search-path : Tue Apr  3 01:08:45 2012

Start new search-path : Tue Apr  3 01:08:45 2012

Start new search-path : Tue Apr  3 01:08:45 2012

Start new search-path : Tue Apr  3 01:08:45 2012

Start new search-path : Tue Apr  3 01:08:45 2012

Start new search-path : Tue Apr  3 01:08:45 2012

Start new search-path : Tue Apr  3 01:08:45 2012

Start new search-path : Tue Apr  3 01:08:45 2012

Start new search-path : Tue Apr  3 01:08:45 2012

Start new search-path : Tue Apr  3 01:08:45 2012

Start new search-path : Tue Apr  3 01:08:45 2012

Start new search-path : Tue Apr  3 01:08:46 2012

Start new search-path : Tue Apr  3 01:08:46 2012

Start new search-path : Tue Apr  3 01:08:46 2012

Start new search-path : Tue Apr  3 01:08:46 2012

Start new search-path : Tue Apr  3 01:08:46 2012

Start new search-path : Tue Apr  3 01:08:46 2012

Start new search-path : Tue Apr  3 01:08:46 2012

Start new search-path : Tue Apr  3 01:08:47 2012

Start new search-path : Tue Apr  3 01:08:47 2012

Start new search-path : Tue Apr  3 01:08:47 2012

Start new search-path : Tue Apr  3 01:08:47 2012

Start new search-path : Tue Apr  3 01:08:47 2012

Start new search-path : Tue Apr  3 01:08:47 2012

Start new search-path : Tue Apr  3 01:08:47 2012

Start new search-path : Tue Apr  3 01:08:47 2012

Start new search-path : Tue Apr  3 01:08:47 2012

Start new search-path : Tue Apr  3 01:08:47 2012

Start new search-path : Tue Apr  3 01:08:47 2012

Start new search-path : Tue Apr  3 01:08:47 2012

Start new search-path : Tue Apr  3 01:08:47 2012

Start new search-path : Tue Apr  3 01:08:47 2012

Start new search-path : Tue Apr  3 01:08:47 2012

Start new search-path : Tue Apr  3 01:08:47 2012

Start new search-path : Tue Apr  3 01:08:47 2012

Start new search-path : Tue Apr  3 01:08:47 2012

Start new search-path : Tue Apr  3 01:08:47 2012

Start new search-path : Tue Apr  3 01:08:47 2012

Start new search-path : Tue Apr  3 01:08:47 2012

Start new search-path : Tue Apr  3 01:08:47 2012

Start new search-path : Tue Apr  3 01:08:47 2012

Start new search-path : Tue Apr  3 01:08:47 2012

Start new search-path : Tue Apr  3 01:08:47 2012

Start new search-path : Tue Apr  3 01:08:47 2012

Start new search-path : Tue Apr  3 01:08:47 2012

Start new search-path : Tue Apr  3 01:08:47 2012

Start new search-path : Tue Apr  3 01:08:47 2012

Start new search-path : Tue Apr  3 01:08:47 2012

Start new search-path : Tue Apr  3 01:08:47 2012

Start new search-path : Tue Apr  3 01:08:47 2012

Start new search-path : Tue Apr  3 01:08:47 2012

Start new search-path : Tue Apr  3 01:08:47 2012

Start new search-path : Tue Apr  3 01:08:47 2012

Start new search-path : Tue Apr  3 01:08:47 2012

Start new search-path : Tue Apr  3 01:08:47 2012

Start new search-path : Tue Apr  3 01:08:47 2012

Start new search-path : Tue Apr  3 01:08:47 2012

Start new search-path : Tue Apr  3 01:08:47 2012

Start new search-path : Tue Apr  3 01:08:47 2012

Start new search-path : Tue Apr  3 01:08:47 2012

Start new search-path : Tue Apr  3 01:08:47 2012

Start new search-path : Tue Apr  3 01:08:47 2012

Start new search-path : Tue Apr  3 01:08:47 2012

Start new search-path : Tue Apr  3 01:08:47 2012

Start new search-path : Tue Apr  3 01:08:47 2012

Start new search-path : Tue Apr  3 01:08:47 2012

Start new search-path : Tue Apr  3 01:08:47 2012

Start new search-path : Tue Apr  3 01:08:47 2012

Start new search-path : Tue Apr  3 01:08:47 2012

Start new search-path : Tue Apr  3 01:08:47 2012

Start new search-path : Tue Apr  3 01:08:47 2012

Start new search-path : Tue Apr  3 01:08:47 2012

Start new search-path : Tue Apr  3 01:08:47 2012

Start new search-path : Tue Apr  3 01:08:47 2012

Start new search-path : Tue Apr  3 01:08:47 2012

Start new search-path : Tue Apr  3 01:08:47 2012

Start new search-path : Tue Apr  3 01:08:47 2012

Start new search-path : Tue Apr  3 01:08:47 2012

Start new search-path : Tue Apr  3 01:08:47 2012

Start new search-path : Tue Apr  3 01:08:47 2012

Start new search-path : Tue Apr  3 01:08:47 2012

Start new search-path : Tue Apr  3 01:08:47 2012

Start new search-path : Tue Apr  3 01:08:47 2012

Start new search-path : Tue Apr  3 01:08:47 2012

Start new search-path : Tue Apr  3 01:08:47 2012

Start new search-path : Tue Apr  3 01:08:47 2012

Start new search-path : Tue Apr  3 01:08:47 2012

Start new search-path : Tue Apr  3 01:08:47 2012

Start new search-path : Tue Apr  3 01:08:47 2012

Start new search-path : Tue Apr  3 01:08:47 2012

Start new search-path : Tue Apr  3 01:08:47 2012

Start new search-path : Tue Apr  3 01:08:47 2012

Start new search-path : Tue Apr  3 01:08:47 2012

Start new search-path : Tue Apr  3 01:08:47 2012

Start new search-path : Tue Apr  3 01:08:47 2012

Start new search-path : Tue Apr  3 01:08:47 2012

Start new search-path : Tue Apr  3 01:08:48 2012

Start new search-path : Tue Apr  3 01:08:48 2012

Start new search-path : Tue Apr  3 01:08:48 2012

Start new search-path : Tue Apr  3 01:08:48 2012

Start new search-path : Tue Apr  3 01:08:48 2012

Start new search-path : Tue Apr  3 01:08:48 2012

Start new search-path : Tue Apr  3 01:08:48 2012

Start new search-path : Tue Apr  3 01:08:48 2012

Start new search-path : Tue Apr  3 01:08:48 2012

Start new search-path : Tue Apr  3 01:08:48 2012

Start new search-path : Tue Apr  3 01:08:48 2012

Start new search-path : Tue Apr  3 01:08:48 2012

Start new search-path : Tue Apr  3 01:08:48 2012

Start new search-path : Tue Apr  3 01:08:48 2012

Start new search-path : Tue Apr  3 01:08:48 2012

Start new search-path : Tue Apr  3 01:08:48 2012

Start new search-path : Tue Apr  3 01:08:48 2012

Start new search-path : Tue Apr  3 01:08:48 2012

Start new search-path : Tue Apr  3 01:08:48 2012

Start new search-path : Tue Apr  3 01:08:48 2012

Start new search-path : Tue Apr  3 01:08:48 2012

Start new search-path : Tue Apr  3 01:08:48 2012

Start new search-path : Tue Apr  3 01:08:48 2012

Start new search-path : Tue Apr  3 01:08:48 2012

Start new search-path : Tue Apr  3 01:08:48 2012

Start new search-path : Tue Apr  3 01:08:48 2012

Start new search-path : Tue Apr  3 01:08:48 2012

Start new search-path : Tue Apr  3 01:08:48 2012

Start new search-path : Tue Apr  3 01:08:48 2012

Start new search-path : Tue Apr  3 01:08:48 2012

Start new search-path : Tue Apr  3 01:08:48 2012

Start new search-path : Tue Apr  3 01:08:48 2012

Start new search-path : Tue Apr  3 01:08:48 2012

Start new search-path : Tue Apr  3 01:08:48 2012

Start new search-path : Tue Apr  3 01:08:48 2012

Start new search-path : Tue Apr  3 01:08:48 2012

