Offset: 0
Patterns start at ID:0
Serialization report: Tue Apr  3 01:15:45 2012

Serialize graph
Serialize patterns
DUMPING 3 EQU CALSSES
EQU CLASSES ID: 3489
PATTERN ID: 3488
EQU CLASSES UNIQUE_PATHS: 
EQU CLASSES FLOW: 
EQU CLASSES CONTENT: (2782,19) (2399,5) 
END
EQU CLASSES ID: 3491
PATTERN ID: 3490
EQU CLASSES UNIQUE_PATHS: 
EQU CLASSES FLOW: 
EQU CLASSES CONTENT: (2769,11) (2066,3) 
END
EQU CLASSES ID: 3493
PATTERN ID: 3492
EQU CLASSES UNIQUE_PATHS: 
EQU CLASSES FLOW: 
EQU CLASSES CONTENT: (2356,3) (960,3) (1734,5) 
END
DUMPING 6 PATTERNS
SEQUENCE: 2210 1782 
INDEX: 
ID 3487
SIGNATURE -1538868775
SIGNIFICANCE 0.99572
LENGTH 2
BUNDLE: 0.99572 18 17 5 0.0641026 1 1 0.99144
EQU CLASSES REFEQU CLASSES SEQUENCE: 746 0 2152 
INDEX: 
ID 3488
SIGNATURE 1152665299
SIGNIFICANCE 1
LENGTH 3
BUNDLE: 1 10 8 11 1 1 1 1
EQU CLASSES REF(1152665299,1) 
EQU CLASSES 3489 SEQUENCE: 0 714 2169 2415 
INDEX: 
ID 3490
SIGNATURE 1950590703
SIGNIFICANCE 0.99998
LENGTH 4
BUNDLE: 0.99998 4 1 6 1 0.6 0.99996 1
EQU CLASSES REF(1950590703,0) 
EQU CLASSES 3491 SEQUENCE: 2415 0 2664 591 3202 
INDEX: 
ID 3492
SIGNATURE -694552747
SIGNIFICANCE 0.9963
LENGTH 5
BUNDLE: 0.9963 12 8 4 1 1 0.9963 0.9963
EQU CLASSES REF(-694552747,1) 
EQU CLASSES 3493 SEQUENCE: 2808 1495 3409 
INDEX: 
ID 3494
SIGNATURE 734420254
SIGNIFICANCE 0.99815
LENGTH 3
BUNDLE: 0.99815 18 16 4 1 1 1 0.9963
EQU CLASSES REFEQU CLASSES SEQUENCE: 3056 2118 
INDEX: 
ID 3495
SIGNATURE -1529712713
SIGNIFICANCE 0.99409
LENGTH 2
BUNDLE: 0.99409 10 9 26 0.866667 0.789474 0.988182 0.999998
EQU CLASSES REFEQU CLASSES 