Offset: 0
Patterns start at ID:0
Serialization report: Thu Nov 14 00:05:47 2013

Serialize graph
Serialize patterns
DUMPING 30 EQU CALSSES
EQU CLASSES ID: 6948
PATTERN ID: 6947
EQU CLASSES UNIQUE_PATHS: 
EQU CLASSES FLOW: 
EQU CLASSES CONTENT: (6847,63) (2879,35) 
END
EQU CLASSES ID: 6952
PATTERN ID: 6951
EQU CLASSES UNIQUE_PATHS: 
EQU CLASSES FLOW: 
EQU CLASSES CONTENT: (83,7) (2083,9) 
END
EQU CLASSES ID: 6954
PATTERN ID: 6953
EQU CLASSES UNIQUE_PATHS: 
EQU CLASSES FLOW: 
EQU CLASSES CONTENT: (6678,5) (4404,29) 
END
EQU CLASSES ID: 6958
PATTERN ID: 6957
EQU CLASSES UNIQUE_PATHS: 
EQU CLASSES FLOW: 
EQU CLASSES CONTENT: (3559,19) (3563,19) 
END
EQU CLASSES ID: 6829
PATTERN ID: 6828
EQU CLASSES UNIQUE_PATHS: 
EQU CLASSES FLOW: 
EQU CLASSES CONTENT: (6608,5) (2299,129) 
END
EQU CLASSES ID: 6850
PATTERN ID: 6849
EQU CLASSES UNIQUE_PATHS: 
EQU CLASSES FLOW: 
EQU CLASSES CONTENT: (739,45) (741,29) 
END
EQU CLASSES ID: 6852
PATTERN ID: 6851
EQU CLASSES UNIQUE_PATHS: 
EQU CLASSES FLOW: 
EQU CLASSES CONTENT: (4865,9) (2242,3) 
END
EQU CLASSES ID: 6857
PATTERN ID: 6856
EQU CLASSES UNIQUE_PATHS: 
EQU CLASSES FLOW: 
EQU CLASSES CONTENT: (6835,51) (4199,48) 
END
EQU CLASSES ID: 6863
PATTERN ID: 6862
EQU CLASSES UNIQUE_PATHS: 
EQU CLASSES FLOW: 
EQU CLASSES CONTENT: (1452,85) (4768,29) 
END
EQU CLASSES ID: 6865
PATTERN ID: 6864
EQU CLASSES UNIQUE_PATHS: 
EQU CLASSES FLOW: 
EQU CLASSES CONTENT: (6159,25) (1929,57) 
END
EQU CLASSES ID: 6867
PATTERN ID: 6866
EQU CLASSES UNIQUE_PATHS: 
EQU CLASSES FLOW: 
EQU CLASSES CONTENT: (3116,11) (3117,3) 
END
EQU CLASSES ID: 6869
PATTERN ID: 6868
EQU CLASSES UNIQUE_PATHS: 
EQU CLASSES FLOW: 
EQU CLASSES CONTENT: (204,3) (6466,5) (5890,3) (122,3) (5161,3) 
END
EQU CLASSES ID: 6871
PATTERN ID: 6870
EQU CLASSES UNIQUE_PATHS: 
EQU CLASSES FLOW: 
EQU CLASSES CONTENT: (860,27) (2879,5) 
END
EQU CLASSES ID: 6877
PATTERN ID: 6876
EQU CLASSES UNIQUE_PATHS: 
EQU CLASSES FLOW: 
EQU CLASSES CONTENT: (36,37) (1242,41) 
END
EQU CLASSES ID: 6879
PATTERN ID: 6878
EQU CLASSES UNIQUE_PATHS: 
EQU CLASSES FLOW: 
EQU CLASSES CONTENT: (3886,5) (2580,3) (4566,23) 
END
EQU CLASSES ID: 6884
PATTERN ID: 6883
EQU CLASSES UNIQUE_PATHS: 
EQU CLASSES FLOW: 
EQU CLASSES CONTENT: (100,3) (2450,11) 
END
EQU CLASSES ID: 6886
PATTERN ID: 6885
EQU CLASSES UNIQUE_PATHS: 
EQU CLASSES FLOW: 
EQU CLASSES CONTENT: (6391,9) (2391,91) 
END
EQU CLASSES ID: 6889
PATTERN ID: 6888
EQU CLASSES UNIQUE_PATHS: 
EQU CLASSES FLOW: 
EQU CLASSES CONTENT: (776,20) (6861,7) 
END
EQU CLASSES ID: 6891
PATTERN ID: 6890
EQU CLASSES UNIQUE_PATHS: 
EQU CLASSES FLOW: 
EQU CLASSES CONTENT: (1747,33) (1377,21) 
END
EQU CLASSES ID: 6895
PATTERN ID: 6894
EQU CLASSES UNIQUE_PATHS: 
EQU CLASSES FLOW: 
EQU CLASSES CONTENT: (5421,5) (992,3) (6096,23) 
END
EQU CLASSES ID: 6897
PATTERN ID: 6896
EQU CLASSES UNIQUE_PATHS: 
EQU CLASSES FLOW: 
EQU CLASSES CONTENT: (2226,5) (5007,273) 
END
EQU CLASSES ID: 6908
PATTERN ID: 6907
EQU CLASSES UNIQUE_PATHS: 
EQU CLASSES FLOW: 
EQU CLASSES CONTENT: (2152,23) (4382,3) 
END
EQU CLASSES ID: 6910
PATTERN ID: 6909
EQU CLASSES UNIQUE_PATHS: 
EQU CLASSES FLOW: 
EQU CLASSES CONTENT: (6359,414) (2115,156) 
END
EQU CLASSES ID: 6912
PATTERN ID: 6911
EQU CLASSES UNIQUE_PATHS: 
EQU CLASSES FLOW: 
EQU CLASSES CONTENT: (5,3) (657,11) 
END
EQU CLASSES ID: 6916
PATTERN ID: 6915
EQU CLASSES UNIQUE_PATHS: 
EQU CLASSES FLOW: 
EQU CLASSES CONTENT: (778,5) (2950,8) (2246,9) 
END
EQU CLASSES ID: 6929
PATTERN ID: 6928
EQU CLASSES UNIQUE_PATHS: 
EQU CLASSES FLOW: 
EQU CLASSES CONTENT: (5617,7) (2735,3) (5345,3) 
END
EQU CLASSES ID: 6935
PATTERN ID: 6934
EQU CLASSES UNIQUE_PATHS: 
EQU CLASSES FLOW: 
EQU CLASSES CONTENT: (2359,197) (3851,207) 
END
EQU CLASSES ID: 6941
PATTERN ID: 6940
EQU CLASSES UNIQUE_PATHS: 
EQU CLASSES FLOW: 
EQU CLASSES CONTENT: (2775,5) (6080,11) (6359,257) 
END
EQU CLASSES ID: 6943
PATTERN ID: 6942
EQU CLASSES UNIQUE_PATHS: 
EQU CLASSES FLOW: 
EQU CLASSES CONTENT: (2929,3) (2583,17) 
END
EQU CLASSES ID: 6945
PATTERN ID: 6944
EQU CLASSES UNIQUE_PATHS: 
EQU CLASSES FLOW: 
EQU CLASSES CONTENT: (1521,31) (1522,21) 
END
DUMPING 101 PATTERNS
SEQUENCE: 0 4971 2879 
INDEX: 
ID 6828
SIGNATURE -494752377
SIGNIFICANCE 1
LENGTH 3
BUNDLE: 1 17 15 66 0.545455 0.653465 1 1
EQU CLASSES REF(-494752377,0) 
EQU CLASSES 6829 SEQUENCE: 776 6096 5842 
INDEX: 
ID 6830
SIGNATURE -961325978
SIGNIFICANCE 0.999994
LENGTH 3
BUNDLE: 0.999994 3 1 24 0.615385 0.545455 0.999987 1
EQU CLASSES REFEQU CLASSES SEQUENCE: 4050 2562 
INDEX: 
ID 6831
SIGNATURE -1520821559
SIGNIFICANCE 0.999977
LENGTH 2
BUNDLE: 0.999977 8 7 92 0.232323 0.408889 0.999954 1
EQU CLASSES REFEQU CLASSES SEQUENCE: 2879 2624 
INDEX: 
ID 6832
SIGNATURE -1521602712
SIGNIFICANCE 0.999998
LENGTH 2
BUNDLE: 0.999998 33 32 162 0.26129 0.848168 0.999997 1
EQU CLASSES REFEQU CLASSES SEQUENCE: 4056 2562 
INDEX: 
ID 6833
SIGNATURE -1520259059
SIGNIFICANCE 0.999983
LENGTH 2
BUNDLE: 0.999983 4 3 65 0.288889 0.488722 0.999965 1
EQU CLASSES REFEQU CLASSES SEQUENCE: 1701 1452 
INDEX: 
ID 6834
SIGNATURE -1539166175
SIGNIFICANCE 1
LENGTH 2
BUNDLE: 1 15 14 97 0.697842 0.425439 1 1
EQU CLASSES REFEQU CLASSES SEQUENCE: 4199 6359 
INDEX: 
ID 6835
SIGNATURE -1514256828
SIGNIFICANCE 1
LENGTH 2
BUNDLE: 1 4 3 439 0.356331 0.114382 1 1
EQU CLASSES REFEQU CLASSES SEQUENCE: 4199 3029 6755 
INDEX: 
ID 6836
SIGNATURE 675513504
SIGNIFICANCE 1
LENGTH 3
BUNDLE: 1 13 11 58 1 1 1 1
EQU CLASSES REFEQU CLASSES SEQUENCE: 5332 3701 
INDEX: 
ID 6837
SIGNATURE -1505711601
SIGNIFICANCE 0.996209
LENGTH 2
BUNDLE: 0.996209 14 13 7 0.875 0.875 0.996209 0.996209
EQU CLASSES REFEQU CLASSES SEQUENCE: 4971 6359 
INDEX: 
ID 6838
SIGNATURE -1499928703
SIGNIFICANCE 0.996784
LENGTH 2
BUNDLE: 0.996784 4 3 437 0.289021 0.888889 1 0.993567
EQU CLASSES REFEQU CLASSES SEQUENCE: 610 739 
INDEX: 
ID 6839
SIGNATURE 111957783
SIGNIFICANCE 0.999247
LENGTH 2
BUNDLE: 0.999247 22 21 39 0.906977 0.302326 1 0.998493
EQU CLASSES REFEQU CLASSES SEQUENCE: 3866 2879 5916 
INDEX: 
ID 6840
SIGNATURE -770323520
SIGNIFICANCE 1
LENGTH 3
BUNDLE: 1 8 6 24 0.888889 0.75 1 1
EQU CLASSES REFEQU CLASSES SEQUENCE: 6427 6359 
INDEX: 
ID 6841
SIGNATURE -1492803703
SIGNIFICANCE 0.999097
LENGTH 2
BUNDLE: 0.999097 9 8 200 0.149701 0.0675219 0.999999 0.998194
EQU CLASSES REFEQU CLASSES SEQUENCE: 3182 3045 
INDEX: 
ID 6842
SIGNATURE -1524915372
SIGNIFICANCE 0.999951
LENGTH 2
BUNDLE: 0.999951 8 7 25 0.657895 0.641026 0.999998 0.999904
EQU CLASSES REFEQU CLASSES SEQUENCE: 3842 3609 5368 5716 3851 
INDEX: 
ID 6843
SIGNATURE -2010671206
SIGNIFICANCE 0.999993
LENGTH 5
BUNDLE: 0.999993 9 5 8 1 1 0.999993 0.999993
EQU CLASSES REFEQU CLASSES SEQUENCE: 2698 6359 
INDEX: 
ID 6844
SIGNATURE -1527647453
SIGNIFICANCE 0.997949
LENGTH 2
BUNDLE: 0.997949 28 27 180 0.424528 0.0651702 1 0.995899
EQU CLASSES REFEQU CLASSES SEQUENCE: 5345 4347 6359 
INDEX: 
ID 6845
SIGNATURE 1147937318
SIGNIFICANCE 0.994645
LENGTH 3
BUNDLE: 0.994645 11 9 20 0.740741 0.392157 0.99999 0.9893
EQU CLASSES REFEQU CLASSES SEQUENCE: 1970 1173 
INDEX: 
ID 6846
SIGNATURE -1532385269
SIGNIFICANCE 0.999997
LENGTH 2
BUNDLE: 0.999997 9 8 28 0.583333 0.965517 0.999994 1
EQU CLASSES REFEQU CLASSES SEQUENCE: 2879 2628 
INDEX: 
ID 6847
SIGNATURE -1521602688
SIGNIFICANCE 1
LENGTH 2
BUNDLE: 1 8 7 143 0.329493 0.694175 1 1
EQU CLASSES REFEQU CLASSES SEQUENCE: 5487 5344 
INDEX: 
ID 6848
SIGNATURE -1502976248
SIGNIFICANCE 0.999424
LENGTH 2
BUNDLE: 0.999424 14 13 9 0.9 0.818182 0.999891 0.998958
EQU CLASSES REFEQU CLASSES SEQUENCE: 1344 1423 0 
INDEX: 
ID 6849
SIGNATURE 85314707
SIGNIFICANCE 0.999985
LENGTH 3
BUNDLE: 0.999985 13 11 36 0.857143 1 0.99997 1
EQU CLASSES REF(85314707,2) 
EQU CLASSES 6850 SEQUENCE: 2355 1030 0 1143 2359 
INDEX: 
ID 6851
SIGNATURE 426976556
SIGNIFICANCE 0.99328
LENGTH 5
BUNDLE: 0.99328 10 6 5 1 1 0.99328 0.99328
EQU CLASSES REF(426976556,2) 
EQU CLASSES 6852 SEQUENCE: 1954 914 
INDEX: 
ID 6853
SIGNATURE 552373503
SIGNIFICANCE 1
LENGTH 2
BUNDLE: 1 10 9 78 0.728972 0.906977 1 1
EQU CLASSES REFEQU CLASSES SEQUENCE: 5894 2929 
INDEX: 
ID 6854
SIGNATURE -1492617887
SIGNIFICANCE 0.999991
LENGTH 2
BUNDLE: 0.999991 7 6 25 0.641026 0.675676 0.999982 0.999999
EQU CLASSES REFEQU CLASSES SEQUENCE: 2115 4706 6755 
INDEX: 
ID 6855
SIGNATURE 438529085
SIGNIFICANCE 0.995685
LENGTH 3
BUNDLE: 0.995685 12 10 11 0.647059 0.785714 0.994309 0.997061
EQU CLASSES REFEQU CLASSES SEQUENCE: 2288 4396 0 
INDEX: 
ID 6856
SIGNATURE 297476807
SIGNIFICANCE 0.999914
LENGTH 3.5
BUNDLE: 0.999914 28 26 33 0.891892 1 0.999945 0.999884
EQU CLASSES REF(297476807,2) 
EQU CLASSES 6857 SEQUENCE: 6049 4598 4199 1493 
INDEX: 
ID 6858
SIGNATURE -730487150
SIGNIFICANCE 0.999124
LENGTH 4
BUNDLE: 0.999124 11 8 7 1 1 0.999946 0.998301
EQU CLASSES REFEQU CLASSES SEQUENCE: 6828 2628 
INDEX: 
ID 6859
SIGNATURE -1486633938
SIGNIFICANCE 0.999931
LENGTH 4
BUNDLE: 0.999931 15 14 34 0.515152 0.539683 0.999875 0.999988
EQU CLASSES REFEQU CLASSES SEQUENCE: 2000 4404 
INDEX: 
ID 6860
SIGNATURE -1542461142
SIGNIFICANCE 0.99026
LENGTH 2
BUNDLE: 0.99026 2 1 34 0.68 0.266667 0.980521 1
EQU CLASSES REFEQU CLASSES SEQUENCE: 6359 776 
INDEX: 
ID 6861
SIGNATURE 560092281
SIGNIFICANCE 0.993085
LENGTH 2
BUNDLE: 0.993085 8 7 153 0.059719 0.273214 0.98617 1
EQU CLASSES REFEQU CLASSES SEQUENCE: 0 4971 
INDEX: 
ID 6862
SIGNATURE 4366371
SIGNIFICANCE 0.998574
LENGTH 2
BUNDLE: 0.998574 8 7 41 0.866667 0.75 0.999955 0.997193
EQU CLASSES REF(4366371,0) 
EQU CLASSES 6863 SEQUENCE: 6862 0 
INDEX: 
ID 6864
SIGNATURE 4495918
SIGNIFICANCE 0.999263
LENGTH 3
BUNDLE: 0.999263 7 6 40 0.97561 0.454545 1 0.998526
EQU CLASSES REF(4495918,1) 
EQU CLASSES 6865 SEQUENCE: 677 6391 6137 4971 4363 1250 4404 2926 6427 3899 0 6755 
INDEX: 
ID 6866
SIGNATURE -1178759516
SIGNIFICANCE 1
LENGTH 12
BUNDLE: 1 12 1 6 1 1 1 1
EQU CLASSES REF(-1178759516,10) 
EQU CLASSES 6867 SEQUENCE: 6359 0 6838 2879 5862 
INDEX: 
ID 6868
SIGNATURE 43270300
SIGNIFICANCE 0.9984
LENGTH 6
BUNDLE: 0.9984 10 6 6 1 1 0.9984 0.9984
EQU CLASSES REF(43270300,1) 
EQU CLASSES 6869 SEQUENCE: 0 6863 1926 1255 
INDEX: 
ID 6870
SIGNATURE -1181595661
SIGNIFICANCE 0.999986
LENGTH 4
BUNDLE: 0.999986 21 18 15 0.9375 1 0.999972 1
EQU CLASSES REF(-1181595661,0) 
EQU CLASSES 6871 SEQUENCE: 822 762 4971 
INDEX: 
ID 6872
SIGNATURE 221337511
SIGNIFICANCE 1
LENGTH 3
BUNDLE: 1 25 23 33 1 0.970588 1 1
EQU CLASSES REFEQU CLASSES SEQUENCE: 1361 1452 
INDEX: 
ID 6873
SIGNATURE -1541963050
SIGNIFICANCE 0.999998
LENGTH 2
BUNDLE: 0.999998 47 46 45 0.818182 0.505618 1 0.999996
EQU CLASSES REFEQU CLASSES SEQUENCE: 6834 1428 1881 
INDEX: 
ID 6874
SIGNATURE 1197079259
SIGNIFICANCE 0.999979
LENGTH 4
BUNDLE: 0.999979 11 9 26 0.65 0.764706 0.999958 1
EQU CLASSES REFEQU CLASSES SEQUENCE: 6359 3220 4971 3782 
INDEX: 
ID 6875
SIGNATURE 162137948
SIGNIFICANCE 0.998977
LENGTH 4
BUNDLE: 0.998977 35 32 9 1 1 0.998977 0.998977
EQU CLASSES REFEQU CLASSES SEQUENCE: 0 4404 
INDEX: 
ID 6876
SIGNATURE 4365529
SIGNIFICANCE 0.995611
LENGTH 2
BUNDLE: 0.995611 2 1 38 0.481013 0.194444 0.991221 1
EQU CLASSES REF(4365529,0) 
EQU CLASSES 6877 SEQUENCE: 4404 0 6427 
INDEX: 
ID 6878
SIGNATURE 827468216
SIGNIFICANCE 0.998982
LENGTH 3
BUNDLE: 0.998982 4 2 14 1 0.777778 1 0.997964
EQU CLASSES REF(827468216,1) 
EQU CLASSES 6879 SEQUENCE: 1993 776 
INDEX: 
ID 6880
SIGNATURE 552792281
SIGNIFICANCE 0.995986
LENGTH 2
BUNDLE: 0.995986 2 1 74 0.133333 0.181818 0.991972 1
EQU CLASSES REFEQU CLASSES SEQUENCE: 6182 5682 
INDEX: 
ID 6881
SIGNATURE -1496553824
SIGNIFICANCE 0.999921
LENGTH 2
BUNDLE: 0.999921 12 11 44 0.745763 0.346457 1 0.999842
EQU CLASSES REFEQU CLASSES SEQUENCE: 1832 880 
INDEX: 
ID 6882
SIGNATURE 552214380
SIGNIFICANCE 0.996591
LENGTH 2
BUNDLE: 0.996591 9 8 16 0.727273 0.8 0.999962 0.993221
EQU CLASSES REFEQU CLASSES SEQUENCE: 0 3327 2698 
INDEX: 
ID 6883
SIGNATURE -519502764
SIGNIFICANCE 0.99072
LENGTH 3
BUNDLE: 0.99072 38 36 6 1 1 0.9984 0.98304
EQU CLASSES REF(-519502764,0) 
EQU CLASSES 6884 SEQUENCE: 0 3156 
INDEX: 
ID 6885
SIGNATURE 4364691
SIGNIFICANCE 0.999548
LENGTH 2
BUNDLE: 0.999548 27 26 49 0.302469 0.449541 0.999099 0.999997
EQU CLASSES REF(4364691,0) 
EQU CLASSES 6886 SEQUENCE: 860 1464 
INDEX: 
ID 6887
SIGNATURE 565566793
SIGNIFICANCE 0.999998
LENGTH 2
BUNDLE: 0.999998 3 2 68 0.352332 0.635514 0.999996 1
EQU CLASSES REFEQU CLASSES SEQUENCE: 1993 6885 4018 3375 6359 6887 6356 4159 2380 3442 5656 6580 6371 1035 4056 6427 2553 4604 6844 6887 6755 0 6760 2115 6699 
INDEX: 
ID 6888
SIGNATURE -250947432
SIGNIFICANCE 1
LENGTH 29.5
BUNDLE: 1 25 1 4 1 1 1 1
EQU CLASSES REF(-250947432,21) 
EQU CLASSES 6889 SEQUENCE: 0 1812 
INDEX: 
ID 6890
SIGNATURE 4364127
SIGNIFICANCE 1
LENGTH 2
BUNDLE: 1 12 11 26 0.787879 0.962963 1 1
EQU CLASSES REF(4364127,0) 
EQU CLASSES 6891 SEQUENCE: 6873 669 1344 
INDEX: 
ID 6892
SIGNATURE -80397316
SIGNIFICANCE 0.999993
LENGTH 4
BUNDLE: 0.999993 9 7 17 0.73913 0.894737 0.999988 0.999998
EQU CLASSES REFEQU CLASSES SEQUENCE: 1700 4971 908 
INDEX: 
ID 6893
SIGNATURE 184735637
SIGNIFICANCE 0.999979
LENGTH 3
BUNDLE: 0.999979 19 17 16 1 1 1 0.999959
EQU CLASSES REFEQU CLASSES SEQUENCE: 1993 0 5842 
INDEX: 
ID 6894
SIGNATURE 379421165
SIGNIFICANCE 0.997545
LENGTH 3
BUNDLE: 0.997545 3 1 14 0.736842 0.583333 0.995089 1
EQU CLASSES REF(379421165,1) 
EQU CLASSES 6895 SEQUENCE: 0 6359 
INDEX: 
ID 6896
SIGNATURE 4366718
SIGNIFICANCE 0.998104
LENGTH 2
BUNDLE: 0.998104 17 16 138 0.2881 0.875 1 0.996209
EQU CLASSES REF(4366718,0) 
EQU CLASSES 6897 SEQUENCE: 2600 458 2359 
INDEX: 
ID 6898
SIGNATURE 1171320997
SIGNIFICANCE 0.99664
LENGTH 3
BUNDLE: 0.99664 20 18 6 0.857143 1 1 0.99328
EQU CLASSES REFEQU CLASSES SEQUENCE: 6872 1223 
INDEX: 
ID 6899
SIGNATURE -1484463344
SIGNIFICANCE 0.999995
LENGTH 4
BUNDLE: 0.999995 9 8 28 0.848485 0.848485 1 0.999989
EQU CLASSES REFEQU CLASSES SEQUENCE: 860 1837 
INDEX: 
ID 6900
SIGNATURE 565567352
SIGNIFICANCE 0.99554
LENGTH 2
BUNDLE: 0.99554 3 2 24 0.192 0.533333 1 0.991081
EQU CLASSES REFEQU CLASSES SEQUENCE: 4199 3744 4971 
INDEX: 
ID 6901
SIGNATURE 688793785
SIGNIFICANCE 0.999945
LENGTH 3
BUNDLE: 0.999945 28 26 9 1 0.9 0.999999 0.999891
EQU CLASSES REFEQU CLASSES SEQUENCE: 776 969 1751 1892 
INDEX: 
ID 6902
SIGNATURE 673557957
SIGNIFICANCE 0.99241
LENGTH 4
BUNDLE: 0.99241 4 1 6 1 0.857143 0.9984 0.98642
EQU CLASSES REFEQU CLASSES SEQUENCE: 1701 1453 
INDEX: 
ID 6903
SIGNATURE -1539166169
SIGNIFICANCE 0.99052
LENGTH 2
BUNDLE: 0.99052 6 5 17 0.404762 0.894737 0.981041 1
EQU CLASSES REFEQU CLASSES SEQUENCE: 6896 2546 4971 
INDEX: 
ID 6904
SIGNATURE -180259209
SIGNIFICANCE 0.99241
LENGTH 4
BUNDLE: 0.99241 13 11 6 0.857143 1 0.98642 0.9984
EQU CLASSES REFEQU CLASSES SEQUENCE: 1786 493 3196 
INDEX: 
ID 6905
SIGNATURE -1518229964
SIGNIFICANCE 0.999946
LENGTH 3
BUNDLE: 0.999946 13 11 7 1 1 0.999946 0.999946
EQU CLASSES REFEQU CLASSES SEQUENCE: 6427 2553 
INDEX: 
ID 6906
SIGNATURE -1492805963
SIGNIFICANCE 0.999467
LENGTH 2
BUNDLE: 0.999467 6 5 88 1 0.329588 0.999993 0.998941
EQU CLASSES REFEQU CLASSES SEQUENCE: 2355 0 6857 
INDEX: 
ID 6907
SIGNATURE 337624960
SIGNIFICANCE 0.992683
LENGTH 3.5
BUNDLE: 0.992683 18 16 12 0.857143 0.75 0.999986 0.98538
EQU CLASSES REF(337624960,1) 
EQU CLASSES 6908 SEQUENCE: 2450 0 
INDEX: 
ID 6909
SIGNATURE 4418118
SIGNIFICANCE 0.991856
LENGTH 2
BUNDLE: 0.991856 5 4 75 0.241935 1 0.990432 0.99328
EQU CLASSES REF(4418118,1) 
EQU CLASSES 6910 SEQUENCE: 0 6391 5938 6906 5124 4971 2115 4491 2735 3571 2879 2299 6427 2943 2359 2574 5011 6838 2943 6695 2427 2574 4360 
INDEX: 
ID 6911
SIGNATURE -891058527
SIGNIFICANCE 1
LENGTH 25
BUNDLE: 1 23 1 6 1 1 1 1
EQU CLASSES REF(-891058527,0) 
EQU CLASSES 6912 SEQUENCE: 4404 3661 6427 
INDEX: 
ID 6913
SIGNATURE 1820768807
SIGNIFICANCE 0.99241
LENGTH 3
BUNDLE: 0.99241 19 17 6 0.857143 1 0.98642 0.9984
EQU CLASSES REFEQU CLASSES SEQUENCE: 4798 3782 
INDEX: 
ID 6914
SIGNATURE -1505226940
SIGNIFICANCE 0.995979
LENGTH 2
BUNDLE: 0.995979 18 17 34 0.507463 0.269841 0.999421 0.992538
EQU CLASSES REFEQU CLASSES SEQUENCE: 1993 0 4199 4423 
INDEX: 
ID 6915
SIGNATURE 1382309613
SIGNIFICANCE 0.999973
LENGTH 4
BUNDLE: 0.999973 4 1 7 1 0.875 0.999946 1
EQU CLASSES REF(1382309613,1) 
EQU CLASSES 6916 SEQUENCE: 2732 5064 
INDEX: 
ID 6917
SIGNATURE -1527976598
SIGNIFICANCE 0.999121
LENGTH 2
BUNDLE: 0.999121 5 4 20 0.869565 1 0.999842 0.9984
EQU CLASSES REFEQU CLASSES SEQUENCE: 1066 1922 1234 
INDEX: 
ID 6918
SIGNATURE 876455690
SIGNIFICANCE 0.998776
LENGTH 3
BUNDLE: 0.998776 25 23 13 1 0.722222 1 0.997553
EQU CLASSES REFEQU CLASSES SEQUENCE: 2950 4404 3959 2698 2115 6225 3600 2893 4971 
INDEX: 
ID 6919
SIGNATURE 1810406995
SIGNIFICANCE 0.99664
LENGTH 9
BUNDLE: 0.99664 23 15 5 1 1 1 0.99328
EQU CLASSES REFEQU CLASSES SEQUENCE: 2299 4971 2115 6832 6427 
INDEX: 
ID 6920
SIGNATURE 1463634225
SIGNIFICANCE 0.99328
LENGTH 6
BUNDLE: 0.99328 29 25 5 1 1 0.99328 0.99328
EQU CLASSES REFEQU CLASSES SEQUENCE: 3212 2359 2326 
INDEX: 
ID 6921
SIGNATURE -1284208801
SIGNIFICANCE 0.99241
LENGTH 3
BUNDLE: 0.99241 17 15 6 0.857143 1 0.98642 0.9984
EQU CLASSES REFEQU CLASSES SEQUENCE: 635 1496 6832 
INDEX: 
ID 6922
SIGNATURE 741961289
SIGNIFICANCE 0.999973
LENGTH 4
BUNDLE: 0.999973 13 11 20 1 1 0.999946 0.999999
EQU CLASSES REFEQU CLASSES SEQUENCE: 1999 5842 
INDEX: 
ID 6923
SIGNATURE -1530444395
SIGNIFICANCE 0.995103
LENGTH 2
BUNDLE: 0.995103 2 1 16 0.470588 0.0467836 0.990205 1
EQU CLASSES REFEQU CLASSES SEQUENCE: 6832 2299 
INDEX: 
ID 6924
SIGNATURE -1486649957
SIGNIFICANCE 0.99486
LENGTH 3
BUNDLE: 0.99486 9 8 39 0.284672 0.237805 0.997588 0.992133
EQU CLASSES REFEQU CLASSES SEQUENCE: 6834 1428 
INDEX: 
ID 6925
SIGNATURE -1486463119
SIGNIFICANCE 0.9992
LENGTH 3
BUNDLE: 0.9992 36 35 14 0.197183 1 1 0.9984
EQU CLASSES REFEQU CLASSES SEQUENCE: 892 2359 682 1075 
INDEX: 
ID 6926
SIGNATURE -1285690691
SIGNIFICANCE 0.9984
LENGTH 4
BUNDLE: 0.9984 5 2 6 1 1 0.9984 0.9984
EQU CLASSES REFEQU CLASSES SEQUENCE: 5157 2766 
INDEX: 
ID 6927
SIGNATURE -1507180716
SIGNIFICANCE 0.996003
LENGTH 2
BUNDLE: 0.996003 19 18 21 0.466667 0.954545 0.992005 1
EQU CLASSES REFEQU CLASSES SEQUENCE: 6847 2299 5862 0 4199 
INDEX: 
ID 6928
SIGNATURE 447765383
SIGNIFICANCE 0.99328
LENGTH 6
BUNDLE: 0.99328 7 3 5 1 1 0.99328 0.99328
EQU CLASSES REF(447765383,3) 
EQU CLASSES 6929 SEQUENCE: 6359 1701 1455 6734 
INDEX: 
ID 6930
SIGNATURE -1855429567
SIGNIFICANCE 0.999466
LENGTH 4
BUNDLE: 0.999466 27 24 9 1 1 0.998977 0.999955
EQU CLASSES REFEQU CLASSES SEQUENCE: 2299 4971 
INDEX: 
ID 6931
SIGNATURE -1533632175
SIGNIFICANCE 0.990051
LENGTH 2
BUNDLE: 0.990051 22 21 41 0.785714 1 0.997061 0.98304
EQU CLASSES REFEQU CLASSES SEQUENCE: 949 1164 2359 
INDEX: 
ID 6932
SIGNATURE -657647731
SIGNIFICANCE 0.998079
LENGTH 3
BUNDLE: 0.998079 15 13 8 1 0.8 0.999993 0.996166
EQU CLASSES REFEQU CLASSES SEQUENCE: 1059 989 
INDEX: 
ID 6933
SIGNATURE 549330028
SIGNIFICANCE 0.994895
LENGTH 2
BUNDLE: 0.994895 40 39 12 0.857143 0.923077 0.98979 0.999999
EQU CLASSES REFEQU CLASSES SEQUENCE: 0 6910 
INDEX: 
ID 6934
SIGNATURE 4367365
SIGNIFICANCE 0.99632
LENGTH 2
BUNDLE: 0.99632 19 18 192 0.122449 0.0652617 0.999962 0.992678
EQU CLASSES REF(4367365,0) 
EQU CLASSES 6935 SEQUENCE: 6860 2355 5017 776 4362 4347 
INDEX: 
ID 6936
SIGNATURE -1592646287
SIGNIFICANCE 0.999973
LENGTH 7
BUNDLE: 0.999973 6 1 7 1 1 0.999946 1
EQU CLASSES REFEQU CLASSES SEQUENCE: 2813 2359 
INDEX: 
ID 6937
SIGNATURE -1525446747
SIGNIFICANCE 0.991
LENGTH 2
BUNDLE: 0.991 22 21 18 0.818182 0.857143 0.995579 0.98642
EQU CLASSES REFEQU CLASSES SEQUENCE: 893 1397 
INDEX: 
ID 6938
SIGNATURE 563488822
SIGNIFICANCE 0.999525
LENGTH 2
BUNDLE: 0.999525 3 2 28 0.411765 0.736842 0.99905 1
EQU CLASSES REFEQU CLASSES SEQUENCE: 4404 2574 4815 6844 
INDEX: 
ID 6939
SIGNATURE -1082846662
SIGNIFICANCE 0.99241
LENGTH 5
BUNDLE: 0.99241 17 14 6 1 0.857143 0.9984 0.98642
EQU CLASSES REFEQU CLASSES SEQUENCE: 6356 0 
INDEX: 
ID 6940
SIGNATURE 4480268
SIGNIFICANCE 0.996635
LENGTH 2
BUNDLE: 0.996635 15 14 135 0.241935 1 0.99999 0.99328
EQU CLASSES REF(4480268,1) 
EQU CLASSES 6941 SEQUENCE: 0 4060 2698 
INDEX: 
ID 6942
SIGNATURE -515096514
SIGNIFICANCE 0.993263
LENGTH 3
BUNDLE: 0.993264 4 2 9 1 0.9 0.999999 0.986528
EQU CLASSES REF(-515096514,0) 
EQU CLASSES 6943 SEQUENCE: 939 0 
INDEX: 
ID 6944
SIGNATURE 902843
SIGNIFICANCE 0.993263
LENGTH 2
BUNDLE: 0.993263 7 6 25 0.961538 0.9 0.999998 0.986528
EQU CLASSES REF(902843,1) 
EQU CLASSES 6945 SEQUENCE: 6864 3851 
INDEX: 
ID 6946
SIGNATURE -1484820575
SIGNIFICANCE 0.998728
LENGTH 4
BUNDLE: 0.998728 22 21 34 0.85 0.9375 0.997456 1
EQU CLASSES REFEQU CLASSES SEQUENCE: 0 2299 
INDEX: 
ID 6947
SIGNATURE 4364214
SIGNIFICANCE 0.993264
LENGTH 2.5
BUNDLE: 0.993264 32 31 48 0.115663 0.9 1 0.986528
EQU CLASSES REF(4364214,0) 
EQU CLASSES 6948 SEQUENCE: 6432 5693 
INDEX: 
ID 6949
SIGNATURE -1492725658
SIGNIFICANCE 0.99823
LENGTH 2
BUNDLE: 0.99823 35 34 10 0.25641 0.714286 1 0.996459
EQU CLASSES REFEQU CLASSES SEQUENCE: 6889 6427 3936 2115 4577 4971 3446 
INDEX: 
ID 6950
SIGNATURE 715920490
SIGNIFICANCE 0.99328
LENGTH 7.5
BUNDLE: 0.99328 11 5 5 1 1 0.99328 0.99328
EQU CLASSES REFEQU CLASSES SEQUENCE: 0 6751 6427 6159 6532 6356 6695 4056 6843 6828 2969 2450 6198 6844 
INDEX: 
ID 6951
SIGNATURE 356754587
SIGNIFICANCE 0.998301
LENGTH 21
BUNDLE: 0.998301 20 7 7 1 1 0.998301 0.998301
EQU CLASSES REF(356754587,0) 
EQU CLASSES 6952 SEQUENCE: 1996 0 
INDEX: 
ID 6953
SIGNATURE 4422768
SIGNIFICANCE 0.994594
LENGTH 2
BUNDLE: 0.994594 2 1 16 0.551724 0.017094 0.989187 1
EQU CLASSES REF(4422768,1) 
EQU CLASSES 6954 SEQUENCE: 6373 4404 2115 3049 
INDEX: 
ID 6955
SIGNATURE -2117292611
SIGNIFICANCE 0.996815
LENGTH 4
BUNDLE: 0.996815 10 7 10 0.714286 1 0.996459 0.997171
EQU CLASSES REFEQU CLASSES SEQUENCE: 6838 6893 
INDEX: 
ID 6956
SIGNATURE -1486084233
SIGNIFICANCE 0.994629
LENGTH 5
BUNDLE: 0.994629 11 10 10 0.0235294 0.625 1 0.989258
EQU CLASSES REFEQU CLASSES SEQUENCE: 5286 0 
INDEX: 
ID 6957
SIGNATURE 4462143
SIGNIFICANCE 0.998968
LENGTH 2
BUNDLE: 0.998968 14 13 18 0.72 0.666667 0.999913 0.998024
EQU CLASSES REF(4462143,1) 
EQU CLASSES 6958 