ID 3697
PATTERN ID 3696
PATTERN SIGNATURE 0
SEQUENCE LOC 10
TOTAL OCC 96
TOTAL OCC IN CLASS 3
MEAN LENGTH 1
CAPACITY 3
HIERARCHY LEVEL 0
EQU CLASSES UNIQUE PATHS: 
EQU CLASSES FLOW: 
EQU CLASSES CONTENT: (781,5) (2571,9) (526,19) 
ID 3699
PATTERN ID 3698
PATTERN SIGNATURE 0
SEQUENCE LOC 7
TOTAL OCC 1360
TOTAL OCC IN CLASS 2
MEAN LENGTH 1
CAPACITY 2
HIERARCHY LEVEL 0
EQU CLASSES UNIQUE PATHS: 
EQU CLASSES FLOW: 
EQU CLASSES CONTENT: (3678,529) (1514,105) 
ID 3701
PATTERN ID 3700
PATTERN SIGNATURE 0
SEQUENCE LOC 3
TOTAL OCC 224
TOTAL OCC IN CLASS 2
MEAN LENGTH 1
CAPACITY 2
HIERARCHY LEVEL 0
EQU CLASSES UNIQUE PATHS: 
EQU CLASSES FLOW: 
EQU CLASSES CONTENT: (2370,57) (2373,219) 
ID 3711
PATTERN ID 3710
PATTERN SIGNATURE 0
SEQUENCE LOC 10
TOTAL OCC 70
TOTAL OCC IN CLASS 2
MEAN LENGTH 1
CAPACITY 2
HIERARCHY LEVEL 0
EQU CLASSES UNIQUE PATHS: 
EQU CLASSES FLOW: 
EQU CLASSES CONTENT: (2304,41) (2310,57) 
ID 3714
PATTERN ID 3713
PATTERN SIGNATURE 0
SEQUENCE LOC 4
TOTAL OCC 33
TOTAL OCC IN CLASS 2
MEAN LENGTH 1
CAPACITY 2
HIERARCHY LEVEL 0
EQU CLASSES UNIQUE PATHS: 
EQU CLASSES FLOW: 
EQU CLASSES CONTENT: (3154,3) (2992,11) 
ID 3726
PATTERN ID 3725
PATTERN SIGNATURE 0
SEQUENCE LOC 5
TOTAL OCC 372
TOTAL OCC IN CLASS 3
MEAN LENGTH 1
CAPACITY 3
HIERARCHY LEVEL 0
EQU CLASSES UNIQUE PATHS: 
EQU CLASSES FLOW: 
EQU CLASSES CONTENT: (1200,39) (3230,3) (190,3) 
ID 3728
PATTERN ID 3727
PATTERN SIGNATURE 0
SEQUENCE LOC 4
TOTAL OCC 313
TOTAL OCC IN CLASS 2
MEAN LENGTH 1
CAPACITY 2
HIERARCHY LEVEL 0
EQU CLASSES UNIQUE PATHS: 
EQU CLASSES FLOW: 
EQU CLASSES CONTENT: (1200,68) (3464,9) 
ID 3732
PATTERN ID 3731
PATTERN SIGNATURE 0
SEQUENCE LOC 4
TOTAL OCC 40
TOTAL OCC IN CLASS 2
MEAN LENGTH 1
CAPACITY 2
HIERARCHY LEVEL 0
EQU CLASSES UNIQUE PATHS: 
EQU CLASSES FLOW: 
EQU CLASSES CONTENT: (784,9) (3437,15) 
ID 3736
PATTERN ID 3735
PATTERN SIGNATURE 0
SEQUENCE LOC 30
TOTAL OCC 294
TOTAL OCC IN CLASS 3
MEAN LENGTH 1
CAPACITY 3
HIERARCHY LEVEL 0
EQU CLASSES UNIQUE PATHS: 
EQU CLASSES FLOW: 
EQU CLASSES CONTENT: (671,11) (739,11) (1923,3) 
ID 3738
PATTERN ID 3737
PATTERN SIGNATURE 0
SEQUENCE LOC 3
TOTAL OCC 243
TOTAL OCC IN CLASS 6
MEAN LENGTH 1
CAPACITY 6
HIERARCHY LEVEL 0
EQU CLASSES UNIQUE PATHS: 
EQU CLASSES FLOW: 
EQU CLASSES CONTENT: (2572,49) (285,3) (1493,5) (3431,13) (2858,47) (3060,9) 
ID 3740
PATTERN ID 3739
PATTERN SIGNATURE 0
SEQUENCE LOC 34
TOTAL OCC 195
TOTAL OCC IN CLASS 2
MEAN LENGTH 1
CAPACITY 2
HIERARCHY LEVEL 0
EQU CLASSES UNIQUE PATHS: 
EQU CLASSES FLOW: 
EQU CLASSES CONTENT: (610,7) (1626,5) 
ID 3742
PATTERN ID 3741
PATTERN SIGNATURE 0
SEQUENCE LOC 4
TOTAL OCC 39
TOTAL OCC IN CLASS 2
MEAN LENGTH 1
CAPACITY 2
HIERARCHY LEVEL 0
EQU CLASSES UNIQUE PATHS: 
EQU CLASSES FLOW: 
EQU CLASSES CONTENT: (2371,23) (854,23) 
ID 3744
PATTERN ID 3743
PATTERN SIGNATURE 0
SEQUENCE LOC 8
TOTAL OCC 210
TOTAL OCC IN CLASS 2
MEAN LENGTH 1
CAPACITY 2
HIERARCHY LEVEL 0
EQU CLASSES UNIQUE PATHS: 
EQU CLASSES FLOW: 
EQU CLASSES CONTENT: (739,135) (1920,3) 
ID 3748
PATTERN ID 3747
PATTERN SIGNATURE 0
SEQUENCE LOC 3
TOTAL OCC 15
TOTAL OCC IN CLASS 2
MEAN LENGTH 1
CAPACITY 2
HIERARCHY LEVEL 0
EQU CLASSES UNIQUE PATHS: 
EQU CLASSES FLOW: 
EQU CLASSES CONTENT: (1813,7) (1915,7) 
ID 3755
PATTERN ID 3754
PATTERN SIGNATURE 0
SEQUENCE LOC 2
TOTAL OCC 426
TOTAL OCC IN CLASS 2
MEAN LENGTH 2
CAPACITY 3
HIERARCHY LEVEL 1
EQU CLASSES UNIQUE PATHS: 
EQU CLASSES FLOW: 
EQU CLASSES CONTENT: (804,23) (3700,3) 
ID 3757
PATTERN ID 3756
PATTERN SIGNATURE 0
SEQUENCE LOC 2
TOTAL OCC 60
TOTAL OCC IN CLASS 2
MEAN LENGTH 1
CAPACITY 2
HIERARCHY LEVEL 0
EQU CLASSES UNIQUE PATHS: 
EQU CLASSES FLOW: 
EQU CLASSES CONTENT: (987,11) (3321,17) 
ID 3760
PATTERN ID 3759
PATTERN SIGNATURE 0
SEQUENCE LOC 19
TOTAL OCC 87
TOTAL OCC IN CLASS 2
MEAN LENGTH 1
CAPACITY 2
HIERARCHY LEVEL 0
EQU CLASSES UNIQUE PATHS: 
EQU CLASSES FLOW: 
EQU CLASSES CONTENT: (2541,95) (3424,35) 
ID 3769
PATTERN ID 3768
PATTERN SIGNATURE 0
SEQUENCE LOC 21
TOTAL OCC 282
TOTAL OCC IN CLASS 2
MEAN LENGTH 1
CAPACITY 2
HIERARCHY LEVEL 0
EQU CLASSES UNIQUE PATHS: 
EQU CLASSES FLOW: 
EQU CLASSES CONTENT: (3683,17) (610,27) 
ID 3771
PATTERN ID 3770
PATTERN SIGNATURE 0
SEQUENCE LOC 6
TOTAL OCC 419
TOTAL OCC IN CLASS 3
MEAN LENGTH 1
CAPACITY 3
HIERARCHY LEVEL 0
EQU CLASSES UNIQUE PATHS: 
EQU CLASSES FLOW: 
EQU CLASSES CONTENT: (2373,61) (1024,111) (292,75) 
ID 3773
PATTERN ID 3772
PATTERN SIGNATURE 0
SEQUENCE LOC 23
TOTAL OCC 121
TOTAL OCC IN CLASS 2
MEAN LENGTH 1
CAPACITY 2
HIERARCHY LEVEL 0
EQU CLASSES UNIQUE PATHS: 
EQU CLASSES FLOW: 
EQU CLASSES CONTENT: (2780,29) (3242,17) 
ID 3785
PATTERN ID 3784
PATTERN SIGNATURE 0
SEQUENCE LOC 7
TOTAL OCC 12
TOTAL OCC IN CLASS 2
MEAN LENGTH 1
CAPACITY 2
HIERARCHY LEVEL 0
EQU CLASSES UNIQUE PATHS: 
EQU CLASSES FLOW: 
EQU CLASSES CONTENT: (2363,17) (2376,3) 
ID 3789
PATTERN ID 3788
PATTERN SIGNATURE 0
SEQUENCE LOC 4
TOTAL OCC 58
TOTAL OCC IN CLASS 2
MEAN LENGTH 1
CAPACITY 2
HIERARCHY LEVEL 0
EQU CLASSES UNIQUE PATHS: 
EQU CLASSES FLOW: 
EQU CLASSES CONTENT: (2514,11) (2572,27) 
ID 3791
PATTERN ID 3790
PATTERN SIGNATURE 0
SEQUENCE LOC 2
TOTAL OCC 25
TOTAL OCC IN CLASS 2
MEAN LENGTH 1
CAPACITY 2
HIERARCHY LEVEL 0
EQU CLASSES UNIQUE PATHS: 
EQU CLASSES FLOW: 
EQU CLASSES CONTENT: (1289,21) (1296,25) 
ID 3793
PATTERN ID 3792
PATTERN SIGNATURE 0
SEQUENCE LOC 23
TOTAL OCC 976
TOTAL OCC IN CLASS 2
MEAN LENGTH 1
CAPACITY 2
HIERARCHY LEVEL 0
EQU CLASSES UNIQUE PATHS: 
EQU CLASSES FLOW: 
EQU CLASSES CONTENT: (620,3) (754,21) 
ID 3796
PATTERN ID 3795
PATTERN SIGNATURE 0
SEQUENCE LOC 3
TOTAL OCC 63
TOTAL OCC IN CLASS 3
MEAN LENGTH 1
CAPACITY 3
HIERARCHY LEVEL 0
EQU CLASSES UNIQUE PATHS: 
EQU CLASSES FLOW: 
EQU CLASSES CONTENT: (3422,13) (3423,3) (761,5) 
ID 3802
PATTERN ID 3801
PATTERN SIGNATURE 0
SEQUENCE LOC 2
TOTAL OCC 22
TOTAL OCC IN CLASS 2
MEAN LENGTH 1
CAPACITY 2
HIERARCHY LEVEL 0
EQU CLASSES UNIQUE PATHS: 
EQU CLASSES FLOW: 
EQU CLASSES CONTENT: (377,21) (381,3) 


SEQUENCE: 771 882 0 1543 
INDEX: SIZE = 0
ID: 3696
SIGNATURE: 1714089258
SIGNIFICANCE: 0.995653
LENGTH: 4
CAPACITY: 3
FLOW: 1
UNIQUE_PATHS: 3
HIERARCHY_LEVEL: 1
BUNDLE: 0.995653 11 8 15 0.833333 1 0.993145 0.998162
EQU CLASSES REF (1714089258,2) 
EQU CLASSES SIZE = 1
LOCATE POINTER: 3697


SEQUENCE: 0 733 
INDEX: SIZE = 0
ID: 3698
SIGNATURE: 873372
SIGNIFICANCE: 1
LENGTH: 2
CAPACITY: 2
FLOW: 1
UNIQUE_PATHS: 2
HIERARCHY_LEVEL: 1
BUNDLE: 1 8 7 316 0.232524 0.440111 1 1
EQU CLASSES REF (873372,0) 
EQU CLASSES SIZE = 1
LOCATE POINTER: 3699


SEQUENCE: 804 0 292 
INDEX: SIZE = 0
ID: 3700
SIGNATURE: -1481672459
SIGNIFICANCE: 1
LENGTH: 3
CAPACITY: 2
FLOW: 1
UNIQUE_PATHS: 2
HIERARCHY_LEVEL: 1
BUNDLE: 1 4 2 76 0.571429 0.716981 1 1
EQU CLASSES REF (-1481672459,1) 
EQU CLASSES SIZE = 1
LOCATE POINTER: 3701


SEQUENCE: 771 2923 
INDEX: SIZE = 0
ID: 3702
SIGNATURE: 562693123
SIGNIFICANCE: 0.998367
LENGTH: 2
CAPACITY: 1
FLOW: 1
UNIQUE_PATHS: 1
HIERARCHY_LEVEL: 1
BUNDLE: 0.998367 10 9 155 0.103471 0.865922 0.996734 1
EQU CLASSES REF EQU CLASSES SIZE = 0


SEQUENCE: 671 3698 
INDEX: SIZE = 0
ID: 3703
SIGNATURE: 559162077
SIGNIFICANCE: 0.996802
LENGTH: 3
CAPACITY: 2
FLOW: 1
UNIQUE_PATHS: 2
HIERARCHY_LEVEL: 2
BUNDLE: 0.996802 2 1 68 0.185286 0.21519 0.995156 0.998448
EQU CLASSES REF EQU CLASSES SIZE = 0


SEQUENCE: 3503 1991 754 
INDEX: SIZE = 0
ID: 3704
SIGNATURE: -921671959
SIGNIFICANCE: 0.99357
LENGTH: 3
CAPACITY: 1
FLOW: 1
UNIQUE_PATHS: 1
HIERARCHY_LEVEL: 1
BUNDLE: 0.99357 17 15 15 0.576923 0.75 0.989014 0.998127
EQU CLASSES REF EQU CLASSES SIZE = 0


SEQUENCE: 671 733 
INDEX: SIZE = 0
ID: 3705
SIGNATURE: 111832747
SIGNIFICANCE: 1
LENGTH: 2
CAPACITY: 1
FLOW: 1
UNIQUE_PATHS: 1
HIERARCHY_LEVEL: 1
BUNDLE: 1 9 8 214 0.715719 0.532338 1 1
EQU CLASSES REF EQU CLASSES SIZE = 0


SEQUENCE: 1818 3705 
INDEX: SIZE = 0
ID: 3706
SIGNATURE: -1534430327
SIGNIFICANCE: 0.990767
LENGTH: 3
CAPACITY: 1
FLOW: 1
UNIQUE_PATHS: 1
HIERARCHY_LEVEL: 2
BUNDLE: 0.990767 7 6 91 0.112624 0.425234 0.981534 1
EQU CLASSES REF EQU CLASSES SIZE = 0


SEQUENCE: 678 2559 3698 
INDEX: SIZE = 0
ID: 3707
SIGNATURE: -1697907375
SIGNIFICANCE: 0.998706
LENGTH: 4
CAPACITY: 2
FLOW: 0.5
UNIQUE_PATHS: 1
HIERARCHY_LEVEL: 2
BUNDLE: 0.998706 4 2 9 1 0.9 0.998977 0.998435
EQU CLASSES REF EQU CLASSES SIZE = 0


SEQUENCE: 2000 804 3255 
INDEX: SIZE = 0
ID: 3708
SIGNATURE: -1231441734
SIGNIFICANCE: 0.999985
LENGTH: 3
CAPACITY: 1
FLOW: 1
UNIQUE_PATHS: 1
HIERARCHY_LEVEL: 1
BUNDLE: 0.999985 7 5 29 0.878788 0.644444 0.999971 1
EQU CLASSES REF EQU CLASSES SIZE = 0


SEQUENCE: 2059 2502 3412 
INDEX: SIZE = 0
ID: 3709
SIGNATURE: -1595477670
SIGNIFICANCE: 1
LENGTH: 3
CAPACITY: 1
FLOW: 1
UNIQUE_PATHS: 1
HIERARCHY_LEVEL: 1
BUNDLE: 1 17 15 47 1 0.783333 1 1
EQU CLASSES REF EQU CLASSES SIZE = 0


SEQUENCE: 761 2447 0 
INDEX: SIZE = 0
ID: 3710
SIGNATURE: 1168344530
SIGNIFICANCE: 1
LENGTH: 3
CAPACITY: 2
FLOW: 1
UNIQUE_PATHS: 2
HIERARCHY_LEVEL: 1
BUNDLE: 1 10 8 35 0.875 1 0.999999 1
EQU CLASSES REF (1168344530,2) 
EQU CLASSES SIZE = 1
LOCATE POINTER: 3711


SEQUENCE: 808 3701 
INDEX: SIZE = 0
ID: 3712
SIGNATURE: 563036945
SIGNIFICANCE: 0.999807
LENGTH: 2
CAPACITY: 2
FLOW: 1
UNIQUE_PATHS: 2
HIERARCHY_LEVEL: 1
BUNDLE: 0.999807 3 2 61 0.476562 0.414966 0.999614 1
EQU CLASSES REF EQU CLASSES SIZE = 0


SEQUENCE: 771 494 0 63 
INDEX: SIZE = 0
ID: 3713
SIGNATURE: 1777191229
SIGNIFICANCE: 0.99072
LENGTH: 4
CAPACITY: 2
FLOW: 1
UNIQUE_PATHS: 2
HIERARCHY_LEVEL: 1
BUNDLE: 0.99072 5 2 6 1 1 0.9984 0.98304
EQU CLASSES REF (1777191229,2) 
EQU CLASSES SIZE = 1
LOCATE POINTER: 3714


SEQUENCE: 804 2458 
INDEX: SIZE = 0
ID: 3715
SIGNATURE: 562661137
SIGNIFICANCE: 0.99321
LENGTH: 2
CAPACITY: 1
FLOW: 1
UNIQUE_PATHS: 1
HIERARCHY_LEVEL: 1
BUNDLE: 0.99321 20 19 71 0.857143 0.612069 0.98642 1
EQU CLASSES REF EQU CLASSES SIZE = 0


SEQUENCE: 771 2285 
INDEX: SIZE = 0
ID: 3716
SIGNATURE: 562692279
SIGNIFICANCE: 0.993174
LENGTH: 2
CAPACITY: 1
FLOW: 1
UNIQUE_PATHS: 1
HIERARCHY_LEVEL: 1
BUNDLE: 0.993174 11 10 110 0.0822737 0.791367 0.986348 1
EQU CLASSES REF EQU CLASSES SIZE = 0


SEQUENCE: 1199 2779 
INDEX: SIZE = 0
ID: 3717
SIGNATURE: -1546618163
SIGNIFICANCE: 0.999245
LENGTH: 2
CAPACITY: 1
FLOW: 1
UNIQUE_PATHS: 1
HIERARCHY_LEVEL: 1
BUNDLE: 0.999245 16 15 37 0.321739 0.472727 1 0.998489
EQU CLASSES REF EQU CLASSES SIZE = 0


SEQUENCE: 1879 3500 771 99 
INDEX: SIZE = 0
ID: 3718
SIGNATURE: -1937423138
SIGNIFICANCE: 0.99664
LENGTH: 4
CAPACITY: 1
FLOW: 1
UNIQUE_PATHS: 1
HIERARCHY_LEVEL: 1
BUNDLE: 0.99664 4 1 5 1 0.555556 0.99328 1
EQU CLASSES REF EQU CLASSES SIZE = 0


SEQUENCE: 754 572 3503 
INDEX: SIZE = 0
ID: 3719
SIGNATURE: -808446677
SIGNIFICANCE: 1
LENGTH: 3
CAPACITY: 1
FLOW: 1
UNIQUE_PATHS: 1
HIERARCHY_LEVEL: 1
BUNDLE: 1 18 16 31 0.911765 0.96875 1 1
EQU CLASSES REF EQU CLASSES SIZE = 0


SEQUENCE: 610 1598 
INDEX: SIZE = 0
ID: 3720
SIGNATURE: 559785898
SIGNIFICANCE: 0.991595
LENGTH: 2
CAPACITY: 1
FLOW: 1
UNIQUE_PATHS: 1
HIERARCHY_LEVEL: 1
BUNDLE: 0.991595 19 18 42 0.172131 0.311111 1 0.983191
EQU CLASSES REF EQU CLASSES SIZE = 0


SEQUENCE: 754 1448 3503 
INDEX: SIZE = 0
ID: 3721
SIGNATURE: 206118113
SIGNIFICANCE: 0.993209
LENGTH: 3
CAPACITY: 1
FLOW: 1
UNIQUE_PATHS: 1
HIERARCHY_LEVEL: 1
BUNDLE: 0.99321 13 11 9 0.9 0.9 0.999891 0.986528
EQU CLASSES REF EQU CLASSES SIZE = 0


SEQUENCE: 3383 3666 
INDEX: SIZE = 0
ID: 3722
SIGNATURE: -1521773830
SIGNIFICANCE: 0.996008
LENGTH: 2
CAPACITY: 1
FLOW: 1
UNIQUE_PATHS: 1
HIERARCHY_LEVEL: 1
BUNDLE: 0.996007 2 1 26 0.333333 0.149425 0.992015 1
EQU CLASSES REF EQU CLASSES SIZE = 0


SEQUENCE: 3472 807 
INDEX: SIZE = 0
ID: 3723
SIGNATURE: 554414142
SIGNIFICANCE: 0.994328
LENGTH: 2
CAPACITY: 1
FLOW: 1
UNIQUE_PATHS: 1
HIERARCHY_LEVEL: 1
BUNDLE: 0.994328 12 11 114 0.991304 0.727273 1 0.988655
EQU CLASSES REF EQU CLASSES SIZE = 0


SEQUENCE: 771 2293 2673 
INDEX: SIZE = 0
ID: 3724
SIGNATURE: 269341091
SIGNIFICANCE: 0.997621
LENGTH: 3
CAPACITY: 1
FLOW: 1
UNIQUE_PATHS: 1
HIERARCHY_LEVEL: 1
BUNDLE: 0.997621 13 11 16 0.941176 0.516129 1 0.995241
EQU CLASSES REF EQU CLASSES SIZE = 0


SEQUENCE: 804 1024 754 0 
INDEX: SIZE = 0
ID: 3725
SIGNATURE: -1175781842
SIGNIFICANCE: 0.994138
LENGTH: 4
CAPACITY: 3
FLOW: 1
UNIQUE_PATHS: 3
HIERARCHY_LEVEL: 1
BUNDLE: 0.994138 5 2 21 0.677419 1 0.994997 0.99328
EQU CLASSES REF (-1175781842,3) 
EQU CLASSES SIZE = 1
LOCATE POINTER: 3726


SEQUENCE: 2572 754 0 
INDEX: SIZE = 0
ID: 3727
SIGNATURE: 945840830
SIGNIFICANCE: 0.997616
LENGTH: 3
CAPACITY: 2
FLOW: 1
UNIQUE_PATHS: 2
HIERARCHY_LEVEL: 1
BUNDLE: 0.997616 4 2 33 0.785714 0.347368 1 0.995231
EQU CLASSES REF (945840830,2) 
EQU CLASSES SIZE = 1
LOCATE POINTER: 3728


SEQUENCE: 771 238 1885 
INDEX: SIZE = 0
ID: 3729
SIGNATURE: 1771240326
SIGNIFICANCE: 0.997964
LENGTH: 3
CAPACITY: 1
FLOW: 1
UNIQUE_PATHS: 1
HIERARCHY_LEVEL: 1
BUNDLE: 0.997964 7 5 10 1 0.769231 0.997171 0.998757
EQU CLASSES REF EQU CLASSES SIZE = 0


SEQUENCE: 610 2780 
INDEX: SIZE = 0
ID: 3730
SIGNATURE: 559786614
SIGNIFICANCE: 0.998497
LENGTH: 2
CAPACITY: 1
FLOW: 1
UNIQUE_PATHS: 1
HIERARCHY_LEVEL: 1
BUNDLE: 0.998497 16 15 47 0.232673 0.309211 1 0.996994
EQU CLASSES REF EQU CLASSES SIZE = 0


SEQUENCE: 544 2534 1905 0 
INDEX: SIZE = 0
ID: 3731
SIGNATURE: -681563053
SIGNIFICANCE: 0.999984
LENGTH: 4
CAPACITY: 2
FLOW: 1
UNIQUE_PATHS: 2
HIERARCHY_LEVEL: 1
BUNDLE: 0.999984 4 1 11 1 1 0.999968 1
EQU CLASSES REF (-681563053,3) 
EQU CLASSES SIZE = 1
LOCATE POINTER: 3732


SEQUENCE: 678 669 3698 
INDEX: SIZE = 0
ID: 3733
SIGNATURE: 1384628855
SIGNIFICANCE: 1
LENGTH: 4
CAPACITY: 2
FLOW: 1
UNIQUE_PATHS: 2
HIERARCHY_LEVEL: 2
BUNDLE: 1 5 3 16 1 0.941176 1 1
EQU CLASSES REF EQU CLASSES SIZE = 0


SEQUENCE: 1024 2673 
INDEX: SIZE = 0
ID: 3734
SIGNATURE: -1550430668
SIGNIFICANCE: 0.997368
LENGTH: 2
CAPACITY: 1
FLOW: 1
UNIQUE_PATHS: 1
HIERARCHY_LEVEL: 1
BUNDLE: 0.997368 2 1 53 0.261084 0.0513069 0.994736 1
EQU CLASSES REF EQU CLASSES SIZE = 0


SEQUENCE: 1737 0 1199 3241 
INDEX: SIZE = 0
ID: 3735
SIGNATURE: -512196749
SIGNIFICANCE: 0.993424
LENGTH: 4
CAPACITY: 3
FLOW: 1
UNIQUE_PATHS: 3
HIERARCHY_LEVEL: 1
BUNDLE: 0.993424 32 29 11 1 1 0.993567 0.99328
EQU CLASSES REF (-512196749,1) 
EQU CLASSES SIZE = 1
LOCATE POINTER: 3736


SEQUENCE: 771 0 2673 
INDEX: SIZE = 0
ID: 3737
SIGNATURE: 1182353490
SIGNIFICANCE: 0.998345
LENGTH: 3
CAPACITY: 6
FLOW: 1
UNIQUE_PATHS: 6
HIERARCHY_LEVEL: 1
BUNDLE: 0.998345 4 2 60 0.821918 0.402685 1 0.99669
EQU CLASSES REF (1182353490,1) 
EQU CLASSES SIZE = 1
LOCATE POINTER: 3738


SEQUENCE: 1737 0 1929 2780 
INDEX: SIZE = 0
ID: 3739
SIGNATURE: -499852855
SIGNIFICANCE: 0.99664
LENGTH: 4
CAPACITY: 2
FLOW: 1
UNIQUE_PATHS: 2
HIERARCHY_LEVEL: 1
BUNDLE: 0.99664 36 33 5 1 1 1 0.99328
EQU CLASSES REF (-499852855,1) 
EQU CLASSES SIZE = 1
LOCATE POINTER: 3740


SEQUENCE: 804 0 771 292 
INDEX: SIZE = 0
ID: 3741
SIGNATURE: -249969450
SIGNIFICANCE: 1
LENGTH: 4
CAPACITY: 2
FLOW: 1
UNIQUE_PATHS: 2
HIERARCHY_LEVEL: 1
BUNDLE: 1 6 3 22 1 1 1 1
EQU CLASSES REF (-249969450,1) 
EQU CLASSES SIZE = 1
LOCATE POINTER: 3742


SEQUENCE: 0 924 
INDEX: SIZE = 0
ID: 3743
SIGNATURE: 873538
SIGNIFICANCE: 0.998628
LENGTH: 2
CAPACITY: 2
FLOW: 1
UNIQUE_PATHS: 2
HIERARCHY_LEVEL: 1
BUNDLE: 0.998628 9 8 68 0.325359 0.353535 1 0.997256
EQU CLASSES REF (873538,0) 
EQU CLASSES SIZE = 1
LOCATE POINTER: 3744


SEQUENCE: 582 797 
INDEX: SIZE = 0
ID: 3745
SIGNATURE: 112057982
SIGNIFICANCE: 0.999411
LENGTH: 2
CAPACITY: 1
FLOW: 1
UNIQUE_PATHS: 1
HIERARCHY_LEVEL: 1
BUNDLE: 0.999411 2 1 39 0.354545 0.046595 0.998823 1
EQU CLASSES REF EQU CLASSES SIZE = 0


SEQUENCE: 771 1674 
INDEX: SIZE = 0
ID: 3746
SIGNATURE: 562692023
SIGNIFICANCE: 0.991485
LENGTH: 2
CAPACITY: 1
FLOW: 1
UNIQUE_PATHS: 1
HIERARCHY_LEVEL: 1
BUNDLE: 0.991485 3 2 33 1 0.66 0.98304 0.99993
EQU CLASSES REF EQU CLASSES SIZE = 0


SEQUENCE: 2371 754 0 
INDEX: SIZE = 0
ID: 3747
SIGNATURE: 930137705
SIGNIFICANCE: 0.99152
LENGTH: 3
CAPACITY: 2
FLOW: 1
UNIQUE_PATHS: 2
HIERARCHY_LEVEL: 1
BUNDLE: 0.99152 3 1 6 1 0.75 0.98304 1
EQU CLASSES REF (930137705,2) 
EQU CLASSES SIZE = 1
LOCATE POINTER: 3748


SEQUENCE: 754 912 
INDEX: SIZE = 0
ID: 3749
SIGNATURE: 112373491
SIGNIFICANCE: 0.998972
LENGTH: 2
CAPACITY: 1
FLOW: 1
UNIQUE_PATHS: 1
HIERARCHY_LEVEL: 1
BUNDLE: 0.998972 22 21 45 0.0415129 0.368852 1 0.997943
EQU CLASSES REF EQU CLASSES SIZE = 0


SEQUENCE: 649 2854 
INDEX: SIZE = 0
ID: 3750
SIGNATURE: 558271134
SIGNIFICANCE: 0.999386
LENGTH: 2
CAPACITY: 1
FLOW: 1
UNIQUE_PATHS: 1
HIERARCHY_LEVEL: 1
BUNDLE: 0.999386 14 13 22 0.733333 0.478261 0.999977 0.998795
EQU CLASSES REF EQU CLASSES SIZE = 0


SEQUENCE: 2213 733 
INDEX: SIZE = 0
ID: 3751
SIGNATURE: 551276497
SIGNIFICANCE: 0.998821
LENGTH: 2
CAPACITY: 1
FLOW: 1
UNIQUE_PATHS: 1
HIERARCHY_LEVEL: 1
BUNDLE: 0.998821 2 1 26 0.393939 0.138298 0.997642 1
EQU CLASSES REF EQU CLASSES SIZE = 0


SEQUENCE: 362 2572 2673 
INDEX: SIZE = 0
ID: 3752
SIGNATURE: 1059024945
SIGNIFICANCE: 0.99997
LENGTH: 3
CAPACITY: 1
FLOW: 1
UNIQUE_PATHS: 1
HIERARCHY_LEVEL: 1
BUNDLE: 0.99997 5 3 38 0.655172 0.457831 1 0.99994
EQU CLASSES REF EQU CLASSES SIZE = 0


SEQUENCE: 771 2645 1885 
INDEX: SIZE = 0
ID: 3753
SIGNATURE: 276887603
SIGNIFICANCE: 0.991273
LENGTH: 3
CAPACITY: 1
FLOW: 1
UNIQUE_PATHS: 1
HIERARCHY_LEVEL: 1
BUNDLE: 0.991273 26 24 10 0.909091 0.588235 0.999649 0.982897
EQU CLASSES REF EQU CLASSES SIZE = 0


SEQUENCE: 0 1023 2572 2673 
INDEX: SIZE = 0
ID: 3754
SIGNATURE: 174839392
SIGNIFICANCE: 0.999934
LENGTH: 5
CAPACITY: 3
FLOW: 0.666667
UNIQUE_PATHS: 2
HIERARCHY_LEVEL: 1
BUNDLE: 0.999935 5 2 12 0.923077 1 0.999985 0.999884
EQU CLASSES REF (174839392,0) 
EQU CLASSES SIZE = 1
LOCATE POINTER: 3755


SEQUENCE: 3711 0 
INDEX: SIZE = 0
ID: 3756
SIGNATURE: 4440393
SIGNIFICANCE: 0.999868
LENGTH: 2
CAPACITY: 4
FLOW: 1
UNIQUE_PATHS: 4
HIERARCHY_LEVEL: 1
BUNDLE: 0.999868 2 1 13 0.833333 0.220339 0.999736 1
EQU CLASSES REF (4440393,1) 
EQU CLASSES SIZE = 1
LOCATE POINTER: 3757


SEQUENCE: 771 2313 
INDEX: SIZE = 0
ID: 3758
SIGNATURE: 562692248
SIGNIFICANCE: 1
LENGTH: 2
CAPACITY: 1
FLOW: 1
UNIQUE_PATHS: 1
HIERARCHY_LEVEL: 1
BUNDLE: 1 2 1 35 0.9375 0.853659 1 1
EQU CLASSES REF EQU CLASSES SIZE = 0


SEQUENCE: 754 0 754 
INDEX: SIZE = 0
ID: 3759
SIGNATURE: -1485656348
SIGNIFICANCE: 0.997262
LENGTH: 3
CAPACITY: 2
FLOW: 1
UNIQUE_PATHS: 2
HIERARCHY_LEVEL: 1
BUNDLE: 0.997262 20 18 25 0.390625 0.846154 1 0.994524
EQU CLASSES REF (-1485656348,1) 
EQU CLASSES SIZE = 1
LOCATE POINTER: 3760


SEQUENCE: 771 2642 
INDEX: SIZE = 0
ID: 3761
SIGNATURE: 562692767
SIGNIFICANCE: 0.995737
LENGTH: 2
CAPACITY: 1
FLOW: 1
UNIQUE_PATHS: 1
HIERARCHY_LEVEL: 1
BUNDLE: 0.995737 2 1 36 0.692308 0.9 0.991474 1
EQU CLASSES REF EQU CLASSES SIZE = 0


SEQUENCE: 3717 3698 
INDEX: SIZE = 0
ID: 3762
SIGNATURE: -1519148969
SIGNIFICANCE: 0.99312
LENGTH: 4
CAPACITY: 2
FLOW: 0.5
UNIQUE_PATHS: 1
HIERARCHY_LEVEL: 2
BUNDLE: 0.993121 2 1 11 0.777778 0.0493274 0.986241 1
EQU CLASSES REF EQU CLASSES SIZE = 0


SEQUENCE: 3715 678 2062 
INDEX: SIZE = 0
ID: 3763
SIGNATURE: -1983105298
SIGNIFICANCE: 0.997987
LENGTH: 4
CAPACITY: 1
FLOW: 1
UNIQUE_PATHS: 1
HIERARCHY_LEVEL: 2
BUNDLE: 0.997987 4 2 9 0.75 1 0.996018 0.999955
EQU CLASSES REF EQU CLASSES SIZE = 0


SEQUENCE: 804 2463 3173 1228 
INDEX: SIZE = 0
ID: 3764
SIGNATURE: -1648177382
SIGNIFICANCE: 0.99994
LENGTH: 4
CAPACITY: 1
FLOW: 1
UNIQUE_PATHS: 1
HIERARCHY_LEVEL: 1
BUNDLE: 0.99994 4 1 14 0.933333 0.875 1 0.999881
EQU CLASSES REF EQU CLASSES SIZE = 0


SEQUENCE: 283 2243 
INDEX: SIZE = 0
ID: 3765
SIGNATURE: 553817127
SIGNIFICANCE: 0.9992
LENGTH: 2
CAPACITY: 1
FLOW: 1
UNIQUE_PATHS: 1
HIERARCHY_LEVEL: 1
BUNDLE: 0.9992 23 22 11 0.268293 1 1 0.9984
EQU CLASSES REF EQU CLASSES SIZE = 0


SEQUENCE: 1752 2823 
INDEX: SIZE = 0
ID: 3766
SIGNATURE: -1536336898
SIGNIFICANCE: 0.999509
LENGTH: 2
CAPACITY: 1
FLOW: 1
UNIQUE_PATHS: 1
HIERARCHY_LEVEL: 1
BUNDLE: 0.999509 26 25 19 0.826087 0.904762 0.999686 0.999332
EQU CLASSES REF EQU CLASSES SIZE = 0


SEQUENCE: 3537 607 
INDEX: SIZE = 0
ID: 3767
SIGNATURE: 554773322
SIGNIFICANCE: 0.994352
LENGTH: 2
CAPACITY: 1
FLOW: 1
UNIQUE_PATHS: 1
HIERARCHY_LEVEL: 1
BUNDLE: 0.994352 6 5 16 0.842105 0.727273 0.988742 0.999962
EQU CLASSES REF EQU CLASSES SIZE = 0


SEQUENCE: 0 3242 
INDEX: SIZE = 0
ID: 3768
SIGNATURE: 4364601
SIGNIFICANCE: 0.997202
LENGTH: 2
CAPACITY: 2
FLOW: 1
UNIQUE_PATHS: 2
HIERARCHY_LEVEL: 1
BUNDLE: 0.997202 22 21 21 0.0747331 0.566667 1 0.994404
EQU CLASSES REF (4364601,0) 
EQU CLASSES SIZE = 1
LOCATE POINTER: 3769


SEQUENCE: 804 0 
INDEX: SIZE = 0
ID: 3770
SIGNATURE: 900243
SIGNIFICANCE: 1
LENGTH: 2
CAPACITY: 3
FLOW: 1
UNIQUE_PATHS: 3
HIERARCHY_LEVEL: 1
BUNDLE: 1 6 5 122 0.375385 0.292566 1 1
EQU CLASSES REF (900243,1) 
EQU CLASSES SIZE = 1
LOCATE POINTER: 3771


SEQUENCE: 754 1199 0 
INDEX: SIZE = 0
ID: 3772
SIGNATURE: 1161682955
SIGNIFICANCE: 0.993334
LENGTH: 3
CAPACITY: 2
FLOW: 1
UNIQUE_PATHS: 2
HIERARCHY_LEVEL: 1
BUNDLE: 0.993334 23 21 22 0.88 0.695652 1 0.986667
EQU CLASSES REF (1161682955,2) 
EQU CLASSES SIZE = 1
LOCATE POINTER: 3773


SEQUENCE: 490 1957 
INDEX: SIZE = 0
ID: 3774
SIGNATURE: 557114266
SIGNIFICANCE: 0.99541
LENGTH: 2
CAPACITY: 1
FLOW: 1
UNIQUE_PATHS: 1
HIERARCHY_LEVEL: 1
BUNDLE: 0.99541 25 24 15 0.6 0.6 0.99839 0.99243
EQU CLASSES REF EQU CLASSES SIZE = 0


SEQUENCE: 362 2293 2673 
INDEX: SIZE = 0
ID: 3775
SIGNATURE: 1053634320
SIGNIFICANCE: 0.999394
LENGTH: 3
CAPACITY: 1
FLOW: 1
UNIQUE_PATHS: 1
HIERARCHY_LEVEL: 1
BUNDLE: 0.999394 4 2 11 1 0.733333 1 0.998789
EQU CLASSES REF EQU CLASSES SIZE = 0


SEQUENCE: 671 924 3698 
INDEX: SIZE = 0
ID: 3776
SIGNATURE: -662246145
SIGNIFICANCE: 0.999748
LENGTH: 4
CAPACITY: 2
FLOW: 1
UNIQUE_PATHS: 2
HIERARCHY_LEVEL: 2
BUNDLE: 0.999747 4 2 22 0.785714 0.578947 1 0.999495
EQU CLASSES REF EQU CLASSES SIZE = 0


SEQUENCE: 235 3756 771 
INDEX: SIZE = 0
ID: 3777
SIGNATURE: 392837805
SIGNIFICANCE: 0.998079
LENGTH: 4
CAPACITY: 4
FLOW: 0.75
UNIQUE_PATHS: 3
HIERARCHY_LEVEL: 2
BUNDLE: 0.998079 12 10 8 0.8 1 0.996166 0.999993
EQU CLASSES REF EQU CLASSES SIZE = 0


SEQUENCE: 2572 2673 
INDEX: SIZE = 0
ID: 3778
SIGNATURE: -1528821293
SIGNIFICANCE: 0.999906
LENGTH: 2
CAPACITY: 1
FLOW: 1
UNIQUE_PATHS: 1
HIERARCHY_LEVEL: 1
BUNDLE: 0.999906 2 1 33 0.423077 0.0384168 0.999813 1
EQU CLASSES REF EQU CLASSES SIZE = 0


SEQUENCE: 362 3200 2673 
INDEX: SIZE = 0
ID: 3779
SIGNATURE: 1057884320
SIGNIFICANCE: 0.998226
LENGTH: 3
CAPACITY: 1
FLOW: 1
UNIQUE_PATHS: 1
HIERARCHY_LEVEL: 1
BUNDLE: 0.998226 7 5 10 1 0.714286 0.999993 0.996459
EQU CLASSES REF EQU CLASSES SIZE = 0


SEQUENCE: 691 2463 
INDEX: SIZE = 0
ID: 3780
SIGNATURE: 560254892
SIGNIFICANCE: 0.999996
LENGTH: 2
CAPACITY: 1
FLOW: 1
UNIQUE_PATHS: 1
HIERARCHY_LEVEL: 1
BUNDLE: 0.999996 10 9 55 0.705128 0.478261 1 0.999992
EQU CLASSES REF EQU CLASSES SIZE = 0


SEQUENCE: 2059 725 
INDEX: SIZE = 0
ID: 3781
SIGNATURE: 551220224
SIGNIFICANCE: 0.996638
LENGTH: 2
CAPACITY: 1
FLOW: 1
UNIQUE_PATHS: 1
HIERARCHY_LEVEL: 1
BUNDLE: 0.996638 16 15 27 1 0.771429 0.99328 0.999995
EQU CLASSES REF EQU CLASSES SIZE = 0


SEQUENCE: 3708 508 964 
INDEX: SIZE = 0
ID: 3782
SIGNATURE: -563307656
SIGNIFICANCE: 0.99241
LENGTH: 5
CAPACITY: 1
FLOW: 1
UNIQUE_PATHS: 1
HIERARCHY_LEVEL: 2
BUNDLE: 0.99241 5 3 6 1 0.857143 0.9984 0.98642
EQU CLASSES REF EQU CLASSES SIZE = 0


SEQUENCE: 1777 3731 
INDEX: SIZE = 0
ID: 3783
SIGNATURE: -1534773996
SIGNIFICANCE: 0.996244
LENGTH: 5
CAPACITY: 2
FLOW: 1
UNIQUE_PATHS: 2
HIERARCHY_LEVEL: 2
BUNDLE: 0.996244 6 5 11 0.916667 1 0.992488 0.999999
EQU CLASSES REF EQU CLASSES SIZE = 0


SEQUENCE: 774 1200 0 
INDEX: SIZE = 0
ID: 3784
SIGNATURE: 1189413730
SIGNIFICANCE: 0.995614
LENGTH: 3
CAPACITY: 2
FLOW: 1
UNIQUE_PATHS: 2
HIERARCHY_LEVEL: 1
BUNDLE: 0.995614 7 5 9 0.818182 1 0.991273 0.999955
EQU CLASSES REF (1189413730,2) 
EQU CLASSES SIZE = 1
LOCATE POINTER: 3785


SEQUENCE: 3780 174 761 
INDEX: SIZE = 0
ID: 3786
SIGNATURE: 1700992131
SIGNIFICANCE: 0.99995
LENGTH: 4
CAPACITY: 1
FLOW: 1
UNIQUE_PATHS: 1
HIERARCHY_LEVEL: 2
BUNDLE: 0.999949 10 8 16 1 0.761905 1 0.999899
EQU CLASSES REF EQU CLASSES SIZE = 0


SEQUENCE: 2380 292 
INDEX: SIZE = 0
ID: 3787
SIGNATURE: 552691712
SIGNIFICANCE: 0.999997
LENGTH: 2
CAPACITY: 1
FLOW: 1
UNIQUE_PATHS: 1
HIERARCHY_LEVEL: 1
BUNDLE: 0.999998 2 1 31 0.596154 0.171271 0.999995 1
EQU CLASSES REF EQU CLASSES SIZE = 0


SEQUENCE: 362 0 1885 
INDEX: SIZE = 0
ID: 3788
SIGNATURE: 1018681252
SIGNIFICANCE: 0.993613
LENGTH: 3
CAPACITY: 2
FLOW: 1
UNIQUE_PATHS: 2
HIERARCHY_LEVEL: 1
BUNDLE: 0.993613 5 3 18 0.666667 0.580645 0.998024 0.989203
EQU CLASSES REF (1018681252,1) 
EQU CLASSES SIZE = 1
LOCATE POINTER: 3789


SEQUENCE: 3503 0 
INDEX: SIZE = 0
ID: 3790
SIGNATURE: 4434943
SIGNIFICANCE: 0.990968
LENGTH: 2
CAPACITY: 2
FLOW: 1
UNIQUE_PATHS: 2
HIERARCHY_LEVEL: 1
BUNDLE: 0.990968 2 1 22 0.727273 1 0.988655 0.99328
EQU CLASSES REF (4434943,1) 
EQU CLASSES SIZE = 1
LOCATE POINTER: 3791


SEQUENCE: 527 1543 0 
INDEX: SIZE = 0
ID: 3792
SIGNATURE: 1051928205
SIGNIFICANCE: 0.999978
LENGTH: 3
CAPACITY: 2
FLOW: 1
UNIQUE_PATHS: 2
HIERARCHY_LEVEL: 1
BUNDLE: 0.999978 23 21 11 0.55 1 1 0.999955
EQU CLASSES REF (1051928205,2) 
EQU CLASSES SIZE = 1
LOCATE POINTER: 3793


SEQUENCE: 1733 1241 
INDEX: SIZE = 0
ID: 3794
SIGNATURE: -1537338286
SIGNIFICANCE: 0.995781
LENGTH: 2
CAPACITY: 1
FLOW: 1
UNIQUE_PATHS: 1
HIERARCHY_LEVEL: 1
BUNDLE: 0.995781 6 5 29 0.783784 0.302083 1 0.991561
EQU CLASSES REF EQU CLASSES SIZE = 0


SEQUENCE: 1771 2744 0 
INDEX: SIZE = 0
ID: 3795
SIGNATURE: 271279732
SIGNIFICANCE: 0.993264
LENGTH: 3
CAPACITY: 3
FLOW: 1
UNIQUE_PATHS: 3
HIERARCHY_LEVEL: 1
BUNDLE: 0.993264 3 1 9 0.9 0.6 0.986528 1
EQU CLASSES REF (271279732,2) 
EQU CLASSES SIZE = 1
LOCATE POINTER: 3796


SEQUENCE: 754 3760 
INDEX: SIZE = 0
ID: 3797
SIGNATURE: 561865274
SIGNIFICANCE: 0.999973
LENGTH: 2
CAPACITY: 2
FLOW: 1
UNIQUE_PATHS: 2
HIERARCHY_LEVEL: 1
BUNDLE: 0.999973 10 9 39 1 1 1 0.999946
EQU CLASSES REF EQU CLASSES SIZE = 0


SEQUENCE: 280 2888 3670 
INDEX: SIZE = 0
ID: 3798
SIGNATURE: -1050081304
SIGNIFICANCE: 0.99611
LENGTH: 3
CAPACITY: 1
FLOW: 1
UNIQUE_PATHS: 1
HIERARCHY_LEVEL: 1
BUNDLE: 0.99611 5 3 11 1 0.733333 0.999968 0.992252
EQU CLASSES REF EQU CLASSES SIZE = 0


SEQUENCE: 647 2854 
INDEX: SIZE = 0
ID: 3799
SIGNATURE: 558083634
SIGNIFICANCE: 0.992633
LENGTH: 2
CAPACITY: 1
FLOW: 1
UNIQUE_PATHS: 1
HIERARCHY_LEVEL: 1
BUNDLE: 0.992633 14 13 18 0.486486 0.75 0.985298 0.999967
EQU CLASSES REF EQU CLASSES SIZE = 0


SEQUENCE: 1661 3272 754 723 
INDEX: SIZE = 0
ID: 3800
SIGNATURE: -503198344
SIGNIFICANCE: 0.99241
LENGTH: 4
CAPACITY: 1
FLOW: 1
UNIQUE_PATHS: 1
HIERARCHY_LEVEL: 1
BUNDLE: 0.99241 17 14 6 1 0.857143 0.9984 0.98642
EQU CLASSES REF EQU CLASSES SIZE = 0


SEQUENCE: 771 0 3797 
INDEX: SIZE = 0
ID: 3801
SIGNATURE: 1182354158
SIGNIFICANCE: 0.992141
LENGTH: 4
CAPACITY: 4
FLOW: 0.5
UNIQUE_PATHS: 2
HIERARCHY_LEVEL: 2
BUNDLE: 0.992141 3 1 11 0.6875 0.785714 0.984282 1
EQU CLASSES REF (1182354158,1) 
EQU CLASSES SIZE = 1
LOCATE POINTER: 3802


SEQUENCE: 494 2291 2140 
INDEX: SIZE = 0
ID: 3803
SIGNATURE: 574703352
SIGNIFICANCE: 1
LENGTH: 3
CAPACITY: 1
FLOW: 1
UNIQUE_PATHS: 1
HIERARCHY_LEVEL: 1
BUNDLE: 1 34 32 11 1 1 1 1
EQU CLASSES REF EQU CLASSES SIZE = 0


SEQUENCE: 2840 2673 
INDEX: SIZE = 0
ID: 3804
SIGNATURE: -1524086918
SIGNIFICANCE: 0.998057
LENGTH: 2
CAPACITY: 1
FLOW: 1
UNIQUE_PATHS: 1
HIERARCHY_LEVEL: 1
BUNDLE: 0.998057 2 1 42 0.25 0.0514706 0.996113 1
EQU CLASSES REF EQU CLASSES SIZE = 0


SEQUENCE: 771 882 
INDEX: SIZE = 0
ID: 3805
SIGNATURE: 112539392
SIGNIFICANCE: 0.994328
LENGTH: 2
CAPACITY: 1
FLOW: 1
UNIQUE_PATHS: 1
HIERARCHY_LEVEL: 1
BUNDLE: 0.994328 9 8 65 0.727273 0.802469 0.988655 1
EQU CLASSES REF EQU CLASSES SIZE = 0
