Offset: 0
Patterns start at ID:0
Serialization report: Mon Sep 23 23:45:10 2013

Serialize graph
Serialize patterns
DUMPING 2 EQU CALSSES
EQU CLASSES ID: 3488
PATTERN ID: 3487
EQU CLASSES UNIQUE_PATHS: 
EQU CLASSES FLOW: 
EQU CLASSES CONTENT: (2782,19) (2399,5) 
END
EQU CLASSES ID: 3490
PATTERN ID: 3489
EQU CLASSES UNIQUE_PATHS: 
EQU CLASSES FLOW: 
EQU CLASSES CONTENT: (2769,11) (2066,3) 
END
DUMPING 2 PATTERNS
SEQUENCE: 746 0 2152 
INDEX: 
ID 3487
SIGNATURE 1152665299
SIGNIFICANCE 0.999686
LENGTH 3
BUNDLE: 0.999686 10 8 11 1 1 0.999968 0.999405
EQU CLASSES REF(1152665299,1) 
EQU CLASSES 3488 SEQUENCE: 0 714 2169 2415 
INDEX: 
ID 3489
SIGNATURE 1950590703
SIGNIFICANCE 0.99152
LENGTH 4
BUNDLE: 0.99152 4 1 6 1 0.6 0.98304 1
EQU CLASSES REF(1950590703,0) 
EQU CLASSES 3490 