Start new search-path : Mon Sep 23 23:44:53 2013

Start new search-path : Mon Sep 23 23:44:54 2013

Start new search-path : Mon Sep 23 23:44:54 2013

Start new search-path : Mon Sep 23 23:44:54 2013

Start new search-path : Mon Sep 23 23:44:54 2013

Start new search-path : Mon Sep 23 23:44:54 2013

Start new search-path : Mon Sep 23 23:44:54 2013

Start new search-path : Mon Sep 23 23:44:54 2013

Start new search-path : Mon Sep 23 23:44:54 2013

Start new search-path : Mon Sep 23 23:44:55 2013

Start new search-path : Mon Sep 23 23:44:55 2013

Start new search-path : Mon Sep 23 23:44:55 2013

Start new search-path : Mon Sep 23 23:44:56 2013

Start new search-path : Mon Sep 23 23:44:56 2013

Start new search-path : Mon Sep 23 23:44:56 2013

Start new search-path : Mon Sep 23 23:44:57 2013

Start new search-path : Mon Sep 23 23:44:57 2013

Start new search-path : Mon Sep 23 23:44:57 2013

Start new search-path : Mon Sep 23 23:44:57 2013

Start new search-path : Mon Sep 23 23:44:57 2013

Start new search-path : Mon Sep 23 23:44:57 2013

Start new search-path : Mon Sep 23 23:44:57 2013

Start new search-path : Mon Sep 23 23:44:57 2013

Start new search-path : Mon Sep 23 23:44:58 2013

Start new search-path : Mon Sep 23 23:44:58 2013

Start new search-path : Mon Sep 23 23:44:58 2013

Start new search-path : Mon Sep 23 23:44:58 2013

Start new search-path : Mon Sep 23 23:44:58 2013

Start new search-path : Mon Sep 23 23:44:58 2013

Start new search-path : Mon Sep 23 23:44:58 2013

Start new search-path : Mon Sep 23 23:44:58 2013

Start new search-path : Mon Sep 23 23:44:58 2013

Start new search-path : Mon Sep 23 23:44:58 2013

Start new search-path : Mon Sep 23 23:44:58 2013

Start new search-path : Mon Sep 23 23:44:58 2013

Start new search-path : Mon Sep 23 23:44:58 2013

Start new search-path : Mon Sep 23 23:44:59 2013

Start new search-path : Mon Sep 23 23:44:59 2013

Start new search-path : Mon Sep 23 23:44:59 2013

Start new search-path : Mon Sep 23 23:44:59 2013

Start new search-path : Mon Sep 23 23:44:59 2013

Start new search-path : Mon Sep 23 23:44:59 2013

Start new search-path : Mon Sep 23 23:44:59 2013

Start new search-path : Mon Sep 23 23:44:59 2013

Start new search-path : Mon Sep 23 23:44:59 2013

Start new search-path : Mon Sep 23 23:44:59 2013

Start new search-path : Mon Sep 23 23:44:59 2013

Start new search-path : Mon Sep 23 23:44:59 2013

Start new search-path : Mon Sep 23 23:44:59 2013

Start new search-path : Mon Sep 23 23:44:59 2013

Start new search-path : Mon Sep 23 23:44:59 2013

Start new search-path : Mon Sep 23 23:44:59 2013

Start new search-path : Mon Sep 23 23:44:59 2013

Start new search-path : Mon Sep 23 23:44:59 2013

Start new search-path : Mon Sep 23 23:44:59 2013

Start new search-path : Mon Sep 23 23:44:59 2013

Start new search-path : Mon Sep 23 23:44:59 2013

Start new search-path : Mon Sep 23 23:44:59 2013

Start new search-path : Mon Sep 23 23:44:59 2013

Start new search-path : Mon Sep 23 23:44:59 2013

Start new search-path : Mon Sep 23 23:44:59 2013

Start new search-path : Mon Sep 23 23:44:59 2013

Start new search-path : Mon Sep 23 23:44:59 2013

Start new search-path : Mon Sep 23 23:44:59 2013

Start new search-path : Mon Sep 23 23:44:59 2013

Start new search-path : Mon Sep 23 23:44:59 2013

1152665299 1
List of patterns: 
1.00546	(के,E0,भागों)
NEW	P3487	(के,E0,भागों)	0.00031369925	1	3	11
E0	{विभिन्न,मुलायम}
Start new search-path : Mon Sep 23 23:44:59 2013

Start new search-path : Mon Sep 23 23:44:59 2013

Start new search-path : Mon Sep 23 23:44:59 2013

Start new search-path : Mon Sep 23 23:44:59 2013

Start new search-path : Mon Sep 23 23:45:00 2013

Start new search-path : Mon Sep 23 23:45:00 2013

Start new search-path : Mon Sep 23 23:45:00 2013

Start new search-path : Mon Sep 23 23:45:00 2013

Start new search-path : Mon Sep 23 23:45:00 2013

Start new search-path : Mon Sep 23 23:45:00 2013

Start new search-path : Mon Sep 23 23:45:00 2013

Start new search-path : Mon Sep 23 23:45:00 2013

Start new search-path : Mon Sep 23 23:45:00 2013

Start new search-path : Mon Sep 23 23:45:00 2013

Start new search-path : Mon Sep 23 23:45:00 2013

Start new search-path : Mon Sep 23 23:45:00 2013

Start new search-path : Mon Sep 23 23:45:00 2013

Start new search-path : Mon Sep 23 23:45:00 2013

Start new search-path : Mon Sep 23 23:45:00 2013

Start new search-path : Mon Sep 23 23:45:00 2013

Start new search-path : Mon Sep 23 23:45:00 2013

Start new search-path : Mon Sep 23 23:45:00 2013

Start new search-path : Mon Sep 23 23:45:00 2013

Start new search-path : Mon Sep 23 23:45:00 2013

Start new search-path : Mon Sep 23 23:45:00 2013

Start new search-path : Mon Sep 23 23:45:00 2013

Start new search-path : Mon Sep 23 23:45:00 2013

Start new search-path : Mon Sep 23 23:45:00 2013

Start new search-path : Mon Sep 23 23:45:00 2013

Start new search-path : Mon Sep 23 23:45:00 2013

Start new search-path : Mon Sep 23 23:45:00 2013

Start new search-path : Mon Sep 23 23:45:00 2013

Start new search-path : Mon Sep 23 23:45:00 2013

Start new search-path : Mon Sep 23 23:45:00 2013

Start new search-path : Mon Sep 23 23:45:00 2013

Start new search-path : Mon Sep 23 23:45:00 2013

Start new search-path : Mon Sep 23 23:45:00 2013

Start new search-path : Mon Sep 23 23:45:00 2013

Start new search-path : Mon Sep 23 23:45:00 2013

Start new search-path : Mon Sep 23 23:45:00 2013

Start new search-path : Mon Sep 23 23:45:00 2013

Start new search-path : Mon Sep 23 23:45:00 2013

Start new search-path : Mon Sep 23 23:45:00 2013

Start new search-path : Mon Sep 23 23:45:00 2013

Start new search-path : Mon Sep 23 23:45:00 2013

Start new search-path : Mon Sep 23 23:45:00 2013

Start new search-path : Mon Sep 23 23:45:00 2013

Start new search-path : Mon Sep 23 23:45:01 2013

Start new search-path : Mon Sep 23 23:45:01 2013

Start new search-path : Mon Sep 23 23:45:01 2013

Start new search-path : Mon Sep 23 23:45:01 2013

Start new search-path : Mon Sep 23 23:45:01 2013

Start new search-path : Mon Sep 23 23:45:01 2013

Start new search-path : Mon Sep 23 23:45:01 2013

Start new search-path : Mon Sep 23 23:45:01 2013

Start new search-path : Mon Sep 23 23:45:01 2013

Start new search-path : Mon Sep 23 23:45:01 2013

Start new search-path : Mon Sep 23 23:45:01 2013

1950590703 0
List of patterns: 
0.997296	(E0,की,भाषा,में)
NEW	P3489	(E0,की,भाषा,में)	0.0084800124	1	4	6
E0	{विज्ञान,बोल-चाल}
Start new search-path : Mon Sep 23 23:45:01 2013

Start new search-path : Mon Sep 23 23:45:01 2013

Start new search-path : Mon Sep 23 23:45:01 2013

Start new search-path : Mon Sep 23 23:45:01 2013

Start new search-path : Mon Sep 23 23:45:01 2013

Start new search-path : Mon Sep 23 23:45:01 2013

Start new search-path : Mon Sep 23 23:45:01 2013

Start new search-path : Mon Sep 23 23:45:01 2013

Start new search-path : Mon Sep 23 23:45:01 2013

Start new search-path : Mon Sep 23 23:45:01 2013

Start new search-path : Mon Sep 23 23:45:01 2013

Start new search-path : Mon Sep 23 23:45:01 2013

Start new search-path : Mon Sep 23 23:45:01 2013

Start new search-path : Mon Sep 23 23:45:01 2013

Start new search-path : Mon Sep 23 23:45:01 2013

Start new search-path : Mon Sep 23 23:45:01 2013

Start new search-path : Mon Sep 23 23:45:01 2013

Start new search-path : Mon Sep 23 23:45:01 2013

Start new search-path : Mon Sep 23 23:45:01 2013

Start new search-path : Mon Sep 23 23:45:01 2013

Start new search-path : Mon Sep 23 23:45:01 2013

Start new search-path : Mon Sep 23 23:45:01 2013

Start new search-path : Mon Sep 23 23:45:01 2013

Start new search-path : Mon Sep 23 23:45:01 2013

Start new search-path : Mon Sep 23 23:45:01 2013

Start new search-path : Mon Sep 23 23:45:01 2013

Start new search-path : Mon Sep 23 23:45:01 2013

Start new search-path : Mon Sep 23 23:45:01 2013

Start new search-path : Mon Sep 23 23:45:01 2013

Start new search-path : Mon Sep 23 23:45:01 2013

Start new search-path : Mon Sep 23 23:45:01 2013

Start new search-path : Mon Sep 23 23:45:01 2013

Start new search-path : Mon Sep 23 23:45:01 2013

Start new search-path : Mon Sep 23 23:45:01 2013

Start new search-path : Mon Sep 23 23:45:01 2013

Start new search-path : Mon Sep 23 23:45:01 2013

Start new search-path : Mon Sep 23 23:45:01 2013

Start new search-path : Mon Sep 23 23:45:01 2013

Start new search-path : Mon Sep 23 23:45:01 2013

Start new search-path : Mon Sep 23 23:45:01 2013

Start new search-path : Mon Sep 23 23:45:01 2013

Start new search-path : Mon Sep 23 23:45:01 2013

Start new search-path : Mon Sep 23 23:45:01 2013

Start new search-path : Mon Sep 23 23:45:01 2013

Start new search-path : Mon Sep 23 23:45:01 2013

Start new search-path : Mon Sep 23 23:45:01 2013

Start new search-path : Mon Sep 23 23:45:01 2013

Start new search-path : Mon Sep 23 23:45:01 2013

Start new search-path : Mon Sep 23 23:45:01 2013

Start new search-path : Mon Sep 23 23:45:01 2013

Start new search-path : Mon Sep 23 23:45:01 2013

Start new search-path : Mon Sep 23 23:45:01 2013

Start new search-path : Mon Sep 23 23:45:01 2013

Start new search-path : Mon Sep 23 23:45:01 2013

Start new search-path : Mon Sep 23 23:45:01 2013

Start new search-path : Mon Sep 23 23:45:01 2013

Start new search-path : Mon Sep 23 23:45:01 2013

Start new search-path : Mon Sep 23 23:45:01 2013

Start new search-path : Mon Sep 23 23:45:01 2013

Start new search-path : Mon Sep 23 23:45:01 2013

Start new search-path : Mon Sep 23 23:45:01 2013

Start new search-path : Mon Sep 23 23:45:01 2013

Start new search-path : Mon Sep 23 23:45:02 2013

Start new search-path : Mon Sep 23 23:45:02 2013

Start new search-path : Mon Sep 23 23:45:02 2013

Start new search-path : Mon Sep 23 23:45:02 2013

Start new search-path : Mon Sep 23 23:45:02 2013

Start new search-path : Mon Sep 23 23:45:02 2013

Start new search-path : Mon Sep 23 23:45:02 2013

Start new search-path : Mon Sep 23 23:45:02 2013

Start new search-path : Mon Sep 23 23:45:02 2013

Start new search-path : Mon Sep 23 23:45:02 2013

Start new search-path : Mon Sep 23 23:45:02 2013

Start new search-path : Mon Sep 23 23:45:02 2013

Start new search-path : Mon Sep 23 23:45:02 2013

Start new search-path : Mon Sep 23 23:45:02 2013

Start new search-path : Mon Sep 23 23:45:02 2013

Start new search-path : Mon Sep 23 23:45:02 2013

Start new search-path : Mon Sep 23 23:45:02 2013

Start new search-path : Mon Sep 23 23:45:02 2013

Start new search-path : Mon Sep 23 23:45:02 2013

Start new search-path : Mon Sep 23 23:45:02 2013

Start new search-path : Mon Sep 23 23:45:02 2013

Start new search-path : Mon Sep 23 23:45:02 2013

Start new search-path : Mon Sep 23 23:45:02 2013

Start new search-path : Mon Sep 23 23:45:02 2013

Start new search-path : Mon Sep 23 23:45:02 2013

Start new search-path : Mon Sep 23 23:45:02 2013

Start new search-path : Mon Sep 23 23:45:02 2013

Start new search-path : Mon Sep 23 23:45:02 2013

Start new search-path : Mon Sep 23 23:45:02 2013

Start new search-path : Mon Sep 23 23:45:02 2013

Start new search-path : Mon Sep 23 23:45:02 2013

Start new search-path : Mon Sep 23 23:45:02 2013

Start new search-path : Mon Sep 23 23:45:02 2013

Start new search-path : Mon Sep 23 23:45:02 2013

Start new search-path : Mon Sep 23 23:45:02 2013

Start new search-path : Mon Sep 23 23:45:02 2013

Start new search-path : Mon Sep 23 23:45:02 2013

Start new search-path : Mon Sep 23 23:45:02 2013

Start new search-path : Mon Sep 23 23:45:02 2013

Start new search-path : Mon Sep 23 23:45:02 2013

Start new search-path : Mon Sep 23 23:45:02 2013

Start new search-path : Mon Sep 23 23:45:02 2013

Start new search-path : Mon Sep 23 23:45:02 2013

Start new search-path : Mon Sep 23 23:45:02 2013

Start new search-path : Mon Sep 23 23:45:02 2013

Start new search-path : Mon Sep 23 23:45:02 2013

Start new search-path : Mon Sep 23 23:45:02 2013

Start new search-path : Mon Sep 23 23:45:02 2013

Start new search-path : Mon Sep 23 23:45:02 2013

Start new search-path : Mon Sep 23 23:45:02 2013

Start new search-path : Mon Sep 23 23:45:02 2013

Start new search-path : Mon Sep 23 23:45:02 2013

Start new search-path : Mon Sep 23 23:45:02 2013

Start new search-path : Mon Sep 23 23:45:02 2013

Start new search-path : Mon Sep 23 23:45:02 2013

Start new search-path : Mon Sep 23 23:45:02 2013

Start new search-path : Mon Sep 23 23:45:02 2013

Start new search-path : Mon Sep 23 23:45:02 2013

Start new search-path : Mon Sep 23 23:45:02 2013

Start new search-path : Mon Sep 23 23:45:02 2013

Start new search-path : Mon Sep 23 23:45:02 2013

Start new search-path : Mon Sep 23 23:45:02 2013

Start new search-path : Mon Sep 23 23:45:02 2013

Start new search-path : Mon Sep 23 23:45:02 2013

Start new search-path : Mon Sep 23 23:45:02 2013

Start new search-path : Mon Sep 23 23:45:02 2013

Start new search-path : Mon Sep 23 23:45:03 2013

Start new search-path : Mon Sep 23 23:45:03 2013

Start new search-path : Mon Sep 23 23:45:03 2013

Start new search-path : Mon Sep 23 23:45:03 2013

Start new search-path : Mon Sep 23 23:45:03 2013

Start new search-path : Mon Sep 23 23:45:03 2013

Start new search-path : Mon Sep 23 23:45:03 2013

Start new search-path : Mon Sep 23 23:45:03 2013

Start new search-path : Mon Sep 23 23:45:03 2013

Start new search-path : Mon Sep 23 23:45:03 2013

Start new search-path : Mon Sep 23 23:45:03 2013

Start new search-path : Mon Sep 23 23:45:03 2013

Start new search-path : Mon Sep 23 23:45:03 2013

Start new search-path : Mon Sep 23 23:45:03 2013

Start new search-path : Mon Sep 23 23:45:03 2013

Start new search-path : Mon Sep 23 23:45:03 2013

Start new search-path : Mon Sep 23 23:45:03 2013

Start new search-path : Mon Sep 23 23:45:03 2013

Start new search-path : Mon Sep 23 23:45:03 2013

Start new search-path : Mon Sep 23 23:45:03 2013

Start new search-path : Mon Sep 23 23:45:03 2013

Start new search-path : Mon Sep 23 23:45:03 2013

Start new search-path : Mon Sep 23 23:45:03 2013

Start new search-path : Mon Sep 23 23:45:04 2013

Start new search-path : Mon Sep 23 23:45:04 2013

Start new search-path : Mon Sep 23 23:45:04 2013

Start new search-path : Mon Sep 23 23:45:04 2013

Start new search-path : Mon Sep 23 23:45:04 2013

Start new search-path : Mon Sep 23 23:45:04 2013

Start new search-path : Mon Sep 23 23:45:04 2013

Start new search-path : Mon Sep 23 23:45:04 2013

Start new search-path : Mon Sep 23 23:45:04 2013

Start new search-path : Mon Sep 23 23:45:04 2013

Start new search-path : Mon Sep 23 23:45:04 2013

Start new search-path : Mon Sep 23 23:45:04 2013

Start new search-path : Mon Sep 23 23:45:04 2013

Start new search-path : Mon Sep 23 23:45:04 2013

Start new search-path : Mon Sep 23 23:45:04 2013

Start new search-path : Mon Sep 23 23:45:04 2013

Start new search-path : Mon Sep 23 23:45:04 2013

Start new search-path : Mon Sep 23 23:45:04 2013

Start new search-path : Mon Sep 23 23:45:04 2013

Start new search-path : Mon Sep 23 23:45:04 2013

Start new search-path : Mon Sep 23 23:45:04 2013

Start new search-path : Mon Sep 23 23:45:04 2013

Start new search-path : Mon Sep 23 23:45:04 2013

Start new search-path : Mon Sep 23 23:45:04 2013

Start new search-path : Mon Sep 23 23:45:04 2013

Start new search-path : Mon Sep 23 23:45:04 2013

Start new search-path : Mon Sep 23 23:45:04 2013

Start new search-path : Mon Sep 23 23:45:04 2013

Start new search-path : Mon Sep 23 23:45:04 2013

Start new search-path : Mon Sep 23 23:45:04 2013

Start new search-path : Mon Sep 23 23:45:04 2013

Start new search-path : Mon Sep 23 23:45:04 2013

Start new search-path : Mon Sep 23 23:45:04 2013

Start new search-path : Mon Sep 23 23:45:04 2013

Start new search-path : Mon Sep 23 23:45:04 2013

Start new search-path : Mon Sep 23 23:45:04 2013

Start new search-path : Mon Sep 23 23:45:04 2013

Start new search-path : Mon Sep 23 23:45:04 2013

Start new search-path : Mon Sep 23 23:45:04 2013

Start new search-path : Mon Sep 23 23:45:04 2013

Start new search-path : Mon Sep 23 23:45:04 2013

Start new search-path : Mon Sep 23 23:45:04 2013

Start new search-path : Mon Sep 23 23:45:04 2013

Start new search-path : Mon Sep 23 23:45:04 2013

Start new search-path : Mon Sep 23 23:45:04 2013

Start new search-path : Mon Sep 23 23:45:04 2013

Start new search-path : Mon Sep 23 23:45:04 2013

Start new search-path : Mon Sep 23 23:45:05 2013

Start new search-path : Mon Sep 23 23:45:05 2013

Start new search-path : Mon Sep 23 23:45:05 2013

Start new search-path : Mon Sep 23 23:45:05 2013

Start new search-path : Mon Sep 23 23:45:05 2013

Start new search-path : Mon Sep 23 23:45:05 2013

Start new search-path : Mon Sep 23 23:45:05 2013

Start new search-path : Mon Sep 23 23:45:05 2013

Start new search-path : Mon Sep 23 23:45:05 2013

Start new search-path : Mon Sep 23 23:45:05 2013

Start new search-path : Mon Sep 23 23:45:05 2013

Start new search-path : Mon Sep 23 23:45:05 2013

Start new search-path : Mon Sep 23 23:45:05 2013

Start new search-path : Mon Sep 23 23:45:05 2013

Start new search-path : Mon Sep 23 23:45:05 2013

Start new search-path : Mon Sep 23 23:45:05 2013

Start new search-path : Mon Sep 23 23:45:05 2013

Start new search-path : Mon Sep 23 23:45:05 2013

Start new search-path : Mon Sep 23 23:45:05 2013

Start new search-path : Mon Sep 23 23:45:05 2013

Start new search-path : Mon Sep 23 23:45:05 2013

Start new search-path : Mon Sep 23 23:45:05 2013

Start new search-path : Mon Sep 23 23:45:05 2013

Start new search-path : Mon Sep 23 23:45:05 2013

Start new search-path : Mon Sep 23 23:45:05 2013

Start new search-path : Mon Sep 23 23:45:05 2013

Start new search-path : Mon Sep 23 23:45:05 2013

Start new search-path : Mon Sep 23 23:45:05 2013

Start new search-path : Mon Sep 23 23:45:05 2013

Start new search-path : Mon Sep 23 23:45:05 2013

Start new search-path : Mon Sep 23 23:45:05 2013

Start new search-path : Mon Sep 23 23:45:05 2013

Start new search-path : Mon Sep 23 23:45:05 2013

Start new search-path : Mon Sep 23 23:45:05 2013

Start new search-path : Mon Sep 23 23:45:05 2013

Start new search-path : Mon Sep 23 23:45:05 2013

Start new search-path : Mon Sep 23 23:45:05 2013

Start new search-path : Mon Sep 23 23:45:05 2013

Start new search-path : Mon Sep 23 23:45:05 2013

Start new search-path : Mon Sep 23 23:45:05 2013

Start new search-path : Mon Sep 23 23:45:05 2013

Start new search-path : Mon Sep 23 23:45:05 2013

Start new search-path : Mon Sep 23 23:45:06 2013

Start new search-path : Mon Sep 23 23:45:06 2013

Start new search-path : Mon Sep 23 23:45:06 2013

Start new search-path : Mon Sep 23 23:45:06 2013

Start new search-path : Mon Sep 23 23:45:06 2013

Start new search-path : Mon Sep 23 23:45:06 2013

Start new search-path : Mon Sep 23 23:45:06 2013

Start new search-path : Mon Sep 23 23:45:06 2013

Start new search-path : Mon Sep 23 23:45:06 2013

Start new search-path : Mon Sep 23 23:45:06 2013

Start new search-path : Mon Sep 23 23:45:06 2013

Start new search-path : Mon Sep 23 23:45:06 2013

Start new search-path : Mon Sep 23 23:45:06 2013

Start new search-path : Mon Sep 23 23:45:06 2013

Start new search-path : Mon Sep 23 23:45:06 2013

Start new search-path : Mon Sep 23 23:45:06 2013

Start new search-path : Mon Sep 23 23:45:06 2013

Start new search-path : Mon Sep 23 23:45:06 2013

Start new search-path : Mon Sep 23 23:45:06 2013

Start new search-path : Mon Sep 23 23:45:06 2013

Start new search-path : Mon Sep 23 23:45:06 2013

Start new search-path : Mon Sep 23 23:45:06 2013

Start new search-path : Mon Sep 23 23:45:06 2013

Start new search-path : Mon Sep 23 23:45:06 2013

Start new search-path : Mon Sep 23 23:45:06 2013

Start new search-path : Mon Sep 23 23:45:06 2013

Start new search-path : Mon Sep 23 23:45:06 2013

Start new search-path : Mon Sep 23 23:45:06 2013

Start new search-path : Mon Sep 23 23:45:06 2013

Start new search-path : Mon Sep 23 23:45:06 2013

Start new search-path : Mon Sep 23 23:45:06 2013

Start new search-path : Mon Sep 23 23:45:06 2013

Start new search-path : Mon Sep 23 23:45:06 2013

Start new search-path : Mon Sep 23 23:45:06 2013

Start new search-path : Mon Sep 23 23:45:06 2013

Start new search-path : Mon Sep 23 23:45:06 2013

Start new search-path : Mon Sep 23 23:45:06 2013

Start new search-path : Mon Sep 23 23:45:06 2013

Start new search-path : Mon Sep 23 23:45:06 2013

Start new search-path : Mon Sep 23 23:45:06 2013

Start new search-path : Mon Sep 23 23:45:06 2013

Start new search-path : Mon Sep 23 23:45:06 2013

Start new search-path : Mon Sep 23 23:45:06 2013

Start new search-path : Mon Sep 23 23:45:06 2013

Start new search-path : Mon Sep 23 23:45:06 2013

Start new search-path : Mon Sep 23 23:45:06 2013

Start new search-path : Mon Sep 23 23:45:06 2013

Start new search-path : Mon Sep 23 23:45:06 2013

Start new search-path : Mon Sep 23 23:45:06 2013

Start new search-path : Mon Sep 23 23:45:06 2013

Start new search-path : Mon Sep 23 23:45:06 2013

Start new search-path : Mon Sep 23 23:45:06 2013

Start new search-path : Mon Sep 23 23:45:06 2013

Start new search-path : Mon Sep 23 23:45:06 2013

Start new search-path : Mon Sep 23 23:45:06 2013

Start new search-path : Mon Sep 23 23:45:06 2013

Start new search-path : Mon Sep 23 23:45:06 2013

Start new search-path : Mon Sep 23 23:45:06 2013

Start new search-path : Mon Sep 23 23:45:06 2013

Start new search-path : Mon Sep 23 23:45:06 2013

Start new search-path : Mon Sep 23 23:45:06 2013

Start new search-path : Mon Sep 23 23:45:06 2013

Start new search-path : Mon Sep 23 23:45:06 2013

Start new search-path : Mon Sep 23 23:45:06 2013

Start new search-path : Mon Sep 23 23:45:06 2013

Start new search-path : Mon Sep 23 23:45:06 2013

Start new search-path : Mon Sep 23 23:45:06 2013

Start new search-path : Mon Sep 23 23:45:06 2013

Start new search-path : Mon Sep 23 23:45:06 2013

Start new search-path : Mon Sep 23 23:45:06 2013

Start new search-path : Mon Sep 23 23:45:06 2013

Start new search-path : Mon Sep 23 23:45:06 2013

Start new search-path : Mon Sep 23 23:45:06 2013

Start new search-path : Mon Sep 23 23:45:06 2013

Start new search-path : Mon Sep 23 23:45:06 2013

Start new search-path : Mon Sep 23 23:45:06 2013

Start new search-path : Mon Sep 23 23:45:06 2013

Start new search-path : Mon Sep 23 23:45:06 2013

Start new search-path : Mon Sep 23 23:45:06 2013

Start new search-path : Mon Sep 23 23:45:06 2013

Start new search-path : Mon Sep 23 23:45:06 2013

Start new search-path : Mon Sep 23 23:45:06 2013

Start new search-path : Mon Sep 23 23:45:06 2013

Start new search-path : Mon Sep 23 23:45:06 2013

Start new search-path : Mon Sep 23 23:45:06 2013

Start new search-path : Mon Sep 23 23:45:06 2013

Start new search-path : Mon Sep 23 23:45:06 2013

Start new search-path : Mon Sep 23 23:45:06 2013

Start new search-path : Mon Sep 23 23:45:07 2013

Start new search-path : Mon Sep 23 23:45:07 2013

Start new search-path : Mon Sep 23 23:45:07 2013

Start new search-path : Mon Sep 23 23:45:08 2013

Start new search-path : Mon Sep 23 23:45:08 2013

Start new search-path : Mon Sep 23 23:45:08 2013

Start new search-path : Mon Sep 23 23:45:08 2013

Start new search-path : Mon Sep 23 23:45:08 2013

Start new search-path : Mon Sep 23 23:45:08 2013

Start new search-path : Mon Sep 23 23:45:08 2013

Start new search-path : Mon Sep 23 23:45:08 2013

Start new search-path : Mon Sep 23 23:45:08 2013

Start new search-path : Mon Sep 23 23:45:08 2013

Start new search-path : Mon Sep 23 23:45:08 2013

Start new search-path : Mon Sep 23 23:45:08 2013

Start new search-path : Mon Sep 23 23:45:08 2013

Start new search-path : Mon Sep 23 23:45:08 2013

Start new search-path : Mon Sep 23 23:45:08 2013

Start new search-path : Mon Sep 23 23:45:08 2013

Start new search-path : Mon Sep 23 23:45:08 2013

Start new search-path : Mon Sep 23 23:45:09 2013

Start new search-path : Mon Sep 23 23:45:09 2013

Start new search-path : Mon Sep 23 23:45:09 2013

Start new search-path : Mon Sep 23 23:45:09 2013

Start new search-path : Mon Sep 23 23:45:09 2013

Start new search-path : Mon Sep 23 23:45:09 2013

Start new search-path : Mon Sep 23 23:45:09 2013

Start new search-path : Mon Sep 23 23:45:09 2013

Start new search-path : Mon Sep 23 23:45:09 2013

Start new search-path : Mon Sep 23 23:45:09 2013

Start new search-path : Mon Sep 23 23:45:09 2013

Start new search-path : Mon Sep 23 23:45:09 2013

Start new search-path : Mon Sep 23 23:45:09 2013

Start new search-path : Mon Sep 23 23:45:09 2013

Start new search-path : Mon Sep 23 23:45:09 2013

Start new search-path : Mon Sep 23 23:45:09 2013

Start new search-path : Mon Sep 23 23:45:09 2013

Start new search-path : Mon Sep 23 23:45:09 2013

Start new search-path : Mon Sep 23 23:45:09 2013

Start new search-path : Mon Sep 23 23:45:09 2013

Start new search-path : Mon Sep 23 23:45:09 2013

Start new search-path : Mon Sep 23 23:45:09 2013

Start new search-path : Mon Sep 23 23:45:09 2013

Start new search-path : Mon Sep 23 23:45:09 2013

Start new search-path : Mon Sep 23 23:45:09 2013

Start new search-path : Mon Sep 23 23:45:10 2013

Start new search-path : Mon Sep 23 23:45:10 2013

Start new search-path : Mon Sep 23 23:45:10 2013

Start new search-path : Mon Sep 23 23:45:10 2013

Start new search-path : Mon Sep 23 23:45:10 2013

Start new search-path : Mon Sep 23 23:45:10 2013

Start new search-path : Mon Sep 23 23:45:10 2013

Start new search-path : Mon Sep 23 23:45:10 2013

Start new search-path : Mon Sep 23 23:45:10 2013

Start new search-path : Mon Sep 23 23:45:10 2013

Start new search-path : Mon Sep 23 23:45:10 2013

Start new search-path : Mon Sep 23 23:45:10 2013

Start new search-path : Mon Sep 23 23:45:10 2013

Start new search-path : Mon Sep 23 23:45:10 2013

Start new search-path : Mon Sep 23 23:45:10 2013

Start new search-path : Mon Sep 23 23:45:10 2013

Start new search-path : Mon Sep 23 23:45:10 2013

Start new search-path : Mon Sep 23 23:45:10 2013

Start new search-path : Mon Sep 23 23:45:10 2013

Start new search-path : Mon Sep 23 23:45:10 2013

Start new search-path : Mon Sep 23 23:45:10 2013

Start new search-path : Mon Sep 23 23:45:10 2013

Start new search-path : Mon Sep 23 23:45:10 2013

Start new search-path : Mon Sep 23 23:45:10 2013

Start new search-path : Mon Sep 23 23:45:10 2013

Start new search-path : Mon Sep 23 23:45:10 2013

Start new search-path : Mon Sep 23 23:45:10 2013

