Offset: 0
Patterns start at ID:0
Serialization report: Sat Apr 21 18:31:11 2012

Serialize graph
Serialize patterns
DUMPING 9 EQU CALSSES
EQU CLASSES ID: 67102
PATTERN ID: 67101
EQU CLASSES UNIQUE_PATHS: 
EQU CLASSES FLOW: 
EQU CLASSES CONTENT: (44397,3) (37653,3) (55042,3) (60261,3) (57948,3) (31510,5) (41739,7) (36723,3) (41565,5) (32109,3) (42729,3) (63802,3) (23285,3) (46462,3) (23695,3) (28333,3) (48818,3) (49792,3) 
END
EQU CLASSES ID: 67108
PATTERN ID: 67107
EQU CLASSES UNIQUE_PATHS: 
EQU CLASSES FLOW: 
EQU CLASSES CONTENT: (50779,3) (52543,3) (57952,3) (44330,3) (46876,3) 
END
EQU CLASSES ID: 67113
PATTERN ID: 67112
EQU CLASSES UNIQUE_PATHS: 
EQU CLASSES FLOW: 
EQU CLASSES CONTENT: (62534,3) (35902,3) (40355,3) (22990,3) (35728,3) (58311,5) (40750,5) (46735,3) (49053,3) (57933,3) (61408,13) (45582,3) (31495,3) (29957,3) (24361,5) (60259,5) (54083,3) (44250,3) (46188,3) (55646,17) (33454,3) (22456,3) (32106,3) (54111,3) (46585,3) (46779,3) (46592,3) (63770,3) (47366,3) (23823,3) (27691,3) (22098,3) (48926,3) (29820,3) (47003,3) (24425,13) (56659,3) (60909,7) (44318,5) (33516,7) (43941,3) (41441,3) (63830,7) (56304,3) (28516,3) (55737,3) (30650,3) (59602,5) (57674,3) (35094,3) (52466,3) (28348,3) (27384,5) (25648,5) (26229,3) (31256,3) (24124,3) 
END
EQU CLASSES ID: 67118
PATTERN ID: 67117
EQU CLASSES UNIQUE_PATHS: 
EQU CLASSES FLOW: 
EQU CLASSES CONTENT: (21003,853) (2498,3) 
END
EQU CLASSES ID: 67122
PATTERN ID: 67121
EQU CLASSES UNIQUE_PATHS: 
EQU CLASSES FLOW: 
EQU CLASSES CONTENT: (46934,5) (46592,5) (40277,5) (57684,9) 
END
EQU CLASSES ID: 67124
PATTERN ID: 67123
EQU CLASSES UNIQUE_PATHS: 
EQU CLASSES FLOW: 
EQU CLASSES CONTENT: (47107,9) (46690,5) 
END
EQU CLASSES ID: 67126
PATTERN ID: 67125
EQU CLASSES UNIQUE_PATHS: 
EQU CLASSES FLOW: 
EQU CLASSES CONTENT: (26449,3) (61435,3) (50635,3) (34814,3) (28453,3) (46621,3) (49131,3) (67104,3) (25049,3) (50724,3) (52088,3) (42632,3) 
END
EQU CLASSES ID: 67128
PATTERN ID: 67127
EQU CLASSES UNIQUE_PATHS: 
EQU CLASSES FLOW: 
EQU CLASSES CONTENT: (60797,5) (23355,13) (57349,9) (38836,5) (446,5) (25939,5) (48926,45) (62444,5) (38533,9) (22533,5) (21183,5) (29901,49) (64262,5) 
END
EQU CLASSES ID: 67131
PATTERN ID: 67130
EQU CLASSES UNIQUE_PATHS: 
EQU CLASSES FLOW: 
EQU CLASSES CONTENT: (22967,5) (23216,13) 
END
DUMPING 23 PATTERNS
SEQUENCE: 65235 28232 
INDEX: 
ID 67100
SIGNATURE 1368831590
SIGNIFICANCE 1
LENGTH 2
BUNDLE: 1 21 20 894 0.10028 0.0735621 1 1
EQU CLASSES REFEQU CLASSES SEQUENCE: 21003 26266 0 53377 
INDEX: 
ID 67101
SIGNATURE -1362847335
SIGNIFICANCE 0.999999
LENGTH 4
BUNDLE: 0.999999 4 1 22 0.628571 0.366667 0.999999 1
EQU CLASSES REF(-1362847335,2) 
EQU CLASSES 67102 SEQUENCE: 36111 60558 
INDEX: 
ID 67103
SIGNATURE 665792867
SIGNIFICANCE 1
LENGTH 2
BUNDLE: 1 19 18 138 0.111201 0.686275 1 1
EQU CLASSES REFEQU CLASSES SEQUENCE: 26417 46133 
INDEX: 
ID 67104
SIGNATURE 452977146
SIGNIFICANCE 0.999999
LENGTH 2
BUNDLE: 0.999999 3 2 344 0.0951064 0.355005 1 0.999999
EQU CLASSES REFEQU CLASSES SEQUENCE: 30813 29901 
INDEX: 
ID 67105
SIGNATURE 446411275
SIGNIFICANCE 1
LENGTH 2
BUNDLE: 1 24 23 520 0.413462 0.55615 1 1
EQU CLASSES REFEQU CLASSES SEQUENCE: 36261 65235 
INDEX: 
ID 67106
SIGNATURE 697123508
SIGNIFICANCE 0.99996
LENGTH 2
BUNDLE: 0.99996 21 20 470 0.273097 0.0585962 1 0.99992
EQU CLASSES REFEQU CLASSES SEQUENCE: 21003 0 30813 46443 
INDEX: 
ID 67107
SIGNATURE 52970797
SIGNIFICANCE 0.992188
LENGTH 4
BUNDLE: 0.992188 4 1 5 0.833333 0.5 0.984375 1
EQU CLASSES REF(52970797,1) 
EQU CLASSES 67108 SEQUENCE: 65998 65235 
INDEX: 
ID 67109
SIGNATURE 1449936008
SIGNIFICANCE 1
LENGTH 2
BUNDLE: 1 14 13 488 0.267105 0.0646272 1 1
EQU CLASSES REFEQU CLASSES SEQUENCE: 65822 60558 
INDEX: 
ID 67110
SIGNATURE 1430402242
SIGNIFICANCE 0.99999
LENGTH 2
BUNDLE: 0.99999 18 17 68 0.0159512 0.282158 1 0.999981
EQU CLASSES REFEQU CLASSES SEQUENCE: 36111 54725 
INDEX: 
ID 67111
SIGNATURE 665792178
SIGNIFICANCE 0.999965
LENGTH 2
BUNDLE: 0.999965 20 19 234 0.212149 0.142249 1 0.99993
EQU CLASSES REFEQU CLASSES SEQUENCE: 21003 26417 0 53377 
INDEX: 
ID 67112
SIGNATURE -1314019210
SIGNIFICANCE 1
LENGTH 4
BUNDLE: 1 4 1 88 0.77193 0.258824 1 1
EQU CLASSES REF(-1314019210,2) 
EQU CLASSES 67113 SEQUENCE: 65822 36301 
INDEX: 
ID 67114
SIGNATURE 1430396175
SIGNIFICANCE 1
LENGTH 2
BUNDLE: 1 9 8 266 0.0634088 0.378571 1 0.999999
EQU CLASSES REFEQU CLASSES SEQUENCE: 53377 50827 
INDEX: 
ID 67115
SIGNATURE 1055399371
SIGNIFICANCE 0.993033
LENGTH 2
BUNDLE: 0.993033 8 7 517 0.0258798 0.0730536 0.986065 1
EQU CLASSES REFEQU CLASSES SEQUENCE: 65235 30135 
INDEX: 
ID 67116
SIGNATURE 1368829724
SIGNIFICANCE 1
LENGTH 2
BUNDLE: 1 6 5 1276 0.18066 0.236691 1 1
EQU CLASSES REFEQU CLASSES SEQUENCE: 0 53979 
INDEX: 
ID 67117
SIGNATURE 21831203
SIGNIFICANCE 0.990715
LENGTH 2
BUNDLE: 0.990715 2 1 427 0.0221807 0.103115 0.98143 1
EQU CLASSES REF(21831203,0) 
EQU CLASSES 67118 SEQUENCE: 30813 56360 
INDEX: 
ID 67119
SIGNATURE 446418109
SIGNIFICANCE 1
LENGTH 2
BUNDLE: 1 8 7 2462 0.10516 1 1 1
EQU CLASSES REFEQU CLASSES SEQUENCE: 56209 37376 
INDEX: 
ID 67120
SIGNATURE 1181334299
SIGNIFICANCE 1
LENGTH 2
BUNDLE: 1 25 24 102 0.387833 0.582857 1 1
EQU CLASSES REFEQU CLASSES SEQUENCE: 29608 0 65822 54725 
INDEX: 
ID 67121
SIGNATURE 826759438
SIGNIFICANCE 1
LENGTH 4
BUNDLE: 1 11 8 10 0.833333 1 1 1
EQU CLASSES REF(826759438,1) 
EQU CLASSES 67122 SEQUENCE: 29608 46600 28862 0 
INDEX: 
ID 67123
SIGNATURE -1756420572
SIGNIFICANCE 0.99998
LENGTH 4
BUNDLE: 0.99998 15 12 6 0.428571 1 1 0.99996
EQU CLASSES REF(-1756420572,3) 
EQU CLASSES 67124 SEQUENCE: 21003 28232 0 30813 
INDEX: 
ID 67125
SIGNATURE 746519870
SIGNIFICANCE 0.99994
LENGTH 4.08333
BUNDLE: 0.99994 4 1 12 0.705882 0.4 0.99988 1
EQU CLASSES REF(746519870,2) 
EQU CLASSES 67126 SEQUENCE: 0 53979 67116 
INDEX: 
ID 67127
SIGNATURE 461616159
SIGNIFICANCE 0.999997
LENGTH 4
BUNDLE: 0.999997 4 2 76 0.469136 0.520548 1 0.999994
EQU CLASSES REF(461616159,0) 
EQU CLASSES 67128 SEQUENCE: 30813 62015 
INDEX: 
ID 67129
SIGNATURE 446418304
SIGNIFICANCE 0.999995
LENGTH 2
BUNDLE: 0.999995 11 10 1378 0.0658134 0.777778 1 0.99999
EQU CLASSES REFEQU CLASSES SEQUENCE: 23543 0 30813 25390 44080 
INDEX: 
ID 67130
SIGNATURE -530319208
SIGNIFICANCE 0.997436
LENGTH 5
BUNDLE: 0.997435 6 2 8 1 0.8 1 0.994871
EQU CLASSES REF(-530319208,1) 
EQU CLASSES 67131 