ID 16019
PATTERN ID 16018
PATTERN SIGNATURE 0
SEQUENCE LOC 3
TOTAL OCC 99
TOTAL OCC IN CLASS 8
MEAN LENGTH 1
CAPACITY 8
HIERARCHY LEVEL 0
EQU CLASSES UNIQUE PATHS: 
EQU CLASSES FLOW: 
EQU CLASSES CONTENT: (6212,3) (7388,7) (13638,3) (7657,3) (9799,3) (4203,5) (1336,3) (11764,3) 
ID 16022
PATTERN ID 16021
PATTERN SIGNATURE 0
SEQUENCE LOC 3
TOTAL OCC 494
TOTAL OCC IN CLASS 12
MEAN LENGTH 1
CAPACITY 12
HIERARCHY LEVEL 0
EQU CLASSES UNIQUE PATHS: 
EQU CLASSES FLOW: 
EQU CLASSES CONTENT: (1737,9) (4838,3) (11985,11) (9880,3) (13383,5) (8181,3) (14021,3) (7094,5) (12698,3) (3631,3) (3245,3) (1713,3) 
ID 16026
PATTERN ID 16025
PATTERN SIGNATURE 0
SEQUENCE LOC 15
TOTAL OCC 191
TOTAL OCC IN CLASS 3
MEAN LENGTH 1
CAPACITY 3
HIERARCHY LEVEL 0
EQU CLASSES UNIQUE PATHS: 
EQU CLASSES FLOW: 
EQU CLASSES CONTENT: (14703,3) (9052,5) (13107,3) 
ID 16031
PATTERN ID 16030
PATTERN SIGNATURE 0
SEQUENCE LOC 5
TOTAL OCC 675
TOTAL OCC IN CLASS 8
MEAN LENGTH 1
CAPACITY 8
HIERARCHY LEVEL 0
EQU CLASSES UNIQUE PATHS: 
EQU CLASSES FLOW: 
EQU CLASSES CONTENT: (6236,3) (13972,3) (8189,9) (13980,3) (5492,3) (13425,3) (15227,3) (12726,7) 
ID 16033
PATTERN ID 16032
PATTERN SIGNATURE 0
SEQUENCE LOC 21
TOTAL OCC 416
TOTAL OCC IN CLASS 5
MEAN LENGTH 1
CAPACITY 5
HIERARCHY LEVEL 0
EQU CLASSES UNIQUE PATHS: 
EQU CLASSES FLOW: 
EQU CLASSES CONTENT: (1195,3) (11640,3) (1606,3) (2798,3) (9778,3) 
ID 16035
PATTERN ID 16034
PATTERN SIGNATURE 0
SEQUENCE LOC 3
TOTAL OCC 46
TOTAL OCC IN CLASS 3
MEAN LENGTH 1
CAPACITY 3
HIERARCHY LEVEL 0
EQU CLASSES UNIQUE PATHS: 
EQU CLASSES FLOW: 
EQU CLASSES CONTENT: (13741,5) (11640,3) (4582,5) 
ID 16038
PATTERN ID 16037
PATTERN SIGNATURE 0
SEQUENCE LOC 20
TOTAL OCC 141
TOTAL OCC IN CLASS 7
MEAN LENGTH 1
CAPACITY 7
HIERARCHY LEVEL 0
EQU CLASSES UNIQUE PATHS: 
EQU CLASSES FLOW: 
EQU CLASSES CONTENT: (14864,3) (1198,3) (13366,3) (12424,3) (13016,7) (2658,5) (13285,3) 
ID 16040
PATTERN ID 16039
PATTERN SIGNATURE 0
SEQUENCE LOC 9
TOTAL OCC 208
TOTAL OCC IN CLASS 3
MEAN LENGTH 1
CAPACITY 3
HIERARCHY LEVEL 0
EQU CLASSES UNIQUE PATHS: 
EQU CLASSES FLOW: 
EQU CLASSES CONTENT: (2772,9) (9052,5) (12534,3) 
ID 16042
PATTERN ID 16041
PATTERN SIGNATURE 0
SEQUENCE LOC 3
TOTAL OCC 47
TOTAL OCC IN CLASS 5
MEAN LENGTH 1
CAPACITY 5
HIERARCHY LEVEL 0
EQU CLASSES UNIQUE PATHS: 
EQU CLASSES FLOW: 
EQU CLASSES CONTENT: (6991,3) (13014,3) (9938,3) (3228,3) (11372,3) 
ID 16048
PATTERN ID 16047
PATTERN SIGNATURE 0
SEQUENCE LOC 8
TOTAL OCC 291
TOTAL OCC IN CLASS 4
MEAN LENGTH 1
CAPACITY 4
HIERARCHY LEVEL 0
EQU CLASSES UNIQUE PATHS: 
EQU CLASSES FLOW: 
EQU CLASSES CONTENT: (1195,3) (6644,3) (1067,3) (12098,3) 
ID 16051
PATTERN ID 16050
PATTERN SIGNATURE 0
SEQUENCE LOC 3
TOTAL OCC 106
TOTAL OCC IN CLASS 4
MEAN LENGTH 1
CAPACITY 4
HIERARCHY LEVEL 0
EQU CLASSES UNIQUE PATHS: 
EQU CLASSES FLOW: 
EQU CLASSES CONTENT: (8880,3) (5642,9) (12643,3) (4401,3) 
ID 16053
PATTERN ID 16052
PATTERN SIGNATURE 0
SEQUENCE LOC 2
TOTAL OCC 200
TOTAL OCC IN CLASS 2
MEAN LENGTH 1
CAPACITY 2
HIERARCHY LEVEL 0
EQU CLASSES UNIQUE PATHS: 
EQU CLASSES FLOW: 
EQU CLASSES CONTENT: (11985,21) (12010,5) 
ID 16056
PATTERN ID 16055
PATTERN SIGNATURE 0
SEQUENCE LOC 2
TOTAL OCC 54
TOTAL OCC IN CLASS 6
MEAN LENGTH 1
CAPACITY 6
HIERARCHY LEVEL 0
EQU CLASSES UNIQUE PATHS: 
EQU CLASSES FLOW: 
EQU CLASSES CONTENT: (12797,3) (74,3) (1041,3) (7428,3) (13054,3) (4627,3) 
ID 16059
PATTERN ID 16058
PATTERN SIGNATURE 0
SEQUENCE LOC 26
TOTAL OCC 23
TOTAL OCC IN CLASS 4
MEAN LENGTH 1
CAPACITY 4
HIERARCHY LEVEL 0
EQU CLASSES UNIQUE PATHS: 
EQU CLASSES FLOW: 
EQU CLASSES CONTENT: (15826,3) (15636,3) (15879,3) (15948,3) 
ID 16062
PATTERN ID 16061
PATTERN SIGNATURE 0
SEQUENCE LOC 2
TOTAL OCC 14
TOTAL OCC IN CLASS 4
MEAN LENGTH 1
CAPACITY 4
HIERARCHY LEVEL 0
EQU CLASSES UNIQUE PATHS: 
EQU CLASSES FLOW: 
EQU CLASSES CONTENT: (2897,3) (12825,3) (10561,3) (149,3) 
ID 16064
PATTERN ID 16063
PATTERN SIGNATURE 0
SEQUENCE LOC 24
TOTAL OCC 9
TOTAL OCC IN CLASS 3
MEAN LENGTH 1
CAPACITY 3
HIERARCHY LEVEL 0
EQU CLASSES UNIQUE PATHS: 
EQU CLASSES FLOW: 
EQU CLASSES CONTENT: (5958,9) (5959,3) (5960,3) 
ID 16069
PATTERN ID 16068
PATTERN SIGNATURE 0
SEQUENCE LOC 6
TOTAL OCC 10
TOTAL OCC IN CLASS 4
MEAN LENGTH 1
CAPACITY 4
HIERARCHY LEVEL 0
EQU CLASSES UNIQUE PATHS: 
EQU CLASSES FLOW: 
EQU CLASSES CONTENT: (15525,3) (15528,3) (15918,3) (15587,3) 
ID 16072
PATTERN ID 16071
PATTERN SIGNATURE 0
SEQUENCE LOC 6
TOTAL OCC 8
TOTAL OCC IN CLASS 4
MEAN LENGTH 1
CAPACITY 4
HIERARCHY LEVEL 0
EQU CLASSES UNIQUE PATHS: 
EQU CLASSES FLOW: 
EQU CLASSES CONTENT: (15518,3) (15928,3) (15957,3) (15600,3) 
ID 16077
PATTERN ID 16076
PATTERN SIGNATURE 0
SEQUENCE LOC 3
TOTAL OCC 450
TOTAL OCC IN CLASS 9
MEAN LENGTH 1
CAPACITY 9
HIERARCHY LEVEL 0
EQU CLASSES UNIQUE PATHS: 
EQU CLASSES FLOW: 
EQU CLASSES CONTENT: (11985,11) (2744,3) (11260,5) (13979,3) (3559,3) (14383,7) (9991,9) (6543,21) (8872,27) 
ID 16079
PATTERN ID 16078
PATTERN SIGNATURE 0
SEQUENCE LOC 3
TOTAL OCC 78
TOTAL OCC IN CLASS 6
MEAN LENGTH 1
CAPACITY 6
HIERARCHY LEVEL 0
EQU CLASSES UNIQUE PATHS: 
EQU CLASSES FLOW: 
EQU CLASSES CONTENT: (6774,3) (2337,3) (13406,3) (9590,3) (11566,3) (8285,3) 
ID 16081
PATTERN ID 16080
PATTERN SIGNATURE 0
SEQUENCE LOC 3
TOTAL OCC 53
TOTAL OCC IN CLASS 3
MEAN LENGTH 1
CAPACITY 3
HIERARCHY LEVEL 0
EQU CLASSES UNIQUE PATHS: 
EQU CLASSES FLOW: 
EQU CLASSES CONTENT: (7340,3) (7021,7) (9979,3) 
ID 16086
PATTERN ID 16085
PATTERN SIGNATURE 0
SEQUENCE LOC 8
TOTAL OCC 58
TOTAL OCC IN CLASS 2
MEAN LENGTH 1
CAPACITY 2
HIERARCHY LEVEL 0
EQU CLASSES UNIQUE PATHS: 
EQU CLASSES FLOW: 
EQU CLASSES CONTENT: (4313,7) (14359,5) 
ID 16088
PATTERN ID 16087
PATTERN SIGNATURE 0
SEQUENCE LOC 3
TOTAL OCC 194
TOTAL OCC IN CLASS 10
MEAN LENGTH 1
CAPACITY 10
HIERARCHY LEVEL 0
EQU CLASSES UNIQUE PATHS: 
EQU CLASSES FLOW: 
EQU CLASSES CONTENT: (13515,3) (3683,3) (12828,3) (8211,3) (12461,3) (4971,3) (8269,3) (12732,3) (12734,3) (12544,3) 
ID 16092
PATTERN ID 16091
PATTERN SIGNATURE 0
SEQUENCE LOC 2
TOTAL OCC 1302
TOTAL OCC IN CLASS 2
MEAN LENGTH 1
CAPACITY 2
HIERARCHY LEVEL 0
EQU CLASSES UNIQUE PATHS: 
EQU CLASSES FLOW: 
EQU CLASSES CONTENT: (2722,3) (3570,29) 
ID 16094
PATTERN ID 16093
PATTERN SIGNATURE 0
SEQUENCE LOC 2
TOTAL OCC 35
TOTAL OCC IN CLASS 2
MEAN LENGTH 1
CAPACITY 2
HIERARCHY LEVEL 0
EQU CLASSES UNIQUE PATHS: 
EQU CLASSES FLOW: 
EQU CLASSES CONTENT: (4584,33) (2108,3) 
ID 16097
PATTERN ID 16096
PATTERN SIGNATURE 0
SEQUENCE LOC 18
TOTAL OCC 267
TOTAL OCC IN CLASS 2
MEAN LENGTH 1.5
CAPACITY 2
HIERARCHY LEVEL 1
EQU CLASSES UNIQUE PATHS: 
EQU CLASSES FLOW: 
EQU CLASSES CONTENT: (16049,3) (5738,7) 
ID 16099
PATTERN ID 16098
PATTERN SIGNATURE 0
SEQUENCE LOC 2
TOTAL OCC 184
TOTAL OCC IN CLASS 6
MEAN LENGTH 1
CAPACITY 6
HIERARCHY LEVEL 0
EQU CLASSES UNIQUE PATHS: 
EQU CLASSES FLOW: 
EQU CLASSES CONTENT: (10827,3) (13015,3) (15148,3) (1488,3) (4963,3) (12538,5) 
ID 16102
PATTERN ID 16101
PATTERN SIGNATURE 0
SEQUENCE LOC 3
TOTAL OCC 43
TOTAL OCC IN CLASS 5
MEAN LENGTH 1
CAPACITY 5
HIERARCHY LEVEL 0
EQU CLASSES UNIQUE PATHS: 
EQU CLASSES FLOW: 
EQU CLASSES CONTENT: (2394,3) (13984,3) (12829,3) (8222,3) (12918,3) 
ID 16105
PATTERN ID 16104
PATTERN SIGNATURE 0
SEQUENCE LOC 3
TOTAL OCC 61
TOTAL OCC IN CLASS 4
MEAN LENGTH 1
CAPACITY 4
HIERARCHY LEVEL 0
EQU CLASSES UNIQUE PATHS: 
EQU CLASSES FLOW: 
EQU CLASSES CONTENT: (14864,7) (1741,5) (15172,3) (5565,3) 
ID 16108
PATTERN ID 16107
PATTERN SIGNATURE 0
SEQUENCE LOC 7
TOTAL OCC 39
TOTAL OCC IN CLASS 2
MEAN LENGTH 1
CAPACITY 2
HIERARCHY LEVEL 0
EQU CLASSES UNIQUE PATHS: 
EQU CLASSES FLOW: 
EQU CLASSES CONTENT: (12188,9) (13590,5) 
ID 16110
PATTERN ID 16109
PATTERN SIGNATURE 0
SEQUENCE LOC 26
TOTAL OCC 32
TOTAL OCC IN CLASS 3
MEAN LENGTH 1
CAPACITY 3
HIERARCHY LEVEL 0
EQU CLASSES UNIQUE PATHS: 
EQU CLASSES FLOW: 
EQU CLASSES CONTENT: (841,7) (842,3) (847,3) 
ID 16113
PATTERN ID 16112
PATTERN SIGNATURE 0
SEQUENCE LOC 3
TOTAL OCC 70
TOTAL OCC IN CLASS 2
MEAN LENGTH 1
CAPACITY 2
HIERARCHY LEVEL 0
EQU CLASSES UNIQUE PATHS: 
EQU CLASSES FLOW: 
EQU CLASSES CONTENT: (1635,3) (9167,7) 
ID 16115
PATTERN ID 16114
PATTERN SIGNATURE 0
SEQUENCE LOC 2
TOTAL OCC 62
TOTAL OCC IN CLASS 4
MEAN LENGTH 1
CAPACITY 4
HIERARCHY LEVEL 0
EQU CLASSES UNIQUE PATHS: 
EQU CLASSES FLOW: 
EQU CLASSES CONTENT: (8973,5) (9185,5) (8640,3) (8642,3) 
ID 16117
PATTERN ID 16116
PATTERN SIGNATURE 0
SEQUENCE LOC 3
TOTAL OCC 10
TOTAL OCC IN CLASS 5
MEAN LENGTH 1
CAPACITY 5
HIERARCHY LEVEL 0
EQU CLASSES UNIQUE PATHS: 
EQU CLASSES FLOW: 
EQU CLASSES CONTENT: (13176,3) (13177,3) (13178,3) (13179,3) (13180,3) 
ID 16120
PATTERN ID 16119
PATTERN SIGNATURE 0
SEQUENCE LOC 3
TOTAL OCC 103
TOTAL OCC IN CLASS 2
MEAN LENGTH 1
CAPACITY 2
HIERARCHY LEVEL 0
EQU CLASSES UNIQUE PATHS: 
EQU CLASSES FLOW: 
EQU CLASSES CONTENT: (15786,3) (7320,11) 
ID 16123
PATTERN ID 16122
PATTERN SIGNATURE 0
SEQUENCE LOC 28
TOTAL OCC 98
TOTAL OCC IN CLASS 2
MEAN LENGTH 1
CAPACITY 2
HIERARCHY LEVEL 0
EQU CLASSES UNIQUE PATHS: 
EQU CLASSES FLOW: 
EQU CLASSES CONTENT: (9019,3) (12926,19) 


SEQUENCE: 754 2439 0 11217 
INDEX: SIZE = 0
ID: 16018
SIGNATURE: 1119603470
SIGNIFICANCE: 1
LENGTH: 4
CAPACITY: 8
FLOW: 1
UNIQUE_PATHS: 8
HIERARCHY_LEVEL: 1
BUNDLE: 1 4 1 11 0.916667 0.647059 1 1
EQU CLASSES REF (1119603470,2) 
EQU CLASSES SIZE = 1
LOCATE POINTER: 16019


SEQUENCE: 5690 13747 
INDEX: SIZE = 0
ID: 16020
SIGNATURE: 1109729038
SIGNIFICANCE: 1
LENGTH: 2
CAPACITY: 1
FLOW: 1
UNIQUE_PATHS: 1
HIERARCHY_LEVEL: 1
BUNDLE: 1 19 18 26 0.1625 0.821429 1 1
EQU CLASSES REF EQU CLASSES SIZE = 0


SEQUENCE: 754 2499 0 11217 
INDEX: SIZE = 0
ID: 16021
SIGNATURE: 1529759720
SIGNIFICANCE: 1
LENGTH: 4
CAPACITY: 12
FLOW: 1
UNIQUE_PATHS: 12
HIERARCHY_LEVEL: 1
BUNDLE: 1 4 1 21 0.807692 0.552632 1 1
EQU CLASSES REF (1529759720,2) 
EQU CLASSES SIZE = 1
LOCATE POINTER: 16022


SEQUENCE: 15316 3746 
INDEX: SIZE = 0
ID: 16023
SIGNATURE: 890838352
SIGNIFICANCE: 1
LENGTH: 2
CAPACITY: 1
FLOW: 1
UNIQUE_PATHS: 1
HIERARCHY_LEVEL: 1
BUNDLE: 1 8 7 148 0.231975 0.311579 1 1
EQU CLASSES REF EQU CLASSES SIZE = 0


SEQUENCE: 3965 12253 
INDEX: SIZE = 0
ID: 16024
SIGNATURE: 1022149705
SIGNIFICANCE: 1
LENGTH: 2
CAPACITY: 1
FLOW: 1
UNIQUE_PATHS: 1
HIERARCHY_LEVEL: 1
BUNDLE: 1 27 26 308 0.10617 0.875 1 1
EQU CLASSES REF EQU CLASSES SIZE = 0


SEQUENCE: 3965 14242 0 3372 14649 
INDEX: SIZE = 0
ID: 16025
SIGNATURE: 33513823
SIGNIFICANCE: 0.9963
LENGTH: 5
CAPACITY: 3
FLOW: 1
UNIQUE_PATHS: 3
HIERARCHY_LEVEL: 1
BUNDLE: 0.9963 17 13 4 1 1 0.9963 0.9963
EQU CLASSES REF (33513823,2) 
EQU CLASSES SIZE = 1
LOCATE POINTER: 16026


SEQUENCE: 3965 14242 
INDEX: SIZE = 0
ID: 16027
SIGNATURE: 1022150873
SIGNIFICANCE: 0.999785
LENGTH: 2
CAPACITY: 1
FLOW: 1
UNIQUE_PATHS: 1
HIERARCHY_LEVEL: 1
BUNDLE: 0.999785 11 10 218 0.0842024 0.710098 0.999569 1
EQU CLASSES REF EQU CLASSES SIZE = 0


SEQUENCE: 11217 9604 5738 
INDEX: SIZE = 0
ID: 16028
SIGNATURE: -870920509
SIGNIFICANCE: 0.99815
LENGTH: 3
CAPACITY: 1
FLOW: 1
UNIQUE_PATHS: 1
HIERARCHY_LEVEL: 1
BUNDLE: 0.99815 23 21 4 0.8 1 1 0.9963
EQU CLASSES REF EQU CLASSES SIZE = 0


SEQUENCE: 15316 3138 
INDEX: SIZE = 0
ID: 16029
SIGNATURE: 890837745
SIGNIFICANCE: 0.99823
LENGTH: 2
CAPACITY: 1
FLOW: 1
UNIQUE_PATHS: 1
HIERARCHY_LEVEL: 1
BUNDLE: 0.99823 27 26 106 0.216327 0.0982391 0.999999 0.996462
EQU CLASSES REF EQU CLASSES SIZE = 0


SEQUENCE: 11217 0 15407 5738 
INDEX: SIZE = 0
ID: 16030
SIGNATURE: -1701103785
SIGNIFICANCE: 0.999949
LENGTH: 4
CAPACITY: 8
FLOW: 1
UNIQUE_PATHS: 8
HIERARCHY_LEVEL: 1
BUNDLE: 0.999949 7 4 13 0.684211 0.769231 1 0.999899
EQU CLASSES REF (-1701103785,1) 
EQU CLASSES SIZE = 1
LOCATE POINTER: 16031


SEQUENCE: 11217 0 8452 5738 
INDEX: SIZE = 0
ID: 16032
SIGNATURE: 1444246803
SIGNIFICANCE: 0.99977
LENGTH: 4
CAPACITY: 5
FLOW: 1
UNIQUE_PATHS: 5
HIERARCHY_LEVEL: 1
BUNDLE: 0.99977 23 20 5 1 1 1 0.99954
EQU CLASSES REF (1444246803,1) 
EQU CLASSES SIZE = 1
LOCATE POINTER: 16033


SEQUENCE: 754 1128 0 3965 
INDEX: SIZE = 0
ID: 16034
SIGNATURE: 766510103
SIGNIFICANCE: 0.992188
LENGTH: 4
CAPACITY: 3
FLOW: 1
UNIQUE_PATHS: 3
HIERARCHY_LEVEL: 1
BUNDLE: 0.992188 4 1 5 0.833333 1 0.984375 1
EQU CLASSES REF (766510103,2) 
EQU CLASSES SIZE = 1
LOCATE POINTER: 16035


SEQUENCE: 3965 9843 
INDEX: SIZE = 0
ID: 16036
SIGNATURE: -1513551344
SIGNIFICANCE: 0.99977
LENGTH: 2
CAPACITY: 1
FLOW: 1
UNIQUE_PATHS: 1
HIERARCHY_LEVEL: 1
BUNDLE: 0.99977 4 3 63 1 0.538462 0.99954 1
EQU CLASSES REF EQU CLASSES SIZE = 0


SEQUENCE: 3825 0 15407 5748 
INDEX: SIZE = 0
ID: 16037
SIGNATURE: 1171829416
SIGNIFICANCE: 1
LENGTH: 4
CAPACITY: 7
FLOW: 1
UNIQUE_PATHS: 7
HIERARCHY_LEVEL: 1
BUNDLE: 1 22 19 10 0.833333 0.9 1 1
EQU CLASSES REF (1171829416,1) 
EQU CLASSES SIZE = 1
LOCATE POINTER: 16038


SEQUENCE: 3570 0 3779 5738 
INDEX: SIZE = 0
ID: 16039
SIGNATURE: 430976565
SIGNIFICANCE: 0.992068
LENGTH: 4
CAPACITY: 3
FLOW: 1
UNIQUE_PATHS: 3
HIERARCHY_LEVEL: 1
BUNDLE: 0.992068 11 8 7 0.636364 0.75 1 0.984137
EQU CLASSES REF (430976565,1) 
EQU CLASSES SIZE = 1
LOCATE POINTER: 16040


SEQUENCE: 754 2439 0 4023 
INDEX: SIZE = 0
ID: 16041
SIGNATURE: 1082915801
SIGNIFICANCE: 0.99977
LENGTH: 4
CAPACITY: 5
FLOW: 1
UNIQUE_PATHS: 5
HIERARCHY_LEVEL: 1
BUNDLE: 0.99977 4 1 5 1 0.833333 0.99954 1
EQU CLASSES REF (1082915801,2) 
EQU CLASSES SIZE = 1
LOCATE POINTER: 16042


SEQUENCE: 3965 11898 11217 
INDEX: SIZE = 0
ID: 16043
SIGNATURE: -868711782
SIGNIFICANCE: 1
LENGTH: 3
CAPACITY: 1
FLOW: 1
UNIQUE_PATHS: 1
HIERARCHY_LEVEL: 1
BUNDLE: 1 5 3 80 0.97561 0.754717 1 1
EQU CLASSES REF EQU CLASSES SIZE = 0


SEQUENCE: 3965 9880 11217 
INDEX: SIZE = 0
ID: 16044
SIGNATURE: -1443713578
SIGNIFICANCE: 0.99977
LENGTH: 3
CAPACITY: 1
FLOW: 1
UNIQUE_PATHS: 1
HIERARCHY_LEVEL: 1
BUNDLE: 0.99977 11 9 29 1 0.878788 0.99954 1
EQU CLASSES REF EQU CLASSES SIZE = 0


SEQUENCE: 1195 13938 6455 
INDEX: SIZE = 0
ID: 16045
SIGNATURE: 1457810735
SIGNIFICANCE: 0.997334
LENGTH: 3
CAPACITY: 1
FLOW: 1
UNIQUE_PATHS: 1
HIERARCHY_LEVEL: 1
BUNDLE: 0.997334 22 20 10 0.714286 0.714286 0.999428 0.995239
EQU CLASSES REF EQU CLASSES SIZE = 0


SEQUENCE: 3341 11706 
INDEX: SIZE = 0
ID: 16046
SIGNATURE: 969180807
SIGNIFICANCE: 0.992321
LENGTH: 2
CAPACITY: 1
FLOW: 1
UNIQUE_PATHS: 1
HIERARCHY_LEVEL: 1
BUNDLE: 0.992321 20 19 18 0.047619 0.518519 1 0.984641
EQU CLASSES REF EQU CLASSES SIZE = 0


SEQUENCE: 3825 13590 11217 0 13016 
INDEX: SIZE = 0
ID: 16047
SIGNATURE: 1535436825
SIGNIFICANCE: 0.9963
LENGTH: 5
CAPACITY: 4
FLOW: 1
UNIQUE_PATHS: 4
HIERARCHY_LEVEL: 1
BUNDLE: 0.9963 9 5 4 1 1 0.9963 0.9963
EQU CLASSES REF (1535436825,3) 
EQU CLASSES SIZE = 1
LOCATE POINTER: 16048


SEQUENCE: 5690 13744 
INDEX: SIZE = 0
ID: 16049
SIGNATURE: 1109729020
SIGNIFICANCE: 0.999991
LENGTH: 2
CAPACITY: 1
FLOW: 1
UNIQUE_PATHS: 1
HIERARCHY_LEVEL: 1
BUNDLE: 0.999991 23 22 53 0.395522 0.55 1 0.999981
EQU CLASSES REF EQU CLASSES SIZE = 0


SEQUENCE: 754 11420 0 11217 
INDEX: SIZE = 0
ID: 16050
SIGNATURE: 1395562412
SIGNIFICANCE: 1
LENGTH: 4
CAPACITY: 4
FLOW: 1
UNIQUE_PATHS: 4
HIERARCHY_LEVEL: 1
BUNDLE: 1 4 1 7 1 1 1 1
EQU CLASSES REF (1395562412,2) 
EQU CLASSES SIZE = 1
LOCATE POINTER: 16051


SEQUENCE: 754 0 3825 
INDEX: SIZE = 0
ID: 16052
SIGNATURE: -1485656718
SIGNIFICANCE: 0.99269
LENGTH: 3
CAPACITY: 2
FLOW: 1
UNIQUE_PATHS: 2
HIERARCHY_LEVEL: 1
BUNDLE: 0.99269 3 1 12 0.666667 0.375 0.98538 1
EQU CLASSES REF (-1485656718,1) 
EQU CLASSES SIZE = 1
LOCATE POINTER: 16053


SEQUENCE: 9976 3825 6925 14649 9980 
INDEX: SIZE = 0
ID: 16054
SIGNATURE: -333792171
SIGNIFICANCE: 0.99815
LENGTH: 5
CAPACITY: 1
FLOW: 1
UNIQUE_PATHS: 1
HIERARCHY_LEVEL: 1
BUNDLE: 0.99815 5 1 4 1 1 1 0.9963
EQU CLASSES REF EQU CLASSES SIZE = 0


SEQUENCE: 754 0 4023 10428 
INDEX: SIZE = 0
ID: 16055
SIGNATURE: 1291836022
SIGNIFICANCE: 1
LENGTH: 4
CAPACITY: 6
FLOW: 1
UNIQUE_PATHS: 6
HIERARCHY_LEVEL: 1
BUNDLE: 1 4 1 6 1 1 1 1
EQU CLASSES REF (1291836022,1) 
EQU CLASSES SIZE = 1
LOCATE POINTER: 16056


SEQUENCE: 12184 6106 
INDEX: SIZE = 0
ID: 16057
SIGNATURE: 859073817
SIGNIFICANCE: 1
LENGTH: 2
CAPACITY: 1
FLOW: 1
UNIQUE_PATHS: 1
HIERARCHY_LEVEL: 1
BUNDLE: 1 28 27 49 0.471154 0.583333 1 1
EQU CLASSES REF EQU CLASSES SIZE = 0


SEQUENCE: 3437 0 12184 15407 
INDEX: SIZE = 0
ID: 16058
SIGNATURE: 1745032214
SIGNIFICANCE: 0.99815
LENGTH: 4
CAPACITY: 4
FLOW: 1
UNIQUE_PATHS: 4
HIERARCHY_LEVEL: 1
BUNDLE: 0.99815 28 25 4 1 1 1 0.9963
EQU CLASSES REF (1745032214,1) 
EQU CLASSES SIZE = 1
LOCATE POINTER: 16059


SEQUENCE: 3965 2070 8129 
INDEX: SIZE = 0
ID: 16060
SIGNATURE: -1230606846
SIGNIFICANCE: 0.990553
LENGTH: 3
CAPACITY: 1
FLOW: 1
UNIQUE_PATHS: 1
HIERARCHY_LEVEL: 1
BUNDLE: 0.990553 11 9 6 0.75 0.857143 0.984137 0.99697
EQU CLASSES REF EQU CLASSES SIZE = 0


SEQUENCE: 754 0 11217 11420 
INDEX: SIZE = 0
ID: 16061
SIGNATURE: 1517026988
SIGNIFICANCE: 0.99815
LENGTH: 4
CAPACITY: 4
FLOW: 1
UNIQUE_PATHS: 4
HIERARCHY_LEVEL: 1
BUNDLE: 0.99815 4 1 4 1 1 0.9963 1
EQU CLASSES REF (1517026988,1) 
EQU CLASSES SIZE = 1
LOCATE POINTER: 16062


SEQUENCE: 6515 3570 0 6515 3570 
INDEX: SIZE = 0
ID: 16063
SIGNATURE: -112076980
SIGNIFICANCE: 0.99998
LENGTH: 5
CAPACITY: 3
FLOW: 1
UNIQUE_PATHS: 3
HIERARCHY_LEVEL: 1
BUNDLE: 0.99998 26 22 6 1 1 0.99996 1
EQU CLASSES REF (-112076980,2) 
EQU CLASSES SIZE = 1
LOCATE POINTER: 16064


SEQUENCE: 6870 10399 11217 
INDEX: SIZE = 0
ID: 16065
SIGNATURE: -928670466
SIGNIFICANCE: 0.998485
LENGTH: 3
CAPACITY: 1
FLOW: 1
UNIQUE_PATHS: 1
HIERARCHY_LEVEL: 1
BUNDLE: 0.998485 8 6 6 0.857143 1 0.99697 1
EQU CLASSES REF EQU CLASSES SIZE = 0


SEQUENCE: 3965 6870 10389 
INDEX: SIZE = 0
ID: 16066
SIGNATURE: -1588245206
SIGNIFICANCE: 0.999948
LENGTH: 3
CAPACITY: 1
FLOW: 1
UNIQUE_PATHS: 1
HIERARCHY_LEVEL: 1
BUNDLE: 0.999948 8 6 7 0.875 1 0.999895 1
EQU CLASSES REF EQU CLASSES SIZE = 0


SEQUENCE: 5594 15696 
INDEX: SIZE = 0
ID: 16067
SIGNATURE: 1093948942
SIGNIFICANCE: 0.999762
LENGTH: 2
CAPACITY: 1
FLOW: 1
UNIQUE_PATHS: 1
HIERARCHY_LEVEL: 1
BUNDLE: 0.999762 18 17 15 0.789474 0.652174 0.999998 0.999527
EQU CLASSES REF EQU CLASSES SIZE = 0


SEQUENCE: 11217 0 15017 11245 6106 
INDEX: SIZE = 0
ID: 16068
SIGNATURE: 1671825337
SIGNIFICANCE: 0.9963
LENGTH: 5
CAPACITY: 4
FLOW: 1
UNIQUE_PATHS: 4
HIERARCHY_LEVEL: 1
BUNDLE: 0.9963 9 5 4 1 1 0.9963 0.9963
EQU CLASSES REF (1671825337,1) 
EQU CLASSES SIZE = 1
LOCATE POINTER: 16069


SEQUENCE: 12184 11245 6106 
INDEX: SIZE = 0
ID: 16070
SIGNATURE: 1747852159
SIGNIFICANCE: 0.99142
LENGTH: 3
CAPACITY: 1
FLOW: 1
UNIQUE_PATHS: 1
HIERARCHY_LEVEL: 1
BUNDLE: 0.99142 4 2 8 1 0.615385 1 0.982839
EQU CLASSES REF EQU CLASSES SIZE = 0


SEQUENCE: 8944 14649 4937 0 8944 8129 1868 
INDEX: SIZE = 0
ID: 16071
SIGNATURE: -1569154081
SIGNIFICANCE: 0.9963
LENGTH: 7
CAPACITY: 4
FLOW: 1
UNIQUE_PATHS: 4
HIERARCHY_LEVEL: 1
BUNDLE: 0.9963 9 3 4 1 1 0.9963 0.9963
EQU CLASSES REF (-1569154081,3) 
EQU CLASSES SIZE = 1
LOCATE POINTER: 16072


SEQUENCE: 4685 1918 
INDEX: SIZE = 0
ID: 16073
SIGNATURE: -1505571914
SIGNIFICANCE: 0.99815
LENGTH: 2
CAPACITY: 1
FLOW: 1
UNIQUE_PATHS: 1
HIERARCHY_LEVEL: 1
BUNDLE: 0.99815 24 23 4 0.2 1 1 0.9963
EQU CLASSES REF EQU CLASSES SIZE = 0


SEQUENCE: 8946 10631 8996 
INDEX: SIZE = 0
ID: 16074
SIGNATURE: -506316602
SIGNIFICANCE: 0.992068
LENGTH: 3
CAPACITY: 1
FLOW: 1
UNIQUE_PATHS: 1
HIERARCHY_LEVEL: 1
BUNDLE: 0.992068 9 7 6 1 0.75 1 0.984137
EQU CLASSES REF EQU CLASSES SIZE = 0


SEQUENCE: 8303 9515 
INDEX: SIZE = 0
ID: 16075
SIGNATURE: -1478895351
SIGNIFICANCE: 0.993968
LENGTH: 2
CAPACITY: 1
FLOW: 1
UNIQUE_PATHS: 1
HIERARCHY_LEVEL: 1
BUNDLE: 0.993968 3 2 10 0.666667 0.833333 0.988066 0.99987
EQU CLASSES REF EQU CLASSES SIZE = 0


SEQUENCE: 754 2499 0 
INDEX: SIZE = 0
ID: 16076
SIGNATURE: 1161708580
SIGNIFICANCE: 0.990177
LENGTH: 3
CAPACITY: 9
FLOW: 1
UNIQUE_PATHS: 9
HIERARCHY_LEVEL: 1
BUNDLE: 0.990177 3 1 40 0.470588 0.5 0.980355 1
EQU CLASSES REF (1161708580,2) 
EQU CLASSES SIZE = 1
LOCATE POINTER: 16077


SEQUENCE: 754 11420 0 3825 
INDEX: SIZE = 0
ID: 16078
SIGNATURE: 743017682
SIGNIFICANCE: 1
LENGTH: 4
CAPACITY: 6
FLOW: 1
UNIQUE_PATHS: 6
HIERARCHY_LEVEL: 1
BUNDLE: 1 4 1 6 1 1 1 1
EQU CLASSES REF (743017682,2) 
EQU CLASSES SIZE = 1
LOCATE POINTER: 16079


SEQUENCE: 754 1393 0 3965 
INDEX: SIZE = 0
ID: 16080
SIGNATURE: 926666353
SIGNIFICANCE: 0.992188
LENGTH: 4
CAPACITY: 3
FLOW: 1
UNIQUE_PATHS: 3
HIERARCHY_LEVEL: 1
BUNDLE: 0.992188 4 1 5 0.833333 0.714286 0.984375 1
EQU CLASSES REF (926666353,2) 
EQU CLASSES SIZE = 1
LOCATE POINTER: 16081


SEQUENCE: 3965 3658 
INDEX: SIZE = 0
ID: 16082
SIGNATURE: -1513555103
SIGNIFICANCE: 0.998865
LENGTH: 2
CAPACITY: 1
FLOW: 1
UNIQUE_PATHS: 1
HIERARCHY_LEVEL: 1
BUNDLE: 0.998865 16 15 84 0.517241 0.595745 0.99773 1
EQU CLASSES REF EQU CLASSES SIZE = 0


SEQUENCE: 15407 5738 
INDEX: SIZE = 0
ID: 16083
SIGNATURE: 893902039
SIGNIFICANCE: 0.998071
LENGTH: 2
CAPACITY: 1
FLOW: 1
UNIQUE_PATHS: 1
HIERARCHY_LEVEL: 1
BUNDLE: 0.998071 10 9 77 0.146667 0.244565 1 0.996142
EQU CLASSES REF EQU CLASSES SIZE = 0


SEQUENCE: 15407 13744 
INDEX: SIZE = 0
ID: 16084
SIGNATURE: 174529172
SIGNIFICANCE: 0.990204
LENGTH: 2
CAPACITY: 1
FLOW: 1
UNIQUE_PATHS: 1
HIERARCHY_LEVEL: 1
BUNDLE: 0.990204 27 26 22 0.0491071 0.444444 1 0.980409
EQU CLASSES REF EQU CLASSES SIZE = 0


SEQUENCE: 13488 0 7906 3533 3746 
INDEX: SIZE = 0
ID: 16085
SIGNATURE: -1311057953
SIGNIFICANCE: 0.99549
LENGTH: 5
CAPACITY: 2
FLOW: 1
UNIQUE_PATHS: 2
HIERARCHY_LEVEL: 1
BUNDLE: 0.99549 11 7 5 1 1 0.99954 0.99144
EQU CLASSES REF (-1311057953,1) 
EQU CLASSES SIZE = 1
LOCATE POINTER: 16086


SEQUENCE: 754 2499 0 3965 
INDEX: SIZE = 0
ID: 16087
SIGNATURE: 1164947603
SIGNIFICANCE: 1
LENGTH: 4
CAPACITY: 10
FLOW: 1
UNIQUE_PATHS: 10
HIERARCHY_LEVEL: 1
BUNDLE: 1 4 1 10 0.909091 0.833333 1 1
EQU CLASSES REF (1164947603,2) 
EQU CLASSES SIZE = 1
LOCATE POINTER: 16088


SEQUENCE: 10472 3188 11217 
INDEX: SIZE = 0
ID: 16089
SIGNATURE: -755604773
SIGNIFICANCE: 0.99863
LENGTH: 3
CAPACITY: 1
FLOW: 1
UNIQUE_PATHS: 1
HIERARCHY_LEVEL: 1
BUNDLE: 0.99863 3 1 8 1 0.727273 0.999994 0.997266
EQU CLASSES REF EQU CLASSES SIZE = 0


SEQUENCE: 960 11217 
INDEX: SIZE = 0
ID: 16090
SIGNATURE: -1469557050
SIGNIFICANCE: 0.99815
LENGTH: 2
CAPACITY: 1
FLOW: 1
UNIQUE_PATHS: 1
HIERARCHY_LEVEL: 1
BUNDLE: 0.99815 5 4 28 0.777778 1 1 0.9963
EQU CLASSES REF EQU CLASSES SIZE = 0


SEQUENCE: 0 3527 16023 
INDEX: SIZE = 0
ID: 16091
SIGNATURE: 1712606078
SIGNIFICANCE: 0.992049
LENGTH: 4
CAPACITY: 2
FLOW: 1
UNIQUE_PATHS: 2
HIERARCHY_LEVEL: 2
BUNDLE: 0.992048 4 2 6 0.75 1 0.984137 0.99996
EQU CLASSES REF (1712606078,0) 
EQU CLASSES SIZE = 1
LOCATE POINTER: 16092


SEQUENCE: 0 3372 8129 
INDEX: SIZE = 0
ID: 16093
SIGNATURE: -517234108
SIGNIFICANCE: 0.991731
LENGTH: 3
CAPACITY: 2
FLOW: 1
UNIQUE_PATHS: 2
HIERARCHY_LEVEL: 1
BUNDLE: 0.991731 4 2 17 1 0.515152 1 0.983461
EQU CLASSES REF (-517234108,0) 
EQU CLASSES SIZE = 1
LOCATE POINTER: 16094


SEQUENCE: 15407 5752 
INDEX: SIZE = 0
ID: 16095
SIGNATURE: 893902073
SIGNIFICANCE: 0.996105
LENGTH: 2
CAPACITY: 1
FLOW: 1
UNIQUE_PATHS: 1
HIERARCHY_LEVEL: 1
BUNDLE: 0.996105 14 13 29 0.0680751 0.322222 1 0.992209
EQU CLASSES REF EQU CLASSES SIZE = 0


SEQUENCE: 4584 3349 9167 3779 0 
INDEX: SIZE = 0
ID: 16096
SIGNATURE: -1538806433
SIGNIFICANCE: 0.99815
LENGTH: 5.5
CAPACITY: 2
FLOW: 1
UNIQUE_PATHS: 2
HIERARCHY_LEVEL: 1
BUNDLE: 0.99815 18 14 4 1 1 1 0.9963
EQU CLASSES REF (-1538806433,4) 
EQU CLASSES SIZE = 1
LOCATE POINTER: 16097


SEQUENCE: 754 0 11217 2939 
INDEX: SIZE = 0
ID: 16098
SIGNATURE: 1162400333
SIGNIFICANCE: 0.993868
LENGTH: 4
CAPACITY: 6
FLOW: 1
UNIQUE_PATHS: 6
HIERARCHY_LEVEL: 1
BUNDLE: 0.993868 4 1 7 0.7 0.7 0.987736 1
EQU CLASSES REF (1162400333,1) 
EQU CLASSES SIZE = 1
LOCATE POINTER: 16099


SEQUENCE: 14242 15227 
INDEX: SIZE = 0
ID: 16100
SIGNATURE: 100623465
SIGNIFICANCE: 0.99997
LENGTH: 2
CAPACITY: 1
FLOW: 1
UNIQUE_PATHS: 1
HIERARCHY_LEVEL: 1
BUNDLE: 0.99997 2 1 35 0.393258 0.0664137 0.999941 1
EQU CLASSES REF EQU CLASSES SIZE = 0


SEQUENCE: 754 11812 0 308 
INDEX: SIZE = 0
ID: 16101
SIGNATURE: 791689387
SIGNIFICANCE: 0.99977
LENGTH: 4
CAPACITY: 5
FLOW: 1
UNIQUE_PATHS: 5
HIERARCHY_LEVEL: 1
BUNDLE: 0.99977 4 1 5 1 1 0.99954 1
EQU CLASSES REF (791689387,2) 
EQU CLASSES SIZE = 1
LOCATE POINTER: 16102


SEQUENCE: 3779 16049 
INDEX: SIZE = 0
ID: 16103
SIGNATURE: 1011526930
SIGNIFICANCE: 0.994896
LENGTH: 3
CAPACITY: 1
FLOW: 1
UNIQUE_PATHS: 1
HIERARCHY_LEVEL: 2
BUNDLE: 0.994896 18 17 19 0.0859729 0.365385 1 0.989793
EQU CLASSES REF EQU CLASSES SIZE = 0


SEQUENCE: 754 3095 0 11217 
INDEX: SIZE = 0
ID: 16104
SIGNATURE: 1904759720
SIGNIFICANCE: 1
LENGTH: 4
CAPACITY: 4
FLOW: 1
UNIQUE_PATHS: 4
HIERARCHY_LEVEL: 1
BUNDLE: 1 4 1 7 1 0.636364 1 1
EQU CLASSES REF (1904759720,2) 
EQU CLASSES SIZE = 1
LOCATE POINTER: 16105


SEQUENCE: 3779 5738 
INDEX: SIZE = 0
ID: 16106
SIGNATURE: -1515678994
SIGNIFICANCE: 0.992005
LENGTH: 2
CAPACITY: 1
FLOW: 1
UNIQUE_PATHS: 1
HIERARCHY_LEVEL: 1
BUNDLE: 0.992005 13 12 39 0.193069 0.184834 1 0.984011
EQU CLASSES REF EQU CLASSES SIZE = 0


SEQUENCE: 3825 1321 0 
INDEX: SIZE = 0
ID: 16107
SIGNATURE: 1017155655
SIGNIFICANCE: 0.99996
LENGTH: 3
CAPACITY: 2
FLOW: 1
UNIQUE_PATHS: 2
HIERARCHY_LEVEL: 1
BUNDLE: 0.99996 7 5 6 1 1 0.99996 0.99996
EQU CLASSES REF (1017155655,2) 
EQU CLASSES SIZE = 1
LOCATE POINTER: 16108


SEQUENCE: 754 3138 0 11410 
INDEX: SIZE = 0
ID: 16109
SIGNATURE: 1969212998
SIGNIFICANCE: 0.99977
LENGTH: 4
CAPACITY: 3
FLOW: 1
UNIQUE_PATHS: 3
HIERARCHY_LEVEL: 1
BUNDLE: 0.99977 27 24 5 0.833333 1 1 0.99954
EQU CLASSES REF (1969212998,2) 
EQU CLASSES SIZE = 1
LOCATE POINTER: 16110


SEQUENCE: 3965 8098 8129 
INDEX: SIZE = 0
ID: 16111
SIGNATURE: -1172059971
SIGNIFICANCE: 0.99731
LENGTH: 3
CAPACITY: 1
FLOW: 1
UNIQUE_PATHS: 1
HIERARCHY_LEVEL: 1
BUNDLE: 0.99731 18 16 7 0.875 0.875 0.99731 0.99731
EQU CLASSES REF EQU CLASSES SIZE = 0


SEQUENCE: 3825 2803 0 3825 
INDEX: SIZE = 0
ID: 16112
SIGNATURE: 426361538
SIGNIFICANCE: 0.99815
LENGTH: 4
CAPACITY: 2
FLOW: 1
UNIQUE_PATHS: 2
HIERARCHY_LEVEL: 1
BUNDLE: 0.99815 4 1 4 1 1 0.9963 1
EQU CLASSES REF (426361538,2) 
EQU CLASSES SIZE = 1
LOCATE POINTER: 16113


SEQUENCE: 16052 0 1737 11217 
INDEX: SIZE = 0
ID: 16114
SIGNATURE: -1877014031
SIGNIFICANCE: 1
LENGTH: 6
CAPACITY: 8
FLOW: 0.5
UNIQUE_PATHS: 4
HIERARCHY_LEVEL: 2
BUNDLE: 1 4 1 6 1 0.857143 1 1
EQU CLASSES REF (-1877014031,1) 
EQU CLASSES SIZE = 1
LOCATE POINTER: 16115


SEQUENCE: 754 2191 0 6188 
INDEX: SIZE = 0
ID: 16116
SIGNATURE: 982136227
SIGNIFICANCE: 0.99977
LENGTH: 4
CAPACITY: 5
FLOW: 1
UNIQUE_PATHS: 5
HIERARCHY_LEVEL: 1
BUNDLE: 0.99977 4 1 5 1 1 0.99954 1
EQU CLASSES REF (982136227,2) 
EQU CLASSES SIZE = 1
LOCATE POINTER: 16117


SEQUENCE: 1032 7052 
INDEX: SIZE = 0
ID: 16118
SIGNATURE: -1550069185
SIGNIFICANCE: 0.999518
LENGTH: 2
CAPACITY: 1
FLOW: 1
UNIQUE_PATHS: 1
HIERARCHY_LEVEL: 1
BUNDLE: 0.999518 2 1 12 0.631579 0.139535 0.999037 1
EQU CLASSES REF EQU CLASSES SIZE = 0


SEQUENCE: 7052 11217 0 9863 
INDEX: SIZE = 0
ID: 16119
SIGNATURE: -2140936260
SIGNIFICANCE: 0.99998
LENGTH: 4
CAPACITY: 2
FLOW: 1
UNIQUE_PATHS: 2
HIERARCHY_LEVEL: 1
BUNDLE: 0.99998 4 1 6 1 1 1 0.99996
EQU CLASSES REF (-2140936260,2) 
EQU CLASSES SIZE = 1
LOCATE POINTER: 16120


SEQUENCE: 15407 5748 
INDEX: SIZE = 0
ID: 16121
SIGNATURE: 893902074
SIGNIFICANCE: 0.998344
LENGTH: 2
CAPACITY: 1
FLOW: 1
UNIQUE_PATHS: 1
HIERARCHY_LEVEL: 1
BUNDLE: 0.998344 27 26 49 0.123426 0.291667 1 0.996688
EQU CLASSES REF EQU CLASSES SIZE = 0


SEQUENCE: 0 7582 15444 
INDEX: SIZE = 0
ID: 16122
SIGNATURE: 1915730939
SIGNIFICANCE: 0.999999
LENGTH: 3
CAPACITY: 2
FLOW: 1
UNIQUE_PATHS: 2
HIERARCHY_LEVEL: 1
BUNDLE: 0.999999 30 28 10 0.769231 1 1 0.999999
EQU CLASSES REF (1915730939,0) 
EQU CLASSES SIZE = 1
LOCATE POINTER: 16123


SEQUENCE: 13972 10346 12335 
INDEX: SIZE = 0
ID: 16124
SIGNATURE: -805474331
SIGNIFICANCE: 0.999945
LENGTH: 3
CAPACITY: 1
FLOW: 1
UNIQUE_PATHS: 1
HIERARCHY_LEVEL: 1
BUNDLE: 0.999945 12 10 13 0.684211 0.8125 0.999896 0.999994
EQU CLASSES REF EQU CLASSES SIZE = 0


SEQUENCE: 12368 3372 14649 
INDEX: SIZE = 0
ID: 16125
SIGNATURE: -924179450
SIGNIFICANCE: 0.99815
LENGTH: 3
CAPACITY: 1
FLOW: 1
UNIQUE_PATHS: 1
HIERARCHY_LEVEL: 1
BUNDLE: 0.99815 16 14 12 1 1 1 0.9963
EQU CLASSES REF EQU CLASSES SIZE = 0
