
Scan search-Path: 1

TRAIL:  67099: ﻿ -<1000>--> (67099,1683) => [﻿,*] : 1000
 1683: * -<1001>--> (1683,21003) => [*,:] : 1001
 21003: : -<1002>--> (21003,31687) => [:,खरीफ] : 1002
 31687: खरीफ -<1003>--> (31687,53816) => [खरीफ,मौसम] : 1003
 53816: मौसम -<1004>--> (53816,30813) => [मौसम,के] : 1004
 30813: के -<1005>--> (30813,57994) => [के,विपरीत,] : 1005
 57994: विपरीत, -<1006>--> (57994,32653) => [विपरीत,,गरमा] : 1006
 32653: गरमा -<1007>--> (32653,53377) => [गरमा,में] : 1007
 53377: में -<1008>--> (53377,58927) => [में,शत-प्रतिशत] : 1008
 58927: शत-प्रतिशत -<1009>--> (58927,22871) => [शत-प्रतिशत,अधिक] : 1009
 22871: अधिक -<1010>--> (22871,27193) => [अधिक,उपजशील] : 1010
 27193: उपजशील -<1011>--> (27193,30374) => [उपजशील,किस्मों] : 1011
 30374: किस्मों -<1012>--> (30374,29608) => [किस्मों,का] : 1012
 29608: का -<1013>--> (29608,27240) => [का,उपयोग] : 1013
 27240: उपयोग -<1014>--> (27240,65998) => [उपयोग,होता] : 1014
 65998: होता -<1015>--> (65998,65369) => [होता,है.] : 1015
 65369: है. -<1016>--> (65369,0) => [है.,<EOL>] : 1016


Scan search-Path: 2

TRAIL:  1683: * -<2000>--> (1683,21003) => [*,:] : 2000
 21003: : -<2001>--> (21003,42579) => [:,नाइट्रोजन] : 2001
 42579: नाइट्रोजन -<2002>--> (42579,28232) => [नाइट्रोजन,और] : 2002
 28232: और -<2003>--> (28232,23429) => [और,अन्य] : 2003
 23429: अन्य -<2004>--> (23429,31797) => [अन्य,खादों] : 2004
 31797: खादों -<2005>--> (31797,29608) => [खादों,का] : 2005
 29608: का -<2006>--> (29608,27240) => [का,उपयोग] : 2006
 27240: उपयोग -<2007>--> (27240,50827) => [उपयोग,भी] : 2007
 50827: भी -<2008>--> (50827,31687) => [भी,खरीफ] : 2008
 31687: खरीफ -<2009>--> (31687,63225) => [खरीफ,से] : 2009
 63225: से -<2010>--> (63225,1641) => [से,(५] : 2010
 1641: (५ -<2011>--> (1641,30312) => [(५,किलोग्राम] : 2011
 30312: किलोग्राम -<2012>--> (30312,46278) => [किलोग्राम,प्रति] : 2012
 46278: प्रति -<2013>--> (46278,65782) => [प्रति,हैक्टर)] : 2013
 65782: हैक्टर) -<2014>--> (65782,28366) => [हैक्टर),कई] : 2014
 28366: कई -<2015>--> (28366,33148) => [कई,गुना] : 2015
 33148: गुना -<2016>--> (33148,22871) => [गुना,अधिक] : 2016
 22871: अधिक -<2017>--> (22871,65998) => [अधिक,होता] : 2017
 65998: होता -<2018>--> (65998,65369) => [होता,है.] : 2018
 65369: है. -<2019>--> (65369,0) => [है.,<EOL>] : 2019


Scan search-Path: 3

TRAIL:  1683: * -<3000>--> (1683,21003) => [*,:] : 3000
 21003: : -<3001>--> (21003,47406) => [:,फसल] : 3001
 47406: फसल -<3002>--> (47406,29608) => [फसल,का] : 3002
 29608: का -<3003>--> (29608,63092) => [का,सूखा,] : 3003
 63092: सूखा, -<3004>--> (63092,49155) => [सूखा,,बाढ़] : 3004
 49155: बाढ़ -<3005>--> (49155,54023) => [बाढ़,या] : 3005
 54023: या -<3006>--> (54023,49378) => [या,बीमारी] : 3006
 49378: बीमारी -<3007>--> (49378,63225) => [बीमारी,से] : 3007
 63225: से -<3008>--> (63225,52521) => [से,मारे] : 3008
 52521: मारे -<3009>--> (52521,36383) => [मारे,जाने] : 3009
 36383: जाने -<3010>--> (36383,29608) => [जाने,का] : 3010
 29608: का -<3011>--> (29608,50404) => [का,भय] : 3011
 50404: भय -<3012>--> (50404,42499) => [भय,नहीं] : 3012
 42499: नहीं -<3013>--> (42499,65998) => [नहीं,होता] : 3013
 65998: होता -<3014>--> (65998,65369) => [होता,है.] : 3014
 65369: है. -<3015>--> (65369,0) => [है.,<EOL>] : 3015


Scan search-Path: 4

TRAIL:  1683: * -<4000>--> (1683,47387) => [*,फलस्वरूप] : 4000
 47387: फलस्वरूप -<4001>--> (47387,30351) => [फलस्वरूप,किसान] : 4001
 30351: किसान -<4002>--> (30351,50827) => [किसान,भी] : 4002
 50827: भी -<4003>--> (50827,50415) => [भी,भययुक्त] : 4003
 50415: भययुक्त -<4004>--> (50415,65914) => [भययुक्त,होकर] : 4004
 65914: होकर -<4005>--> (65914,53936) => [होकर,यथोचित] : 4005
 53936: यथोचित -<4006>--> (53936,56216) => [यथोचित,लागत] : 4006
 56216: लागत -<4007>--> (56216,55928) => [लागत,लगाते] : 4007
 55928: लगाते -<4008>--> (55928,65668) => [लगाते,हैं.] : 4008
 65668: हैं. -<4009>--> (65668,0) => [हैं.,<EOL>] : 4009


Scan search-Path: 5

TRAIL:  1683: * -<5000>--> (1683,21003) => [*,:] : 5000
 21003: : -<5001>--> (21003,54011) => [:,यही] : 5001
 54011: यही -<5002>--> (54011,60998) => [यही,सब] : 5002
 60998: सब -<5003>--> (60998,29901) => [सब,कारण] : 5003
 29901: कारण -<5004>--> (29901,65609) => [कारण,हैं] : 5004
 65609: हैं -<5005>--> (65609,30135) => [हैं,कि] : 5005
 30135: कि -<5006>--> (30135,30356) => [कि,किसानों] : 5006
 30356: किसानों -<5007>--> (30356,43419) => [किसानों,ने] : 5007
 43419: ने -<5008>--> (43419,32653) => [ने,गरमा] : 5008
 32653: गरमा -<5009>--> (32653,41946) => [गरमा,धान] : 5009
 41946: धान -<5010>--> (41946,31020) => [धान,को] : 5010
 31020: को -<5011>--> (31020,49258) => [को,बिना] : 5011
 49258: बिना -<5012>--> (49258,22871) => [बिना,अधिक] : 5012
 22871: अधिक -<5013>--> (22871,46758) => [अधिक,प्रसार] : 5013
 46758: प्रसार -<5014>--> (46758,46595) => [प्रसार,प्रयासों] : 5014
 46595: प्रयासों -<5015>--> (46595,30813) => [प्रयासों,के] : 5015
 30813: के -<5016>--> (30813,50827) => [के,भी] : 5016
 50827: भी -<5017>--> (50827,64029) => [भी,स्वयं] : 5017
 64029: स्वयं -<5018>--> (64029,23522) => [स्वयं,अपनाया] : 5018
 23522: अपनाया -<5019>--> (23522,65235) => [अपनाया,है] : 5019
 65235: है -<5020>--> (65235,28232) => [है,और] : 5020
 28232: और -<5021>--> (28232,26420) => [और,इसका] : 5021
 26420: इसका -<5022>--> (26420,31503) => [इसका,क्षेत्रफल] : 5022
 31503: क्षेत्रफल -<5023>--> (31503,66616) => [क्षेत्रफल,२,००,०००] : 5023
 66616: २,००,००० -<5024>--> (66616,65781) => [२,००,०००,हैक्टर] : 5024
 65781: हैक्टर -<5025>--> (65781,38424) => [हैक्टर,तक] : 5025
 38424: तक -<5026>--> (38424,44704) => [तक,पहुंच] : 5026
 44704: पहुंच -<5027>--> (44704,32506) => [पहुंच,गया] : 5027
 32506: गया -<5028>--> (32506,65369) => [गया,है.] : 5028
 65369: है. -<5029>--> (65369,0) => [है.,<EOL>] : 5029


Scan search-Path: 6

TRAIL:  1683: * -<6000>--> (1683,21003) => [*,:] : 6000
 21003: : -<6001>--> (21003,57263) => [:,वर्तमान] : 6001
 57263: वर्तमान -<6002>--> (57263,28232) => [वर्तमान,और] : 6002
 28232: और -<6003>--> (28232,50502) => [और,भविष्य] : 6003
 50502: भविष्य -<6004>--> (50502,30813) => [भविष्य,के] : 6004
 30813: के -<6005>--> (30813,31495) => [के,क्षेत्र] : 6005
 31495: क्षेत्र -<6006>--> (31495,66255) => [क्षेत्र,१.] : 6006
 66255: १. -<6007>--> (66255,0) => [१.,<EOL>] : 6007


Scan search-Path: 7

TRAIL:  1683: * -<7000>--> (1683,26417) => [*,इस] : 7000
 26417: इस -<7001>--> (26417,61156) => [इस,समय] : 7001
 61156: समय -<7002>--> (61156,32653) => [समय,गरमा] : 7002
 32653: गरमा -<7003>--> (32653,41946) => [गरमा,धान] : 7003
 41946: धान -<7004>--> (41946,29608) => [धान,का] : 7004
 29608: का -<7005>--> (29608,22886) => [का,अधिकांश] : 7005
 22886: अधिकांश -<7006>--> (22886,31495) => [अधिकांश,क्षेत्र] : 7006
 31495: क्षेत्र -<7007>--> (31495,63508) => [क्षेत्र,सोन,गंडक] : 7007
 63508: सोन,गंडक -<7008>--> (63508,28232) => [सोन,गंडक,और] : 7008
 28232: और -<7009>--> (28232,31176) => [और,कोसी] : 7009
 31176: कोसी -<7010>--> (31176,30813) => [कोसी,के] : 7010
 30813: के -<7011>--> (30813,28723) => [के,कमांड] : 7011
 28723: कमांड -<7012>--> (28723,31497) => [कमांड,क्षेत्र,] : 7012
 31497: क्षेत्र, -<7013>--> (31497,61497) => [क्षेत्र,,सरकारी] : 7013
 61497: सरकारी -<7014>--> (61497,28232) => [सरकारी,और] : 7014
 28232: और -<7015>--> (28232,42937) => [और,निजी] : 7015
 42937: निजी -<7016>--> (42937,42395) => [निजी,नलकूपों] : 7016
 42395: नलकूपों -<7017>--> (42395,63225) => [नलकूपों,से] : 7017
 63225: से -<7018>--> (63225,62350) => [से,सिंचित] : 7018
 62350: सिंचित -<7019>--> (62350,31510) => [सिंचित,क्षेत्रों] : 7019
 31510: क्षेत्रों -<7020>--> (31510,38424) => [क्षेत्रों,तक] : 7020
 38424: तक -<7021>--> (38424,62639) => [तक,सीमित] : 7021
 62639: सीमित -<7022>--> (62639,65369) => [सीमित,है.] : 7022
 65369: है. -<7023>--> (65369,0) => [है.,<EOL>] : 7023


Scan search-Path: 8

TRAIL:  1683: * -<8000>--> (1683,21003) => [*,:] : 8000
 21003: : -<8001>--> (21003,62221) => [:,सारणी] : 8001
 62221: सारणी -<8002>--> (62221,66239) => [सारणी,१] : 8002
 66239: १ -<8003>--> (66239,1775) => [१,-धान] : 8003
 1775: -धान -<8004>--> (1775,30813) => [-धान,के] : 8004
 30813: के -<8005>--> (30813,53816) => [के,मौसम] : 8005
 53816: मौसम -<8006>--> (53816,53377) => [मौसम,में] : 8006
 53377: में -<8007>--> (53377,57278) => [में,वर्ष] : 8007
 57278: वर्ष -<8008>--> (57278,66596) => [वर्ष,१९८३] : 8008
 66596: १९८३ -<8009>--> (66596,28232) => [१९८३,और] : 8009
 28232: और -<8010>--> (28232,66899) => [और,४८] : 8010
 66899: ४८ -<8011>--> (66899,57278) => [४८,वर्ष] : 8011
 57278: वर्ष -<8012>--> (57278,30381) => [वर्ष,की] : 8012
 30381: की -<8013>--> (30381,28308) => [की,औसत] : 8013
 28308: औसत -<8014>--> (28308,57285) => [औसत,वर्षा] : 8014
 57285: वर्षा -<8015>--> (57285,1275) => [वर्षा,(मि.मी.)] : 8015
 1275: (मि.मी.) -<8016>--> (1275,30381) => [(मि.मी.),की] : 8016
 30381: की -<8017>--> (30381,39096) => [की,तुलना] : 8017
 39096: तुलना -<8018>--> (39096,920) => [तुलना,(कृषि] : 8018
 920: (कृषि -<8019>--> (920,23462) => [(कृषि,अन्वेषणालय,] : 8019
 23462: अन्वेषणालय, -<8020>--> (23462,43802) => [अन्वेषणालय,,पटना] : 8020
 43802: पटना -<8021>--> (43802,30813) => [पटना,के] : 8021
 30813: के -<8022>--> (30813,24861) => [के,आंकड़े).] : 8022
 24861: आंकड़े). -<8023>--> (24861,0) => [आंकड़े).,<EOL>] : 8023


Scan search-Path: 9

TRAIL:  1683: * -<9000>--> (1683,21003) => [*,:] : 9000
 21003: : -<9001>--> (21003,51345) => [:,मई] : 9001
 51345: मई -<9002>--> (51345,66996) => [मई,६७.८] : 9002
 66996: ६७.८ -<9003>--> (66996,66813) => [६७.८,३४.८] : 9003
 66813: ३४.८ -<9004>--> (66813,36835) => [३४.८,जून] : 9004
 36835: जून -<9005>--> (36835,66337) => [जून,१२५.०] : 9005
 66337: १२५.० -<9006>--> (66337,66355) => [१२५.०,१३५.९] : 9006
 66355: १३५.९ -<9007>--> (66355,36801) => [१३५.९,जुलाई] : 9007
 36801: जुलाई -<9008>--> (36801,66747) => [जुलाई,२८४.३] : 9008
 66747: २८४.३ -<9009>--> (66747,66785) => [२८४.३,३००.५] : 9009
 66785: ३००.५ -<9010>--> (66785,22435) => [३००.५,अगस्त] : 9010
 22435: अगस्त -<9011>--> (22435,66370) => [अगस्त,१४७.९] : 9011
 66370: १४७.९ -<9012>--> (66370,66752) => [१४७.९,२९१.५] : 9012
 66752: २९१.५ -<9013>--> (66752,0) => [२९१.५,<EOL>] : 9013


Scan search-Path: 10

TRAIL:  1683: * -<10000>--> (1683,21003) => [*,:] : 10000
 21003: : -<10001>--> (21003,62423) => [:,सितम्बर] : 10001
 62423: सितम्बर -<10002>--> (62423,66354) => [सितम्बर,१३५.७] : 10002
 66354: १३५.७ -<10003>--> (66354,66673) => [१३५.७,२०९.८] : 10003
 66673: २०९.८ -<10004>--> (66673,22348) => [२०९.८,अक्टूबर] : 10004
 22348: अक्टूबर -<10005>--> (22348,67026) => [अक्टूबर,७४.१] : 10005
 67026: ७४.१ -<10006>--> (67026,67039) => [७४.१,७७.८] : 10006
 67039: ७७.८ -<10007>--> (67039,42418) => [७७.८,नवम्बर] : 10007
 42418: नवम्बर -<10008>--> (42418,66222) => [नवम्बर,०.०] : 10008
 66222: ०.० -<10009>--> (66222,66917) => [०.०,५.७] : 10009
 66917: ५.७ -<10010>--> (66917,40763) => [५.७,दिसम्बर] : 10010
 40763: दिसम्बर -<10011>--> (40763,66858) => [दिसम्बर,४.८] : 10011
 66858: ४.८ -<10012>--> (66858,66636) => [४.८,२.५] : 10012
 66636: २.५ -<10013>--> (66636,1719) => [२.५,---------------------------------------------------------------------] : 10013
 1719: --------------------------------------------------------------------- -<10014>--> (1719,66633) => [---------------------------------------------------------------------,२.इसके] : 10014
 66633: २.इसके -<10015>--> (66633,22727) => [२.इसके,अतिरिक्त,] : 10015
 22727: अतिरिक्त, -<10016>--> (22727,0) => [अतिरिक्त,,<EOL>] : 10016


Scan search-Path: 11

TRAIL:  1683: * -<11000>--> (1683,21003) => [*,:] : 11000
 21003: : -<11001>--> (21003,23315) => [:,अनेक] : 11001
 23315: अनेक -<11002>--> (23315,28103) => [अनेक,ऐसे] : 11002
 28103: ऐसे -<11003>--> (28103,31495) => [ऐसे,क्षेत्र] : 11003
 31495: क्षेत्र -<11004>--> (31495,65609) => [क्षेत्र,हैं] : 11004
 65609: हैं -<11005>--> (65609,36556) => [हैं,जिनमें] : 11005
 36556: जिनमें -<11006>--> (36556,31687) => [जिनमें,खरीफ] : 11006
 31687: खरीफ -<11007>--> (31687,30813) => [खरीफ,के] : 11007
 30813: के -<11008>--> (30813,48949) => [के,बाद] : 11008
 48949: बाद -<11009>--> (48949,54578) => [बाद,रबी] : 11009
 54578: रबी -<11010>--> (54578,47406) => [रबी,फसल] : 11010
 47406: फसल -<11011>--> (47406,53377) => [फसल,में] : 11011
 53377: में -<11012>--> (53377,49404) => [में,बुआई] : 11012
 49404: बुआई -<11013>--> (49404,42499) => [बुआई,नहीं] : 11013
 42499: नहीं -<11014>--> (42499,65822) => [नहीं,हो] : 11014
 65822: हो -<11015>--> (65822,44919) => [हो,पाती,क्योंकि] : 11015
 44919: पाती,क्योंकि -<11016>--> (44919,27112) => [पाती,क्योंकि,उनमें] : 11016
 27112: उनमें -<11017>--> (27112,27754) => [उनमें,एकत्र] : 11017
 27754: एकत्र -<11018>--> (27754,44947) => [एकत्र,पानी] : 11018
 44947: पानी -<11019>--> (44947,40763) => [पानी,दिसम्बर] : 11019
 40763: दिसम्बर -<11020>--> (40763,30813) => [दिसम्बर,के] : 11020
 30813: के -<11021>--> (30813,48949) => [के,बाद] : 11021
 48949: बाद -<11022>--> (48949,63087) => [बाद,सूखता] : 11022
 63087: सूखता -<11023>--> (63087,65369) => [सूखता,है.] : 11023
 65369: है. -<11024>--> (65369,0) => [है.,<EOL>] : 11024


Scan search-Path: 12

TRAIL:  1683: * -<12000>--> (1683,21003) => [*,:] : 12000
 21003: : -<12001>--> (21003,26266) => [:,इन] : 12001
 26266: इन -<12002>--> (26266,31510) => [इन,क्षेत्रों] : 12002
 31510: क्षेत्रों -<12003>--> (31510,53377) => [क्षेत्रों,में] : 12003
 53377: में -<12004>--> (53377,32653) => [में,गरमा] : 12004
 32653: गरमा -<12005>--> (32653,41946) => [गरमा,धान] : 12005
 41946: धान -<12006>--> (41946,30381) => [धान,की] : 12006
 30381: की -<12007>--> (30381,27727) => [की,एक] : 12007
 27727: एक -<12008>--> (27727,22543) => [एक,अच्छी] : 12008
 22543: अच्छी -<12009>--> (22543,47406) => [अच्छी,फसल] : 12009
 47406: फसल -<12010>--> (47406,56516) => [फसल,ली] : 12010
 56516: ली -<12011>--> (56516,36111) => [ली,जा] : 12011
 36111: जा -<12012>--> (36111,60558) => [जा,सकती] : 12012
 60558: सकती -<12013>--> (60558,65369) => [सकती,है.] : 12013
 65369: है. -<12014>--> (65369,0) => [है.,<EOL>] : 12014


Scan search-Path: 13

Scan search-Path: 14

TRAIL:  1683: * -<14000>--> (1683,40362) => [*,दस] : 14000
 40362: दस -<14001>--> (40362,63225) => [दस,से] : 14001
 63225: से -<14002>--> (63225,49385) => [से,बीस] : 14002
 49385: बीस -<14003>--> (49385,62250) => [बीस,साल] : 14003
 62250: साल -<14004>--> (62250,65781) => [साल,हैक्टर] : 14004
 65781: हैक्टर -<14005>--> (65781,53377) => [हैक्टर,में] : 14005
 53377: में -<14006>--> (53377,64433) => [में,हर] : 14006
 64433: हर -<14007>--> (64433,56209) => [हर,लाख] : 14007
 56209: लाख -<14008>--> (56209,50243) => [लाख,बढ़] : 14008
 50243: बढ़ -<14009>--> (50243,25239) => [बढ़,आती] : 14009
 25239: आती -<14010>--> (25239,65369) => [आती,है.] : 14010
 65369: है. -<14011>--> (65369,0) => [है.,<EOL>] : 14011


Scan search-Path: 15

TRAIL:  1683: * -<15000>--> (1683,67101) => [*,] : 15000
 67101:  -<15001>--> (67101,36902) => [,जो] : 15001
 36902: जो -<15002>--> (36902,30135) => [जो,कि] : 15002
 30135: कि -<15003>--> (30135,42926) => [कि,निचले] : 15003
 42926: निचले -<15004>--> (42926,31510) => [निचले,क्षेत्रों] : 15004
 31510: क्षेत्रों -<15005>--> (31510,53377) => [क्षेत्रों,में] : 15005
 53377: में -<15006>--> (53377,63828) => [में,स्थित] : 15006
 63828: स्थित -<15007>--> (63828,65254) => [स्थित,है,] : 15007
 65254: है, -<15008>--> (65254,62348) => [है,,सिंचाई] : 15008
 62348: सिंचाई -<15009>--> (62348,29608) => [सिंचाई,का] : 15009
 29608: का -<15010>--> (29608,46523) => [का,प्रबंध] : 15010
 46523: प्रबंध -<15011>--> (46523,28797) => [प्रबंध,करके] : 15011
 28797: करके -<15012>--> (28797,32653) => [करके,गरमा] : 15012
 32653: गरमा -<15013>--> (32653,41946) => [गरमा,धान] : 15013
 41946: धान -<15014>--> (41946,30381) => [धान,की] : 15014
 30381: की -<15015>--> (30381,47406) => [की,फसल] : 15015
 47406: फसल -<15016>--> (47406,56516) => [फसल,ली] : 15016
 56516: ली -<15017>--> (56516,36111) => [ली,जा] : 15017
 36111: जा -<15018>--> (36111,60558) => [जा,सकती] : 15018
 60558: सकती -<15019>--> (60558,65369) => [सकती,है.] : 15019
 65369: है. -<15020>--> (65369,0) => [है.,<EOL>] : 15020


Scan search-Path: 16

TRAIL:  1683: * -<16000>--> (1683,21003) => [*,:] : 16000
 21003: : -<16001>--> (21003,26280) => [:,इनमें] : 16001
 26280: इनमें -<16002>--> (26280,52543) => [इनमें,मार्च] : 16002
 52543: मार्च -<16003>--> (52543,63225) => [मार्च,से] : 16003
 63225: से -<16004>--> (63225,36835) => [से,जून] : 16004
 36835: जून -<16005>--> (36835,38424) => [जून,तक] : 16005
 38424: तक -<16006>--> (38424,32653) => [तक,गरमा] : 16006
 32653: गरमा -<16007>--> (32653,41946) => [गरमा,धान] : 16007
 41946: धान -<16008>--> (41946,30381) => [धान,की] : 16008
 30381: की -<16009>--> (30381,27727) => [की,एक] : 16009
 27727: एक -<16010>--> (27727,22543) => [एक,अच्छी] : 16010
 22543: अच्छी -<16011>--> (22543,47406) => [अच्छी,फसल] : 16011
 47406: फसल -<16012>--> (47406,56516) => [फसल,ली] : 16012
 56516: ली -<16013>--> (56516,67103) => [ली,] : 16013
 67103:  -<16014>--> (67103,65369) => [,है.] : 16014
 65369: है. -<16015>--> (65369,0) => [है.,<EOL>] : 16015


Scan search-Path: 17

TRAIL:  1683: * -<17000>--> (1683,21003) => [*,:] : 17000
 21003: : -<17001>--> (21003,26417) => [:,इस] : 17001
 26417: इस -<17002>--> (26417,46133) => [इस,प्रकार] : 17002
 46133: प्रकार -<17003>--> (46133,30351) => [प्रकार,किसान] : 17003
 30351: किसान -<17004>--> (30351,27727) => [किसान,एक] : 17004
 27727: एक -<17005>--> (27727,25341) => [एक,आदर्श] : 17005
 25341: आदर्श -<17006>--> (25341,38995) => [आदर्श,तीन] : 17006
 38995: तीन -<17007>--> (38995,47410) => [तीन,फसली] : 17007
 47410: फसली -<17008>--> (47410,47406) => [फसली,फसल] : 17008
 47406: फसल -<17009>--> (47406,34084) => [फसल,चक्र] : 17009
 34084: चक्र -<17010>--> (34084,23512) => [चक्र,अपनाकर] : 17010
 23512: अपनाकर -<17011>--> (23512,22876) => [अपनाकर,अधिकतम] : 17011
 22876: अधिकतम -<17012>--> (22876,45945) => [अधिकतम,पैदावार] : 17012
 45945: पैदावार -<17013>--> (45945,46894) => [पैदावार,प्राप्त] : 17013
 46894: प्राप्त -<17014>--> (46894,28783) => [प्राप्त,कर] : 17014
 28783: कर -<17015>--> (28783,60572) => [कर,सकते] : 17015
 60572: सकते -<17016>--> (60572,65668) => [सकते,हैं.] : 17016
 65668: हैं. -<17017>--> (65668,0) => [हैं.,<EOL>] : 17017


Scan search-Path: 18

Scan search-Path: 19

TRAIL:  1683: * -<19000>--> (1683,32273) => [*,गंगा] : 19000
 32273: गंगा -<19001>--> (32273,28232) => [गंगा,और] : 19001
 28232: और -<19002>--> (28232,31176) => [और,कोसी] : 19002
 31176: कोसी -<19003>--> (31176,42294) => [कोसी,नदियों] : 19003
 42294: नदियों -<19004>--> (42294,29608) => [नदियों,का] : 19004
 29608: का -<19005>--> (29608,40674) => [का,दियारा] : 19005
 40674: दियारा -<19006>--> (40674,31495) => [दियारा,क्षेत्र] : 19006
 31495: क्षेत्र -<19007>--> (31495,36101) => [क्षेत्र,जहां] : 19007
 36101: जहां -<19008>--> (36101,31687) => [जहां,खरीफ] : 19008
 31687: खरीफ -<19009>--> (31687,30381) => [खरीफ,की] : 19009
 30381: की -<19010>--> (30381,47406) => [की,फसल] : 19010
 47406: फसल -<19011>--> (47406,49157) => [फसल,बाढ़ग्रस्त] : 19011
 49157: बाढ़ग्रस्त -<19012>--> (49157,66046) => [बाढ़ग्रस्त,होने] : 19012
 66046: होने -<19013>--> (66046,63225) => [होने,से] : 19013
 63225: से -<19014>--> (63225,23117) => [से,अनिश्चित] : 19014
 23117: अनिश्चित -<19015>--> (23117,65235) => [अनिश्चित,है] : 19015
 65235: है -<19016>--> (65235,38512) => [है,तथा] : 19016
 38512: तथा -<19017>--> (38512,50969) => [तथा,भूमि] : 19017
 50969: भूमि -<19018>--> (50969,35991) => [भूमि,जल] : 19018
 35991: जल -<19019>--> (35991,63727) => [जल,स्तर] : 19019
 63727: स्तर -<19020>--> (63727,27624) => [स्तर,ऊंचा] : 19020
 27624: ऊंचा -<19021>--> (27624,66046) => [ऊंचा,होने] : 19021
 66046: होने -<19022>--> (66046,30813) => [होने,के] : 19022
 30813: के -<19023>--> (30813,29901) => [के,कारण] : 19023
 29901: कारण -<19024>--> (29901,48848) => [कारण,बांस] : 19024
 48848: बांस -<19025>--> (48848,49728) => [बांस,बेरिंग] : 19025
 49728: बेरिंग -<19026>--> (49728,63225) => [बेरिंग,से] : 19026
 63225: से -<19027>--> (63225,62409) => [से,सिचाई] : 19027
 62409: सिचाई -<19028>--> (62409,62987) => [सिचाई,सुलभ] : 19028
 62987: सुलभ -<19029>--> (62987,65369) => [सुलभ,है.] : 19029
 65369: है. -<19030>--> (65369,0) => [है.,<EOL>] : 19030


Scan search-Path: 20

TRAIL:  1683: * -<20000>--> (1683,21003) => [*,:] : 20000
 21003: : -<20001>--> (21003,22742) => [:,अतीत] : 20001
 22742: अतीत -<20002>--> (22742,63225) => [अतीत,से] : 20002
 63225: से -<20003>--> (63225,57263) => [से,वर्तमान] : 20003
 57263: वर्तमान -<20004>--> (57263,38424) => [वर्तमान,तक] : 20004
 38424: तक -<20005>--> (38424,49309) => [तक,बिहार] : 20005
 49309: बिहार -<20006>--> (49309,53377) => [बिहार,में] : 20006
 53377: में -<20007>--> (53377,32653) => [में,गरमा] : 20007
 32653: गरमा -<20008>--> (32653,41946) => [गरमा,धान] : 20008
 41946: धान -<20009>--> (41946,30381) => [धान,की] : 20009
 30381: की -<20010>--> (30381,32089) => [की,खेती] : 20010
 32089: खेती -<20011>--> (32089,29608) => [खेती,का] : 20011
 29608: का -<20012>--> (29608,46919) => [का,प्रारंभ] : 20012
 46919: प्रारंभ -<20013>--> (46919,57278) => [प्रारंभ,वर्ष] : 20013
 57278: वर्ष -<20014>--> (57278,66559) => [वर्ष,१९६६] : 20014
 66559: १९६६ -<20015>--> (66559,30813) => [१९६६,के] : 20015
 30813: के -<20016>--> (30813,25983) => [के,आस-~पास] : 20016
 25983: आस-~पास -<20017>--> (25983,64997) => [आस-~पास,हुआ] : 20017
 64997: हुआ -<20018>--> (64997,48179) => [हुआ,बताया] : 20018
 48179: बताया -<20019>--> (48179,36261) => [बताया,जाता] : 20019
 36261: जाता -<20020>--> (36261,65235) => [जाता,है] : 20020
 65235: है -<20021>--> (65235,36614) => [है,जिस] : 20021
 36614: जिस -<20022>--> (36614,61156) => [जिस,समय] : 20022
 61156: समय -<20023>--> (61156,663) => [समय,'ताइचुंग] : 20023
 663: 'ताइचुंग -<20024>--> (663,43439) => ['ताइचुंग,नेटिव.'] : 20024
 43439: नेटिव.' -<20025>--> (43439,42709) => [नेटिव.',नामक] : 20025
 42709: नामक -<20026>--> (42709,30368) => [नामक,किस्म] : 20026
 30368: किस्म -<20027>--> (30368,25626) => [किस्म,आयातित] : 20027
 25626: आयातित -<20028>--> (25626,30381) => [आयातित,की] : 20028
 30381: की -<20029>--> (30381,32323) => [की,गई] : 20029
 32323: गई -<20030>--> (32323,39780) => [गई,थी.] : 20030
 39780: थी. -<20031>--> (39780,0) => [थी.,<EOL>] : 20031


Scan search-Path: 21

TRAIL:  1683: * -<21000>--> (1683,21003) => [*,:] : 21000
 21003: : -<21001>--> (21003,27503) => [:,उसके] : 21001
 27503: उसके -<21002>--> (27503,45155) => [उसके,पिछले] : 21002
 45155: पिछले -<21003>--> (45155,35344) => [पिछले,छिटपुट] : 21003
 35344: छिटपुट -<21004>--> (35344,55438) => [छिटपुट,रूप] : 21004
 55438: रूप -<21005>--> (55438,63225) => [रूप,से] : 21005
 63225: से -<21006>--> (63225,28506) => [से,कतिपय] : 21006
 28506: कतिपय -<21007>--> (28506,62773) => [कतिपय,सुधरी] : 21007
 62773: सुधरी -<21008>--> (62773,30372) => [सुधरी,किस्में] : 21008
 30372: किस्में -<21009>--> (30372,36889) => [किस्में,जैसे] : 21009
 36889: जैसे -<21010>--> (36889,632) => [जैसे,'एन.सी.] : 21010
 632: 'एन.सी. -<21011>--> (632,0) => ['एन.सी.,<EOL>] : 21011


Scan search-Path: 22

TRAIL:  1683: * -<22000>--> (1683,66413) => [*,१६२६'] : 22000
 66413: १६२६' -<22001>--> (66413,36101) => [१६२६',जहां] : 22001
 36101: जहां -<22002>--> (36101,38790) => [जहां,तहां] : 22002
 38790: तहां -<22003>--> (38790,32653) => [तहां,गरमा] : 22003
 32653: गरमा -<22004>--> (32653,53377) => [गरमा,में] : 22004
 53377: में -<22005>--> (53377,26616) => [में,उगाई] : 22005
 26616: उगाई -<22006>--> (26616,36301) => [उगाई,जाती] : 22006
 36301: जाती -<22007>--> (36301,39888) => [जाती,थीं.] : 22007
 39888: थीं. -<22008>--> (39888,0) => [थीं.,<EOL>] : 22008


Scan search-Path: 23

TRAIL:  1683: * -<23000>--> (1683,21003) => [*,:] : 23000
 21003: : -<23001>--> (21003,27095) => [:,उनकी] : 23001
 27095: उनकी -<23002>--> (27095,27190) => [उनकी,उपज] : 23002
 27190: उपज -<23003>--> (27190,31464) => [उपज,क्षमता] : 23003
 31464: क्षमता -<23004>--> (31464,64947) => [क्षमता,ही] : 23004
 64947: ही -<23005>--> (64947,28686) => [ही,कम] : 23005
 28686: कम -<23006>--> (28686,39747) => [कम,थी] : 23006
 39747: थी -<23007>--> (39747,22691) => [थी,अतः] : 23007
 22691: अतः -<23008>--> (22691,32653) => [अतः,गरमा] : 23008
 32653: गरमा -<23009>--> (32653,32089) => [गरमा,खेती] : 23009
 32089: खेती -<23010>--> (32089,63225) => [खेती,से] : 23010
 63225: से -<23011>--> (63225,31039) => [से,कोई] : 23011
 31039: कोई -<23012>--> (31039,22871) => [कोई,अधिक] : 23012
 22871: अधिक -<23013>--> (22871,56270) => [अधिक,लाभ] : 23013
 56270: लाभ -<23014>--> (56270,42499) => [लाभ,नहीं] : 23014
 42499: नहीं -<23015>--> (42499,52736) => [नहीं,मिल] : 23015
 52736: मिल -<23016>--> (52736,44984) => [मिल,पाया] : 23016
 44984: पाया -<23017>--> (44984,39531) => [पाया,था.] : 23017
 39531: था. -<23018>--> (39531,0) => [था.,<EOL>] : 23018


Scan search-Path: 24

TRAIL:  1683: * -<24000>--> (1683,21003) => [*,:] : 24000
 21003: : -<24001>--> (21003,663) => [:,'ताइचुंग] : 24001
 663: 'ताइचुंग -<24002>--> (663,43439) => ['ताइचुंग,नेटिव.'] : 24002
 43439: नेटिव.' -<24003>--> (43439,30813) => [नेटिव.',के] : 24003
 30813: के -<24004>--> (30813,48949) => [के,बाद] : 24004
 48949: बाद -<24005>--> (48949,64947) => [बाद,ही] : 24005
 64947: ही -<24006>--> (64947,32653) => [ही,गरमा] : 24006
 32653: गरमा -<24007>--> (32653,30381) => [गरमा,की] : 24007
 30381: की -<24008>--> (30381,32089) => [की,खेती] : 24008
 32089: खेती -<24009>--> (32089,53377) => [खेती,में] : 24009
 53377: में -<24010>--> (53377,32701) => [में,गर्मजोशी] : 24010
 32701: गर्मजोशी -<24011>--> (32701,24940) => [गर्मजोशी,आई.] : 24011
 24940: आई. -<24012>--> (24940,0) => [आई.,<EOL>] : 24012


Scan search-Path: 25

TRAIL:  1683: * -<25000>--> (1683,42190) => [*,नई] : 25000
 42190: नई -<25001>--> (42190,28232) => [नई,और] : 25001
 28232: और -<25002>--> (28232,22871) => [और,अधिक] : 25002
 22871: अधिक -<25003>--> (22871,27193) => [अधिक,उपजशील] : 25003
 27193: उपजशील -<25004>--> (27193,22448) => [उपजशील,अगेती] : 25004
 22448: अगेती -<25005>--> (22448,30372) => [अगेती,किस्में] : 25005
 30372: किस्में -<25006>--> (30372,36889) => [किस्में,जैसे] : 25006
 36889: जैसे -<25007>--> (36889,683) => [जैसे,'बाला,] : 25007
 683: 'बाला, -<25008>--> (683,641) => ['बाला,,'कावेरी,'पूसा] : 25008
 641: 'कावेरी,'पूसा -<25009>--> (641,66626) => ['कावेरी,'पूसा,२-२'] : 25009
 66626: २-२' -<25010>--> (66626,715) => [२-२','सी.आर.] : 25010
 715: 'सी.आर. -<25011>--> (715,0) => ['सी.आर.,<EOL>] : 25011


Scan search-Path: 26

TRAIL:  1683: * -<26000>--> (1683,21003) => [*,:] : 26000
 21003: : -<26001>--> (21003,62849) => [:,सुनिश्चित] : 26001
 62849: सुनिश्चित -<26002>--> (62849,28232) => [सुनिश्चित,और] : 26002
 28232: और -<26003>--> (28232,22543) => [और,अच्छी] : 26003
 22543: अच्छी -<26004>--> (22543,45945) => [अच्छी,पैदावार] : 26004
 45945: पैदावार -<26005>--> (45945,57589) => [पैदावार,वाली] : 26005
 57589: वाली -<26006>--> (57589,26417) => [वाली,इस] : 26006
 26417: इस -<26007>--> (26417,46263) => [इस,प्रणाली] : 26007
 46263: प्रणाली -<26008>--> (46263,31020) => [प्रणाली,को] : 26008
 31020: को -<26009>--> (31020,22871) => [को,अधिक] : 26009
 22871: अधिक -<26010>--> (22871,46219) => [अधिक,प्रचार-प्रसार] : 26010
 46219: प्रचार-प्रसार -<26011>--> (46219,30381) => [प्रचार-प्रसार,की] : 26011
 30381: की -<26012>--> (30381,25887) => [की,आवश्यकता] : 26012
 25887: आवश्यकता -<26013>--> (25887,42499) => [आवश्यकता,नहीं] : 26013
 42499: नहीं -<26014>--> (42499,47150) => [नहीं,पड़ी.] : 26014
 47150: पड़ी. -<26015>--> (47150,0) => [पड़ी.,<EOL>] : 26015


Scan search-Path: 27

TRAIL:  1683: * -<27000>--> (1683,21003) => [*,:] : 27000
 21003: : -<27001>--> (21003,52543) => [:,मार्च] : 27001
 52543: मार्च -<27002>--> (52543,30813) => [मार्च,के] : 27002
 30813: के -<27003>--> (30813,46443) => [के,प्रथम] : 27003
 46443: प्रथम -<27004>--> (46443,43739) => [प्रथम,पखवारे] : 27004
 43739: पखवारे -<27005>--> (43739,53377) => [पखवारे,में] : 27005
 53377: में -<27006>--> (53377,42329) => [में,नम] : 27006
 42329: नम -<27007>--> (42329,57933) => [नम,विधि] : 27007
 57933: विधि -<27008>--> (57933,63225) => [विधि,से] : 27008
 63225: से -<27009>--> (63225,46059) => [से,पौद] : 27009
 46059: पौद -<27010>--> (46059,55909) => [पौद,लगाइये.] : 27010
 55909: लगाइये. -<27011>--> (55909,0) => [लगाइये.,<EOL>] : 27011


Scan search-Path: 28

TRAIL:  1683: * -<28000>--> (1683,35858) => [*,जब] : 28000
 35858: जब -<28001>--> (35858,53979) => [जब,यह] : 28001
 53979: यह -<28002>--> (53979,46059) => [यह,पौद] : 28002
 46059: पौद -<28003>--> (46059,66777) => [पौद,३०-३५] : 28003
 66777: ३०-३५ -<28004>--> (66777,40596) => [३०-३५,दिन] : 28004
 40596: दिन -<28005>--> (40596,30381) => [दिन,की] : 28005
 30381: की -<28006>--> (30381,65822) => [की,हो] : 28006
 65822: हो -<28007>--> (65822,36408) => [हो,जाय] : 28007
 36408: जाय -<28008>--> (36408,39207) => [जाय,तो] : 28008
 39207: तो -<28009>--> (39207,41533) => [तो,दो] : 28009
 41533: दो -<28010>--> (41533,1771) => [दो,-तीन] : 28010
 1771: -तीन -<28011>--> (1771,46059) => [-तीन,पौद] : 28011
 46059: पौद -<28012>--> (46059,27730) => [पौद,एक-एक] : 28012
 27730: एक-एक -<28013>--> (27730,63782) => [एक-एक,स्थान] : 28013
 63782: स्थान -<28014>--> (63782,44080) => [स्थान,पर] : 28014
 44080: पर -<28015>--> (44080,66651) => [पर,२०] : 28015
 66651: २० -<28016>--> (66651,63243) => [२०,सें.] : 28016
 63243: सें. -<28017>--> (63243,0) => [सें.,<EOL>] : 28017


Scan search-Path: 29

TRAIL:  1683: * -<29000>--> (1683,21003) => [*,:] : 29000
 21003: : -<29001>--> (21003,42579) => [:,नाइट्रोजन] : 29001
 42579: नाइट्रोजन -<29002>--> (42579,30381) => [नाइट्रोजन,की] : 29002
 30381: की -<29003>--> (30381,59651) => [की,शेष] : 29003
 59651: शेष -<29004>--> (59651,52308) => [शेष,मात्रा] : 29004
 52308: मात्रा -<29005>--> (52308,30381) => [मात्रा,की] : 29005
 30381: की -<29006>--> (30381,25405) => [की,आधी] : 29006
 25405: आधी -<29007>--> (25405,55725) => [आधी,रोपाई] : 29007
 55725: रोपाई -<29008>--> (55725,30813) => [रोपाई,के] : 29008
 30813: के -<29009>--> (30813,27727) => [के,एक] : 29009
 27727: एक -<29010>--> (27727,52617) => [एक,माह] : 29010
 52617: माह -<29011>--> (52617,30813) => [माह,के] : 29011
 30813: के -<29012>--> (30813,48949) => [के,बाद] : 29012
 48949: बाद -<29013>--> (48949,38512) => [बाद,तथा] : 29013
 38512: तथा -<29014>--> (38512,25405) => [तथा,आधी] : 29014
 25405: आधी -<29015>--> (25405,27503) => [आधी,उसके] : 29015
 27503: उसके -<29016>--> (27503,66651) => [उसके,२०] : 29016
 66651: २० -<29017>--> (66651,40596) => [२०,दिन] : 29017
 40596: दिन -<29018>--> (40596,30813) => [दिन,के] : 29018
 30813: के -<29019>--> (30813,48949) => [के,बाद] : 29019
 48949: बाद -<29020>--> (48949,41179) => [बाद,दें.] : 29020
 41179: दें. -<29021>--> (41179,0) => [दें.,<EOL>] : 29021


Scan search-Path: 30

TRAIL:  1683: * -<30000>--> (1683,21003) => [*,:] : 30000
 21003: : -<30001>--> (21003,30357) => [:,किसी] : 30001
 30357: किसी -<30002>--> (30357,58206) => [किसी,विशेष] : 30002
 58206: विशेष -<30003>--> (58206,30492) => [विशेष,कीड़े] : 30003
 30492: कीड़े -<30004>--> (30492,54023) => [कीड़े,या] : 30004
 54023: या -<30005>--> (54023,49378) => [या,बीमारी] : 30005
 49378: बीमारी -<30006>--> (49378,29608) => [बीमारी,का] : 30006
 29608: का -<30007>--> (29608,46180) => [का,प्रकोप] : 30007
 46180: प्रकोप -<30008>--> (46180,42499) => [प्रकोप,नहीं] : 30008
 42499: नहीं -<30009>--> (42499,65998) => [नहीं,होता] : 30009
 65998: होता -<30010>--> (65998,65369) => [होता,है.] : 30010
 65369: है. -<30011>--> (65369,0) => [है.,<EOL>] : 30011


Scan search-Path: 31

TRAIL:  1683: * -<31000>--> (1683,31658) => [*,खरपतवार] : 31000
 31658: खरपतवार -<31001>--> (31658,29608) => [खरपतवार,का] : 31001
 29608: का -<31002>--> (29608,43028) => [का,नियंत्रण] : 31002
 43028: नियंत्रण -<31003>--> (43028,29008) => [नियंत्रण,करें] : 31003
 29008: करें -<31004>--> (29008,43087) => [करें,निराई] : 31004
 43087: निराई -<31005>--> (43087,28797) => [निराई,करके] : 31005
 28797: करके -<31006>--> (28797,22794) => [करके,अथवा] : 31006
 22794: अथवा -<31007>--> (22794,62509) => [अथवा,सियिनों] : 31007
 62509: सियिनों -<31008>--> (62509,63225) => [सियिनों,से] : 31008
 63225: से -<31009>--> (63225,66239) => [से,१] : 31009
 66239: १ -<31010>--> (66239,49093) => [१,बाली] : 31010
 49093: बाली -<31011>--> (49093,42849) => [बाली,निकलने] : 31011
 42849: निकलने -<31012>--> (42849,30813) => [निकलने,के] : 31012
 30813: के -<31013>--> (30813,66716) => [के,२५] : 31013
 66716: २५ -<31014>--> (66716,40596) => [२५,दिन] : 31014
 40596: दिन -<31015>--> (40596,48949) => [दिन,बाद] : 31015
 48949: बाद -<31016>--> (48949,63225) => [बाद,से] : 31016
 63225: से -<31017>--> (63225,62409) => [से,सिचाई] : 31017
 62409: सिचाई -<31018>--> (62409,48417) => [सिचाई,बन्द] : 31018
 48417: बन्द -<31019>--> (48417,28783) => [बन्द,कर] : 31019
 28783: कर -<31020>--> (28783,41179) => [कर,दें.] : 31020
 41179: दें. -<31021>--> (41179,0) => [दें.,<EOL>] : 31021


Scan search-Path: 32

TRAIL:  1683: * -<32000>--> (1683,21003) => [*,:] : 32000
 21003: : -<32001>--> (21003,28413) => [:,कटाई] : 32001
 28413: कटाई -<32002>--> (28413,30813) => [कटाई,के] : 32002
 30813: के -<32003>--> (30813,39081) => [के,तुरंत] : 32003
 39081: तुरंत -<32004>--> (39081,48949) => [तुरंत,बाद] : 32004
 48949: बाद -<32005>--> (48949,51341) => [बाद,मंड़ाई] : 32005
 51341: मंड़ाई -<32006>--> (51341,28797) => [मंड़ाई,करके] : 32006
 28797: करके -<32007>--> (28797,40457) => [करके,दाने] : 32007
 40457: दाने -<32008>--> (40457,28232) => [दाने,और] : 32008
 28232: और -<32009>--> (28232,45371) => [और,पुआल] : 32009
 45371: पुआल -<32010>--> (45371,24224) => [पुआल,अलग-अलग] : 32010
 24224: अलग-अलग -<32011>--> (24224,62709) => [अलग-अलग,सुखा] : 32011
 62709: सुखा -<32012>--> (62709,56623) => [सुखा,लें.] : 32012
 56623: लें. -<32013>--> (56623,0) => [लें.,<EOL>] : 32013


Scan search-Path: 33

TRAIL:  1683: * -<33000>--> (1683,21003) => [*,:] : 33000
 21003: : -<33001>--> (21003,23280) => [:,अनुसंधान] : 33001
 23280: अनुसंधान -<33002>--> (23280,30381) => [अनुसंधान,की] : 33002
 30381: की -<33003>--> (30381,27268) => [की,उपलब्धियां] : 33003
 27268: उपलब्धियां -<33004>--> (27268,28232) => [उपलब्धियां,और] : 33004
 28232: और -<33005>--> (28232,42190) => [और,नई] : 33005
 42190: नई -<33006>--> (42190,40760) => [नई,दिशायें] : 33006
 40760: दिशायें -<33007>--> (40760,32653) => [दिशायें,गरमा] : 33007
 32653: गरमा -<33008>--> (32653,41946) => [गरमा,धान] : 33008
 41946: धान -<33009>--> (41946,30381) => [धान,की] : 33009
 30381: की -<33010>--> (30381,61199) => [की,समस्याओं] : 33010
 61199: समस्याओं -<33011>--> (61199,30813) => [समस्याओं,के] : 33011
 30813: के -<33012>--> (30813,27652) => [के,ऊपर] : 33012
 27652: ऊपर -<33013>--> (27652,42365) => [ऊपर,नये] : 33013
 42365: नये -<33014>--> (42365,46600) => [नये,प्रयोग] : 33014
 46600: प्रयोग -<33015>--> (46600,30273) => [प्रयोग,किये] : 33015
 30273: किये -<33016>--> (30273,32615) => [किये,गये] : 33016
 32615: गये -<33017>--> (32615,65609) => [गये,हैं] : 33017
 65609: हैं -<33018>--> (65609,28232) => [हैं,और] : 33018
 28232: और -<33019>--> (28232,30538) => [और,कुछ] : 33019
 30538: कुछ -<33020>--> (30538,63225) => [कुछ,से] : 33020
 63225: से -<33021>--> (63225,57404) => [से,वांछित] : 33021
 57404: वांछित -<33022>--> (57404,44282) => [वांछित,परिणाम] : 33022
 44282: परिणाम -<33023>--> (44282,52811) => [परिणाम,मिले] : 33023
 52811: मिले -<33024>--> (52811,65668) => [मिले,हैं.] : 33024
 65668: हैं. -<33025>--> (65668,0) => [हैं.,<EOL>] : 33025


Scan search-Path: 34

Scan search-Path: 35

TRAIL:  1683: * -<35000>--> (1683,42190) => [*,नई] : 35000
 42190: नई -<35001>--> (42190,30372) => [नई,किस्में] : 35001
 30372: किस्में -<35002>--> (30372,36889) => [किस्में,जैसे] : 35002
 36889: जैसे -<35003>--> (36889,677) => [जैसे,'पूसा] : 35003
 677: 'पूसा -<35004>--> (677,66805) => ['पूसा,३३,''सी.आर.४३-३५'] : 35004
 66805: ३३,''सी.आर.४३-३५' -<35005>--> (66805,728) => [३३,''सी.आर.४३-३५',('साकेत] : 35005
 728: ('साकेत -<35006>--> (728,66840) => [('साकेत,४')] : 35006
 66840: ४') -<35007>--> (66840,22448) => [४'),अगेती] : 35007
 22448: अगेती -<35008>--> (22448,67100) => [अगेती,] : 35008
 67100:  -<35009>--> (67100,34505) => [,चावल] : 35009
 34505: चावल -<35010>--> (34505,56087) => [चावल,लम्बा] : 35010
 56087: लम्बा -<35011>--> (56087,43871) => [लम्बा,पतला] : 35011
 43871: पतला -<35012>--> (43871,65998) => [पतला,होता] : 35012
 65998: होता -<35013>--> (65998,65235) => [होता,है] : 35013
 65235: है -<35014>--> (65235,36630) => [है,जिससे] : 35014
 36630: जिससे -<35015>--> (36630,30351) => [जिससे,किसान] : 35015
 30351: किसान -<35016>--> (30351,31020) => [किसान,को] : 35016
 31020: को -<35017>--> (31020,22871) => [को,अधिक] : 35017
 22871: अधिक -<35018>--> (22871,30460) => [अधिक,कीमत] : 35018
 30460: कीमत -<35019>--> (30460,52753) => [कीमत,मिलती] : 35019
 52753: मिलती -<35020>--> (52753,65369) => [मिलती,है.] : 35020
 65369: है. -<35021>--> (65369,0) => [है.,<EOL>] : 35021


Scan search-Path: 36

Scan search-Path: 37

TRAIL:  1683: * -<37000>--> (1683,25455) => [*,आने] : 37000
 25455: आने -<37001>--> (25455,57589) => [आने,वाली] : 37001
 57589: वाली -<37002>--> (57589,30372) => [वाली,किस्में] : 37002
 30372: किस्में -<37003>--> (30372,36889) => [किस्में,जैसे] : 37003
 36889: जैसे -<37004>--> (36889,614) => [जैसे,'आई.ई.टी.] : 37004
 614: 'आई.ई.टी. -<37005>--> (614,0) => ['आई.ई.टी.,<EOL>] : 37005


Scan search-Path: 38

Scan search-Path: 39

Scan search-Path: 40

TRAIL:  1683: * -<40000>--> (1683,66802) => [*,३२८०'] : 40000
 66802: ३२८०' -<40001>--> (66802,53377) => [३२८०',में] : 40001
 53377: में -<40002>--> (53377,46920) => [में,प्रारंभिक] : 40002
 46920: प्रारंभिक -<40003>--> (46920,24425) => [प्रारंभिक,अवस्था] : 40003
 24425: अवस्था -<40004>--> (24425,53377) => [अवस्था,में] : 40004
 53377: में -<40005>--> (53377,37659) => [में,ठंड] : 40005
 37659: ठंड -<40006>--> (37659,61769) => [ठंड,सह] : 40006
 61769: सह -<40007>--> (61769,60558) => [सह,सकती] : 40007
 60558: सकती -<40008>--> (60558,65369) => [सकती,है.] : 40008
 65369: है. -<40009>--> (65369,0) => [है.,<EOL>] : 40009


Scan search-Path: 41

TRAIL:  1683: * -<41000>--> (1683,21003) => [*,:] : 41000
 21003: : -<41001>--> (21003,22691) => [:,अतः] : 41001
 22691: अतः -<41002>--> (22691,26271) => [अतः,इनकी] : 41002
 26271: इनकी -<41003>--> (26271,49532) => [इनकी,बुवाई] : 41003
 49532: बुवाई -<41004>--> (49532,66501) => [बुवाई,१९] : 41004
 66501: १९ -<41005>--> (66501,52543) => [१९,मार्च] : 41005
 52543: मार्च -<41006>--> (52543,63225) => [मार्च,से] : 41006
 63225: से -<41007>--> (63225,44653) => [से,पहले] : 41007
 44653: पहले -<41008>--> (44653,28862) => [पहले,करना] : 41008
 28862: करना -<41009>--> (28862,60325) => [करना,संभव] : 41009
 60325: संभव -<41010>--> (60325,65254) => [संभव,है,] : 41010
 65254: है, -<41011>--> (65254,38824) => [है,,ताकि] : 41011
 38824: ताकि -<41012>--> (38824,28413) => [ताकि,कटाई] : 41012
 28413: कटाई -<41013>--> (28413,52416) => [कटाई,मानसून] : 41013
 52416: मानसून -<41014>--> (52416,63225) => [मानसून,से] : 41014
 63225: से -<41015>--> (63225,44653) => [से,पहले] : 41015
 44653: पहले -<41016>--> (44653,65822) => [पहले,हो] : 41016
 65822: हो -<41017>--> (65822,60558) => [हो,सकती] : 41017
 60558: सकती -<41018>--> (60558,65369) => [सकती,है.] : 41018
 65369: है. -<41019>--> (65369,0) => [है.,<EOL>] : 41019


Scan search-Path: 42

Scan search-Path: 43

TRAIL:  1683: * -<43000>--> (1683,644) => [*,'किरण'] : 43000
 644: 'किरण' -<43001>--> (644,28232) => ['किरण',और] : 43001
 28232: और -<43002>--> (28232,615) => [और,'आई.ई.टी.३११६'] : 43002
 615: 'आई.ई.टी.३११६' -<43003>--> (615,30813) => ['आई.ई.टी.३११६',के] : 43003
 30813: के -<43004>--> (30813,40457) => [के,दाने] : 43004
 40457: दाने -<43005>--> (40457,43677) => [दाने,पकने] : 43005
 43677: पकने -<43006>--> (43677,30813) => [पकने,के] : 43006
 30813: के -<43007>--> (30813,39081) => [के,तुरंत] : 43007
 39081: तुरंत -<43008>--> (39081,48949) => [तुरंत,बाद] : 43008
 48949: बाद -<43009>--> (48949,22113) => [बाद,अंकुरित] : 43009
 22113: अंकुरित -<43010>--> (22113,42499) => [अंकुरित,नहीं] : 43010
 42499: नहीं -<43011>--> (42499,66027) => [नहीं,होते] : 43011
 66027: होते -<43012>--> (66027,65668) => [होते,हैं.] : 43012
 65668: हैं. -<43013>--> (65668,0) => [हैं.,<EOL>] : 43013


Scan search-Path: 44

TRAIL:  1683: * -<44000>--> (1683,21003) => [*,:] : 44000
 21003: : -<44001>--> (21003,22691) => [:,अतः] : 44001
 22691: अतः -<44002>--> (22691,39190) => [अतः,तैयार] : 44002
 39190: तैयार -<44003>--> (39190,47406) => [तैयार,फसल] : 44003
 47406: फसल -<44004>--> (47406,48496) => [फसल,बरसात] : 44004
 48496: बरसात -<44005>--> (48496,53377) => [बरसात,में] : 44005
 53377: में -<44006>--> (53377,47245) => [में,फंस] : 44006
 47245: फंस -<44007>--> (47245,36408) => [फंस,जाय] : 44007
 36408: जाय -<44008>--> (36408,39207) => [जाय,तो] : 44008
 39207: तो -<44009>--> (39207,50827) => [तो,भी] : 44009
 50827: भी -<44010>--> (50827,40362) => [भी,दस] : 44010
 40362: दस -<44011>--> (40362,40620) => [दस,दिनों] : 44011
 40620: दिनों -<44012>--> (40620,38424) => [दिनों,तक] : 44012
 38424: तक -<44013>--> (38424,49091) => [तक,बालियों] : 44013
 49091: बालियों -<44014>--> (49091,53377) => [बालियों,में] : 44014
 53377: में -<44015>--> (53377,22111) => [में,अंकुरण] : 44015
 22111: अंकुरण -<44016>--> (22111,42499) => [अंकुरण,नहीं] : 44016
 42499: नहीं -<44017>--> (42499,65937) => [नहीं,होगा.] : 44017
 65937: होगा. -<44018>--> (65937,0) => [होगा.,<EOL>] : 44018


Scan search-Path: 45

Scan search-Path: 46

TRAIL:  1683: * -<46000>--> (1683,62333) => [*,साढ़े] : 46000
 62333: साढ़े -<46001>--> (62333,38995) => [साढ़े,तीन] : 46001
 38995: तीन -<46002>--> (38995,52617) => [तीन,माह] : 46002
 52617: माह -<46003>--> (52617,54023) => [माह,या] : 46003
 54023: या -<46004>--> (54023,27533) => [या,उससे] : 46004
 27533: उससे -<46005>--> (27533,28686) => [उससे,कम] : 46005
 28686: कम -<46006>--> (28686,24361) => [कम,अवधि] : 46006
 24361: अवधि -<46007>--> (24361,53377) => [अवधि,में] : 46007
 53377: में -<46008>--> (53377,43673) => [में,पककर] : 46008
 43673: पककर -<46009>--> (43673,39190) => [पककर,तैयार] : 46009
 39190: तैयार -<46010>--> (39190,66046) => [तैयार,होने] : 46010
 66046: होने -<46011>--> (66046,57589) => [होने,वाली] : 46011
 57589: वाली -<46012>--> (57589,30374) => [वाली,किस्मों] : 46012
 30374: किस्मों -<46013>--> (30374,30813) => [किस्मों,के] : 46013
 30813: के -<46014>--> (30813,57684) => [के,विकास] : 46014
 57684: विकास -<46015>--> (57684,44080) => [विकास,पर] : 46015
 44080: पर -<46016>--> (44080,36936) => [पर,जोर] : 46016
 36936: जोर -<46017>--> (36936,40629) => [जोर,दिया] : 46017
 40629: दिया -<46018>--> (40629,36111) => [दिया,जा] : 46018
 36111: जा -<46019>--> (36111,54725) => [जा,रहा] : 46019
 54725: रहा -<46020>--> (54725,65369) => [रहा,है.] : 46020
 65369: है. -<46021>--> (65369,0) => [है.,<EOL>] : 46021


Scan search-Path: 47

TRAIL:  1683: * -<47000>--> (1683,21003) => [*,:] : 47000
 21003: : -<47001>--> (21003,26417) => [:,इस] : 47001
 26417: इस -<47002>--> (26417,61408) => [इस,सम्बन्ध] : 47002
 61408: सम्बन्ध -<47003>--> (61408,53377) => [सम्बन्ध,में] : 47003
 53377: में -<47004>--> (53377,23378) => [में,अन्तर्राष्ट्रीय] : 47004
 23378: अन्तर्राष्ट्रीय -<47005>--> (23378,34505) => [अन्तर्राष्ट्रीय,चावल] : 47005
 34505: चावल -<47006>--> (34505,23280) => [चावल,अनुसंधान] : 47006
 23280: अनुसंधान -<47007>--> (23280,60516) => [अनुसंधान,संस्थान,] : 47007
 60516: संस्थान, -<47008>--> (60516,47534) => [संस्थान,,फिलीपीन] : 47008
 47534: फिलीपीन -<47009>--> (47534,28232) => [फिलीपीन,और] : 47009
 28232: और -<47010>--> (28232,22409) => [और,अखिल] : 47010
 22409: अखिल -<47011>--> (22409,50657) => [अखिल,भारतीय] : 47011
 50657: भारतीय -<47012>--> (50657,61147) => [भारतीय,समन्वित] : 47012
 61147: समन्वित -<47013>--> (61147,34505) => [समन्वित,चावल] : 47013
 34505: चावल -<47014>--> (34505,62776) => [चावल,सुधार] : 47014
 62776: सुधार -<47015>--> (62776,44330) => [सुधार,परियोजना] : 47015
 44330: परियोजना -<47016>--> (44330,30813) => [परियोजना,के] : 47016
 30813: के -<47017>--> (30813,29983) => [के,कार्यक्रमों] : 47017
 29983: कार्यक्रमों -<47018>--> (29983,63225) => [कार्यक्रमों,से] : 47018
 63225: से -<47019>--> (63225,50439) => [से,भरपूर] : 47019
 50439: भरपूर -<47020>--> (50439,61804) => [भरपूर,सहयोग] : 47020
 61804: सहयोग -<47021>--> (61804,56476) => [सहयोग,लिया] : 47021
 56476: लिया -<47022>--> (56476,67111) => [लिया,] : 47022
 67111:  -<47023>--> (67111,65369) => [,है.] : 47023
 65369: है. -<47024>--> (65369,0) => [है.,<EOL>] : 47024


Scan search-Path: 48

Scan search-Path: 49

TRAIL:  1683: * -<49000>--> (1683,48496) => [*,बरसात] : 49000
 48496: बरसात -<49001>--> (48496,53377) => [बरसात,में] : 49001
 53377: में -<49002>--> (53377,33039) => [में,गी] : 49002
 33039: गी -<49003>--> (33039,49091) => [गी,बालियों] : 49003
 49091: बालियों -<49004>--> (49091,53377) => [बालियों,में] : 49004
 53377: में -<49005>--> (53377,22111) => [में,अंकुरण] : 49005
 22111: अंकुरण -<49006>--> (22111,55638) => [अंकुरण,रोकने] : 49006
 55638: रोकने -<49007>--> (55638,29608) => [रोकने,का] : 49007
 29608: का -<49008>--> (29608,60974) => [का,सफल] : 49008
 60974: सफल -<49009>--> (60974,27304) => [सफल,उपाय] : 49009
 27304: उपाय -<49010>--> (27304,38750) => [उपाय,तलाश] : 49010
 38750: तलाश -<49011>--> (38750,56476) => [तलाश,लिया] : 49011
 56476: लिया -<49012>--> (56476,65369) => [लिया,है.] : 49012
 65369: है. -<49013>--> (65369,0) => [है.,<EOL>] : 49013


Scan search-Path: 50

TRAIL:  1683: * -<50000>--> (1683,21003) => [*,:] : 50000
 21003: : -<50001>--> (21003,28103) => [:,ऐसे] : 50001
 28103: ऐसे -<50002>--> (28103,49091) => [ऐसे,बालियों] : 50002
 49091: बालियों -<50003>--> (49091,31020) => [बालियों,को] : 50003
 31020: को -<50004>--> (31020,66903) => [को,५] : 50004
 66903: ५ -<50005>--> (66903,46369) => [५,प्रतिशत] : 50005
 46369: प्रतिशत -<50006>--> (46369,42330) => [प्रतिशत,नमक] : 50006
 42330: नमक -<50007>--> (42330,30813) => [नमक,के] : 50007
 30813: के -<50008>--> (30813,33973) => [के,घोल] : 50008
 33973: घोल -<50009>--> (33973,53377) => [घोल,में] : 50009
 53377: में -<50010>--> (53377,38028) => [में,डुबो] : 50010
 38028: डुबो -<50011>--> (38028,41360) => [डुबो,देने] : 50011
 41360: देने -<50012>--> (41360,63225) => [देने,से] : 50012
 63225: से -<50013>--> (63225,22111) => [से,अंकुरण] : 50013
 22111: अंकुरण -<50014>--> (22111,42499) => [अंकुरण,नहीं] : 50014
 42499: नहीं -<50015>--> (42499,66003) => [नहीं,होता.] : 50015
 66003: होता. -<50016>--> (66003,0) => [होता.,<EOL>] : 50016


Scan search-Path: 51

TRAIL:  1683: * -<51000>--> (1683,21003) => [*,:] : 51000
 21003: : -<51001>--> (21003,62221) => [:,सारणी] : 51001
 62221: सारणी -<51002>--> (62221,66613) => [सारणी,२] : 51002
 66613: २ -<51003>--> (66613,1706) => [२,-] : 51003
 1706: - -<51004>--> (1706,32653) => [-,गरमा] : 51004
 32653: गरमा -<51005>--> (32653,41946) => [गरमा,धान] : 51005
 41946: धान -<51006>--> (41946,63225) => [धान,से] : 51006
 63225: से -<51007>--> (63225,22871) => [से,अधिक] : 51007
 22871: अधिक -<51008>--> (22871,27190) => [अधिक,उपज] : 51008
 27190: उपज -<51009>--> (27190,52767) => [उपज,मिलने] : 51009
 52767: मिलने -<51010>--> (52767,67105) => [मिलने,] : 51010
 67105:  -<51011>--> (67105,1683) => [,*] : 51011
 1683: * -<51012>--> (1683,1719) => [*,---------------------------------------------------------------------] : 51012
 1719: --------------------------------------------------------------------- -<51013>--> (1719,0) => [---------------------------------------------------------------------,<EOL>] : 51013


Scan search-Path: 52

TRAIL:  1683: * -<52000>--> (1683,21003) => [*,:] : 52000
 21003: : -<52001>--> (21003,57491) => [:,वातावरण] : 52001
 57491: वातावरण -<52002>--> (57491,30438) => [वातावरण,कीट] : 52002
 30438: कीट -<52003>--> (30438,28232) => [कीट,और] : 52003
 28232: और -<52004>--> (28232,49376) => [और,बीमारियां] : 52004
 49376: बीमारियां -<52005>--> (49376,23316) => [बीमारियां,अनेक,हानिकारक] : 52005
 23316: अनेक,हानिकारक -<52006>--> (23316,42499) => [अनेक,हानिकारक,नहीं] : 52006
 42499: नहीं -<52007>--> (42499,30813) => [नहीं,के] : 52007
 30813: के -<52008>--> (30813,48508) => [के,बराबर] : 52008
 48508: बराबर -<52009>--> (48508,23118) => [बराबर,अनिश्चित,मेघ] : 52009
 23118: अनिश्चित,मेघ -<52010>--> (23118,0) => [अनिश्चित,मेघ,<EOL>] : 52010


Scan search-Path: 53

Scan search-Path: 54

TRAIL:  1683: * -<54000>--> (1683,35045) => [*,चैडलर] : 54000
 35045: चैडलर -<54001>--> (35045,1580) => [चैडलर,(१९६९)] : 54001
 1580: (१९६९) -<54002>--> (1580,63225) => [(१९६९),से] : 54002
 63225: से -<54003>--> (63225,62221) => [से,सारणी] : 54003
 62221: सारणी -<54004>--> (62221,66756) => [सारणी,३-गरमा] : 54004
 66756: ३-गरमा -<54005>--> (66756,53816) => [३-गरमा,मौसम] : 54005
 53816: मौसम -<54006>--> (53816,53377) => [मौसम,में] : 54006
 53377: में -<54007>--> (53377,38861) => [में,तापक्रम,] : 54007
 38861: तापक्रम, -<54008>--> (38861,57285) => [तापक्रम,,वर्षा] : 54008
 57285: वर्षा -<54009>--> (57285,28232) => [वर्षा,और] : 54009
 28232: और -<54010>--> (28232,25385) => [और,आद्रर्ता] : 54010
 25385: आद्रर्ता -<54011>--> (25385,29608) => [आद्रर्ता,का] : 54011
 29608: का -<54012>--> (29608,28308) => [का,औसत] : 54012
 28308: औसत -<54013>--> (28308,920) => [औसत,(कृषि] : 54013
 920: (कृषि -<54014>--> (920,23463) => [(कृषि,अन्वेषणालय,पटना] : 54014
 23463: अन्वेषणालय,पटना -<54015>--> (23463,30813) => [अन्वेषणालय,पटना,के] : 54015
 30813: के -<54016>--> (30813,24861) => [के,आंकड़े).] : 54016
 24861: आंकड़े). -<54017>--> (24861,0) => [आंकड़े).,<EOL>] : 54017


Scan search-Path: 55

TRAIL:  1683: * -<55000>--> (1683,21003) => [*,:] : 55000
 21003: : -<55001>--> (21003,66352) => [:,१३४९] : 55001
 66352: १३४९ -<55002>--> (66352,22876) => [१३४९,अधिकतम] : 55002
 22876: अधिकतम -<55003>--> (22876,43569) => [अधिकतम,न्यूनतम] : 55003
 43569: न्यूनतम -<55004>--> (43569,1275) => [न्यूनतम,(मि.मी.)] : 55004
 1275: (मि.मी.) -<55005>--> (1275,33663) => [(मि.मी.),घंटे] : 55005
 33663: घंटे -<55006>--> (33663,33663) => [घंटे,घंटे] : 55006
 33663: घंटे -<55007>--> (33663,1722) => [घंटे,----------------------------------------------------------------------------] : 55007
 1722: ---------------------------------------------------------------------------- -<55008>--> (1722,47322) => [----------------------------------------------------------------------------,फरवरी] : 55008
 47322: फरवरी -<55009>--> (47322,66721) => [फरवरी,२५.ऑ] : 55009
 66721: २५.ऑ -<55010>--> (66721,63243) => [२५.ऑ,सें.] : 55010
 63243: सें. -<55011>--> (63243,0) => [सें.,<EOL>] : 55011


Scan search-Path: 56

TRAIL:  1683: * -<56000>--> (1683,21003) => [*,:] : 56000
 21003: : -<56001>--> (21003,1698) => [:,,] : 56001
 1698: , -<56002>--> (1698,67007) => [,,७.१] : 56002
 67007: ७.१ -<56003>--> (67007,1698) => [७.१,,] : 56003
 1698: , -<56004>--> (1698,1698) => [,,,] : 56004
 1698: , -<56005>--> (1698,66998) => [,,६८.५] : 56005
 66998: ६८.५ -<56006>--> (66998,66722) => [६८.५,२५.७] : 56006
 66722: २५.७ -<56007>--> (66722,23674) => [२५.७,अप्रैल] : 56007
 23674: अप्रैल -<56008>--> (23674,66828) => [अप्रैल,३७.ऑ] : 56008
 66828: ३७.ऑ -<56009>--> (66828,1698) => [३७.ऑ,,] : 56009
 1698: , -<56010>--> (1698,1698) => [,,,] : 56010
 1698: , -<56011>--> (1698,66679) => [,,२१.ऑ,] : 56011
 66679: २१.ऑ, -<56012>--> (66679,1698) => [२१.ऑ,,,] : 56012
 1698: , -<56013>--> (1698,66344) => [,,१३.३] : 56013
 66344: १३.३ -<56014>--> (66344,1698) => [१३.३,,] : 56014
 1698: , -<56015>--> (1698,1698) => [,,,] : 56015
 1698: , -<56016>--> (1698,66952) => [,,५७.९] : 56016
 66952: ५७.९ -<56017>--> (66952,66706) => [५७.९,२४.१] : 56017
 66706: २४.१ -<56018>--> (66706,51345) => [२४.१,मई] : 56018
 51345: मई -<56019>--> (51345,66831) => [मई,३८.ऑ] : 56019
 66831: ३८.ऑ -<56020>--> (66831,1698) => [३८.ऑ,,] : 56020
 1698: , -<56021>--> (1698,0) => [,,<EOL>] : 56021


Scan search-Path: 57

TRAIL:  1683: * -<57000>--> (1683,21003) => [*,:] : 57000
 21003: : -<57001>--> (21003,28667) => [:,कभी] : 57001
 28667: कभी -<57002>--> (28667,1752) => [कभी,-कभी] : 57002
 1752: -कभी -<57003>--> (1752,28088) => [-कभी,ऐसा] : 57003
 28088: ऐसा -<57004>--> (28088,41251) => [ऐसा,देखा] : 57004
 41251: देखा -<57005>--> (41251,67106) => [देखा,] : 57005
 67106:  -<57006>--> (67106,30135) => [,कि] : 57006
 30135: कि -<57007>--> (30135,27811) => [कि,एकाध] : 57007
 27811: एकाध -<57008>--> (27811,60961) => [एकाध,सप्ताह] : 57008
 60961: सप्ताह -<57009>--> (60961,49404) => [सप्ताह,बुआई] : 57009
 49404: बुआई -<57010>--> (49404,53377) => [बुआई,में] : 57010
 53377: में -<57011>--> (53377,41377) => [में,देरी] : 57011
 41377: देरी -<57012>--> (41377,66046) => [देरी,होने] : 57012
 66046: होने -<57013>--> (66046,63225) => [होने,से] : 57013
 63225: से -<57014>--> (63225,47406) => [से,फसल] : 57014
 47406: फसल -<57015>--> (47406,30813) => [फसल,के] : 57015
 30813: के -<57016>--> (30813,28406) => [के,कटने] : 57016
 28406: कटने -<57017>--> (28406,29608) => [कटने,का] : 57017
 29608: का -<57018>--> (29608,61156) => [का,समय] : 57018
 61156: समय -<57019>--> (61156,36835) => [समय,जून] : 57019
 36835: जून -<57020>--> (36835,30813) => [जून,के] : 57020
 30813: के -<57021>--> (30813,22181) => [के,अंत] : 57021
 22181: अंत -<57022>--> (22181,53377) => [अंत,में] : 57022
 53377: में -<57023>--> (53377,47107) => [में,पड़ता] : 57023
 47107: पड़ता -<57024>--> (47107,65254) => [पड़ता,है,] : 57024
 65254: है, -<57025>--> (65254,35860) => [है,,जबकि] : 57025
 35860: जबकि -<57026>--> (35860,48496) => [जबकि,बरसात] : 57026
 48496: बरसात -<57027>--> (48496,30381) => [बरसात,की] : 57027
 30381: की -<57028>--> (30381,60346) => [की,संभावना] : 57028
 60346: संभावना -<57029>--> (60346,66013) => [संभावना,होती] : 57029
 66013: होती -<57030>--> (66013,65369) => [होती,है.] : 57030
 65369: है. -<57031>--> (65369,0) => [है.,<EOL>] : 57031


Scan search-Path: 58

TRAIL:  1683: * -<58000>--> (1683,21003) => [*,:] : 58000
 21003: : -<58001>--> (21003,26447) => [:,इससे] : 58001
 26447: इससे -<58002>--> (26447,40457) => [इससे,दाने] : 58002
 40457: दाने -<58003>--> (40457,53377) => [दाने,में] : 58003
 53377: में -<58004>--> (53377,50827) => [में,भी] : 58004
 50827: भी -<58005>--> (50827,42341) => [भी,नमी] : 58005
 42341: नमी -<58006>--> (42341,28686) => [नमी,कम] : 58006
 28686: कम -<58007>--> (28686,65822) => [कम,हो] : 58007
 65822: हो -<58008>--> (65822,36301) => [हो,जाती] : 58008
 36301: जाती -<58009>--> (36301,65369) => [जाती,है.] : 58009
 65369: है. -<58010>--> (65369,0) => [है.,<EOL>] : 58010


Scan search-Path: 59

TRAIL:  1683: * -<59000>--> (1683,22691) => [*,अतः] : 59000
 22691: अतः -<59001>--> (22691,51303) => [अतः,मंडाई] : 59001
 51303: मंडाई -<59002>--> (51303,30813) => [मंडाई,के] : 59002
 30813: के -<59003>--> (30813,48949) => [के,बाद] : 59003
 48949: बाद -<59004>--> (48949,40457) => [बाद,दाने] : 59004
 40457: दाने -<59005>--> (40457,62714) => [दाने,सुखाने] : 59005
 62714: सुखाने -<59006>--> (62714,53377) => [सुखाने,में] : 59006
 53377: में -<59007>--> (53377,50827) => [में,भी] : 59007
 50827: भी -<59008>--> (50827,28686) => [भी,कम] : 59008
 28686: कम -<59009>--> (28686,61156) => [कम,समय] : 59009
 61156: समय -<59010>--> (61156,55857) => [समय,लगता] : 59010
 55857: लगता -<59011>--> (55857,65369) => [लगता,है.] : 59011
 65369: है. -<59012>--> (65369,0) => [है.,<EOL>] : 59012


Scan search-Path: 60

TRAIL:  1683: * -<60000>--> (1683,21003) => [*,:] : 60000
 21003: : -<60001>--> (21003,28088) => [:,ऐसा] : 60001
 28088: ऐसा -<60002>--> (28088,41251) => [ऐसा,देखा] : 60002
 41251: देखा -<60003>--> (41251,32506) => [देखा,गया] : 60003
 32506: गया -<60004>--> (32506,65235) => [गया,है] : 60004
 65235: है -<60005>--> (65235,30135) => [है,कि] : 60005
 30135: कि -<60006>--> (30135,30538) => [कि,कुछ] : 60006
 30538: कुछ -<60007>--> (30538,30351) => [कुछ,किसान] : 60007
 30351: किसान -<60008>--> (30351,32653) => [किसान,गरमा] : 60008
 32653: गरमा -<60009>--> (32653,30813) => [गरमा,के] : 60009
 30813: के -<60010>--> (30813,42702) => [के,नाम] : 60010
 42702: नाम -<60011>--> (42702,44080) => [नाम,पर] : 60011
 44080: पर -<60012>--> (44080,49345) => [पर,बीज] : 60012
 49345: बीज -<60013>--> (49345,23674) => [बीज,अप्रैल] : 60013
 23674: अप्रैल -<60014>--> (23674,53377) => [अप्रैल,में] : 60014
 53377: में -<60015>--> (53377,32988) => [में,गिराते] : 60015
 32988: गिराते -<60016>--> (32988,65609) => [गिराते,हैं] : 60016
 65609: हैं -<60017>--> (65609,30135) => [हैं,कि] : 60017
 30135: कि -<60018>--> (30135,27109) => [कि,उनकों] : 60018
 27109: उनकों -<60019>--> (27109,62348) => [उनकों,सिंचाई] : 60019
 62348: सिंचाई -<60020>--> (62348,28686) => [सिंचाई,कम] : 60020
 28686: कम -<60021>--> (28686,41352) => [कम,देना] : 60021
 41352: देना -<60022>--> (41352,47161) => [देना,पड़े.] : 60022
 47161: पड़े. -<60023>--> (47161,0) => [पड़े.,<EOL>] : 60023


Scan search-Path: 61

TRAIL:  1683: * -<61000>--> (1683,21003) => [*,:] : 61000
 21003: : -<61001>--> (21003,44080) => [:,पर] : 61001
 44080: पर -<61002>--> (44080,28088) => [पर,ऐसा] : 61002
 28088: ऐसा -<61003>--> (28088,28881) => [ऐसा,करने] : 61003
 28881: करने -<61004>--> (28881,63225) => [करने,से] : 61004
 63225: से -<61005>--> (63225,54023) => [से,या] : 61005
 54023: या -<61006>--> (54023,39207) => [या,तो] : 61006
 39207: तो -<61007>--> (39207,27727) => [तो,एक] : 61007
 27727: एक -<61008>--> (27727,64947) => [एक,ही] : 61008
 64947: ही -<61009>--> (64947,41946) => [ही,धान] : 61009
 41946: धान -<61010>--> (41946,30381) => [धान,की] : 61010
 30381: की -<61011>--> (30381,47406) => [की,फसल] : 61011
 47406: फसल -<61012>--> (47406,63225) => [फसल,से] : 61012
 63225: से -<61013>--> (63225,60250) => [से,संतुष्ट] : 61013
 60250: संतुष्ट -<61014>--> (60250,54699) => [संतुष्ट,रहना] : 61014
 54699: रहना -<61015>--> (54699,47107) => [रहना,पड़ता] : 61015
 47107: पड़ता -<61016>--> (47107,65235) => [पड़ता,है] : 61016
 65235: है -<61017>--> (65235,22794) => [है,अथवा] : 61017
 22794: अथवा -<61018>--> (22794,28413) => [अथवा,कटाई] : 61018
 28413: कटाई -<61019>--> (28413,30813) => [कटाई,के] : 61019
 30813: के -<61020>--> (30813,61156) => [के,समय] : 61020
 61156: समय -<61021>--> (61156,48496) => [समय,बरसात] : 61021
 48496: बरसात -<61022>--> (48496,24818) => [बरसात,आ] : 61022
 24818: आ -<61023>--> (24818,36301) => [आ,जाती] : 61023
 36301: जाती -<61024>--> (36301,65369) => [जाती,है.] : 61024
 65369: है. -<61025>--> (65369,0) => [है.,<EOL>] : 61025


Scan search-Path: 62

Scan search-Path: 63

TRAIL:  1683: * -<63000>--> (1683,28413) => [*,कटाई] : 63000
 28413: कटाई -<63001>--> (28413,30813) => [कटाई,के] : 63001
 30813: के -<63002>--> (30813,48949) => [के,बाद] : 63002
 48949: बाद -<63003>--> (48949,47406) => [बाद,फसल] : 63003
 47406: फसल -<63004>--> (47406,30381) => [फसल,की] : 63004
 30381: की -<63005>--> (30381,38253) => [की,ढेरियों] : 63005
 38253: ढेरियों -<63006>--> (38253,53377) => [ढेरियों,में] : 63006
 53377: में -<63007>--> (53377,42153) => [में,न] : 63007
 42153: न -<63008>--> (42153,26145) => [न,इकट्ठा] : 63008
 26145: इकट्ठा -<63009>--> (26145,29014) => [इकट्ठा,करें.] : 63009
 29014: करें. -<63010>--> (29014,0) => [करें.,<EOL>] : 63010


Scan search-Path: 64

TRAIL:  1683: * -<64000>--> (1683,22533) => [*,अच्छा] : 64000
 22533: अच्छा -<64001>--> (22533,65822) => [अच्छा,हो] : 64001
 65822: हो -<64002>--> (65822,53939) => [हो,यदि] : 64002
 53939: यदि -<64003>--> (53939,28413) => [यदि,कटाई] : 64003
 28413: कटाई -<64004>--> (28413,30813) => [कटाई,के] : 64004
 30813: के -<64005>--> (30813,39084) => [के,तुरन्त] : 64005
 39084: तुरन्त -<64006>--> (39084,48949) => [तुरन्त,बाद] : 64006
 48949: बाद -<64007>--> (48949,64947) => [बाद,ही] : 64007
 64947: ही -<64008>--> (64947,51341) => [ही,मंड़ाई] : 64008
 51341: मंड़ाई -<64009>--> (51341,28797) => [मंड़ाई,करके] : 64009
 28797: करके -<64010>--> (28797,40457) => [करके,दाने] : 64010
 40457: दाने -<64011>--> (40457,62709) => [दाने,सुखा] : 64011
 62709: सुखा -<64012>--> (62709,56501) => [सुखा,लिये] : 64012
 56501: लिये -<64013>--> (56501,36444) => [लिये,जायें.] : 64013
 36444: जायें. -<64014>--> (36444,0) => [जायें.,<EOL>] : 64014


Scan search-Path: 65

TRAIL:  1683: * -<65000>--> (1683,21003) => [*,:] : 65000
 21003: : -<65001>--> (21003,53979) => [:,यह] : 65001
 53979: यह -<65002>--> (53979,23083) => [यह,अनावश्यक] : 65002
 23083: अनावश्यक -<65003>--> (23083,28232) => [अनावश्यक,और] : 65003
 28232: और -<65004>--> (28232,31694) => [और,खर्चीला] : 65004
 31694: खर्चीला -<65005>--> (31694,65369) => [खर्चीला,है.] : 65005
 65369: है. -<65006>--> (65369,0) => [है.,<EOL>] : 65006


Scan search-Path: 66

TRAIL:  1683: * -<66000>--> (1683,25884) => [*,आवश्यक] : 66000
 25884: आवश्यक -<66001>--> (25884,67116) => [आवश्यक,] : 66001
 67116:  -<66002>--> (67116,40249) => [,दरार] : 66002
 40249: दरार -<66003>--> (40249,47277) => [दरार,फटने] : 66003
 47277: फटने -<66004>--> (47277,63225) => [फटने,से] : 66004
 63225: से -<66005>--> (63225,44653) => [से,पहले] : 66005
 44653: पहले -<66006>--> (44653,62348) => [पहले,सिंचाई] : 66006
 62348: सिंचाई -<66007>--> (62348,28783) => [सिंचाई,कर] : 66007
 28783: कर -<66008>--> (28783,41179) => [कर,दें.] : 66008
 41179: दें. -<66009>--> (41179,0) => [दें.,<EOL>] : 66009


Scan search-Path: 67

TRAIL:  1683: * -<67000>--> (1683,21003) => [*,:] : 67000
 21003: : -<67001>--> (21003,67061) => [:,८००] : 67001
 67061: ८०० -<67002>--> (67061,52800) => [८००,मिली] : 67002
 52800: मिली -<67003>--> (52800,56539) => [मिली,लीटर] : 67003
 56539: लीटर -<67004>--> (56539,57619) => [लीटर,वाष्पी] : 67004
 57619: वाष्पी -<67005>--> (57619,26979) => [वाष्पी,उत्स्वेदन] : 67005
 26979: उत्स्वेदन -<67006>--> (26979,30813) => [उत्स्वेदन,के] : 67006
 30813: के -<67007>--> (30813,56360) => [के,लिए] : 67007
 56360: लिए -<67008>--> (56360,38512) => [लिए,तथा] : 67008
 38512: तथा -<67009>--> (38512,66931) => [तथा,५००-१०००] : 67009
 66931: ५००-१००० -<67010>--> (66931,52800) => [५००-१०००,मिली] : 67010
 52800: मिली -<67011>--> (52800,52891) => [मिली,मीटर] : 67011
 52891: मीटर -<67012>--> (52891,50978) => [मीटर,भूमिगत] : 67012
 50978: भूमिगत -<67013>--> (50978,55275) => [भूमिगत,रिसाव] : 67013
 55275: रिसाव -<67014>--> (55275,31020) => [रिसाव,को] : 67014
 31020: को -<67015>--> (31020,45620) => [को,पूकारने] : 67015
 45620: पूकारने -<67016>--> (45620,30813) => [पूकारने,के] : 67016
 30813: के -<67017>--> (30813,56360) => [के,लिए] : 67017
 56360: लिए -<67018>--> (56360,44947) => [लिए,पानी] : 67018
 44947: पानी -<67019>--> (44947,34538) => [पानी,चाहिए] : 67019
 34538: चाहिए -<67020>--> (34538,1815) => [चाहिए,.] : 67020
 1815: . -<67021>--> (1815,0) => [.,<EOL>] : 67021


Scan search-Path: 68

TRAIL:  1683: * -<68000>--> (1683,21003) => [*,:] : 68000
 21003: : -<68001>--> (21003,62221) => [:,सारणी] : 68001
 62221: सारणी -<68002>--> (62221,66849) => [सारणी,४--] : 68002
 66849: ४-- -<68003>--> (66849,58030) => [४--,विभिन्न] : 68003
 58030: विभिन्न -<68004>--> (58030,58463) => [विभिन्न,वृद्धि] : 68004
 58463: वृद्धि -<68005>--> (58463,30381) => [वृद्धि,की] : 68005
 30381: की -<68006>--> (30381,24430) => [की,अवस्थाओं] : 68006
 24430: अवस्थाओं -<68007>--> (24430,53377) => [अवस्थाओं,में] : 68007
 53377: में -<68008>--> (53377,34256) => [में,चरम] : 68008
 34256: चरम -<68009>--> (34256,38860) => [चरम,तापक्रम] : 68009
 38860: तापक्रम -<68010>--> (38860,1308) => [तापक्रम,(योशिदा,] : 68010
 1308: (योशिदा, -<68011>--> (1308,66591) => [(योशिदा,,१९८१).] : 68011
 66591: १९८१). -<68012>--> (66591,0) => [१९८१).,<EOL>] : 68012


Scan search-Path: 69

Scan search-Path: 70

TRAIL:  1683: * -<70000>--> (1683,24425) => [*,अवस्था] : 70000
 24425: अवस्था -<70001>--> (24425,43569) => [अवस्था,न्यूनतम] : 70001
 43569: न्यूनतम -<70002>--> (43569,22876) => [न्यूनतम,अधिकतम] : 70002
 22876: अधिकतम -<70003>--> (22876,28308) => [अधिकतम,औसत] : 70003
 28308: औसत -<70004>--> (28308,1720) => [औसत,----------------------------------------------------------------------] : 70004
 1720: ---------------------------------------------------------------------- -<70005>--> (1720,0) => [----------------------------------------------------------------------,<EOL>] : 70005


Scan search-Path: 71

TRAIL:  1683: * -<71000>--> (1683,21003) => [*,:] : 71000
 21003: : -<71001>--> (21003,22111) => [:,अंकुरण] : 71001
 22111: अंकुरण -<71002>--> (22111,66274) => [अंकुरण,१०] : 71002
 66274: १० -<71003>--> (66274,66887) => [१०,४५] : 71003
 66887: ४५ -<71004>--> (66887,66660) => [४५,२०-३५] : 71004
 66660: २०-३५ -<71005>--> (66660,46060) => [२०-३५,पौद-बढ़वार] : 71005
 46060: पौद-बढ़वार -<71006>--> (46060,66322) => [पौद-बढ़वार,१२-१३] : 71006
 66322: १२-१३ -<71007>--> (66322,66816) => [१२-१३,३५] : 71007
 66816: ३५ -<71008>--> (66816,66719) => [३५,२५-३०] : 71008
 66719: २५-३० -<71009>--> (66719,29253) => [२५-३०,कल्ले] : 71009
 29253: कल्ले -<71010>--> (29253,42846) => [कल्ले,निकलना] : 71010
 42846: निकलना -<71011>--> (42846,67081) => [निकलना,९] : 71011
 67081: ९ -<71012>--> (67081,66803) => [९,३३] : 71012
 66803: ३३ -<71013>--> (66803,0) => [३३,<EOL>] : 71013


Scan search-Path: 72

TRAIL:  1683: * -<72000>--> (1683,21003) => [*,:] : 72000
 21003: : -<72001>--> (21003,50715) => [:,भावी] : 72001
 50715: भावी -<72002>--> (50715,61431) => [भावी,सम्भावनायें] : 72002
 61431: सम्भावनायें -<72003>--> (61431,50509) => [सम्भावनायें,भविष्यवाणियां] : 72003
 50509: भविष्यवाणियां -<72004>--> (50509,28862) => [भविष्यवाणियां,करना] : 72004
 28862: करना -<72005>--> (28862,22622) => [करना,अटकलवाजियां] : 72005
 22622: अटकलवाजियां -<72006>--> (22622,55937) => [अटकलवाजियां,लगाने] : 72006
 55937: लगाने -<72007>--> (55937,29608) => [लगाने,का] : 72007
 29608: का -<72008>--> (29608,41110) => [का,दूसरा] : 72008
 41110: दूसरा -<72009>--> (41110,42702) => [दूसरा,नाम] : 72009
 42702: नाम -<72010>--> (42702,61100) => [नाम,समझा] : 72010
 61100: समझा -<72011>--> (61100,36261) => [समझा,जाता] : 72011
 36261: जाता -<72012>--> (36261,65369) => [जाता,है.] : 72012
 65369: है. -<72013>--> (65369,0) => [है.,<EOL>] : 72013


Scan search-Path: 73

TRAIL:  1683: * -<73000>--> (1683,21003) => [*,:] : 73000
 21003: : -<73001>--> (21003,44151) => [:,परन्तु] : 73001
 44151: परन्तु -<73002>--> (44151,32653) => [परन्तु,गरमा] : 73002
 32653: गरमा -<73003>--> (32653,41946) => [गरमा,धान] : 73003
 41946: धान -<73004>--> (41946,30381) => [धान,की] : 73004
 30381: की -<73005>--> (30381,50510) => [की,भविष्यवाणी] : 73005
 50510: भविष्यवाणी -<73006>--> (50510,28096) => [भविष्यवाणी,ऐसी] : 73006
 28096: ऐसी -<73007>--> (28096,42492) => [ऐसी,नही] : 73007
 42492: नही -<73008>--> (42492,65369) => [नही,है.] : 73008
 65369: है. -<73009>--> (65369,0) => [है.,<EOL>] : 73009


Scan search-Path: 74

TRAIL:  1683: * -<74000>--> (1683,49309) => [*,बिहार] : 74000
 49309: बिहार -<74001>--> (49309,31020) => [बिहार,को] : 74001
 31020: को -<74002>--> (31020,22871) => [को,अधिक] : 74002
 22871: अधिक -<74003>--> (22871,34505) => [अधिक,चावल] : 74003
 34505: चावल -<74004>--> (34505,34538) => [चावल,चाहिए] : 74004
 34538: चाहिए -<74005>--> (34538,30351) => [चाहिए,किसान] : 74005
 30351: किसान -<74006>--> (30351,31020) => [किसान,को] : 74006
 31020: को -<74007>--> (31020,62849) => [को,सुनिश्चित] : 74007
 62849: सुनिश्चित -<74008>--> (62849,28232) => [सुनिश्चित,और] : 74008
 28232: और -<74009>--> (28232,46278) => [और,प्रति] : 74009
 46278: प्रति -<74010>--> (46278,26159) => [प्रति,इकाई] : 74010
 26159: इकाई -<74011>--> (26159,32087) => [इकाई,खेत] : 74011
 32087: खेत -<74012>--> (32087,22871) => [खेत,अधिक] : 74012
 22871: अधिक -<74013>--> (22871,41948) => [अधिक,धान.] : 74013
 41948: धान. -<74014>--> (41948,0) => [धान.,<EOL>] : 74014


Scan search-Path: 75

TRAIL:  1683: * -<75000>--> (1683,21003) => [*,:] : 75000
 21003: : -<75001>--> (21003,26420) => [:,इसका] : 75001
 26420: इसका -<75002>--> (26420,57670) => [इसका,विकल्प] : 75002
 57670: विकल्प -<75003>--> (57670,65349) => [विकल्प,है-गरमा] : 75003
 65349: है-गरमा -<75004>--> (65349,41946) => [है-गरमा,धान] : 75004
 41946: धान -<75005>--> (41946,30381) => [धान,की] : 75005
 30381: की -<75006>--> (30381,32089) => [की,खेती] : 75006
 32089: खेती -<75007>--> (32089,31020) => [खेती,को] : 75007
 31020: को -<75008>--> (31020,47030) => [को,प्रोत्साहन] : 75008
 47030: प्रोत्साहन -<75009>--> (47030,29608) => [प्रोत्साहन,का] : 75009
 29608: का -<75010>--> (29608,44282) => [का,परिणाम] : 75010
 44282: परिणाम -<75011>--> (44282,66651) => [परिणाम,२०] : 75011
 66651: २० -<75012>--> (66651,56209) => [२०,लाख] : 75012
 56209: लाख -<75013>--> (56209,65781) => [लाख,हैक्टर] : 75013
 65781: हैक्टर -<75014>--> (65781,53377) => [हैक्टर,में] : 75014
 53377: में -<75015>--> (53377,22726) => [में,अतिरिक्त] : 75015
 22726: अतिरिक्त -<75016>--> (22726,32653) => [अतिरिक्त,गरमा] : 75016
 32653: गरमा -<75017>--> (32653,41946) => [गरमा,धान] : 75017
 41946: धान -<75018>--> (41946,30381) => [धान,की] : 75018
 30381: की -<75019>--> (30381,32089) => [की,खेती] : 75019
 32089: खेती -<75020>--> (32089,36627) => [खेती,जिसमें] : 75020
 36627: जिसमें -<75021>--> (36627,28309) => [जिसमें,औसतन] : 75021
 28309: औसतन -<75022>--> (28309,66865) => [औसतन,४०] : 75022
 66865: ४० -<75023>--> (66865,56209) => [४०,लाख] : 75023
 56209: लाख -<75024>--> (56209,37376) => [लाख,टन] : 75024
 37376: टन -<75025>--> (37376,22726) => [टन,अतिरिक्त] : 75025
 22726: अतिरिक्त -<75026>--> (22726,41948) => [अतिरिक्त,धान.] : 75026
 41948: धान. -<75027>--> (41948,0) => [धान.,<EOL>] : 75027


Scan search-Path: 76

TRAIL:  1683: * -<76000>--> (1683,21003) => [*,:] : 76000
 21003: : -<76001>--> (21003,57278) => [:,वर्ष] : 76001
 57278: वर्ष -<76002>--> (57278,66667) => [वर्ष,२०००] : 76002
 66667: २००० -<76003>--> (66667,53377) => [२०००,में] : 76003
 53377: में -<76004>--> (53377,26417) => [में,इस] : 76004
 26417: इस -<76005>--> (26417,22726) => [इस,अतिरिक्त] : 76005
 22726: अतिरिक्त -<76006>--> (22726,34505) => [अतिरिक्त,चावल] : 76006
 34505: चावल -<76007>--> (34505,30381) => [चावल,की] : 76007
 30381: की -<76008>--> (30381,25887) => [की,आवश्यकता] : 76008
 25887: आवश्यकता -<76009>--> (25887,47178) => [आवश्यकता,पड़ेगी.] : 76009
 47178: पड़ेगी. -<76010>--> (47178,0) => [पड़ेगी.,<EOL>] : 76010


Scan search-Path: 77

TRAIL:  1683: * -<77000>--> (1683,42190) => [*,नई] : 77000
 42190: नई -<77001>--> (42190,41946) => [नई,धान] : 77001
 41946: धान -<77002>--> (41946,30381) => [धान,की] : 77002
 30381: की -<77003>--> (30381,30374) => [की,किस्मों] : 77003
 30374: किस्मों -<77004>--> (30374,28232) => [किस्मों,और] : 77004
 28232: और -<77005>--> (28232,26948) => [और,उत्पादन] : 77005
 26948: उत्पादन -<77006>--> (26948,38441) => [उत्पादन,तकनीक] : 77006
 38441: तकनीक -<77007>--> (38441,29608) => [तकनीक,का] : 77007
 29608: का -<77008>--> (29608,57684) => [का,विकास] : 77008
 57684: विकास -<77009>--> (57684,65822) => [विकास,हो] : 77009
 65822: हो -<77010>--> (65822,54725) => [हो,रहा] : 77010
 54725: रहा -<77011>--> (54725,65369) => [रहा,है.] : 77011
 65369: है. -<77012>--> (65369,0) => [है.,<EOL>] : 77012


Scan search-Path: 78

TRAIL:  1683: * -<78000>--> (1683,21003) => [*,:] : 78000
 21003: : -<78001>--> (21003,42937) => [:,निजी] : 78001
 42937: निजी -<78002>--> (42937,42394) => [निजी,नलकूप] : 78002
 42394: नलकूप -<78003>--> (42394,28232) => [नलकूप,और] : 78003
 28232: और -<78004>--> (28232,50827) => [और,भी] : 78004
 50827: भी -<78005>--> (50827,39160) => [भी,तेजी] : 78005
 39160: तेजी -<78006>--> (39160,63225) => [तेजी,से] : 78006
 63225: से -<78007>--> (63225,55948) => [से,लगाये] : 78007
 55948: लगाये -<78008>--> (55948,36111) => [लगाये,जा] : 78008
 36111: जा -<78009>--> (36111,54788) => [जा,रहे] : 78009
 54788: रहे -<78010>--> (54788,65668) => [रहे,हैं.] : 78010
 65668: हैं. -<78011>--> (65668,0) => [हैं.,<EOL>] : 78011


Scan search-Path: 79

TRAIL:  1683: * -<79000>--> (1683,26417) => [*,इस] : 79000
 26417: इस -<79001>--> (26417,38689) => [इस,तरह] : 79001
 38689: तरह -<79002>--> (38689,63225) => [तरह,से] : 79002
 63225: से -<79003>--> (63225,22726) => [से,अतिरिक्त] : 79003
 22726: अतिरिक्त -<79004>--> (22726,34505) => [अतिरिक्त,चावल] : 79004
 34505: चावल -<79005>--> (34505,30381) => [चावल,की] : 79005
 30381: की -<79006>--> (30381,25887) => [की,आवश्यकता] : 79006
 25887: आवश्यकता -<79007>--> (25887,28232) => [आवश्यकता,और] : 79007
 28232: और -<79008>--> (28232,27503) => [और,उसके] : 79008
 27503: उसके -<79009>--> (27503,27198) => [उसके,उपजाने] : 79009
 27198: उपजाने -<79010>--> (27198,30813) => [उपजाने,के] : 79010
 30813: के -<79011>--> (30813,22726) => [के,अतिरिक्त] : 79011
 22726: अतिरिक्त -<79012>--> (22726,62056) => [अतिरिक्त,साधन] : 79012
 62056: साधन -<79013>--> (62056,39190) => [साधन,तैयार] : 79013
 39190: तैयार -<79014>--> (39190,30273) => [तैयार,किये] : 79014
 30273: किये -<79015>--> (30273,36111) => [किये,जा] : 79015
 36111: जा -<79016>--> (36111,54788) => [जा,रहे] : 79016
 54788: रहे -<79017>--> (54788,65668) => [रहे,हैं.] : 79017
 65668: हैं. -<79018>--> (65668,0) => [हैं.,<EOL>] : 79018


Scan search-Path: 80

TRAIL:  1683: * -<80000>--> (1683,21003) => [*,:] : 80000
 21003: : -<80001>--> (21003,51361) => [:,मक्का] : 80001
 51361: मक्का -<80002>--> (51361,30381) => [मक्का,की] : 80002
 30381: की -<80003>--> (30381,22871) => [की,अधिक] : 80003
 22871: अधिक -<80004>--> (22871,27190) => [अधिक,उपज] : 80004
 27190: उपज -<80005>--> (27190,67119) => [उपज,] : 80005
 67119:  -<80006>--> (67119,27406) => [,उर्वरक] : 80006
 27406: उर्वरक -<80007>--> (27406,46525) => [उर्वरक,प्रबन्ध] : 80007
 46525: प्रबन्ध -<80008>--> (46525,37871) => [प्रबन्ध,डा.] : 80008
 37871: डा. -<80009>--> (37871,0) => [डा.,<EOL>] : 80009


Scan search-Path: 81

TRAIL:  1683: * -<81000>--> (1683,28603) => [*,कपिल] : 81000
 28603: कपिल -<81001>--> (28603,41378) => [कपिल,देव] : 81001
 41378: देव -<81002>--> (41378,46752) => [देव,प्रसाद] : 81002
 46752: प्रसाद -<81003>--> (46752,28232) => [प्रसाद,और] : 81003
 28232: और -<81004>--> (28232,37871) => [और,डा.] : 81004
 37871: डा. -<81005>--> (37871,0) => [डा.,<EOL>] : 81005


Scan search-Path: 82

TRAIL:  1683: * -<82000>--> (1683,21003) => [*,:] : 82000
 21003: : -<82001>--> (21003,45789) => [:,पूसा,] : 82001
 45789: पूसा, -<82002>--> (45789,61189) => [पूसा,,समस्तीपुर,] : 82002
 61189: समस्तीपुर, -<82003>--> (61189,1233) => [समस्तीपुर,,(बिहार)] : 82003
 1233: (बिहार) -<82004>--> (1233,23429) => [(बिहार),अन्य] : 82004
 23429: अन्य -<82005>--> (23429,31687) => [अन्य,खरीफ] : 82005
 31687: खरीफ -<82006>--> (31687,47414) => [खरीफ,फसलों] : 82006
 47414: फसलों -<82007>--> (47414,30381) => [फसलों,की] : 82007
 30381: की -<82008>--> (30381,38689) => [की,तरह] : 82008
 38689: तरह -<82009>--> (38689,51361) => [तरह,मक्का] : 82009
 51361: मक्का -<82010>--> (51361,30381) => [मक्का,की] : 82010
 30381: की -<82011>--> (30381,27190) => [की,उपज] : 82011
 27190: उपज -<82012>--> (27190,50277) => [उपज,बढ़ाने] : 82012
 50277: बढ़ाने -<82013>--> (50277,53377) => [बढ़ाने,में] : 82013
 53377: में -<82014>--> (53377,27408) => [में,उर्वरकों] : 82014
 27408: उर्वरकों -<82015>--> (27408,29608) => [उर्वरकों,का] : 82015
 29608: का -<82016>--> (29608,29810) => [का,काफी] : 82016
 29810: काफी -<82017>--> (29810,54211) => [काफी,योगदान] : 82017
 54211: योगदान -<82018>--> (54211,54668) => [योगदान,रहता] : 82018
 54668: रहता -<82019>--> (54668,65369) => [रहता,है.] : 82019
 65369: है. -<82020>--> (65369,0) => [है.,<EOL>] : 82020


Scan search-Path: 83

TRAIL:  1683: * -<83000>--> (1683,21003) => [*,:] : 83000
 21003: : -<83001>--> (21003,52657) => [:,मिट्टी] : 83001
 52657: मिट्टी -<83002>--> (52657,53377) => [मिट्टी,में] : 83002
 53377: में -<83003>--> (53377,63828) => [में,स्थित] : 83003
 63828: स्थित -<83004>--> (63828,46042) => [स्थित,पोषक] : 83004
 46042: पोषक -<83005>--> (46042,38489) => [पोषक,तत्त्वों] : 83005
 38489: तत्त्वों -<83006>--> (38489,30381) => [तत्त्वों,की] : 83006
 30381: की -<83007>--> (30381,52308) => [की,मात्रा] : 83007
 52308: मात्रा -<83008>--> (52308,30813) => [मात्रा,के] : 83008
 30813: के -<83009>--> (30813,23289) => [के,अनुसार] : 83009
 23289: अनुसार -<83010>--> (23289,27406) => [अनुसार,उर्वरक] : 83010
 27406: उर्वरक -<83011>--> (27406,29608) => [उर्वरक,का] : 83011
 29608: का -<83012>--> (29608,46600) => [का,प्रयोग] : 83012
 46600: प्रयोग -<83013>--> (46600,28862) => [प्रयोग,करना] : 83013
 28862: करना -<83014>--> (28862,47107) => [करना,पड़ता] : 83014
 47107: पड़ता -<83015>--> (47107,65369) => [पड़ता,है.] : 83015
 65369: है. -<83016>--> (65369,0) => [है.,<EOL>] : 83016


Scan search-Path: 84

TRAIL:  1683: * -<84000>--> (1683,21003) => [*,:] : 84000
 21003: : -<84001>--> (21003,28232) => [:,और] : 84001
 28232: और -<84002>--> (28232,26449) => [और,इसी] : 84002
 26449: इसी -<84003>--> (26449,30813) => [इसी,के] : 84003
 30813: के -<84004>--> (30813,23289) => [के,अनुसार] : 84004
 23289: अनुसार -<84005>--> (23289,64947) => [अनुसार,ही] : 84005
 64947: ही -<84006>--> (64947,30368) => [ही,किस्म] : 84006
 30368: किस्म -<84007>--> (30368,30381) => [किस्म,की] : 84007
 30381: की -<84008>--> (30381,27240) => [की,उपयोग] : 84008
 27240: उपयोग -<84009>--> (27240,30381) => [उपयोग,की] : 84009
 30381: की -<84010>--> (30381,36379) => [की,जानी] : 84010
 36379: जानी -<84011>--> (36379,34538) => [जानी,चाहिए] : 84011
 34538: चाहिए -<84012>--> (34538,26882) => [चाहिए,उत्तर] : 84012
 26882: उत्तर -<84013>--> (26882,49309) => [उत्तर,बिहार] : 84013
 49309: बिहार -<84014>--> (49309,0) => [बिहार,<EOL>] : 84014


Scan search-Path: 85

TRAIL:  1683: * -<85000>--> (1683,21003) => [*,:] : 85000
 21003: : -<85001>--> (21003,54011) => [:,यही] : 85001
 54011: यही -<85002>--> (54011,42499) => [यही,नहीं] : 85002
 42499: नहीं -<85003>--> (42499,48592) => [नहीं,बल्कि] : 85003
 48592: बल्कि -<85004>--> (48592,36022) => [बल्कि,जलवायु] : 85004
 36022: जलवायु -<85005>--> (36022,28232) => [जलवायु,और] : 85005
 28232: और -<85006>--> (28232,38860) => [और,तापक्रम] : 85006
 38860: तापक्रम -<85007>--> (38860,29608) => [तापक्रम,का] : 85007
 29608: का -<85008>--> (29608,50827) => [का,भी] : 85008
 50827: भी -<85009>--> (50827,24630) => [भी,असर] : 85009
 24630: असर -<85010>--> (24630,27406) => [असर,उर्वरक] : 85010
 27406: उर्वरक -<85011>--> (27406,46600) => [उर्वरक,प्रयोग] : 85011
 46600: प्रयोग -<85012>--> (46600,44080) => [प्रयोग,पर] : 85012
 44080: पर -<85013>--> (44080,41251) => [पर,देखा] : 85013
 41251: देखा -<85014>--> (41251,36261) => [देखा,जाता] : 85014
 36261: जाता -<85015>--> (36261,65369) => [जाता,है.] : 85015
 65369: है. -<85016>--> (65369,0) => [है.,<EOL>] : 85016


Scan search-Path: 86

TRAIL:  1683: * -<86000>--> (1683,21003) => [*,:] : 86000
 21003: : -<86001>--> (21003,32699) => [:,गर्म] : 86001
 32699: गर्म -<86002>--> (32699,53816) => [गर्म,मौसम] : 86002
 53816: मौसम -<86003>--> (53816,53377) => [मौसम,में] : 86003
 53377: में -<86004>--> (53377,27406) => [में,उर्वरक] : 86004
 27406: उर्वरक -<86005>--> (27406,46600) => [उर्वरक,प्रयोग] : 86005
 46600: प्रयोग -<86006>--> (46600,28686) => [प्रयोग,कम] : 86006
 28686: कम -<86007>--> (28686,52308) => [कम,मात्रा] : 86007
 52308: मात्रा -<86008>--> (52308,53384) => [मात्रा,में,] : 86008
 53384: में, -<86009>--> (53384,35860) => [में,,जबकि] : 86009
 35860: जबकि -<86010>--> (35860,48498) => [जबकि,बरसाती] : 86010
 48498: बरसाती -<86011>--> (48498,53816) => [बरसाती,मौसम] : 86011
 53816: मौसम -<86012>--> (53816,53377) => [मौसम,में] : 86012
 53377: में -<86013>--> (53377,26421) => [में,इसकी] : 86013
 26421: इसकी -<86014>--> (26421,22871) => [इसकी,अधिक] : 86014
 22871: अधिक -<86015>--> (22871,52308) => [अधिक,मात्रा] : 86015
 52308: मात्रा -<86016>--> (52308,35975) => [मात्रा,जरूरी] : 86016
 35975: जरूरी -<86017>--> (35975,66013) => [जरूरी,होती] : 86017
 66013: होती -<86018>--> (66013,65369) => [होती,है.] : 86018
 65369: है. -<86019>--> (65369,0) => [है.,<EOL>] : 86019


Scan search-Path: 87

TRAIL:  1683: * -<87000>--> (1683,21003) => [*,:] : 87000
 21003: : -<87001>--> (21003,60797) => [:,सत्य] : 87001
 60797: सत्य -<87002>--> (60797,53979) => [सत्य,यह] : 87002
 53979: यह -<87003>--> (53979,67116) => [यह,] : 87003
 67116:  -<87004>--> (67116,38508) => [,तत्वों] : 87004
 38508: तत्वों -<87005>--> (38508,30381) => [तत्वों,की] : 87005
 30381: की -<87006>--> (30381,52657) => [की,मिट्टी] : 87006
 52657: मिट्टी -<87007>--> (52657,53377) => [मिट्टी,में] : 87007
 53377: में -<87008>--> (53377,52308) => [में,मात्रा] : 87008
 52308: मात्रा -<87009>--> (52308,29608) => [मात्रा,का] : 87009
 29608: का -<87010>--> (29608,51995) => [का,महत्व] : 87010
 51995: महत्व -<87011>--> (51995,42499) => [महत्व,नहीं] : 87011
 42499: नहीं -<87012>--> (42499,65620) => [नहीं,हैं,] : 87012
 65620: हैं, -<87013>--> (65620,48592) => [हैं,,बल्कि] : 87013
 48592: बल्कि -<87014>--> (48592,26271) => [बल्कि,इनकी] : 87014
 26271: इनकी -<87015>--> (26271,27265) => [इनकी,उपलब्धता] : 87015
 27265: उपलब्धता -<87016>--> (27265,36902) => [उपलब्धता,जो] : 87016
 36902: जो -<87017>--> (36902,47406) => [जो,फसल] : 87017
 47406: फसल -<87018>--> (47406,30813) => [फसल,के] : 87018
 30813: के -<87019>--> (30813,36704) => [के,जीवन-काल] : 87019
 36704: जीवन-काल -<87020>--> (36704,53377) => [जीवन-काल,में] : 87020
 53377: में -<87021>--> (53377,26644) => [में,उचित] : 87021
 26644: उचित -<87022>--> (26644,23193) => [उचित,अनुपात] : 87022
 23193: अनुपात -<87023>--> (23193,53377) => [अनुपात,में] : 87023
 53377: में -<87024>--> (53377,46070) => [में,पौधों] : 87024
 46070: पौधों -<87025>--> (46070,67119) => [पौधों,] : 87025
 67119:  -<87026>--> (67119,62735) => [,सुग्राहय] : 87026
 62735: सुग्राहय -<87027>--> (62735,65369) => [सुग्राहय,है.] : 87027
 65369: है. -<87028>--> (65369,0) => [है.,<EOL>] : 87028


Scan search-Path: 88

TRAIL:  1683: * -<88000>--> (1683,21003) => [*,:] : 88000
 21003: : -<88001>--> (21003,37734) => [:,ठीक] : 88001
 37734: ठीक -<88002>--> (37734,53979) => [ठीक,यह] : 88002
 53979: यह -<88003>--> (53979,64769) => [यह,हालत] : 88003
 64769: हालत -<88004>--> (64769,38508) => [हालत,तत्वों] : 88004
 38508: तत्वों -<88005>--> (38508,30381) => [तत्वों,की] : 88005
 30381: की -<88006>--> (30381,46065) => [की,पौधा] : 88006
 46065: पौधा -<88007>--> (46065,63828) => [पौधा,स्थित] : 88007
 63828: स्थित -<88008>--> (63828,52308) => [स्थित,मात्रा] : 88008
 52308: मात्रा -<88009>--> (52308,30813) => [मात्रा,के] : 88009
 30813: के -<88010>--> (30813,62015) => [के,साथ] : 88010
 62015: साथ -<88011>--> (62015,50827) => [साथ,भी] : 88011
 50827: भी -<88012>--> (50827,65369) => [भी,है.] : 88012
 65369: है. -<88013>--> (65369,0) => [है.,<EOL>] : 88013


Scan search-Path: 89

Scan search-Path: 90

TRAIL:  1683: * -<90000>--> (1683,21003) => [*,:] : 90000
 21003: : -<90001>--> (21003,47499) => [:,फिर] : 90001
 47499: फिर -<90002>--> (47499,50827) => [फिर,भी] : 90002
 50827: भी -<90003>--> (50827,58584) => [भी,वैज्ञानिकों] : 90003
 58584: वैज्ञानिकों -<90004>--> (58584,43419) => [वैज्ञानिकों,ने] : 90004
 43419: ने -<90005>--> (43419,27404) => [ने,उर्बरक] : 90005
 27404: उर्बरक -<90006>--> (27404,25887) => [उर्बरक,आवश्यकता] : 90006
 25887: आवश्यकता -<90007>--> (25887,30381) => [आवश्यकता,की] : 90007
 30381: की -<90008>--> (30381,61432) => [की,सम्भावित] : 90008
 61432: सम्भावित -<90009>--> (61432,52308) => [सम्भावित,मात्रा] : 90009
 52308: मात्रा -<90010>--> (52308,30381) => [मात्रा,की] : 90010
 30381: की -<90011>--> (30381,50510) => [की,भविष्यवाणी] : 90011
 50510: भविष्यवाणी -<90012>--> (50510,30381) => [भविष्यवाणी,की] : 90012
 30381: की -<90013>--> (30381,65235) => [की,है] : 90013
 65235: है -<90014>--> (65235,36902) => [है,जो] : 90014
 36902: जो -<90015>--> (36902,30135) => [जो,कि] : 90015
 30135: कि -<90016>--> (30135,25776) => [कि,आर्थिक] : 90016
 25776: आर्थिक -<90017>--> (25776,41143) => [आर्थिक,दृष्टिकोण] : 90017
 41143: दृष्टिकोण -<90018>--> (41143,63225) => [दृष्टिकोण,से] : 90018
 63225: से -<90019>--> (63225,58206) => [से,विशेष] : 90019
 58206: विशेष -<90020>--> (58206,56279) => [विशेष,लाभप्रद] : 90020
 56279: लाभप्रद -<90021>--> (56279,65369) => [लाभप्रद,है.] : 90021
 65369: है. -<90022>--> (65369,0) => [है.,<EOL>] : 90022


Scan search-Path: 91

TRAIL:  1683: * -<91000>--> (1683,67117) => [*,] : 91000
 67117:  -<91001>--> (67117,36130) => [,जांच] : 91001
 36130: जांच -<91002>--> (36130,31871) => [जांच,खास] : 91002
 31871: खास -<91003>--> (31871,53368) => [खास,मृदा] : 91003
 53368: मृदा -<91004>--> (53368,46133) => [मृदा,प्रकार] : 91004
 46133: प्रकार -<91005>--> (46133,67119) => [प्रकार,] : 91005
 67119:  -<91006>--> (67119,29899) => [,कारगर] : 91006
 29899: कारगर -<91007>--> (29899,65369) => [कारगर,है.] : 91007
 65369: है. -<91008>--> (65369,0) => [है.,<EOL>] : 91008


Scan search-Path: 92

TRAIL:  1683: * -<92000>--> (1683,58578) => [*,वैज्ञानिक] : 92000
 58578: वैज्ञानिक -<92001>--> (58578,23543) => [वैज्ञानिक,अपने] : 92001
 23543: अपने -<92002>--> (23543,23216) => [अपने,अनुभव] : 92002
 23216: अनुभव -<92003>--> (23216,30813) => [अनुभव,के] : 92003
 30813: के -<92004>--> (30813,25390) => [के,आधार] : 92004
 25390: आधार -<92005>--> (25390,44080) => [आधार,पर] : 92005
 44080: पर -<92006>--> (44080,23315) => [पर,अनेक] : 92006
 23315: अनेक -<92007>--> (23315,58812) => [अनेक,व्यावहारिक] : 92007
 58812: व्यावहारिक -<92008>--> (58812,61200) => [व्यावहारिक,समस्याओं-मिट्टी] : 92008
 61200: समस्याओं-मिट्टी -<92009>--> (61200,30813) => [समस्याओं-मिट्टी,के] : 92009
 30813: के -<92010>--> (30813,42343) => [के,नमूना] : 92010
 42343: नमूना -<92011>--> (42343,56742) => [नमूना,लेने,] : 92011
 56742: लेने, -<92012>--> (56742,0) => [लेने,,<EOL>] : 92012


Scan search-Path: 93

TRAIL:  1683: * -<93000>--> (1683,21003) => [*,:] : 93000
 21003: : -<93001>--> (21003,58234) => [:,विश्लेषण] : 93001
 58234: विश्लेषण -<93002>--> (58234,28232) => [विश्लेषण,और] : 93002
 28232: और -<93003>--> (28232,62754) => [और,सुझावों] : 93003
 62754: सुझावों -<93004>--> (62754,30381) => [सुझावों,की] : 93004
 30381: की -<93005>--> (30381,27782) => [की,एकरूपता,] : 93005
 27782: एकरूपता, -<93006>--> (27782,29608) => [एकरूपता,,का] : 93006
 29608: का -<93007>--> (29608,61254) => [का,समाधान] : 93007
 61254: समाधान -<93008>--> (61254,38244) => [समाधान,ढूंढ़ते] : 93008
 38244: ढूंढ़ते -<93009>--> (38244,65668) => [ढूंढ़ते,हैं.] : 93009
 65668: हैं. -<93010>--> (65668,0) => [हैं.,<EOL>] : 93010


Scan search-Path: 94

TRAIL:  1683: * -<94000>--> (1683,61017) => [*,सबसे] : 94000
 61017: सबसे -<94001>--> (61017,50217) => [सबसे,बड़ा] : 94001
 50217: बड़ा -<94002>--> (50217,56270) => [बड़ा,लाभ] : 94002
 56270: लाभ -<94003>--> (56270,67116) => [लाभ,] : 94003
 67116:  -<94004>--> (67116,30356) => [,किसानों] : 94004
 30356: किसानों -<94005>--> (30356,31020) => [किसानों,को] : 94005
 31020: को -<94006>--> (31020,47406) => [को,फसल] : 94006
 47406: फसल -<94007>--> (47406,26621) => [फसल,उगाने] : 94007
 26621: उगाने -<94008>--> (26621,30813) => [उगाने,के] : 94008
 30813: के -<94009>--> (30813,45743) => [के,पूर्व] : 94009
 45743: पूर्व -<94010>--> (45743,52657) => [पूर्व,मिट्टी] : 94010
 52657: मिट्टी -<94011>--> (52657,63828) => [मिट्टी,स्थित] : 94011
 63828: स्थित -<94012>--> (63828,38508) => [स्थित,तत्वों] : 94012
 38508: तत्वों -<94013>--> (38508,30381) => [तत्वों,की] : 94013
 30381: की -<94014>--> (30381,36344) => [की,जानकारी] : 94014
 36344: जानकारी -<94015>--> (36344,52736) => [जानकारी,मिल] : 94015
 52736: मिल -<94016>--> (52736,36301) => [मिल,जाती] : 94016
 36301: जाती -<94017>--> (36301,65369) => [जाती,है.] : 94017
 65369: है. -<94018>--> (65369,0) => [है.,<EOL>] : 94018


Scan search-Path: 95

TRAIL:  1683: * -<95000>--> (1683,21003) => [*,:] : 95000
 21003: : -<95001>--> (21003,36620) => [:,जिसके] : 95001
 36620: जिसके -<95002>--> (36620,56360) => [जिसके,लिए] : 95002
 56360: लिए -<95003>--> (56360,62274) => [लिए,सावधानी] : 95003
 62274: सावधानी -<95004>--> (62274,57192) => [सावधानी,वरती] : 95004
 57192: वरती -<95005>--> (57192,67103) => [वरती,] : 95005
 67103:  -<95006>--> (67103,65369) => [,है.] : 95006
 65369: है. -<95007>--> (65369,0) => [है.,<EOL>] : 95007


Scan search-Path: 96

TRAIL:  1683: * -<96000>--> (1683,52657) => [*,मिट्टी] : 96000
 52657: मिट्टी -<96001>--> (52657,30381) => [मिट्टी,की] : 96001
 30381: की -<96002>--> (30381,36130) => [की,जांच] : 96002
 36130: जांच -<96003>--> (36130,30813) => [जांच,के] : 96003
 30813: के -<96004>--> (30813,23289) => [के,अनुसार] : 96004
 23289: अनुसार -<96005>--> (23289,38508) => [अनुसार,तत्वों] : 96005
 38508: तत्वों -<96006>--> (38508,30381) => [तत्वों,की] : 96006
 30381: की -<96007>--> (30381,27186) => [की,उपचार] : 96007
 27186: उपचार -<96008>--> (27186,57933) => [उपचार,विधि] : 96008
 57933: विधि -<96009>--> (57933,42581) => [विधि,नाइट्रोजन-] : 96009
 42581: नाइट्रोजन- -<96010>--> (42581,26420) => [नाइट्रोजन-,इसका] : 96010
 26420: इसका -<96011>--> (26420,31318) => [इसका,क्रान्तिक] : 96011
 31318: क्रान्तिक -<96012>--> (31318,60753) => [क्रान्तिक,सतह] : 96012
 60753: सतह -<96013>--> (60753,66234) => [सतह,०.५] : 96013
 66234: ०.५ -<96014>--> (66234,46118) => [०.५,प्र.शऔ.छ्] : 96014
 46118: प्र.शऔ.छ् -<96015>--> (46118,65369) => [प्र.शऔ.छ्,है.] : 96015
 65369: है. -<96016>--> (65369,0) => [है.,<EOL>] : 96016


Scan search-Path: 97

TRAIL:  1683: * -<97000>--> (1683,67112) => [*,] : 97000
 67112:  -<97001>--> (67112,66293) => [,१००-११०] : 97001
 66293: १००-११० -<97002>--> (66293,30312) => [१००-११०,किलोग्राम] : 97002
 30312: किलोग्राम -<97003>--> (30312,42562) => [किलोग्राम,ना.] : 97003
 42562: ना. -<97004>--> (42562,0) => [ना.,<EOL>] : 97004


Scan search-Path: 98

TRAIL:  1683: * -<98000>--> (1683,46278) => [*,प्रति] : 98000
 46278: प्रति -<98001>--> (46278,65781) => [प्रति,हैक्टर] : 98001
 65781: हैक्टर -<98002>--> (65781,54170) => [हैक्टर,यूरिया] : 98002
 54170: यूरिया -<98003>--> (54170,54023) => [यूरिया,या] : 98003
 54023: या -<98004>--> (54023,23429) => [या,अन्य] : 98004
 23429: अन्य -<98005>--> (23429,42579) => [अन्य,नाइट्रोजन] : 98005
 42579: नाइट्रोजन -<98006>--> (42579,54073) => [नाइट्रोजन,युक्त] : 98006
 54073: युक्त -<98007>--> (54073,27406) => [युक्त,उर्वरक] : 98007
 27406: उर्वरक -<98008>--> (27406,46600) => [उर्वरक,प्रयोग] : 98008
 46600: प्रयोग -<98009>--> (46600,30235) => [प्रयोग,किया] : 98009
 30235: किया -<98010>--> (30235,36261) => [किया,जाता] : 98010
 36261: जाता -<98011>--> (36261,65369) => [जाता,है.] : 98011
 65369: है. -<98012>--> (65369,0) => [है.,<EOL>] : 98012

