Start new search-path : Sat Apr 21 18:20:57 2012

Start new search-path : Sat Apr 21 18:21:01 2012

Start new search-path : Sat Apr 21 18:21:06 2012

Start new search-path : Sat Apr 21 18:21:13 2012

Start new search-path : Sat Apr 21 18:21:15 2012

List of patterns: 
1	(है,और)
1	(है,और)
1	(है,और)
1	(है,और)
1	(है,और)
1	(है,और)
1	(है,और)
1	(है,और)
1	(है,और)
1	(है,और)
1	(है,और)
1	(है,और)
1	(है,और)
1	(है,और)
1	(है,और)
1	(है,और)
1	(है,और)
1	(है,और)
1	(है,और)
1	(है,और)
1	(है,और)
1	(है,और)
1	(है,और)
1	(है,और)
1	(है,और)
0.991119	(हैं,कि)
0.991119	(हैं,कि)
0.991119	(हैं,कि)
0.991119	(हैं,कि)
0.991119	(हैं,कि)
0.991119	(हैं,कि)
0.991119	(हैं,कि)
0.991119	(हैं,कि)
0.991119	(हैं,कि)
0.991119	(हैं,कि)
0.991119	(हैं,कि)
0.991119	(हैं,कि)
0.991119	(हैं,कि)
0.991119	(हैं,कि)
0.991119	(हैं,कि)
0.991119	(हैं,कि)
0.991119	(हैं,कि)
0.991119	(हैं,कि)
0.991119	(हैं,कि)
0.991119	(हैं,कि)
0.991119	(हैं,कि)
0.991119	(हैं,कि)
0.991119	(हैं,कि)
0.991119	(हैं,कि)
0.991119	(हैं,कि)
NEW	P67100	(है,और)	0	1	2	894
Start new search-path : Sat Apr 21 18:21:29 2012

Start new search-path : Sat Apr 21 18:21:30 2012

Start new search-path : Sat Apr 21 18:21:35 2012

Start new search-path : Sat Apr 21 18:21:41 2012

Start new search-path : Sat Apr 21 18:21:43 2012

Start new search-path : Sat Apr 21 18:21:46 2012

Start new search-path : Sat Apr 21 18:21:52 2012

-1362847335 2
List of patterns: 
1.02409	(:,इन,E0,में)
1	(जा,सकती)
1	(जा,सकती)
1	(जा,सकती)
1	(जा,सकती)
1	(जा,सकती)
1	(जा,सकती)
1	(जा,सकती)
1	(जा,सकती)
1	(जा,सकती)
1	(जा,सकती)
1	(जा,सकती)
1	(जा,सकती)
1	(जा,सकती)
NEW	P67101	(:,इन,E0,में)	5.9604645e-07	1	4	22
E0	{परिस्थितियों,ट्रैक्टरों,राज्यों,संदर्भो,विधियों,क्षेत्रों,द्वीपों,जीवन-स्थितियों,दोनों,खेल-कूदों,नामों,स्थानों,अनुसंधानों,प्रथाओं,अफसरों,कंजूसों,बाँसों,बैकों}
Start new search-path : Sat Apr 21 18:21:58 2012

Start new search-path : Sat Apr 21 18:21:58 2012

Start new search-path : Sat Apr 21 18:22:00 2012

List of patterns: 
1	(जा,सकती)
1	(जा,सकती)
1	(जा,सकती)
1	(जा,सकती)
1	(जा,सकती)
1	(जा,सकती)
1	(जा,सकती)
1	(जा,सकती)
1	(जा,सकती)
1	(जा,सकती)
1	(जा,सकती)
1	(जा,सकती)
1	(जा,सकती)
1	(जा,सकती)
1	(जा,सकती)
NEW	P67103	(जा,सकती)	0	1	2	138
Start new search-path : Sat Apr 21 18:22:05 2012

Start new search-path : Sat Apr 21 18:22:09 2012

List of patterns: 
0.999999	(इस,प्रकार)
0.999999	(इस,प्रकार)
0.999999	(इस,प्रकार)
0.999999	(इस,प्रकार)
0.999999	(इस,प्रकार)
0.999999	(इस,प्रकार)
0.999999	(इस,प्रकार)
0.999999	(इस,प्रकार)
0.999999	(इस,प्रकार)
0.999999	(इस,प्रकार)
0.999999	(इस,प्रकार)
0.999999	(इस,प्रकार)
0.999999	(इस,प्रकार)
0.995416	(कर,सकते)
0.995416	(कर,सकते)
0.995416	(कर,सकते)
0.995416	(कर,सकते)
0.995416	(कर,सकते)
0.995416	(कर,सकते)
0.995416	(कर,सकते)
0.995416	(कर,सकते)
0.995416	(कर,सकते)
0.995416	(कर,सकते)
0.995416	(कर,सकते)
0.995416	(कर,सकते)
0.995416	(कर,सकते)
0.995416	(कर,सकते)
NEW	P67104	(इस,प्रकार)	7.7486038e-07	1	2	344
Start new search-path : Sat Apr 21 18:22:20 2012

Start new search-path : Sat Apr 21 18:22:20 2012

List of patterns: 
1	(के,कारण)
1	(के,कारण)
1	(के,कारण)
1	(के,कारण)
1	(के,कारण)
1	(के,कारण)
1	(के,कारण)
1	(के,कारण)
1	(के,कारण)
1	(के,कारण)
1	(के,कारण)
1	(के,कारण)
1	(के,कारण)
1	(के,कारण)
1	(के,कारण)
1	(के,कारण)
1	(के,कारण)
1	(के,कारण)
1	(के,कारण)
1	(के,कारण)
1	(के,कारण)
1	(के,कारण)
1	(के,कारण)
1	(के,कारण)
1	(के,कारण)
1	(के,कारण)
1	(के,कारण)
1	(के,कारण)
NEW	P67105	(के,कारण)	0	1	2	520
Start new search-path : Sat Apr 21 18:22:41 2012

List of patterns: 
0.99996	(जाता,है)
0.99996	(जाता,है)
0.99996	(जाता,है)
0.99996	(जाता,है)
0.99996	(जाता,है)
0.99996	(जाता,है)
0.99996	(जाता,है)
0.99996	(जाता,है)
0.99996	(जाता,है)
0.99996	(जाता,है)
0.99996	(जाता,है)
0.99996	(जाता,है)
0.99996	(जाता,है)
0.99996	(जाता,है)
0.99996	(जाता,है)
0.99996	(जाता,है)
0.99996	(जाता,है)
0.99996	(जाता,है)
0.99996	(जाता,है)
0.99996	(जाता,है)
0.99996	(जाता,है)
0.99996	(जाता,है)
0.99996	(जाता,है)
0.99996	(जाता,है)
0.99996	(जाता,है)
0.99996	(जाता,है)
0.99996	(जाता,है)
NEW	P67106	(जाता,है)	4.0173531e-05	1	2	470
Start new search-path : Sat Apr 21 18:23:07 2012

Start new search-path : Sat Apr 21 18:23:11 2012

Start new search-path : Sat Apr 21 18:23:12 2012

Start new search-path : Sat Apr 21 18:23:19 2012

Start new search-path : Sat Apr 21 18:23:24 2012

Start new search-path : Sat Apr 21 18:23:26 2012

Start new search-path : Sat Apr 21 18:23:36 2012

52970797 1
List of patterns: 
1.0056	(:,E0,के,प्रथम)
NEW	P67107	(:,E0,के,प्रथम)	0.0078125	1	4	5
E0	{भाहत,मार्च,विधेयक,परियोजना,प्रातिनूतनकाल}
Start new search-path : Sat Apr 21 18:23:45 2012

Start new search-path : Sat Apr 21 18:23:50 2012

Start new search-path : Sat Apr 21 18:24:02 2012

Start new search-path : Sat Apr 21 18:24:06 2012

Start new search-path : Sat Apr 21 18:24:13 2012

Start new search-path : Sat Apr 21 18:24:18 2012

Start new search-path : Sat Apr 21 18:24:32 2012

Start new search-path : Sat Apr 21 18:24:32 2012

List of patterns: 
1	(होता,है)
1	(होता,है)
1	(होता,है)
1	(होता,है)
1	(होता,है)
1	(होता,है)
1	(होता,है)
1	(होता,है)
1	(होता,है)
1	(होता,है)
1	(होता,है)
1	(होता,है)
1	(होता,है)
1	(होता,है)
1	(होता,है)
1	(होता,है)
1	(होता,है)
1	(होता,है)
NEW	P67109	(होता,है)	1.1920929e-07	1	2	488
Start new search-path : Sat Apr 21 18:24:46 2012

Start new search-path : Sat Apr 21 18:24:46 2012

Start new search-path : Sat Apr 21 18:24:46 2012

Start new search-path : Sat Apr 21 18:24:46 2012

Start new search-path : Sat Apr 21 18:24:46 2012

Start new search-path : Sat Apr 21 18:24:49 2012

List of patterns: 
0.99999	(हो,सकती)
0.99999	(हो,सकती)
0.99999	(हो,सकती)
0.99999	(हो,सकती)
0.99999	(हो,सकती)
0.99999	(हो,सकती)
0.99999	(हो,सकती)
0.99999	(हो,सकती)
0.99999	(हो,सकती)
0.99999	(हो,सकती)
0.99999	(हो,सकती)
0.99999	(हो,सकती)
0.99999	(हो,सकती)
0.99999	(हो,सकती)
0.99999	(हो,सकती)
0.999906	(हो,सकती)
NEW	P67110	(हो,सकती)	9.7155571e-06	1	2	68
Start new search-path : Sat Apr 21 18:25:01 2012

Start new search-path : Sat Apr 21 18:25:01 2012

Start new search-path : Sat Apr 21 18:25:06 2012

Start new search-path : Sat Apr 21 18:25:14 2012

Start new search-path : Sat Apr 21 18:25:14 2012

List of patterns: 
0.999965	(जा,रहा)
0.999965	(जा,रहा)
0.999965	(जा,रहा)
0.999965	(जा,रहा)
0.999965	(जा,रहा)
0.999965	(जा,रहा)
0.999965	(जा,रहा)
0.999965	(जा,रहा)
0.999965	(जा,रहा)
0.999965	(जा,रहा)
0.999965	(जा,रहा)
0.999965	(जा,रहा)
0.999965	(जा,रहा)
0.999965	(जा,रहा)
0.999965	(जा,रहा)
0.999965	(जा,रहा)
0.999965	(जा,रहा)
0.999965	(जा,रहा)
NEW	P67111	(जा,रहा)	3.516674e-05	1	2	234
Start new search-path : Sat Apr 21 18:25:28 2012

-1314019210 2
-1165015250 0
List of patterns: 
1.03369	(:,इस,E0,में)
1.01622	(E0,इस,सम्बन्ध,में)
NEW	P67112	(:,इस,E0,में)	0	1	3.9999995	88
E0	{सिलसिले,जमाव,दशा,अध्याय,जत्थे,विषय,दिशा,प्रसंग,बारे,विधि,सम्बन्ध,पुस्तक,क्षेत्र,कार्य,अवधि,संदर्भ,युग,परि-~स्थिति,प्रक्रिया,रोग,गोष्ठी,अग्नि-परीक्षा,खेल,युद्ध,प्रयत्न,प्रस्ताव,प्रयास,स्थति,फल,अभियान,ऋतु,अंक,बात,काम,प्रेषण,अवस्था,लेख,सन्दर्भ,परिभाषा,ग्रन्थ,पत्र,देश,स्थिति,लार्वा,कथा,रोमांच,कुल,शूल,विकार,चौक,मामले,कंपनी,उम्र,आयु,इतिहास,क्यारी,अर्थ}
Start new search-path : Sat Apr 21 18:25:46 2012

Start new search-path : Sat Apr 21 18:25:46 2012

Start new search-path : Sat Apr 21 18:25:50 2012

Start new search-path : Sat Apr 21 18:25:59 2012

Start new search-path : Sat Apr 21 18:26:04 2012

Start new search-path : Sat Apr 21 18:26:05 2012

Start new search-path : Sat Apr 21 18:26:05 2012

Start new search-path : Sat Apr 21 18:26:12 2012

Start new search-path : Sat Apr 21 18:26:15 2012

Start new search-path : Sat Apr 21 18:26:22 2012

Start new search-path : Sat Apr 21 18:26:42 2012

List of patterns: 
1	(हो,जाती)
1	(हो,जाती)
1	(हो,जाती)
1	(हो,जाती)
1	(हो,जाती)
1	(हो,जाती)
1	(हो,जाती)
0.998651	(में,भी)
0.998651	(में,भी)
0.998651	(में,भी)
0.998651	(में,भी)
0.998651	(में,भी)
0.998651	(में,भी)
0.998651	(में,भी)
NEW	P67114	(हो,जाती)	2.9802322e-07	1	2	266
Start new search-path : Sat Apr 21 18:26:53 2012

List of patterns: 
0.993033	(में,भी)
0.993033	(में,भी)
0.993033	(में,भी)
0.993033	(में,भी)
0.993033	(में,भी)
0.993033	(में,भी)
0.993033	(में,भी)
0.993033	(में,भी)
0.993033	(में,भी)
NEW	P67115	(में,भी)	0.0069673657	1	2	517
Start new search-path : Sat Apr 21 18:27:04 2012

List of patterns: 
1	(है,कि)
1	(है,कि)
1	(है,कि)
1	(है,कि)
1	(है,कि)
1	(है,कि)
1	(है,कि)
1	(है,कि)
1	(है,कि)
1	(है,कि)
1	(है,कि)
1	(है,कि)
1	(है,कि)
1	(है,कि)
1	(है,कि)
1	(है,कि)
1	(है,कि)
1	(है,कि)
1	(है,कि)
0.99998	(देखा,गया,है,कि)
0.99998	(देखा,गया,है,कि)
0.99998	(देखा,गया,है,कि)
0.99998	(देखा,गया,है,कि)
0.99998	(देखा,गया,है,कि)
0.99998	(देखा,गया,है,कि)
0.99998	(देखा,गया,है,कि)
0.99998	(देखा,गया,है,कि)
0.99998	(देखा,गया,है,कि)
0.99998	(देखा,गया,है,कि)
0.99998	(देखा,गया,है,कि)
0.99998	(देखा,गया,है,कि)
0.99998	(देखा,गया,है,कि)
0.99998	(देखा,गया,है,कि)
0.99998	(देखा,गया,है,कि)
0.99998	(देखा,गया,है,कि)
0.99998	(देखा,गया,है,कि)
0.99998	(देखा,गया,है,कि)
0.99998	(देखा,गया,है,कि)
NEW	P67116	(है,कि)	0	1	2	1276
Start new search-path : Sat Apr 21 18:27:26 2012

Start new search-path : Sat Apr 21 18:27:39 2012

Start new search-path : Sat Apr 21 18:27:39 2012

Start new search-path : Sat Apr 21 18:27:43 2012

Start new search-path : Sat Apr 21 18:27:47 2012

21831203 0
List of patterns: 
0.996491	(E0,यह)
0.996142	(:,यह)
NEW	P67117	(E0,यह)	0.0092850924	1	2	427
E0	{:,1044:}
Start new search-path : Sat Apr 21 18:27:58 2012

Start new search-path : Sat Apr 21 18:28:00 2012

List of patterns: 
1	(के,लिए)
1	(के,लिए)
1	(के,लिए)
1	(के,लिए)
1	(के,लिए)
1	(के,लिए)
1	(के,लिए)
1	(के,लिए)
1	(के,लिए)
1	(के,लिए)
1	(के,लिए)
1	(के,लिए)
1	(के,लिए)
1	(के,लिए)
1	(के,लिए)
1	(के,लिए)
1	(के,लिए)
1	(के,लिए)
1	(के,लिए)
1	(के,लिए)
1	(के,लिए)
1	(के,लिए)
1	(के,लिए)
1	(के,लिए)
1	(के,लिए)
1	(के,लिए)
1	(के,लिए)
1	(के,लिए)
1	(के,लिए)
1	(के,लिए)
1	(के,लिए)
1	(के,लिए)
1	(के,लिए)
1	(के,लिए)
NEW	P67119	(के,लिए)	0	1	2	2462
Start new search-path : Sat Apr 21 18:28:24 2012

Start new search-path : Sat Apr 21 18:28:28 2012

Start new search-path : Sat Apr 21 18:28:28 2012

Start new search-path : Sat Apr 21 18:28:28 2012

Start new search-path : Sat Apr 21 18:28:32 2012

Start new search-path : Sat Apr 21 18:28:36 2012

Start new search-path : Sat Apr 21 18:28:38 2012

Start new search-path : Sat Apr 21 18:28:41 2012

List of patterns: 
1	(लाख,टन)
1	(लाख,टन)
1	(लाख,टन)
1	(लाख,टन)
1	(लाख,टन)
1	(लाख,टन)
1	(लाख,टन)
1	(लाख,टन)
1	(लाख,टन)
1	(लाख,टन)
1	(लाख,टन)
1	(लाख,टन)
1	(लाख,टन)
1	(लाख,टन)
1	(लाख,टन)
1	(लाख,टन)
1	(लाख,टन)
1	(लाख,टन)
1	(लाख,टन)
1	(लाख,टन)
1	(लाख,टन)
1	(लाख,टन)
1	(लाख,टन)
NEW	P67120	(लाख,टन)	0	1	2	102
Start new search-path : Sat Apr 21 18:29:00 2012

Start new search-path : Sat Apr 21 18:29:03 2012

826759438 1
List of patterns: 
1.01155	(का,E0,हो,रहा)
NEW	P67121	(का,E0,हो,रहा)	0	1	4	10
E0	{प्रार्थी,प्रयास,दर्द,विकास}
Start new search-path : Sat Apr 21 18:29:17 2012

Start new search-path : Sat Apr 21 18:29:21 2012

Start new search-path : Sat Apr 21 18:29:27 2012

Start new search-path : Sat Apr 21 18:29:30 2012

Start new search-path : Sat Apr 21 18:29:30 2012

Start new search-path : Sat Apr 21 18:29:42 2012

-1756420572 3
List of patterns: 
1.00576	(का,प्रयोग,करना,E0)
NEW	P67123	(का,प्रयोग,करना,E0)	1.9848347e-05	1	4	6
E0	{पड़ता,प्रशस्त}
Start new search-path : Sat Apr 21 18:29:55 2012

746519870 2
List of patterns: 
1.02065	(:,और,E0,के)
NEW	P67125	(:,और,E0,के)	6.0081482e-05	1	4.083333	12
E0	{इसी,सम्भोग,भारत,चीन,कट्टरतावाद,प्रयोजन,बाहर,P67104,आक्रमण,भाषा,महाभियोग-न्यायालय,नागलक्ष्मी}
Start new search-path : Sat Apr 21 18:30:06 2012

Start new search-path : Sat Apr 21 18:30:13 2012

Start new search-path : Sat Apr 21 18:30:19 2012

461616159 0
List of patterns: 
1.02137	(E0,यह,P67116)
NEW	P67127	(E0,यह,P67116)	2.8014183e-06	1	4	76
E0	{सत्य,अन्तर,वह,तात्पर्य,"मुश्किल,आशय,बात,सिद्धान्त,तथ्य,अच्छा,`आश्चर्य,कारण,हकीकत}
Start new search-path : Sat Apr 21 18:30:42 2012

List of patterns: 
0.999995	(के,साथ)
0.999995	(के,साथ)
0.999995	(के,साथ)
0.999995	(के,साथ)
0.999995	(के,साथ)
0.999995	(के,साथ)
0.999995	(के,साथ)
0.999995	(के,साथ)
0.999995	(के,साथ)
NEW	P67129	(के,साथ)	5.1856041e-06	1	2	1378
Start new search-path : Sat Apr 21 18:30:57 2012

Start new search-path : Sat Apr 21 18:30:57 2012

Start new search-path : Sat Apr 21 18:31:07 2012

Start new search-path : Sat Apr 21 18:31:07 2012

-530319208 1
List of patterns: 
1.00321	(अपने,E0,के,आधार,पर)
1	(के,आधार,पर)
1	(के,आधार,पर)
1	(के,आधार,पर)
1	(के,आधार,पर)
1	(के,आधार,पर)
1	(के,आधार,पर)
1	(के,आधार,पर)
1	(के,आधार,पर)
1	(के,आधार,पर)
1	(के,आधार,पर)
NEW	P67130	(अपने,E0,के,आधार,पर)	0.0025644898	1	5	8
E0	{अध्ययन,अनुभव}
Start new search-path : Sat Apr 21 18:31:16 2012

Start new search-path : Sat Apr 21 18:31:17 2012

Start new search-path : Sat Apr 21 18:31:23 2012

Start new search-path : Sat Apr 21 18:31:25 2012

Start new search-path : Sat Apr 21 18:31:29 2012

Start new search-path : Sat Apr 21 18:31:29 2012

