Start new search-path : Thu Mar 22 20:08:28 2012

List of patterns: 
0.999719	(look,at)
0.999719	(look,at)
NEW	P6360	(look,at)	0.0002810359	1	2	93
Start new search-path : Thu Mar 22 20:08:30 2012

Start new search-path : Thu Mar 22 20:08:30 2012

Start new search-path : Thu Mar 22 20:08:30 2012

List of patterns: 
1	(xx,xx)
1	(xx,xx)
1	(xx,xx)
1	(xx,xx)
1	(xx,xx)
1	(xx,xx)
1	(xx,xx)
0.99954	(Snow,White)
0.99954	(Snow,White)
0.99954	(Snow,White)
0.99954	(Snow,White)
0.99954	(Snow,White)
0.99954	(Snow,White)
0.99954	(Snow,White)
0.99572	(off,by)
0.99572	(off,by)
0.99572	(off,by)
0.99572	(off,by)
0.99572	(off,by)
0.99572	(off,by)
0.99572	(off,by)
NEW	P6361	(xx,xx)	0	1	2	314
Start new search-path : Thu Mar 22 20:08:31 2012

List of patterns: 
1	(in,the)
1	(in,the)
1	(in,the)
1	(in,the)
1	(in,the)
1	(in,the)
1	(in,the)
1	(in,the)
1	(in,the)
NEW	P6362	(in,the)	0	1	2	429
Start new search-path : Thu Mar 22 20:08:33 2012

Start new search-path : Thu Mar 22 20:08:33 2012

Start new search-path : Thu Mar 22 20:08:33 2012

Start new search-path : Thu Mar 22 20:08:33 2012

Start new search-path : Thu Mar 22 20:08:33 2012

Start new search-path : Thu Mar 22 20:08:33 2012

Start new search-path : Thu Mar 22 20:08:33 2012

Start new search-path : Thu Mar 22 20:08:33 2012

Start new search-path : Thu Mar 22 20:08:33 2012

Start new search-path : Thu Mar 22 20:08:34 2012

608488554 0
4403293 1
List of patterns: 
1.00916	(E0,you,going,to)
1.00578	(are,E0)
1	(are,you,going,to)
0.999996	(are,you)
0.999996	(are,you)
0.999996	(are,you)
0.999996	(are,you)
0.999996	(are,you)
0.999996	(are,you)
0.999996	(are,you)
0.999996	(are,you)
0.999996	(are,you)
0.999996	(are,you)
0.999996	(are,you)
0.999996	(are,you)
0.999996	(are,you)
NEW	P6363	(E0,you,going,to)	0	1	4	81
E0	{Cathy,are,what're}
Start new search-path : Thu Mar 22 20:08:36 2012

List of patterns: 
1	(a,wee)
1	(a,wee)
1	(a,wee)
1	(a,wee)
1	(a,wee)
1	(a,wee)
1	(a,wee)
1	(a,wee)
1	(a,wee)
1	(a,wee)
1	(a,wee)
1	(a,wee)
1	(a,wee)
1	(a,wee)
1	(a,wee)
0.998655	(a,wee)
NEW	P6365	(a,wee)	0	1	2	409
Start new search-path : Thu Mar 22 20:08:37 2012

Start new search-path : Thu Mar 22 20:08:37 2012

List of patterns: 
0.999977	(isn't,that)
0.999977	(isn't,that)
NEW	P6366	(isn't,that)	2.3245811e-05	1	2	45
Start new search-path : Thu Mar 22 20:08:38 2012

Start new search-path : Thu Mar 22 20:08:39 2012

Start new search-path : Thu Mar 22 20:08:39 2012

Start new search-path : Thu Mar 22 20:08:39 2012

Start new search-path : Thu Mar 22 20:08:39 2012

Start new search-path : Thu Mar 22 20:08:39 2012

List of patterns: 
0.99999	(and,I,says)
0.99999	(and,I,says)
0.99999	(and,I,says)
0.99999	(and,I,says)
0.99999	(and,I,says)
0.99999	(and,I,says)
0.99999	(and,I,says)
0.99999	(and,I,says)
0.99999	(and,I,says)
NEW	P6367	(and,I,says)	1.013279e-05	1	3	101
Start new search-path : Thu Mar 22 20:08:40 2012

Start new search-path : Thu Mar 22 20:08:40 2012

Start new search-path : Thu Mar 22 20:08:40 2012

Start new search-path : Thu Mar 22 20:08:40 2012

Start new search-path : Thu Mar 22 20:08:40 2012

List of patterns: 
0.99975	(go,and,get)
0.99975	(go,and,get)
0.99975	(go,and,get)
0.99975	(go,and,get)
NEW	P6368	(go,and,get)	0.00024968386	1	3	38
Start new search-path : Thu Mar 22 20:08:41 2012

Start new search-path : Thu Mar 22 20:08:41 2012

Start new search-path : Thu Mar 22 20:08:41 2012

Start new search-path : Thu Mar 22 20:08:41 2012

Start new search-path : Thu Mar 22 20:08:42 2012

Start new search-path : Thu Mar 22 20:08:42 2012

Start new search-path : Thu Mar 22 20:08:42 2012

Start new search-path : Thu Mar 22 20:08:42 2012

Start new search-path : Thu Mar 22 20:08:42 2012

List of patterns: 
0.999992	(I,don't)
0.999992	(I,don't)
0.999992	(I,don't)
0.999992	(I,don't)
0.999992	(I,don't)
0.999992	(I,don't)
0.999992	(I,don't)
0.999992	(I,don't)
0.999992	(I,don't)
NEW	P6369	(I,don't)	8.4042549e-06	1	2	391
Start new search-path : Thu Mar 22 20:08:44 2012

Start new search-path : Thu Mar 22 20:08:44 2012

Start new search-path : Thu Mar 22 20:08:44 2012

Start new search-path : Thu Mar 22 20:08:44 2012

List of patterns: 
1	(come,on)
1	(come,on)
NEW	P6370	(come,on)	0	1	2	112
Start new search-path : Thu Mar 22 20:08:45 2012

List of patterns: 
0.992766	(a,whole,lot,of)
0.992766	(a,whole,lot,of)
NEW	P6371	(a,whole,lot,of)	0.0072343946	1	4	9
Start new search-path : Thu Mar 22 20:08:47 2012

Start new search-path : Thu Mar 22 20:08:47 2012

Start new search-path : Thu Mar 22 20:08:47 2012

Start new search-path : Thu Mar 22 20:08:47 2012

Start new search-path : Thu Mar 22 20:08:47 2012

Start new search-path : Thu Mar 22 20:08:47 2012

List of patterns: 
1	(a,good)
1	(a,good)
1	(a,good)
1	(a,good)
1	(a,good)
1	(a,good)
1	(a,good)
0.998297	(xgraAUX,SUBJ,ROOT)
0.998297	(xgraAUX,SUBJ,ROOT)
0.998297	(xgraAUX,SUBJ,ROOT)
0.998297	(xgraAUX,SUBJ,ROOT)
0.998297	(xgraAUX,SUBJ,ROOT)
0.998297	(xgraAUX,SUBJ,ROOT)
0.998297	(xgraAUX,SUBJ,ROOT)
NEW	P6372	(a,good)	0	1	2	92
Start new search-path : Thu Mar 22 20:08:49 2012

List of patterns: 
1	(as,I)
1	(as,I)
1	(as,I)
1	(as,I)
1	(as,I)
NEW	P6373	(as,I)	0	1	2	65
Start new search-path : Thu Mar 22 20:08:50 2012

Start new search-path : Thu Mar 22 20:08:51 2012

List of patterns: 
0.996998	(you,see)
0.996998	(you,see)
0.996998	(you,see)
0.996998	(you,see)
0.996998	(you,see)
0.996998	(you,see)
0.996998	(you,see)
0.996998	(you,see)
0.996998	(you,see)
0.996998	(you,see)
NEW	P6374	(you,see)	0.0030015707	1	2	241
Start new search-path : Thu Mar 22 20:08:52 2012

Start new search-path : Thu Mar 22 20:08:52 2012

Start new search-path : Thu Mar 22 20:08:53 2012

Start new search-path : Thu Mar 22 20:08:53 2012

Start new search-path : Thu Mar 22 20:08:53 2012

Start new search-path : Thu Mar 22 20:08:53 2012

4366618 0
List of patterns: 
1.00578	(E0,you)
1	(did,you)
1	(did,you)
1	(did,you)
1	(did,you)
1	(did,you)
1	(did,you)
1	(did,you)
1	(did,you)
1	(did,you)
0.998297	(xgraAUX,SUBJ,ROOT)
0.998297	(xgraAUX,SUBJ,ROOT)
0.998297	(xgraAUX,SUBJ,ROOT)
0.998297	(xgraAUX,SUBJ,ROOT)
0.998297	(xgraAUX,SUBJ,ROOT)
0.998297	(xgraAUX,SUBJ,ROOT)
0.998297	(xgraAUX,SUBJ,ROOT)
0.998297	(xgraAUX,SUBJ,ROOT)
0.998297	(xgraAUX,SUBJ,ROOT)
0.998297	(xgraAUX,SUBJ,ROOT)
NEW	P6375	(E0,you)	0	1	2	906
E0	{did,do}
Start new search-path : Thu Mar 22 20:08:56 2012

List of patterns: 
0.999892	(that,was)
0.999892	(that,was)
NEW	P6377	(that,was)	0.00010842085	1	2	125
Start new search-path : Thu Mar 22 20:08:57 2012

Start new search-path : Thu Mar 22 20:08:58 2012

Start new search-path : Thu Mar 22 20:08:58 2012

Start new search-path : Thu Mar 22 20:08:59 2012

1124612855 2
List of patterns: 
1.0145	(P6375,know,E0)
NEW	P6378	(P6375,know,E0)	0.0028284192	0.5	4	50
E0	{who,have,what,where}
Start new search-path : Thu Mar 22 20:09:00 2012

Start new search-path : Thu Mar 22 20:09:00 2012

Start new search-path : Thu Mar 22 20:09:01 2012

Start new search-path : Thu Mar 22 20:09:01 2012

Start new search-path : Thu Mar 22 20:09:01 2012

Start new search-path : Thu Mar 22 20:09:01 2012

Start new search-path : Thu Mar 22 20:09:01 2012

Start new search-path : Thu Mar 22 20:09:01 2012

Start new search-path : Thu Mar 22 20:09:01 2012

List of patterns: 
0.999927	(P6369,know)
0.999927	(P6369,know)
0.999883	(P6369,know)
0.999883	(P6369,know)
NEW	P6380	(P6369,know)	7.3373318e-05	1	3	190
Start new search-path : Thu Mar 22 20:09:03 2012

Start new search-path : Thu Mar 22 20:09:04 2012

List of patterns: 
0.999997	(an,awful,lot)
0.999997	(an,awful,lot)
0.999997	(an,awful,lot)
0.999997	(an,awful,lot)
0.999997	(an,awful,lot)
0.999997	(an,awful,lot)
0.999997	(an,awful,lot)
0.999997	(an,awful,lot)
0.999997	(an,awful,lot)
0.999997	(an,awful,lot)
0.99815	(xgraAUX,SUBJ,ROOT)
0.99815	(xgraAUX,SUBJ,ROOT)
0.99815	(xgraAUX,SUBJ,ROOT)
0.99815	(xgraAUX,SUBJ,ROOT)
0.99815	(xgraAUX,SUBJ,ROOT)
0.99815	(xgraAUX,SUBJ,ROOT)
0.99815	(xgraAUX,SUBJ,ROOT)
0.99815	(xgraAUX,SUBJ,ROOT)
0.99815	(xgraAUX,SUBJ,ROOT)
NEW	P6381	(an,awful,lot)	2.7418137e-06	1	3	21
Start new search-path : Thu Mar 22 20:09:05 2012

Start new search-path : Thu Mar 22 20:09:05 2012

Start new search-path : Thu Mar 22 20:09:05 2012

Start new search-path : Thu Mar 22 20:09:06 2012

Start new search-path : Thu Mar 22 20:09:06 2012

List of patterns: 
1	(what's,that)
1	(what's,that)
1	(what's,that)
1	(what's,that)
NEW	P6382	(what's,that)	0	1	2	119
Start new search-path : Thu Mar 22 20:09:07 2012

Start new search-path : Thu Mar 22 20:09:07 2012

Start new search-path : Thu Mar 22 20:09:07 2012

4366362 0
List of patterns: 
1.00905	(E0,was)
0.999999	(I,was)
0.999999	(I,was)
0.999999	(I,was)
0.999999	(I,was)
0.999999	(I,was)
0.999999	(I,was)
0.999969	(but,P6373,say)
0.999969	(but,P6373,say)
0.999969	(but,P6373,say)
0.999969	(but,P6373,say)
0.999969	(but,P6373,say)
0.999969	(but,P6373,say)
0.993027	(but,P6373,say)
NEW	P6383	(E0,was)	0.00010478497	1	2	1046
E0	{she,it,I}
Start new search-path : Thu Mar 22 20:09:09 2012

1319655507 1
List of patterns: 
1.02256	(E0,E0,you)
1.00915	(E0,are,you)
1.00915	(E0,are,you)
1.00526	(E0,are,you)
NEW	P6385	(E0,E0,you)	7.5697899e-06	0.66666669	3	131
E0	{who,what,where}
E0	{bought,would,are,else,were}
Start new search-path : Thu Mar 22 20:09:11 2012

Start new search-path : Thu Mar 22 20:09:11 2012

Start new search-path : Thu Mar 22 20:09:11 2012

4366794 0
List of patterns: 
1.02409	(E0,E6384)
NEW	P6388	(E0,E6384)	3.5762787e-07	1	2	512
E0	{so,cause,uhhuh,but,oh,yes}
Start new search-path : Thu Mar 22 20:09:13 2012

-534033211 0
-534033211 0
List of patterns: 
1.00573	(E0,bit,of)
1.00573	(E0,bit,of)
1	(going,to)
1	(going,to)
1	(going,to)
1	(going,to)
1	(going,to)
1	(going,to)
1	(going,to)
1	(going,to)
1	(going,to)
1	(going,to)
1	(going,to)
NEW	P6390	(E0,bit,of)	4.4584274e-05	1	3.5	52
E0	{a,P6365}
Start new search-path : Thu Mar 22 20:09:16 2012

Start new search-path : Thu Mar 22 20:09:16 2012

Start new search-path : Thu Mar 22 20:09:16 2012

Start new search-path : Thu Mar 22 20:09:16 2012

Start new search-path : Thu Mar 22 20:09:16 2012

List of patterns: 
1.00915	(and,E6384)
1.00915	(and,E6384)
NEW	P6392	(and,E6384)	5.4240227e-06	1	2	520
Start new search-path : Thu Mar 22 20:09:18 2012

Start new search-path : Thu Mar 22 20:09:18 2012

Start new search-path : Thu Mar 22 20:09:19 2012

List of patterns: 
1	(I'm,trying,to)
NEW	P6393	(I'm,trying,to)	0	1	3	13
Start new search-path : Thu Mar 22 20:09:20 2012

Start new search-path : Thu Mar 22 20:09:20 2012

Start new search-path : Thu Mar 22 20:09:21 2012

Start new search-path : Thu Mar 22 20:09:21 2012

Start new search-path : Thu Mar 22 20:09:21 2012

Start new search-path : Thu Mar 22 20:09:21 2012

Start new search-path : Thu Mar 22 20:09:21 2012

Start new search-path : Thu Mar 22 20:09:21 2012

List of patterns: 
0.99998	(we,toyed,with,the,idea,of)
0.99998	(we,toyed,with,the,idea,of)
0.99998	(we,toyed,with,the,idea,of)
0.99998	(we,toyed,with,the,idea,of)
0.99998	(we,toyed,with,the,idea,of)
0.99998	(we,toyed,with,the,idea,of)
0.99998	(we,toyed,with,the,idea,of)
0.99998	(we,toyed,with,the,idea,of)
NEW	P6394	(we,toyed,with,the,idea,of)	1.9848347e-05	1	6	6
Start new search-path : Thu Mar 22 20:09:22 2012

Start new search-path : Thu Mar 22 20:09:22 2012

List of patterns: 
0.993459	(to,get)
0.993459	(to,get)
0.993459	(to,get)
0.993459	(to,get)
0.993459	(to,get)
0.993459	(to,get)
0.993459	(to,get)
0.993459	(to,get)
0.993459	(to,get)
0.993459	(to,get)
NEW	P6395	(to,get)	0.0065408945	1	2	198
Start new search-path : Thu Mar 22 20:09:24 2012

Start new search-path : Thu Mar 22 20:09:24 2012

Start new search-path : Thu Mar 22 20:09:24 2012

List of patterns: 
1	(is,that)
1	(is,that)
1	(is,that)
NEW	P6396	(is,that)	0	1	2	153
Start new search-path : Thu Mar 22 20:09:26 2012

Start new search-path : Thu Mar 22 20:09:26 2012

Start new search-path : Thu Mar 22 20:09:26 2012

Start new search-path : Thu Mar 22 20:09:26 2012

Start new search-path : Thu Mar 22 20:09:26 2012

Start new search-path : Thu Mar 22 20:09:26 2012

Start new search-path : Thu Mar 22 20:09:26 2012

Start new search-path : Thu Mar 22 20:09:27 2012

List of patterns: 
0.999999	(but,P6373,say)
0.999999	(but,P6373,say)
NEW	P6397	(but,P6373,say)	7.7486038e-07	1	4	10
Start new search-path : Thu Mar 22 20:09:28 2012

Start new search-path : Thu Mar 22 20:09:28 2012

Start new search-path : Thu Mar 22 20:09:28 2012

Start new search-path : Thu Mar 22 20:09:28 2012

Start new search-path : Thu Mar 22 20:09:28 2012

Start new search-path : Thu Mar 22 20:09:29 2012

Start new search-path : Thu Mar 22 20:09:29 2012

List of patterns: 
0.99994	(this,is)
0.99994	(this,is)
0.99994	(this,is)
NEW	P6398	(this,is)	5.9843063e-05	1	2	68
Start new search-path : Thu Mar 22 20:09:30 2012

Start new search-path : Thu Mar 22 20:09:30 2012

1896471212 2
1896471212 2
List of patterns: 
1.01733	(P6375,want,E0,to)
1.01155	(P6375,want,E0,to)
0.99604	(INF,XCOMP)
0.99604	(INF,XCOMP)
0.99604	(INF,XCOMP)
0.99604	(INF,XCOMP)
0.99604	(INF,XCOMP)
0.99604	(INF,XCOMP)
0.99604	(INF,XCOMP)
0.99604	(INF,XCOMP)
0.99604	(INF,XCOMP)
0.99604	(INF,XCOMP)
0.99604	(INF,XCOMP)
NEW	P6399	(P6375,want,E0,to)	0	0.5	5	20
E0	{something,me,anything,Mummy}
Start new search-path : Thu Mar 22 20:09:32 2012

Start new search-path : Thu Mar 22 20:09:32 2012

Start new search-path : Thu Mar 22 20:09:32 2012

Start new search-path : Thu Mar 22 20:09:32 2012

List of patterns: 
0.999984	(morprowhwhatvcopbeS,prodemthat,xgraPRED,ROOT,SUBJ)
0.999984	(morprowhwhatvcopbeS,prodemthat,xgraPRED,ROOT,SUBJ)
0.999984	(morprowhwhatvcopbeS,prodemthat,xgraPRED,ROOT,SUBJ)
0.999984	(morprowhwhatvcopbeS,prodemthat,xgraPRED,ROOT,SUBJ)
0.999984	(morprowhwhatvcopbeS,prodemthat,xgraPRED,ROOT,SUBJ)
0.999984	(morprowhwhatvcopbeS,prodemthat,xgraPRED,ROOT,SUBJ)
NEW	P6401	(morprowhwhatvcopbeS,prodemthat,xgraPRED,ROOT,SUBJ)	1.5854836e-05	1	5	9
Start new search-path : Thu Mar 22 20:09:33 2012

Start new search-path : Thu Mar 22 20:09:33 2012

Start new search-path : Thu Mar 22 20:09:34 2012

Start new search-path : Thu Mar 22 20:09:34 2012

Start new search-path : Thu Mar 22 20:09:34 2012

Start new search-path : Thu Mar 22 20:09:34 2012

Start new search-path : Thu Mar 22 20:09:34 2012

Start new search-path : Thu Mar 22 20:09:34 2012

Start new search-path : Thu Mar 22 20:09:34 2012

Start new search-path : Thu Mar 22 20:09:35 2012

Start new search-path : Thu Mar 22 20:09:35 2012

Start new search-path : Thu Mar 22 20:09:35 2012

Start new search-path : Thu Mar 22 20:09:35 2012

Start new search-path : Thu Mar 22 20:09:35 2012

Start new search-path : Thu Mar 22 20:09:35 2012

Start new search-path : Thu Mar 22 20:09:36 2012

Start new search-path : Thu Mar 22 20:09:36 2012

Start new search-path : Thu Mar 22 20:09:36 2012

List of patterns: 
1	(going,to)
1	(going,to)
1	(going,to)
1	(going,to)
1	(going,to)
NEW	P6402	(going,to)	0	1	2	431
Start new search-path : Thu Mar 22 20:09:37 2012

Start new search-path : Thu Mar 22 20:09:37 2012

Start new search-path : Thu Mar 22 20:09:38 2012

Start new search-path : Thu Mar 22 20:09:38 2012

Start new search-path : Thu Mar 22 20:09:38 2012

Start new search-path : Thu Mar 22 20:09:38 2012

Start new search-path : Thu Mar 22 20:09:38 2012

Start new search-path : Thu Mar 22 20:09:38 2012

Start new search-path : Thu Mar 22 20:09:38 2012

Start new search-path : Thu Mar 22 20:09:38 2012

Start new search-path : Thu Mar 22 20:09:38 2012

Start new search-path : Thu Mar 22 20:09:38 2012

Start new search-path : Thu Mar 22 20:09:38 2012

List of patterns: 
0.999219	(tell,Cathy,what)
0.999219	(tell,Cathy,what)
0.999219	(tell,Cathy,what)
0.995928	(AUX,SUBJ)
0.995928	(AUX,SUBJ)
0.995928	(AUX,SUBJ)
NEW	P6403	(tell,Cathy,what)	0.00078058243	1	3	24
Start new search-path : Thu Mar 22 20:09:39 2012

Start new search-path : Thu Mar 22 20:09:39 2012

Start new search-path : Thu Mar 22 20:09:39 2012

Start new search-path : Thu Mar 22 20:09:39 2012

Start new search-path : Thu Mar 22 20:09:39 2012

Start new search-path : Thu Mar 22 20:09:40 2012

Start new search-path : Thu Mar 22 20:09:40 2012

Start new search-path : Thu Mar 22 20:09:40 2012

Start new search-path : Thu Mar 22 20:09:40 2012

List of patterns: 
1	(c'mere,come,here)
1	(c'mere,come,here)
1	(c'mere,come,here)
NEW	P6404	(c'mere,come,here)	0	1	3	10
Start new search-path : Thu Mar 22 20:09:41 2012

Start new search-path : Thu Mar 22 20:09:41 2012

Start new search-path : Thu Mar 22 20:09:41 2012

List of patterns: 
1	(morcoordand,prowhwhatvcopbeS,prodemthat)
1	(morcoordand,prowhwhatvcopbeS,prodemthat)
0.997417	(on,the)
0.997417	(on,the)
NEW	P6405	(morcoordand,prowhwhatvcopbeS,prodemthat)	0	1	3	7
Start new search-path : Thu Mar 22 20:09:43 2012

Start new search-path : Thu Mar 22 20:09:43 2012

Start new search-path : Thu Mar 22 20:09:43 2012

Start new search-path : Thu Mar 22 20:09:43 2012

4365156 0
List of patterns: 
1.00346	(E0,not)
NEW	P6406	(E0,not)	0.0023114681	1	2	195
E0	{I'm,you're}
Start new search-path : Thu Mar 22 20:09:44 2012

Start new search-path : Thu Mar 22 20:09:44 2012

Start new search-path : Thu Mar 22 20:09:44 2012

Start new search-path : Thu Mar 22 20:09:44 2012

Start new search-path : Thu Mar 22 20:09:44 2012

Start new search-path : Thu Mar 22 20:09:44 2012

Start new search-path : Thu Mar 22 20:09:45 2012

Start new search-path : Thu Mar 22 20:09:45 2012

Start new search-path : Thu Mar 22 20:09:45 2012

Start new search-path : Thu Mar 22 20:09:45 2012

Start new search-path : Thu Mar 22 20:09:45 2012

Start new search-path : Thu Mar 22 20:09:45 2012

Start new search-path : Thu Mar 22 20:09:45 2012

Start new search-path : Thu Mar 22 20:09:45 2012

-1092805125 3
1328248039 1
List of patterns: 
1.0231	(P6375,want,E6391,E0,of)
1.01733	(E6391,E0,of)
1.01155	(P6375,want,E6391,cup,of)
1.01155	(P6375,want,E6391,cup,of)
1.00578	(P6375,want,a,cup,of)
1.00578	(P6375,want,a,cup,of)
1.00578	(P6375,want,a,cup,of)
1.00577	(E6391,cup,of)
1.00577	(E6391,cup,of)
1	(a,cup,of)
1	(a,cup,of)
1	(a,cup,of)
1	(a,cup,of)
1	(a,cup,of)
1	(a,cup,of)
0.992068	(xgraAUX,SUBJ,ROOT)
0.992068	(xgraAUX,SUBJ,ROOT)
0.992068	(xgraAUX,SUBJ,ROOT)
0.992068	(xgraAUX,SUBJ,ROOT)
0.992068	(xgraAUX,SUBJ,ROOT)
0.992068	(xgraAUX,SUBJ,ROOT)
NEW	P6408	(P6375,want,E6391,E0,of)	0	0.3125	6.5	20
E0	{drink,glass,bite,cup}
Start new search-path : Thu Mar 22 20:09:47 2012

=> NON VALID PATTERN, ERASE IT
List of patterns: 
1	(I,know)
NEW	P6410	(I,know)	0	1	2	538
Start new search-path : Thu Mar 22 20:09:48 2012

Start new search-path : Thu Mar 22 20:09:48 2012

Start new search-path : Thu Mar 22 20:09:49 2012

List of patterns: 
0.992068	(xgraAUX,SUBJ,ROOT)
0.992068	(xgraAUX,SUBJ,ROOT)
NEW	P6411	(xgraAUX,SUBJ,ROOT)	0.0079316497	1	3	18
Start new search-path : Thu Mar 22 20:09:50 2012

Start new search-path : Thu Mar 22 20:09:50 2012

List of patterns: 
1	(a,bit)
1	(a,bit)
1	(a,bit)
1	(a,bit)
1	(a,bit)
1	(a,bit)
1	(a,bit)
1	(a,bit)
1	(a,bit)
1	(a,bit)
NEW	P6412	(a,bit)	0	1	2	67
Start new search-path : Thu Mar 22 20:09:52 2012

Start new search-path : Thu Mar 22 20:09:52 2012

Start new search-path : Thu Mar 22 20:09:52 2012

Start new search-path : Thu Mar 22 20:09:52 2012

Start new search-path : Thu Mar 22 20:09:53 2012

Start new search-path : Thu Mar 22 20:09:53 2012

List of patterns: 
1.00691	(E6384,says)
NEW	P6413	(E6384,says)	0.0022409558	1	2	254
Start new search-path : Thu Mar 22 20:09:55 2012

List of patterns: 
0.995792	(you,don't)
0.995792	(you,don't)
0.995792	(you,don't)
0.995792	(you,don't)
0.995792	(you,don't)
0.995792	(you,don't)
0.995792	(you,don't)
0.995792	(you,don't)
NEW	P6414	(you,don't)	0.0042082667	1	2	134
Start new search-path : Thu Mar 22 20:09:57 2012

Start new search-path : Thu Mar 22 20:09:57 2012

Start new search-path : Thu Mar 22 20:09:57 2012

Start new search-path : Thu Mar 22 20:09:57 2012

Start new search-path : Thu Mar 22 20:09:57 2012

Start new search-path : Thu Mar 22 20:09:57 2012

Start new search-path : Thu Mar 22 20:09:58 2012

Start new search-path : Thu Mar 22 20:09:58 2012

Start new search-path : Thu Mar 22 20:09:59 2012

Start new search-path : Thu Mar 22 20:09:59 2012

Start new search-path : Thu Mar 22 20:09:59 2012

List of patterns: 
0.991251	(out,of,the)
0.991251	(out,of,the)
0.991251	(out,of,the)
0.991251	(out,of,the)
0.991251	(out,of,the)
NEW	P6415	(out,of,the)	0.0087493062	1	3	41
Start new search-path : Thu Mar 22 20:10:00 2012

List of patterns: 
0.99604	(INF,XCOMP)
NEW	P6416	(INF,XCOMP)	0.0039595366	1	2	8
Start new search-path : Thu Mar 22 20:10:01 2012

Start new search-path : Thu Mar 22 20:10:01 2012

Start new search-path : Thu Mar 22 20:10:01 2012

Start new search-path : Thu Mar 22 20:10:01 2012

Start new search-path : Thu Mar 22 20:10:02 2012

List of patterns: 
0.999388	(it,must,be)
NEW	P6417	(it,must,be)	0.00061202049	1	3	11
Start new search-path : Thu Mar 22 20:10:03 2012

Start new search-path : Thu Mar 22 20:10:03 2012

List of patterns: 
0.995604	(on,the)
0.995604	(on,the)
NEW	P6418	(on,the)	0.0043962002	1	2	197
Start new search-path : Thu Mar 22 20:10:04 2012

-495625713 0
List of patterns: 
1.01152	(E0,want,to)
1.0051	(P6375,want,to)
1.0051	(P6375,want,to)
1.0051	(P6375,want,to)
1.0038	(P6375,want,to)
1.0038	(P6375,want,to)
NEW	P6419	(E0,want,to)	3.0696392e-05	1	3.3333335	99
E0	{P6375,wanna,you}
Start new search-path : Thu Mar 22 20:10:06 2012

Start new search-path : Thu Mar 22 20:10:06 2012

Start new search-path : Thu Mar 22 20:10:06 2012

Start new search-path : Thu Mar 22 20:10:07 2012

Start new search-path : Thu Mar 22 20:10:07 2012

Start new search-path : Thu Mar 22 20:10:07 2012

List of patterns: 
1.00916	(E0,know)
1.00916	(E0,know)
1	(you,know)
1	(you,know)
1	(you,know)
1	(you,know)
1	(you,know)
1	(you,know)
NEW	P6421	(E0,know)	0	1	2.3333335	650
E0	{P6375,you}
Start new search-path : Thu Mar 22 20:10:09 2012

Start new search-path : Thu Mar 22 20:10:09 2012

Start new search-path : Thu Mar 22 20:10:09 2012

Start new search-path : Thu Mar 22 20:10:10 2012

Start new search-path : Thu Mar 22 20:10:10 2012

Start new search-path : Thu Mar 22 20:10:11 2012

Start new search-path : Thu Mar 22 20:10:11 2012

List of patterns: 
1.02237	(P6385,doing)
1.02237	(P6385,doing)
1.02237	(P6385,doing)
NEW	P6423	(P6385,doing)	0.00019341707	0.13333334	4	40
Start new search-path : Thu Mar 22 20:10:12 2012

Start new search-path : Thu Mar 22 20:10:12 2012

Start new search-path : Thu Mar 22 20:10:13 2012

Start new search-path : Thu Mar 22 20:10:13 2012

Start new search-path : Thu Mar 22 20:10:13 2012

Start new search-path : Thu Mar 22 20:10:13 2012

Start new search-path : Thu Mar 22 20:10:13 2012

Start new search-path : Thu Mar 22 20:10:13 2012

Start new search-path : Thu Mar 22 20:10:13 2012

Start new search-path : Thu Mar 22 20:10:13 2012

Start new search-path : Thu Mar 22 20:10:13 2012

List of patterns: 
0.993034	(you,can)
0.993034	(you,can)
0.993034	(you,can)
0.993034	(you,can)
0.993034	(you,can)
0.993034	(you,can)
0.993034	(you,can)
0.993034	(you,can)
0.993034	(you,can)
0.993034	(you,can)
0.993034	(you,can)
0.993034	(you,can)
NEW	P6424	(you,can)	0.0069656372	1	2	134
Start new search-path : Thu Mar 22 20:10:15 2012

Start new search-path : Thu Mar 22 20:10:16 2012

=> NON VALID PATTERN, ERASE IT
List of patterns: 
1.0122	(E6387,you)
1.0122	(E6387,you)
0.998281	(would,you)
0.998281	(would,you)
0.998281	(would,you)
0.998281	(would,you)
0.998281	(would,you)
NEW	P6425	(E6387,you)	0.0012149811	1	2	238
Start new search-path : Thu Mar 22 20:10:17 2012

Start new search-path : Thu Mar 22 20:10:18 2012

List of patterns: 
0.999998	(the,last,time)
0.999998	(the,last,time)
0.999998	(the,last,time)
0.999998	(the,last,time)
NEW	P6426	(the,last,time)	1.9073486e-06	1	3	23
Start new search-path : Thu Mar 22 20:10:19 2012

Start new search-path : Thu Mar 22 20:10:19 2012

Start new search-path : Thu Mar 22 20:10:19 2012

Start new search-path : Thu Mar 22 20:10:19 2012

Start new search-path : Thu Mar 22 20:10:19 2012

Start new search-path : Thu Mar 22 20:10:19 2012

Start new search-path : Thu Mar 22 20:10:21 2012

Start new search-path : Thu Mar 22 20:10:21 2012

Start new search-path : Thu Mar 22 20:10:21 2012

Start new search-path : Thu Mar 22 20:10:21 2012

Start new search-path : Thu Mar 22 20:10:21 2012

Start new search-path : Thu Mar 22 20:10:21 2012

Start new search-path : Thu Mar 22 20:10:22 2012

Start new search-path : Thu Mar 22 20:10:23 2012

Start new search-path : Thu Mar 22 20:10:23 2012

541892718 2
List of patterns: 
1.00578	(P6375,call)
1.00578	(P6375,call)
1.00578	(P6375,call)
1.00578	(P6375,call)
1.00578	(P6375,call)
1.00578	(P6375,call)
1.00578	(P6375,call)
1.00578	(P6375,call)
1.00578	(P6375,call)
1.00578	(P6375,call)
1.00578	(P6375,call)
1.00578	(P6375,call)
1.00578	(P6375,call)
1.00578	(P6375,call)
1.00578	(P6375,call)
1.00576	(AUX,SUBJ,E0)
NEW	P6427	(P6375,call)	0	1	3	50
Start new search-path : Thu Mar 22 20:10:27 2012

List of patterns: 
0.995928	(AUX,SUBJ)
0.995928	(AUX,SUBJ)
0.995928	(AUX,SUBJ)
NEW	P6428	(AUX,SUBJ)	0.0040724874	1	2	25
Start new search-path : Thu Mar 22 20:10:29 2012

1186061933 1
List of patterns: 
1.01465	(what,E0,E6384)
0.999988	(xgraOBJ,P6428,ROOT)
0.999988	(xgraOBJ,P6428,ROOT)
0.999988	(xgraOBJ,P6428,ROOT)
0.999988	(xgraOBJ,P6428,ROOT)
0.999988	(xgraOBJ,P6428,ROOT)
0.999988	(xgraOBJ,P6428,ROOT)
0.999988	(xgraOBJ,P6428,ROOT)
0.999988	(xgraOBJ,P6428,ROOT)
0.999988	(xgraOBJ,P6428,ROOT)
0.999988	(xgraOBJ,P6428,ROOT)
0.999988	(xgraOBJ,P6428,ROOT)
NEW	P6429	(what,E0,E6384)	0.0094351172	0.55555558	3.4000001	70
E0	{will,P6427,did,is,does}
Start new search-path : Thu Mar 22 20:10:31 2012

Start new search-path : Thu Mar 22 20:10:32 2012

List of patterns: 
0.997289	(xgraOBJ,P6428)
0.997289	(xgraOBJ,P6428)
0.997289	(xgraOBJ,P6428)
0.997289	(xgraOBJ,P6428)
0.997289	(xgraOBJ,P6428)
NEW	P6431	(xgraOBJ,P6428)	0.0027108788	1	3	13
Start new search-path : Thu Mar 22 20:10:34 2012

List of patterns: 
1	(he,was)
1	(he,was)
1	(he,was)
1	(he,was)
1	(he,was)
1	(he,was)
1	(he,was)
1	(he,was)
1	(he,was)
NEW	P6432	(he,was)	0	1	2	265
Start new search-path : Thu Mar 22 20:10:36 2012

Start new search-path : Thu Mar 22 20:10:36 2012

Start new search-path : Thu Mar 22 20:10:36 2012

Start new search-path : Thu Mar 22 20:10:37 2012

Start new search-path : Thu Mar 22 20:10:37 2012

Start new search-path : Thu Mar 22 20:10:37 2012

Start new search-path : Thu Mar 22 20:10:37 2012

Start new search-path : Thu Mar 22 20:10:39 2012

Start new search-path : Thu Mar 22 20:10:39 2012

List of patterns: 
1	(across,the)
1	(across,the)
1	(across,the)
1	(across,the)
1	(across,the)
1	(across,the)
1	(across,the)
1	(across,the)
1	(across,the)
1	(across,the)
NEW	P6433	(across,the)	2.9802322e-07	1	2	18
Start new search-path : Thu Mar 22 20:10:42 2012

List of patterns: 
1.01039	(what,E6430)
0.999439	(and,then)
0.999439	(and,then)
0.999439	(and,then)
0.999439	(and,then)
0.999439	(and,then)
0.999439	(and,then)
0.999439	(and,then)
0.999439	(and,then)
0.999439	(and,then)
0.999439	(and,then)
0.999439	(and,then)
0.999439	(and,then)
0.999439	(and,then)
0.999439	(and,then)
0.999439	(and,then)
0.999439	(and,then)
0.999439	(and,then)
NEW	P6434	(what,E6430)	0.004543364	0.83333331	2.4000001	153
Start new search-path : Thu Mar 22 20:10:44 2012

Start new search-path : Thu Mar 22 20:10:44 2012

Start new search-path : Thu Mar 22 20:10:44 2012

-493563067 0
List of patterns: 
1.01369	(E0,what,E6384)
NEW	P6435	(E0,what,E6384)	0.0012453198	0.66666669	3.5	29
E0	{P6398,that's}
Start new search-path : Thu Mar 22 20:10:47 2012

List of patterns: 
0.991598	(to,the)
0.991598	(to,the)
0.991598	(to,the)
0.991598	(to,the)
0.991598	(to,the)
0.991598	(to,the)
0.991598	(to,the)
0.991598	(to,the)
0.991598	(to,the)
NEW	P6437	(to,the)	0.008402288	1	2	180
Start new search-path : Thu Mar 22 20:10:49 2012

Start new search-path : Thu Mar 22 20:10:49 2012

Start new search-path : Thu Mar 22 20:10:49 2012

Start new search-path : Thu Mar 22 20:10:49 2012

Start new search-path : Thu Mar 22 20:10:50 2012

Start new search-path : Thu Mar 22 20:10:50 2012

Start new search-path : Thu Mar 22 20:10:51 2012

List of patterns: 
0.994375	(what's,he,doing)
0.994375	(what's,he,doing)
NEW	P6438	(what's,he,doing)	0.0056245327	1	3	13
Start new search-path : Thu Mar 22 20:10:52 2012

Start new search-path : Thu Mar 22 20:10:52 2012

Start new search-path : Thu Mar 22 20:10:52 2012

Start new search-path : Thu Mar 22 20:10:52 2012

Start new search-path : Thu Mar 22 20:10:52 2012

Start new search-path : Thu Mar 22 20:10:52 2012

Start new search-path : Thu Mar 22 20:10:52 2012

Start new search-path : Thu Mar 22 20:10:52 2012

List of patterns: 
0.999993	(and,then)
0.999993	(and,then)
0.999993	(and,then)
0.999993	(and,then)
0.999993	(and,then)
0.999993	(and,then)
0.999993	(and,then)
0.999887	(and,then)
NEW	P6439	(and,then)	7.0929527e-06	1	2	305
Start new search-path : Thu Mar 22 20:10:54 2012

Start new search-path : Thu Mar 22 20:10:55 2012

Start new search-path : Thu Mar 22 20:10:57 2012

List of patterns: 
0.99572	(off,by)
0.99572	(off,by)
0.99572	(off,by)
0.99572	(off,by)
0.99572	(off,by)
0.99572	(off,by)
NEW	P6440	(off,by)	0.0042799711	1	2	5
Start new search-path : Thu Mar 22 20:10:59 2012

73018973 0
List of patterns: 
1.00727	(E0,P6375,like,that)
NEW	P6441	(E0,P6375,like,that)	0.0042799711	0.5	5	5
E0	{now,xxx}
Start new search-path : Thu Mar 22 20:11:00 2012

Start new search-path : Thu Mar 22 20:11:01 2012

Start new search-path : Thu Mar 22 20:11:01 2012

=> NON VALID PATTERN, ERASE IT
=> NON VALID PATTERN, ERASE IT
=> NON VALID PATTERN, ERASE IT
List of patterns: 
0.999996	(don't,you)
0.999996	(don't,you)
0.999996	(don't,you)
0.999996	(don't,you)
0.999996	(don't,you)
0.999996	(don't,you)
0.999996	(don't,you)
NEW	P6443	(don't,you)	3.6358833e-06	1	2	87
Start new search-path : Thu Mar 22 20:11:03 2012

Start new search-path : Thu Mar 22 20:11:07 2012

Start new search-path : Thu Mar 22 20:11:08 2012

Start new search-path : Thu Mar 22 20:11:10 2012

Start new search-path : Thu Mar 22 20:11:10 2012

List of patterns: 
1	(PRED,COORD,SUBJ)
1	(PRED,COORD,SUBJ)
1	(PRED,COORD,SUBJ)
1	(PRED,COORD,SUBJ)
1	(PRED,COORD,SUBJ)
1	(PRED,COORD,SUBJ)
1	(PRED,COORD,SUBJ)
NEW	P6444	(PRED,COORD,SUBJ)	0	1	3	9
Start new search-path : Thu Mar 22 20:11:11 2012

Start new search-path : Thu Mar 22 20:11:12 2012

Start new search-path : Thu Mar 22 20:11:12 2012

Start new search-path : Thu Mar 22 20:11:12 2012

Start new search-path : Thu Mar 22 20:11:12 2012

Start new search-path : Thu Mar 22 20:11:13 2012

Start new search-path : Thu Mar 22 20:11:13 2012

Start new search-path : Thu Mar 22 20:11:13 2012

List of patterns: 
0.99997	(how,many)
0.99997	(how,many)
0.99997	(how,many)
0.99997	(how,many)
0.999903	(how,many)
NEW	P6445	(how,many)	3.0040741e-05	1	2	58
Start new search-path : Thu Mar 22 20:11:14 2012

Start new search-path : Thu Mar 22 20:11:14 2012

Start new search-path : Thu Mar 22 20:11:14 2012

Start new search-path : Thu Mar 22 20:11:15 2012

Start new search-path : Thu Mar 22 20:11:15 2012

Start new search-path : Thu Mar 22 20:11:15 2012

List of patterns: 
1.01113	(and,E6379)
1.00861	(and,E6386)
0.99815	(has,socks,like)
0.99815	(has,socks,like)
0.99815	(has,socks,like)
NEW	P6446	(and,E6379)	0.00042504072	1	2	166
Start new search-path : Thu Mar 22 20:11:16 2012

Start new search-path : Thu Mar 22 20:11:16 2012

Start new search-path : Thu Mar 22 20:11:16 2012

List of patterns: 
1.01154	(a,E6409,of)
1.01138	(a,E6409,of)
0.999544	(a,cup,of)
0.999544	(a,cup,of)
0.999544	(a,cup,of)
0.999544	(a,cup,of)
0.999544	(a,cup,of)
0.999544	(a,cup,of)
0.999544	(a,cup,of)
0.999544	(a,cup,of)
0.999544	(a,cup,of)
0.999544	(a,cup,of)
0.999544	(a,cup,of)
0.99815	(wait,to,we,see)
0.99815	(wait,to,we,see)
0.99815	(wait,to,we,see)
0.99815	(wait,to,we,see)
0.99815	(wait,to,we,see)
0.99815	(wait,to,we,see)
0.99815	(wait,to,we,see)
0.99815	(wait,to,we,see)
0.99815	(wait,to,we,see)
0.99815	(wait,to,we,see)
0.99815	(wait,to,we,see)
0.99815	(wait,to,we,see)
0.99815	(wait,to,we,see)
NEW	P6447	(a,E6409,of)	1.1622906e-05	1	3	26
Start new search-path : Thu Mar 22 20:11:19 2012

Start new search-path : Thu Mar 22 20:11:19 2012

Start new search-path : Thu Mar 22 20:11:19 2012

Start new search-path : Thu Mar 22 20:11:19 2012

Start new search-path : Thu Mar 22 20:11:19 2012

Start new search-path : Thu Mar 22 20:11:20 2012

=> NON VALID PATTERN, ERASE IT
=> NON VALID PATTERN, ERASE IT
List of patterns: 
0.99757	(would,be)
0.99757	(would,be)
NEW	P6448	(would,be)	0.002430439	1	2	54
Start new search-path : Thu Mar 22 20:11:21 2012

Start new search-path : Thu Mar 22 20:11:21 2012

Start new search-path : Thu Mar 22 20:11:21 2012

Start new search-path : Thu Mar 22 20:11:21 2012

Start new search-path : Thu Mar 22 20:11:21 2012

List of patterns: 
1	(that's,not,very,nice)
1	(that's,not,very,nice)
1	(that's,not,very,nice)
1	(that's,not,very,nice)
1	(that's,not,very,nice)
1	(that's,not,very,nice)
1	(that's,not,very,nice)
1	(that's,not,very,nice)
1	(that's,not,very,nice)
1	(that's,not,very,nice)
NEW	P6449	(that's,not,very,nice)	0	1	4	11
Start new search-path : Thu Mar 22 20:11:23 2012

Start new search-path : Thu Mar 22 20:11:23 2012

Start new search-path : Thu Mar 22 20:11:24 2012

Start new search-path : Thu Mar 22 20:11:24 2012

Start new search-path : Thu Mar 22 20:11:24 2012

Start new search-path : Thu Mar 22 20:11:25 2012

Start new search-path : Thu Mar 22 20:11:25 2012

Start new search-path : Thu Mar 22 20:11:25 2012

Start new search-path : Thu Mar 22 20:11:25 2012

Start new search-path : Thu Mar 22 20:11:26 2012

Start new search-path : Thu Mar 22 20:11:26 2012

Start new search-path : Thu Mar 22 20:11:26 2012

Start new search-path : Thu Mar 22 20:11:27 2012

Start new search-path : Thu Mar 22 20:11:27 2012

Start new search-path : Thu Mar 22 20:11:27 2012

Start new search-path : Thu Mar 22 20:11:27 2012

Start new search-path : Thu Mar 22 20:11:27 2012

Start new search-path : Thu Mar 22 20:11:28 2012

Start new search-path : Thu Mar 22 20:11:28 2012

Start new search-path : Thu Mar 22 20:11:29 2012

List of patterns: 
0.997039	(sort,of)
0.997039	(sort,of)
0.997039	(sort,of)
0.997039	(sort,of)
0.997039	(sort,of)
0.997039	(sort,of)
0.997039	(sort,of)
0.997039	(sort,of)
NEW	P6450	(sort,of)	0.0029613376	1	2	118
Start new search-path : Thu Mar 22 20:11:30 2012

Start new search-path : Thu Mar 22 20:11:31 2012

Start new search-path : Thu Mar 22 20:11:31 2012

Start new search-path : Thu Mar 22 20:11:31 2012

Start new search-path : Thu Mar 22 20:11:31 2012

List of patterns: 
1	(P6382,P6405,xgraROOT,P6444)
1	(P6382,P6405,xgraROOT,P6444)
1	(P6382,P6405,xgraROOT,P6444)
1	(P6382,P6405,xgraROOT,P6444)
NEW	P6451	(P6382,P6405,xgraROOT,P6444)	5.9604645e-08	1	9	6
Start new search-path : Thu Mar 22 20:11:32 2012

Start new search-path : Thu Mar 22 20:11:32 2012

Start new search-path : Thu Mar 22 20:11:33 2012

Start new search-path : Thu Mar 22 20:11:33 2012

Start new search-path : Thu Mar 22 20:11:33 2012

Start new search-path : Thu Mar 22 20:11:33 2012

List of patterns: 
0.996814	(dodie,pacifier)
0.996814	(dodie,pacifier)
NEW	P6452	(dodie,pacifier)	0.0031861663	1	2	9
Start new search-path : Thu Mar 22 20:11:34 2012

Start new search-path : Thu Mar 22 20:11:34 2012

Start new search-path : Thu Mar 22 20:11:34 2012

Start new search-path : Thu Mar 22 20:11:34 2012

Start new search-path : Thu Mar 22 20:11:34 2012

Start new search-path : Thu Mar 22 20:11:34 2012

Start new search-path : Thu Mar 22 20:11:34 2012

Start new search-path : Thu Mar 22 20:11:34 2012

Start new search-path : Thu Mar 22 20:11:34 2012

Start new search-path : Thu Mar 22 20:11:34 2012

1554312695 2
List of patterns: 
1.00555	(what's,the,E0,doing)
NEW	P6453	(what's,the,E0,doing)	0.00023001432	1	4	5
E0	{alligator,girl}
Start new search-path : Thu Mar 22 20:11:36 2012

Start new search-path : Thu Mar 22 20:11:36 2012

Start new search-path : Thu Mar 22 20:11:36 2012

Start new search-path : Thu Mar 22 20:11:36 2012

Start new search-path : Thu Mar 22 20:11:36 2012

Start new search-path : Thu Mar 22 20:11:36 2012

Start new search-path : Thu Mar 22 20:11:36 2012

Start new search-path : Thu Mar 22 20:11:41 2012

Start new search-path : Thu Mar 22 20:11:41 2012

Start new search-path : Thu Mar 22 20:11:42 2012

Start new search-path : Thu Mar 22 20:11:42 2012

Start new search-path : Thu Mar 22 20:11:43 2012

Start new search-path : Thu Mar 22 20:11:43 2012

Start new search-path : Thu Mar 22 20:11:43 2012

Start new search-path : Thu Mar 22 20:11:43 2012

Start new search-path : Thu Mar 22 20:11:43 2012

Start new search-path : Thu Mar 22 20:11:44 2012

Start new search-path : Thu Mar 22 20:11:44 2012

List of patterns: 
0.99954	(Snow,White)
0.99954	(Snow,White)
0.99954	(Snow,White)
0.99954	(Snow,White)
0.99954	(Snow,White)
0.992141	(I,must,say)
0.992141	(I,must,say)
0.992141	(I,must,say)
0.992141	(I,must,say)
0.992141	(I,must,say)
NEW	P6455	(Snow,White)	0.00046014786	1	2	9
Start new search-path : Thu Mar 22 20:11:45 2012

Start new search-path : Thu Mar 22 20:11:46 2012

Start new search-path : Thu Mar 22 20:11:46 2012

Start new search-path : Thu Mar 22 20:11:46 2012

Start new search-path : Thu Mar 22 20:11:46 2012

Start new search-path : Thu Mar 22 20:11:46 2012

Start new search-path : Thu Mar 22 20:11:46 2012

Start new search-path : Thu Mar 22 20:11:46 2012

Start new search-path : Thu Mar 22 20:11:46 2012

Start new search-path : Thu Mar 22 20:11:46 2012

Start new search-path : Thu Mar 22 20:11:47 2012

Start new search-path : Thu Mar 22 20:11:48 2012

Start new search-path : Thu Mar 22 20:11:48 2012

Start new search-path : Thu Mar 22 20:11:48 2012

Start new search-path : Thu Mar 22 20:11:48 2012

Start new search-path : Thu Mar 22 20:11:49 2012

Start new search-path : Thu Mar 22 20:11:49 2012

Start new search-path : Thu Mar 22 20:11:49 2012

Start new search-path : Thu Mar 22 20:11:49 2012

Start new search-path : Thu Mar 22 20:11:50 2012

Start new search-path : Thu Mar 22 20:11:50 2012

Start new search-path : Thu Mar 22 20:11:51 2012

Start new search-path : Thu Mar 22 20:11:51 2012

Start new search-path : Thu Mar 22 20:11:51 2012

Start new search-path : Thu Mar 22 20:11:51 2012

Start new search-path : Thu Mar 22 20:11:51 2012

Start new search-path : Thu Mar 22 20:11:51 2012

Start new search-path : Thu Mar 22 20:11:51 2012

Start new search-path : Thu Mar 22 20:11:52 2012

Start new search-path : Thu Mar 22 20:11:53 2012

Start new search-path : Thu Mar 22 20:11:53 2012

Start new search-path : Thu Mar 22 20:11:53 2012

Start new search-path : Thu Mar 22 20:11:54 2012

Start new search-path : Thu Mar 22 20:11:54 2012

Start new search-path : Thu Mar 22 20:11:55 2012

Start new search-path : Thu Mar 22 20:11:55 2012

Start new search-path : Thu Mar 22 20:11:55 2012

Start new search-path : Thu Mar 22 20:11:55 2012

List of patterns: 
0.997338	(that's,P6372)
NEW	P6456	(that's,P6372)	0.0026623011	1	3	21
Start new search-path : Thu Mar 22 20:11:57 2012

Start new search-path : Thu Mar 22 20:11:57 2012

Start new search-path : Thu Mar 22 20:11:57 2012

Start new search-path : Thu Mar 22 20:11:57 2012

Start new search-path : Thu Mar 22 20:11:57 2012

Start new search-path : Thu Mar 22 20:11:58 2012

List of patterns: 
0.999707	(out,of)
0.999707	(out,of)
0.999707	(out,of)
0.999707	(out,of)
0.999707	(out,of)
0.999188	(out,of)
NEW	P6457	(out,of)	0.00029277802	1	2	114
Start new search-path : Thu Mar 22 20:11:59 2012

Start new search-path : Thu Mar 22 20:12:00 2012

Start new search-path : Thu Mar 22 20:12:00 2012

Start new search-path : Thu Mar 22 20:12:00 2012

Start new search-path : Thu Mar 22 20:12:01 2012

Start new search-path : Thu Mar 22 20:12:01 2012

Start new search-path : Thu Mar 22 20:12:03 2012

Start new search-path : Thu Mar 22 20:12:03 2012

Start new search-path : Thu Mar 22 20:12:03 2012

Start new search-path : Thu Mar 22 20:12:03 2012

Start new search-path : Thu Mar 22 20:12:03 2012

Start new search-path : Thu Mar 22 20:12:03 2012

Start new search-path : Thu Mar 22 20:12:04 2012

Start new search-path : Thu Mar 22 20:12:05 2012

Start new search-path : Thu Mar 22 20:12:05 2012

4364932 0
List of patterns: 
1.0083	(E0,is)
NEW	P6458	(E0,is)	0.00085377693	1	2	136
E0	{that,all,it}
Start new search-path : Thu Mar 22 20:12:07 2012

Start new search-path : Thu Mar 22 20:12:07 2012

Start new search-path : Thu Mar 22 20:12:08 2012

List of patterns: 
0.990041	(the,same)
0.990041	(the,same)
0.990041	(the,same)
NEW	P6460	(the,same)	0.0099592209	1	2	76
Start new search-path : Thu Mar 22 20:12:09 2012

Start new search-path : Thu Mar 22 20:12:10 2012

Start new search-path : Thu Mar 22 20:12:10 2012

4473043 1
List of patterns: 
1.00578	(that's,E0)
1	(that's,right)
1	(that's,right)
1	(that's,right)
NEW	P6461	(that's,E0)	0	1	2	126
E0	{right,aye}
Start new search-path : Thu Mar 22 20:12:12 2012

Start new search-path : Thu Mar 22 20:12:12 2012

Start new search-path : Thu Mar 22 20:12:12 2012

Start new search-path : Thu Mar 22 20:12:12 2012

Start new search-path : Thu Mar 22 20:12:13 2012

Start new search-path : Thu Mar 22 20:12:13 2012

Start new search-path : Thu Mar 22 20:12:13 2012

Start new search-path : Thu Mar 22 20:12:14 2012

Start new search-path : Thu Mar 22 20:12:14 2012

Start new search-path : Thu Mar 22 20:12:14 2012

Start new search-path : Thu Mar 22 20:12:14 2012

Start new search-path : Thu Mar 22 20:12:15 2012

859178082 2
List of patterns: 
1.01473	(she,is,E0)
NEW	P6463	(she,is,E0)	0.00019884109	1	3	10
E0	{mad,not,yeah,just,honestly,very}
Start new search-path : Thu Mar 22 20:12:16 2012

Start new search-path : Thu Mar 22 20:12:17 2012

Start new search-path : Thu Mar 22 20:12:17 2012

Start new search-path : Thu Mar 22 20:12:17 2012

Start new search-path : Thu Mar 22 20:12:17 2012

Start new search-path : Thu Mar 22 20:12:18 2012

Start new search-path : Thu Mar 22 20:12:18 2012

Start new search-path : Thu Mar 22 20:12:18 2012

Start new search-path : Thu Mar 22 20:12:18 2012

Start new search-path : Thu Mar 22 20:12:19 2012

Start new search-path : Thu Mar 22 20:12:19 2012

Start new search-path : Thu Mar 22 20:12:20 2012

Start new search-path : Thu Mar 22 20:12:20 2012

Start new search-path : Thu Mar 22 20:12:20 2012

Start new search-path : Thu Mar 22 20:12:21 2012

Start new search-path : Thu Mar 22 20:12:21 2012

Start new search-path : Thu Mar 22 20:12:22 2012

Start new search-path : Thu Mar 22 20:12:22 2012

Start new search-path : Thu Mar 22 20:12:22 2012

Start new search-path : Thu Mar 22 20:12:22 2012

Start new search-path : Thu Mar 22 20:12:22 2012

Start new search-path : Thu Mar 22 20:12:22 2012

Start new search-path : Thu Mar 22 20:12:22 2012

Start new search-path : Thu Mar 22 20:12:23 2012

Start new search-path : Thu Mar 22 20:12:23 2012

Start new search-path : Thu Mar 22 20:12:24 2012

Start new search-path : Thu Mar 22 20:12:24 2012

Start new search-path : Thu Mar 22 20:12:24 2012

Start new search-path : Thu Mar 22 20:12:24 2012

Start new search-path : Thu Mar 22 20:12:24 2012

Start new search-path : Thu Mar 22 20:12:24 2012

1321701182 2
List of patterns: 
1.02007	(E6384,really,E0)
NEW	P6465	(E6384,really,E0)	0.00063467026	0.5	3	19
E0	{is,was,do,does}
Start new search-path : Thu Mar 22 20:12:25 2012

Start new search-path : Thu Mar 22 20:12:26 2012

Start new search-path : Thu Mar 22 20:12:26 2012

List of patterns: 
1	(no,problem)
NEW	P6467	(no,problem)	0	1	2	44
Start new search-path : Thu Mar 22 20:12:27 2012

Start new search-path : Thu Mar 22 20:12:28 2012

Start new search-path : Thu Mar 22 20:12:28 2012

Start new search-path : Thu Mar 22 20:12:28 2012

Start new search-path : Thu Mar 22 20:12:28 2012

Start new search-path : Thu Mar 22 20:12:28 2012

Start new search-path : Thu Mar 22 20:12:28 2012

Start new search-path : Thu Mar 22 20:12:29 2012

Start new search-path : Thu Mar 22 20:12:29 2012

Start new search-path : Thu Mar 22 20:12:29 2012

Start new search-path : Thu Mar 22 20:12:29 2012

Start new search-path : Thu Mar 22 20:12:29 2012

Start new search-path : Thu Mar 22 20:12:29 2012

Start new search-path : Thu Mar 22 20:12:29 2012

Start new search-path : Thu Mar 22 20:12:30 2012

Start new search-path : Thu Mar 22 20:12:30 2012

Start new search-path : Thu Mar 22 20:12:30 2012

Start new search-path : Thu Mar 22 20:12:30 2012

Start new search-path : Thu Mar 22 20:12:30 2012

Start new search-path : Thu Mar 22 20:12:30 2012

Start new search-path : Thu Mar 22 20:12:30 2012

Start new search-path : Thu Mar 22 20:12:30 2012

Start new search-path : Thu Mar 22 20:12:30 2012

Start new search-path : Thu Mar 22 20:12:31 2012

Start new search-path : Thu Mar 22 20:12:32 2012

Start new search-path : Thu Mar 22 20:12:32 2012

Start new search-path : Thu Mar 22 20:12:32 2012

Start new search-path : Thu Mar 22 20:12:32 2012

Start new search-path : Thu Mar 22 20:12:32 2012

Start new search-path : Thu Mar 22 20:12:32 2012

Start new search-path : Thu Mar 22 20:12:32 2012

List of patterns: 
1.00352	(what,P6375)
1.00352	(what,P6375)
1.00352	(what,P6375)
0.999196	(what,E6422)
NEW	P6468	(what,P6375)	0.0022525787	1	3	113
Start new search-path : Thu Mar 22 20:12:34 2012

Start new search-path : Thu Mar 22 20:12:34 2012

Start new search-path : Thu Mar 22 20:12:35 2012

Start new search-path : Thu Mar 22 20:12:35 2012

Start new search-path : Thu Mar 22 20:12:35 2012

Start new search-path : Thu Mar 22 20:12:35 2012

Start new search-path : Thu Mar 22 20:12:35 2012

Start new search-path : Thu Mar 22 20:12:35 2012

Start new search-path : Thu Mar 22 20:12:35 2012

Start new search-path : Thu Mar 22 20:12:35 2012

Start new search-path : Thu Mar 22 20:12:35 2012

Start new search-path : Thu Mar 22 20:12:35 2012

Start new search-path : Thu Mar 22 20:12:35 2012

Start new search-path : Thu Mar 22 20:12:35 2012

Start new search-path : Thu Mar 22 20:12:35 2012

Start new search-path : Thu Mar 22 20:12:35 2012

Start new search-path : Thu Mar 22 20:12:36 2012

Start new search-path : Thu Mar 22 20:12:36 2012

Start new search-path : Thu Mar 22 20:12:36 2012

Start new search-path : Thu Mar 22 20:12:36 2012

Start new search-path : Thu Mar 22 20:12:36 2012

Start new search-path : Thu Mar 22 20:12:36 2012

List of patterns: 
0.999758	(there,was)
0.999758	(there,was)
NEW	P6469	(there,was)	0.00024199486	1	2	109
Start new search-path : Thu Mar 22 20:12:37 2012

Start new search-path : Thu Mar 22 20:12:37 2012

Start new search-path : Thu Mar 22 20:12:38 2012

Start new search-path : Thu Mar 22 20:12:38 2012

Start new search-path : Thu Mar 22 20:12:38 2012

Start new search-path : Thu Mar 22 20:12:38 2012

Start new search-path : Thu Mar 22 20:12:38 2012

Start new search-path : Thu Mar 22 20:12:38 2012

Start new search-path : Thu Mar 22 20:12:38 2012

Start new search-path : Thu Mar 22 20:12:38 2012

Start new search-path : Thu Mar 22 20:12:38 2012

List of patterns: 
0.997917	(P6406,allowed,to)
NEW	P6470	(P6406,allowed,to)	0.0078588724	1	4	11
Start new search-path : Thu Mar 22 20:12:39 2012

Start new search-path : Thu Mar 22 20:12:40 2012

Start new search-path : Thu Mar 22 20:12:40 2012

Start new search-path : Thu Mar 22 20:12:40 2012

Start new search-path : Thu Mar 22 20:12:40 2012

4442893 1
List of patterns: 
1.00916	(no,E0)
NEW	P6471	(no,E0)	0	1	2	293
E0	{toys,.,no}
Start new search-path : Thu Mar 22 20:12:42 2012

Start new search-path : Thu Mar 22 20:12:42 2012

Start new search-path : Thu Mar 22 20:12:42 2012

Start new search-path : Thu Mar 22 20:12:42 2012

Start new search-path : Thu Mar 22 20:12:43 2012

Start new search-path : Thu Mar 22 20:12:43 2012

Start new search-path : Thu Mar 22 20:12:43 2012

Start new search-path : Thu Mar 22 20:12:43 2012

587350057 2
List of patterns: 
1.00754	(for,E6391,E0)
NEW	P6473	(for,E6391,E0)	0.0040080547	0.75	3.5	28
E0	{week,while}
Start new search-path : Thu Mar 22 20:12:45 2012

Start new search-path : Thu Mar 22 20:12:45 2012

Start new search-path : Thu Mar 22 20:12:45 2012

Start new search-path : Thu Mar 22 20:12:45 2012

Start new search-path : Thu Mar 22 20:12:45 2012

Start new search-path : Thu Mar 22 20:12:45 2012

Start new search-path : Thu Mar 22 20:12:46 2012

Start new search-path : Thu Mar 22 20:12:46 2012

Start new search-path : Thu Mar 22 20:12:47 2012

Start new search-path : Thu Mar 22 20:12:47 2012

Start new search-path : Thu Mar 22 20:12:47 2012

Start new search-path : Thu Mar 22 20:12:47 2012

Start new search-path : Thu Mar 22 20:12:48 2012

Start new search-path : Thu Mar 22 20:12:49 2012

Start new search-path : Thu Mar 22 20:12:49 2012

Start new search-path : Thu Mar 22 20:12:49 2012

Start new search-path : Thu Mar 22 20:12:49 2012

Start new search-path : Thu Mar 22 20:12:49 2012

Start new search-path : Thu Mar 22 20:12:49 2012

341185432 2
List of patterns: 
1.00578	(don't,be,E0)
NEW	P6475	(don't,be,E0)	0	1	3	9
E0	{pulling,silly}
Start new search-path : Thu Mar 22 20:12:51 2012

Start new search-path : Thu Mar 22 20:12:51 2012

Start new search-path : Thu Mar 22 20:12:52 2012

Start new search-path : Thu Mar 22 20:12:53 2012

Start new search-path : Thu Mar 22 20:12:53 2012

Start new search-path : Thu Mar 22 20:12:53 2012

1194653842 1
-495674283 0
List of patterns: 
1.00916	(there,E0,go)
1.00578	(E0,we,go)
NEW	P6477	(there,E0,go)	0	1	3	16
E0	{we,you,youse}
Start new search-path : Thu Mar 22 20:12:55 2012

Start new search-path : Thu Mar 22 20:12:55 2012

Start new search-path : Thu Mar 22 20:12:55 2012

Start new search-path : Thu Mar 22 20:12:55 2012

Start new search-path : Thu Mar 22 20:12:55 2012

Start new search-path : Thu Mar 22 20:12:55 2012

Start new search-path : Thu Mar 22 20:12:56 2012

Start new search-path : Thu Mar 22 20:12:56 2012

Start new search-path : Thu Mar 22 20:12:56 2012

Start new search-path : Thu Mar 22 20:12:56 2012

Start new search-path : Thu Mar 22 20:12:56 2012

Start new search-path : Thu Mar 22 20:12:57 2012

Start new search-path : Thu Mar 22 20:12:57 2012

Start new search-path : Thu Mar 22 20:12:57 2012

Start new search-path : Thu Mar 22 20:12:58 2012

Start new search-path : Thu Mar 22 20:12:58 2012

Start new search-path : Thu Mar 22 20:12:58 2012

Start new search-path : Thu Mar 22 20:12:58 2012

Start new search-path : Thu Mar 22 20:12:59 2012

Start new search-path : Thu Mar 22 20:13:00 2012

Start new search-path : Thu Mar 22 20:13:00 2012

Start new search-path : Thu Mar 22 20:13:01 2012

Start new search-path : Thu Mar 22 20:13:02 2012

Start new search-path : Thu Mar 22 20:13:02 2012

Start new search-path : Thu Mar 22 20:13:02 2012

Start new search-path : Thu Mar 22 20:13:02 2012

Start new search-path : Thu Mar 22 20:13:02 2012

Start new search-path : Thu Mar 22 20:13:02 2012

1321718407 2
=> NON VALID PATTERN, ERASE IT
List of patterns: 
0.993174	(I,think)
NEW	P6479	(I,think)	0.0068258047	1	2	201
Start new search-path : Thu Mar 22 20:13:03 2012

Start new search-path : Thu Mar 22 20:13:03 2012

Start new search-path : Thu Mar 22 20:13:04 2012

-490894365 0
List of patterns: 
1.00578	(E0,you,are)
NEW	P6480	(E0,you,are)	0	1	3	18
E0	{there,here}
Start new search-path : Thu Mar 22 20:13:05 2012

Start new search-path : Thu Mar 22 20:13:05 2012

Start new search-path : Thu Mar 22 20:13:05 2012

Start new search-path : Thu Mar 22 20:13:05 2012

Start new search-path : Thu Mar 22 20:13:06 2012

Start new search-path : Thu Mar 22 20:13:07 2012

Start new search-path : Thu Mar 22 20:13:07 2012

Start new search-path : Thu Mar 22 20:13:07 2012

Start new search-path : Thu Mar 22 20:13:08 2012

Start new search-path : Thu Mar 22 20:13:08 2012

Start new search-path : Thu Mar 22 20:13:08 2012

Start new search-path : Thu Mar 22 20:13:08 2012

Start new search-path : Thu Mar 22 20:13:08 2012

Start new search-path : Thu Mar 22 20:13:08 2012

Start new search-path : Thu Mar 22 20:13:08 2012

Start new search-path : Thu Mar 22 20:13:08 2012

Start new search-path : Thu Mar 22 20:13:09 2012

Start new search-path : Thu Mar 22 20:13:09 2012

Start new search-path : Thu Mar 22 20:13:09 2012

Start new search-path : Thu Mar 22 20:13:09 2012

Start new search-path : Thu Mar 22 20:13:09 2012

Start new search-path : Thu Mar 22 20:13:10 2012

Start new search-path : Thu Mar 22 20:13:10 2012

Start new search-path : Thu Mar 22 20:13:11 2012

Start new search-path : Thu Mar 22 20:13:11 2012

Start new search-path : Thu Mar 22 20:13:11 2012

Start new search-path : Thu Mar 22 20:13:11 2012

Start new search-path : Thu Mar 22 20:13:11 2012

Start new search-path : Thu Mar 22 20:13:11 2012

Start new search-path : Thu Mar 22 20:13:11 2012

Start new search-path : Thu Mar 22 20:13:11 2012

Start new search-path : Thu Mar 22 20:13:11 2012

Start new search-path : Thu Mar 22 20:13:12 2012

Start new search-path : Thu Mar 22 20:13:12 2012

Start new search-path : Thu Mar 22 20:13:12 2012

List of patterns: 
1.00762	(who,E6466)
NEW	P6482	(who,E6466)	0.0039371848	1	2	36
Start new search-path : Thu Mar 22 20:13:13 2012

Start new search-path : Thu Mar 22 20:13:14 2012

Start new search-path : Thu Mar 22 20:13:14 2012

Start new search-path : Thu Mar 22 20:13:14 2012

Start new search-path : Thu Mar 22 20:13:15 2012

Start new search-path : Thu Mar 22 20:13:15 2012

Start new search-path : Thu Mar 22 20:13:16 2012

Start new search-path : Thu Mar 22 20:13:16 2012

Start new search-path : Thu Mar 22 20:13:16 2012

Start new search-path : Thu Mar 22 20:13:16 2012

Start new search-path : Thu Mar 22 20:13:17 2012

Start new search-path : Thu Mar 22 20:13:17 2012

Start new search-path : Thu Mar 22 20:13:17 2012

Start new search-path : Thu Mar 22 20:13:17 2012

List of patterns: 
1.01493	(P6439,P6434,Emily)
NEW	P6483	(P6439,P6434,Emily)	0	0.33333334	5.4000001	4
Start new search-path : Thu Mar 22 20:13:18 2012

Start new search-path : Thu Mar 22 20:13:19 2012

Start new search-path : Thu Mar 22 20:13:19 2012

Start new search-path : Thu Mar 22 20:13:19 2012

Start new search-path : Thu Mar 22 20:13:19 2012

Start new search-path : Thu Mar 22 20:13:20 2012

Start new search-path : Thu Mar 22 20:13:21 2012

Start new search-path : Thu Mar 22 20:13:21 2012

Start new search-path : Thu Mar 22 20:13:21 2012

Start new search-path : Thu Mar 22 20:13:21 2012

Start new search-path : Thu Mar 22 20:13:23 2012

Start new search-path : Thu Mar 22 20:13:23 2012

Start new search-path : Thu Mar 22 20:13:23 2012

Start new search-path : Thu Mar 22 20:13:23 2012

Start new search-path : Thu Mar 22 20:13:23 2012

Start new search-path : Thu Mar 22 20:13:23 2012

466209332 2
List of patterns: 
0.999885	(he,is,E0)
NEW	P6484	(he,is,E0)	0.0058915019	1	3	28
E0	{.,here}
Start new search-path : Thu Mar 22 20:13:25 2012

Start new search-path : Thu Mar 22 20:13:25 2012

Start new search-path : Thu Mar 22 20:13:25 2012

List of patterns: 
0.995664	(are,we,P6402)
0.995664	(are,we,P6402)
0.995664	(are,we,P6402)
NEW	P6486	(are,we,P6402)	0.0043362379	1	4	10
Start new search-path : Thu Mar 22 20:13:26 2012

Start new search-path : Thu Mar 22 20:13:26 2012

Start new search-path : Thu Mar 22 20:13:26 2012

Start new search-path : Thu Mar 22 20:13:26 2012

Start new search-path : Thu Mar 22 20:13:26 2012

Start new search-path : Thu Mar 22 20:13:26 2012

Start new search-path : Thu Mar 22 20:13:26 2012

Start new search-path : Thu Mar 22 20:13:27 2012

Start new search-path : Thu Mar 22 20:13:28 2012

Start new search-path : Thu Mar 22 20:13:28 2012

Start new search-path : Thu Mar 22 20:13:28 2012

Start new search-path : Thu Mar 22 20:13:28 2012

Start new search-path : Thu Mar 22 20:13:28 2012

Start new search-path : Thu Mar 22 20:13:29 2012

Start new search-path : Thu Mar 22 20:13:29 2012

Start new search-path : Thu Mar 22 20:13:29 2012

Start new search-path : Thu Mar 22 20:13:29 2012

Start new search-path : Thu Mar 22 20:13:29 2012

Start new search-path : Thu Mar 22 20:13:30 2012

Start new search-path : Thu Mar 22 20:13:30 2012

Start new search-path : Thu Mar 22 20:13:30 2012

Start new search-path : Thu Mar 22 20:13:31 2012

Start new search-path : Thu Mar 22 20:13:31 2012

Start new search-path : Thu Mar 22 20:13:31 2012

Start new search-path : Thu Mar 22 20:13:32 2012

249067401 3
List of patterns: 
1.01149	(wait,to,E0,E0)
NEW	P6487	(wait,to,E0,E0)	6.1452389e-05	0.5	4	15
E0	{we,you}
E0	{hear,see}
