Offset: 0
Patterns start at ID:0
Serialization report: Thu Mar 22 20:40:13 2012

Serialize graph
Serialize patterns
DUMPING 29 EQU CALSSES
EQU CLASSES ID: 6376
PATTERN ID: 6375
EQU CLASSES UNIQUE_PATHS: 
EQU CLASSES FLOW: 
EQU CLASSES CONTENT: (2401,549) (2445,1265) 
END
EQU CLASSES ID: 6379
PATTERN ID: 6378
EQU CLASSES UNIQUE_PATHS: 
EQU CLASSES FLOW: 
EQU CLASSES CONTENT: (6181,80) (3123,23) (6142,588) (6160,143) 
END
EQU CLASSES ID: 6384
PATTERN ID: 6383
EQU CLASSES UNIQUE_PATHS: 
EQU CLASSES FLOW: 
EQU CLASSES CONTENT: (5041,1319) (3378,1355) (497,3833) 
END
EQU CLASSES ID: 6386
PATTERN ID: 6385
EQU CLASSES UNIQUE_PATHS: 
EQU CLASSES FLOW: 
EQU CLASSES CONTENT: (6181,61) (6142,323) (6160,59) 
END
EQU CLASSES ID: 6387
PATTERN ID: 6385
EQU CLASSES UNIQUE_PATHS: 
EQU CLASSES FLOW: 
EQU CLASSES CONTENT: (1752,41) (6270,363) (1452,731) (2612,7) (6136,185) 
END
EQU CLASSES ID: 6389
PATTERN ID: 6388
EQU CLASSES UNIQUE_PATHS: 
EQU CLASSES FLOW: 
EQU CLASSES CONTENT: (5228,353) (1953,131) (5887,13) (1863,349) (4197,109) (6325,75) 
END
EQU CLASSES ID: 6391
PATTERN ID: 6390
EQU CLASSES UNIQUE_PATHS: 
EQU CLASSES FLOW: 
EQU CLASSES CONTENT: (1271,399) (6365,139) 
END
EQU CLASSES ID: 6400
PATTERN ID: 6399
EQU CLASSES UNIQUE_PATHS: 
EQU CLASSES FLOW: 
EQU CLASSES CONTENT: (5250,3) (3745,33) (1434,5) (764,3) 
END
EQU CLASSES ID: 6407
PATTERN ID: 6406
EQU CLASSES UNIQUE_PATHS: 
EQU CLASSES FLOW: 
EQU CLASSES CONTENT: (500,255) (6337,137) 
END
EQU CLASSES ID: 6409
PATTERN ID: 6408
EQU CLASSES UNIQUE_PATHS: 
EQU CLASSES FLOW: 
EQU CLASSES CONTENT: (2519,19) (2975,15) (1666,7) (2278,107) 
END
EQU CLASSES ID: 6420
PATTERN ID: 6419
EQU CLASSES UNIQUE_PATHS: 
EQU CLASSES FLOW: 
EQU CLASSES CONTENT: (6375,167) (6065,83) (6334,1251) 
END
EQU CLASSES ID: 6422
PATTERN ID: 6421
EQU CLASSES UNIQUE_PATHS: 
EQU CLASSES FLOW: 
EQU CLASSES CONTENT: (6375,272) (6334,992) 
END
EQU CLASSES ID: 6430
PATTERN ID: 6429
EQU CLASSES UNIQUE_PATHS: 
EQU CLASSES FLOW: 
EQU CLASSES CONTENT: (6203,13) (6427,93) (2401,145) (3372,105) (2451,95) 
END
EQU CLASSES ID: 6436
PATTERN ID: 6435
EQU CLASSES UNIQUE_PATHS: 
EQU CLASSES FLOW: 
EQU CLASSES CONTENT: (5626,55) (6398,5) 
END
EQU CLASSES ID: 6442
PATTERN ID: 6441
EQU CLASSES UNIQUE_PATHS: 
EQU CLASSES FLOW: 
EQU CLASSES CONTENT: (4124,9) (6309,3) 
END
EQU CLASSES ID: 6454
PATTERN ID: 6453
EQU CLASSES UNIQUE_PATHS: 
EQU CLASSES FLOW: 
EQU CLASSES CONTENT: (1380,7) (2964,5) 
END
EQU CLASSES ID: 6459
PATTERN ID: 6458
EQU CLASSES UNIQUE_PATHS: 
EQU CLASSES FLOW: 
EQU CLASSES CONTENT: (5623,93) (1378,9) (3378,173) 
END
EQU CLASSES ID: 6462
PATTERN ID: 6461
EQU CLASSES UNIQUE_PATHS: 
EQU CLASSES FLOW: 
EQU CLASSES CONTENT: (4827,251) (1512,3) 
END
EQU CLASSES ID: 6464
PATTERN ID: 6463
EQU CLASSES UNIQUE_PATHS: 
EQU CLASSES FLOW: 
EQU CLASSES CONTENT: (3683,3) (4116,7) (6318,3) (3427,5) (3240,3) (5975,5) 
END
EQU CLASSES ID: 6466
PATTERN ID: 6465
EQU CLASSES UNIQUE_PATHS: 
EQU CLASSES FLOW: 
EQU CLASSES CONTENT: (3372,35) (6078,47) (2445,11) (2451,21) 
END
EQU CLASSES ID: 6472
PATTERN ID: 6471
EQU CLASSES UNIQUE_PATHS: 
EQU CLASSES FLOW: 
EQU CLASSES CONTENT: (5791,5) (3,497) (4095,87) 
END
EQU CLASSES ID: 6474
PATTERN ID: 6473
EQU CLASSES UNIQUE_PATHS: 
EQU CLASSES FLOW: 
EQU CLASSES CONTENT: (6119,17) (6171,41) 
END
EQU CLASSES ID: 6476
PATTERN ID: 6475
EQU CLASSES UNIQUE_PATHS: 
EQU CLASSES FLOW: 
EQU CLASSES CONTENT: (4668,7) (5123,13) 
END
EQU CLASSES ID: 6478
PATTERN ID: 6477
EQU CLASSES UNIQUE_PATHS: 
EQU CLASSES FLOW: 
EQU CLASSES CONTENT: (6103,18) (6334,29) (6351,3) 
END
EQU CLASSES ID: 6481
PATTERN ID: 6480
EQU CLASSES UNIQUE_PATHS: 
EQU CLASSES FLOW: 
EQU CLASSES CONTENT: (5644,27) (3183,11) 
END
EQU CLASSES ID: 6485
PATTERN ID: 6484
EQU CLASSES UNIQUE_PATHS: 
EQU CLASSES FLOW: 
EQU CLASSES CONTENT: (3,55) (3183,3) 
END
EQU CLASSES ID: 6488
PATTERN ID: 6487
EQU CLASSES UNIQUE_PATHS: 
EQU CLASSES FLOW: 
EQU CLASSES CONTENT: (6103,11) (6334,4) 
END
EQU CLASSES ID: 6489
PATTERN ID: 6487
EQU CLASSES UNIQUE_PATHS: 
EQU CLASSES FLOW: 
EQU CLASSES CONTENT: (3145,9) (4981,23) 
END
EQU CLASSES ID: 6364
PATTERN ID: 6363
EQU CLASSES UNIQUE_PATHS: 
EQU CLASSES FLOW: 
EQU CLASSES CONTENT: (200,3) (1452,157) (6145,5) 
END
DUMPING 101 PATTERNS
SEQUENCE: 3644 1481 
INDEX: 
ID 6360
SIGNATURE -1517306701
SIGNIFICANCE 0.999719
LENGTH 2
BUNDLE: 0.999719 18 17 93 0.306931 0.143963 1 0.999438
EQU CLASSES REFEQU CLASSES SEQUENCE: 6308 6308 
INDEX: 
ID 6361
SIGNATURE -1497335134
SIGNIFICANCE 1
LENGTH 2
BUNDLE: 1 7 6 314 0.323711 0.323711 1 1
EQU CLASSES REFEQU CLASSES SEQUENCE: 3326 5628 
INDEX: 
ID 6362
SIGNATURE -1524772748
SIGNIFICANCE 1
LENGTH 2
BUNDLE: 1 9 8 429 0.231142 0.10538 1 1
EQU CLASSES REFEQU CLASSES SEQUENCE: 0 6334 2987 5728 
INDEX: 
ID 6363
SIGNATURE 608488554
SIGNIFICANCE 1
LENGTH 4
BUNDLE: 1 4 1 81 0.771429 0.94186 1 1
EQU CLASSES REF(608488554,0) 
EQU CLASSES 6364 SEQUENCE: 1271 6116 
INDEX: 
ID 6365
SIGNATURE -1544944681
SIGNIFICANCE 1
LENGTH 2
BUNDLE: 1 7 6 409 0.144728 0.442641 1 1
EQU CLASSES REFEQU CLASSES SEQUENCE: 3375 5623 
INDEX: 
ID 6366
SIGNATURE -1522132153
SIGNIFICANCE 0.999977
LENGTH 2
BUNDLE: 0.999977 2 1 45 0.537037 0.0198151 0.999953 1
EQU CLASSES REFEQU CLASSES SEQUENCE: 1404 497 4929 
INDEX: 
ID 6367
SIGNATURE -1972568052
SIGNIFICANCE 0.99999
LENGTH 3
BUNDLE: 0.99999 9 7 101 0.202811 0.368613 0.99998 1
EQU CLASSES REFEQU CLASSES SEQUENCE: 2979 1404 2951 
INDEX: 
ID 6368
SIGNATURE -1394232838
SIGNIFICANCE 0.99975
LENGTH 3
BUNDLE: 0.99975 5 3 38 0.520548 0.463415 0.999595 0.999906
EQU CLASSES REFEQU CLASSES SEQUENCE: 497 2470 
INDEX: 
ID 6369
SIGNATURE 557770534
SIGNIFICANCE 0.999992
LENGTH 2
BUNDLE: 0.999992 2 1 391 0.0780283 0.461538 0.999983 1
EQU CLASSES REFEQU CLASSES SEQUENCE: 2119 4213 
INDEX: 
ID 6370
SIGNATURE -1537539689
SIGNIFICANCE 1
LENGTH 2
BUNDLE: 1 2 1 112 0.369637 0.28 1 1
EQU CLASSES REFEQU CLASSES SEQUENCE: 1271 6185 3657 4190 
INDEX: 
ID 6371
SIGNATURE -1415287017
SIGNIFICANCE 0.992766
LENGTH 4
BUNDLE: 0.992766 4 1 9 0.75 0.818182 0.994524 0.991007
EQU CLASSES REFEQU CLASSES SEQUENCE: 1271 2995 
INDEX: 
ID 6372
SIGNATURE -1544946047
SIGNIFICANCE 1
LENGTH 2
BUNDLE: 1 29 28 92 0.038206 1 1 1
EQU CLASSES REFEQU CLASSES SEQUENCE: 1467 497 
INDEX: 
ID 6373
SIGNATURE 550616936
SIGNIFICANCE 1
LENGTH 2
BUNDLE: 1 7 6 65 0.229682 0.685185 1 1
EQU CLASSES REFEQU CLASSES SEQUENCE: 6334 4981 
INDEX: 
ID 6374
SIGNATURE -1496069896
SIGNIFICANCE 0.996998
LENGTH 2
BUNDLE: 0.996998 8 7 241 0.048123 0.287933 0.993997 1
EQU CLASSES REFEQU CLASSES SEQUENCE: 0 6334 
INDEX: 
ID 6375
SIGNATURE 4366618
SIGNIFICANCE 1
LENGTH 2
BUNDLE: 1 2 1 906 0.450746 0.190057 1 1
EQU CLASSES REF(4366618,0) 
EQU CLASSES 6376 SEQUENCE: 5623 6078 
INDEX: 
ID 6377
SIGNATURE -1499585309
SIGNIFICANCE 0.999892
LENGTH 2
BUNDLE: 0.999892 2 1 125 0.30625 0.0616675 0.999783 1
EQU CLASSES REFEQU CLASSES SEQUENCE: 6375 3485 0 
INDEX: 
ID 6378
SIGNATURE 1124612855
SIGNIFICANCE 0.997172
LENGTH 4
BUNDLE: 0.997172 3 1 50 0.520833 0.253807 0.994343 1
EQU CLASSES REF(1124612855,2) 
EQU CLASSES 6379 SEQUENCE: 6369 3485 
INDEX: 
ID 6380
SIGNATURE -1493961717
SIGNIFICANCE 0.999927
LENGTH 3
BUNDLE: 0.999927 3 2 190 0.485934 0.340136 0.999999 0.999854
EQU CLASSES REFEQU CLASSES SEQUENCE: 1401 1510 3657 
INDEX: 
ID 6381
SIGNATURE 962334826
SIGNIFICANCE 0.999997
LENGTH 3
BUNDLE: 0.999997 5 3 21 0.65625 1 0.999994 1
EQU CLASSES REFEQU CLASSES SEQUENCE: 6146 5623 
INDEX: 
ID 6382
SIGNATURE -1498366528
SIGNIFICANCE 1
LENGTH 2
BUNDLE: 1 2 1 119 0.31565 0.777778 1 1
EQU CLASSES REFEQU CLASSES SEQUENCE: 0 6078 
INDEX: 
ID 6383
SIGNATURE 4366362
SIGNIFICANCE 0.999895
LENGTH 2
BUNDLE: 0.999895 5 4 1046 0.116911 1 1 0.99979
EQU CLASSES REF(4366362,0) 
EQU CLASSES 6384 SEQUENCE: 0 0 6334 
INDEX: 
ID 6385
SIGNATURE 109054118
SIGNIFICANCE 0.999992
LENGTH 3
BUNDLE: 0.999992 4 2 131 0.488806 0.354054 1 0.999985
EQU CLASSES REF(360330220,0) 
(1319655507,1) 
EQU CLASSES 6386 6387 SEQUENCE: 0 6384 
INDEX: 
ID 6388
SIGNATURE 4366794
SIGNIFICANCE 1
LENGTH 2
BUNDLE: 1 2 1 512 0.134843 0.0648019 0.999999 1
EQU CLASSES REF(4366794,0) 
EQU CLASSES 6389 SEQUENCE: 0 1663 4190 
INDEX: 
ID 6390
SIGNATURE -534033211
SIGNIFICANCE 0.999955
LENGTH 3.5
BUNDLE: 0.999955 9 7 52 0.313253 0.8125 0.999911 1
EQU CLASSES REF(-534033211,0) 
EQU CLASSES 6391 SEQUENCE: 1404 6384 
INDEX: 
ID 6392
SIGNATURE -1545444252
SIGNIFICANCE 0.999995
LENGTH 2
BUNDLE: 0.999995 2 1 520 0.115479 0.0703749 0.999989 1
EQU CLASSES REFEQU CLASSES SEQUENCE: 500 5844 5728 
INDEX: 
ID 6393
SIGNATURE -1448490239
SIGNIFICANCE 1
LENGTH 3
BUNDLE: 1 3 1 13 0.928571 0.325 1 1
EQU CLASSES REFEQU CLASSES SEQUENCE: 6103 5790 6223 5628 3303 4190 
INDEX: 
ID 6394
SIGNATURE 383708096
SIGNIFICANCE 0.99998
LENGTH 6
BUNDLE: 0.99998 6 1 6 1 1 0.99996 1
EQU CLASSES REFEQU CLASSES SEQUENCE: 5728 2951 
INDEX: 
ID 6395
SIGNATURE -1495602461
SIGNIFICANCE 0.993459
LENGTH 2
BUNDLE: 0.993459 9 8 198 0.0670732 0.252874 0.986918 1
EQU CLASSES REFEQU CLASSES SEQUENCE: 3372 5623 
INDEX: 
ID 6396
SIGNATURE -1522413403
SIGNIFICANCE 1
LENGTH 2
BUNDLE: 1 2 1 153 0.473251 0.916667 1 1
EQU CLASSES REFEQU CLASSES SEQUENCE: 1863 6373 4926 
INDEX: 
ID 6397
SIGNATURE 100324130
SIGNIFICANCE 0.999999
LENGTH 4
BUNDLE: 0.999999 3 1 10 0.909091 0.27027 0.999998 1
EQU CLASSES REFEQU CLASSES SEQUENCE: 5674 3372 
INDEX: 
ID 6398
SIGNATURE -1496758614
SIGNIFICANCE 0.99994
LENGTH 2
BUNDLE: 0.99994 2 1 68 0.563636 0.666667 0.99988 1
EQU CLASSES REFEQU CLASSES SEQUENCE: 6375 6066 0 5728 
INDEX: 
ID 6399
SIGNATURE 1896471212
SIGNIFICANCE 1
LENGTH 5
BUNDLE: 1 4 1 20 0.952381 0.8 1 1
EQU CLASSES REF(1896471212,2) 
EQU CLASSES 6400 SEQUENCE: 3917 4617 6301 986 1038 
INDEX: 
ID 6401
SIGNATURE -1057729518
SIGNIFICANCE 0.999984
LENGTH 5
BUNDLE: 0.999984 13 9 9 1 1 0.999968 1
EQU CLASSES REFEQU CLASSES SEQUENCE: 2987 5728 
INDEX: 
ID 6402
SIGNATURE -1521725648
SIGNIFICANCE 1
LENGTH 2
BUNDLE: 1 6 5 431 0.622832 0.157644 1 1
EQU CLASSES REFEQU CLASSES SEQUENCE: 5589 200 6142 
INDEX: 
ID 6403
SIGNATURE 571995758
SIGNIFICANCE 0.999219
LENGTH 3
BUNDLE: 0.999219 8 6 24 0.444444 0.631579 0.998453 0.999985
EQU CLASSES REFEQU CLASSES SEQUENCE: 1880 2119 3183 
INDEX: 
ID 6404
SIGNATURE -132829206
SIGNIFICANCE 1
LENGTH 3
BUNDLE: 1 3 1 10 1 0.37037 1 1
EQU CLASSES REFEQU CLASSES SEQUENCE: 3888 4657 4617 
INDEX: 
ID 6405
SIGNATURE 2083915652
SIGNIFICANCE 1
LENGTH 3
BUNDLE: 1 8 6 7 1 1 1 1
EQU CLASSES REFEQU CLASSES SEQUENCE: 0 4116 
INDEX: 
ID 6406
SIGNATURE 4365156
SIGNIFICANCE 0.997689
LENGTH 2
BUNDLE: 0.997689 2 1 195 0.182073 0.846154 0.995377 1
EQU CLASSES REF(4365156,0) 
EQU CLASSES 6407 SEQUENCE: 6375 6066 6391 0 4190 
INDEX: 
ID 6408
SIGNATURE -1092805125
SIGNIFICANCE 1
LENGTH 6.5
BUNDLE: 1 5 1 20 0.909091 0.833333 1 1
EQU CLASSES REF(-1092805125,3) 
EQU CLASSES 6409 SEQUENCE: 497 3485 
INDEX: 
ID 6410
SIGNATURE 557771204
SIGNIFICANCE 1
LENGTH 2
BUNDLE: 1 2 1 538 0.154954 0.583333 1 1
EQU CLASSES REFEQU CLASSES SEQUENCE: 6292 1038 986 
INDEX: 
ID 6411
SIGNATURE 673412229
SIGNIFICANCE 0.992068
LENGTH 3
BUNDLE: 0.992068 12 10 18 1 0.75 1 0.984137
EQU CLASSES REFEQU CLASSES SEQUENCE: 1271 1663 
INDEX: 
ID 6412
SIGNATURE -1544947189
SIGNIFICANCE 1
LENGTH 2
BUNDLE: 1 18 17 67 0.0295545 0.416149 1 1
EQU CLASSES REFEQU CLASSES SEQUENCE: 6384 4929 
INDEX: 
ID 6413
SIGNATURE -1493319802
SIGNIFICANCE 0.997759
LENGTH 2
BUNDLE: 0.997759 2 1 254 0.0998043 0.545455 0.995518 1
EQU CLASSES REFEQU CLASSES SEQUENCE: 6334 2470 
INDEX: 
ID 6414
SIGNATURE -1496071762
SIGNIFICANCE 0.995792
LENGTH 2
BUNDLE: 0.995792 6 5 134 0.414634 0.275154 0.992431 0.999152
EQU CLASSES REFEQU CLASSES SEQUENCE: 4257 4190 5628 
INDEX: 
ID 6415
SIGNATURE -1036580078
SIGNIFICANCE 0.991251
LENGTH 3
BUNDLE: 0.991251 6 4 41 0.264516 0.25625 0.996121 0.98638
EQU CLASSES REFEQU CLASSES SEQUENCE: 502 1259 
INDEX: 
ID 6416
SIGNATURE 555894718
SIGNIFICANCE 0.99604
LENGTH 2
BUNDLE: 0.99604 12 11 8 0.727273 0.888889 0.997266 0.994815
EQU CLASSES REFEQU CLASSES SEQUENCE: 3378 3977 1586 
INDEX: 
ID 6417
SIGNATURE -1994466618
SIGNIFICANCE 0.999388
LENGTH 3
BUNDLE: 0.999388 3 1 11 0.733333 0.289474 0.998776 1
EQU CLASSES REFEQU CLASSES SEQUENCE: 4213 5628 
INDEX: 
ID 6418
SIGNATURE -1519678998
SIGNIFICANCE 0.995604
LENGTH 2
BUNDLE: 0.995604 3 2 197 0.190154 0.0547983 1 0.991208
EQU CLASSES REFEQU CLASSES SEQUENCE: 0 6066 5728 
INDEX: 
ID 6419
SIGNATURE -495625713
SIGNIFICANCE 0.999969
LENGTH 3.33333
BUNDLE: 0.999969 3 1 99 0.475962 0.958333 0.999939 1
EQU CLASSES REF(-495625713,0) 
EQU CLASSES 6420 SEQUENCE: 0 3485 
INDEX: 
ID 6421
SIGNATURE 4364954
SIGNIFICANCE 1
LENGTH 2.33333
BUNDLE: 1 7 6 650 0.14881 0.754936 1 1
EQU CLASSES REF(851991,0) 
EQU CLASSES 6422 SEQUENCE: 6385 2460 
INDEX: 
ID 6423
SIGNATURE -1493228047
SIGNIFICANCE 0.999807
LENGTH 4
BUNDLE: 0.999807 2 1 40 0.305344 0.17094 0.999613 1
EQU CLASSES REFEQU CLASSES SEQUENCE: 6334 1897 
INDEX: 
ID 6424
SIGNATURE -1496071609
SIGNIFICANCE 0.993034
LENGTH 2
BUNDLE: 0.993034 17 16 134 0.0451027 0.5 1 0.986069
EQU CLASSES REFEQU CLASSES SEQUENCE: 6387 6334 
INDEX: 
ID 6425
SIGNATURE -1493038178
SIGNIFICANCE 0.998785
LENGTH 2
BUNDLE: 0.998785 2 1 238 0.174104 0.5 0.99757 1
EQU CLASSES REFEQU CLASSES SEQUENCE: 5628 3509 5713 
INDEX: 
ID 6426
SIGNATURE 1033092717
SIGNIFICANCE 0.999998
LENGTH 3
BUNDLE: 0.999998 29 27 23 0.589744 0.958333 0.999996 1
EQU CLASSES REFEQU CLASSES SEQUENCE: 6375 1887 
INDEX: 
ID 6427
SIGNATURE 560380027
SIGNIFICANCE 1
LENGTH 3
BUNDLE: 1 73 72 50 0.0682128 0.47619 1 1
EQU CLASSES REFEQU CLASSES SEQUENCE: 6 1038 
INDEX: 
ID 6428
SIGNATURE 21675698
SIGNIFICANCE 0.995928
LENGTH 2
BUNDLE: 0.995928 18 17 25 0.675676 0.8 0.996984 0.994871
EQU CLASSES REFEQU CLASSES SEQUENCE: 6142 0 6384 
INDEX: 
ID 6429
SIGNATURE 1186061933
SIGNIFICANCE 0.990565
LENGTH 3.4
BUNDLE: 0.990565 4 2 70 0.313901 1 0.985991 0.995139
EQU CLASSES REF(1186061933,1) 
EQU CLASSES 6430 SEQUENCE: 6300 6428 
INDEX: 
ID 6431
SIGNATURE -1498084838
SIGNIFICANCE 0.997289
LENGTH 3
BUNDLE: 0.997289 34 33 13 0.764706 0.52 0.999996 0.994582
EQU CLASSES REFEQU CLASSES SEQUENCE: 3129 6078 
INDEX: 
ID 6432
SIGNATURE -1527538434
SIGNIFICANCE 1
LENGTH 2
BUNDLE: 1 2 1 265 0.143787 0.309579 1 1
EQU CLASSES REFEQU CLASSES SEQUENCE: 1290 5628 
INDEX: 
ID 6433
SIGNATURE -1543928998
SIGNIFICANCE 1
LENGTH 2
BUNDLE: 1 34 33 18 0.62069 0.846154 1 0.999999
EQU CLASSES REFEQU CLASSES SEQUENCE: 6142 6430 
INDEX: 
ID 6434
SIGNATURE -1498741101
SIGNIFICANCE 0.995457
LENGTH 2.4
BUNDLE: 0.995457 4 3 153 0.115472 0.0927273 0.998737 0.992176
EQU CLASSES REFEQU CLASSES SEQUENCE: 0 6142 6384 
INDEX: 
ID 6435
SIGNATURE -493563067
SIGNIFICANCE 0.998755
LENGTH 3.5
BUNDLE: 0.998755 37 35 29 0.261261 0.414286 1 0.997509
EQU CLASSES REF(-493563067,0) 
EQU CLASSES 6436 SEQUENCE: 5728 5628 
INDEX: 
ID 6437
SIGNATURE -1495600873
SIGNIFICANCE 0.991598
LENGTH 2
BUNDLE: 0.991598 10 9 180 0.0816697 0.0536193 0.998911 0.984284
EQU CLASSES REFEQU CLASSES SEQUENCE: 6146 3129 2460 
INDEX: 
ID 6438
SIGNATURE -138045880
SIGNIFICANCE 0.994375
LENGTH 3
BUNDLE: 0.994375 3 1 13 0.565217 0.8125 0.988751 1
EQU CLASSES REFEQU CLASSES SEQUENCE: 1404 5640 
INDEX: 
ID 6439
SIGNATURE -1545444601
SIGNIFICANCE 0.999993
LENGTH 2
BUNDLE: 0.999993 2 1 305 0.0765754 0.630165 0.999986 1
EQU CLASSES REFEQU CLASSES SEQUENCE: 4191 1876 
INDEX: 
ID 6440
SIGNATURE -1515009185
SIGNIFICANCE 0.99572
LENGTH 2
BUNDLE: 0.99572 8 7 5 0.021645 1 1 0.99144
EQU CLASSES REFEQU CLASSES SEQUENCE: 0 6375 3597 5623 
INDEX: 
ID 6441
SIGNATURE 73018973
SIGNIFICANCE 0.99572
LENGTH 5
BUNDLE: 0.99572 4 1 5 1 0.833333 0.99144 1
EQU CLASSES REF(73018973,0) 
EQU CLASSES 6442 SEQUENCE: 2470 6334 
INDEX: 
ID 6443
SIGNATURE -1532538178
SIGNIFICANCE 0.999996
LENGTH 2
BUNDLE: 0.999996 2 1 87 0.246459 0.0334744 0.999993 1
EQU CLASSES REFEQU CLASSES SEQUENCE: 821 171 1038 
INDEX: 
ID 6444
SIGNATURE -84306287
SIGNIFICANCE 1
LENGTH 3
BUNDLE: 1 40 38 9 1 1 1 1
EQU CLASSES REFEQU CLASSES SEQUENCE: 3269 3715 
INDEX: 
ID 6445
SIGNATURE -1525836542
SIGNIFICANCE 0.99997
LENGTH 2
BUNDLE: 0.99997 2 1 58 0.295918 0.644444 0.99994 1
EQU CLASSES REFEQU CLASSES SEQUENCE: 1404 6379 
INDEX: 
ID 6446
SIGNATURE -1545444257
SIGNIFICANCE 0.999575
LENGTH 2
BUNDLE: 0.999575 2 1 166 0.115076 0.074008 0.99915 1
EQU CLASSES REFEQU CLASSES SEQUENCE: 1271 6409 4190 
INDEX: 
ID 6447
SIGNATURE -2037946705
SIGNIFICANCE 0.999988
LENGTH 3
BUNDLE: 0.999988 4 2 26 0.634146 0.604651 0.999979 0.999998
EQU CLASSES REFEQU CLASSES SEQUENCE: 6270 1586 
INDEX: 
ID 6448
SIGNATURE -1497775195
SIGNIFICANCE 0.99757
LENGTH 2
BUNDLE: 0.99757 5 4 54 0.164634 1 1 0.995139
EQU CLASSES REFEQU CLASSES SEQUENCE: 5626 4116 5975 4069 
INDEX: 
ID 6449
SIGNATURE 2037742050
SIGNIFICANCE 1
LENGTH 4
BUNDLE: 1 5 2 11 1 1 1 1
EQU CLASSES REFEQU CLASSES SEQUENCE: 5260 4190 
INDEX: 
ID 6450
SIGNATURE -1507773771
SIGNIFICANCE 0.997039
LENGTH 2
BUNDLE: 0.997039 11 10 118 0.929134 0.109767 1 0.994077
EQU CLASSES REFEQU CLASSES SEQUENCE: 6382 6405 6303 6444 
INDEX: 
ID 6451
SIGNATURE -40557399
SIGNIFICANCE 1
LENGTH 9
BUNDLE: 1 26 23 6 1 1 1 1
EQU CLASSES REFEQU CLASSES SEQUENCE: 2449 4281 
INDEX: 
ID 6452
SIGNATURE -1533336331
SIGNIFICANCE 0.996814
LENGTH 2
BUNDLE: 0.996814 4 3 9 0.818182 0.75 0.999103 0.994524
EQU CLASSES REFEQU CLASSES SEQUENCE: 6146 5628 0 2460 
INDEX: 
ID 6453
SIGNATURE 1554312695
SIGNIFICANCE 0.99977
LENGTH 4
BUNDLE: 0.99977 4 1 5 1 1 0.99954 1
EQU CLASSES REF(1554312695,2) 
EQU CLASSES 6454 SEQUENCE: 1101 1245 
INDEX: 
ID 6455
SIGNATURE -1548291387
SIGNIFICANCE 0.99954
LENGTH 2
BUNDLE: 0.99954 5 4 9 0.9 0.818182 0.999976 0.999103
EQU CLASSES REFEQU CLASSES SEQUENCE: 5626 6372 
INDEX: 
ID 6456
SIGNATURE -1499303675
SIGNIFICANCE 0.997338
LENGTH 3
BUNDLE: 0.997338 9 8 21 0.0209372 0.578947 1 0.994675
EQU CLASSES REFEQU CLASSES SEQUENCE: 4257 4190 
INDEX: 
ID 6457
SIGNATURE -1517117521
SIGNIFICANCE 0.999707
LENGTH 2
BUNDLE: 0.999707 14 13 114 0.180666 0.119122 1 0.999415
EQU CLASSES REFEQU CLASSES SEQUENCE: 0 3372 
INDEX: 
ID 6458
SIGNATURE 4364932
SIGNIFICANCE 0.999146
LENGTH 2
BUNDLE: 0.999146 5 4 136 0.0276817 0.341085 0.999913 0.99838
EQU CLASSES REF(4364932,0) 
EQU CLASSES 6459 SEQUENCE: 5628 4904 
INDEX: 
ID 6460
SIGNATURE -1499116777
SIGNIFICANCE 0.990041
LENGTH 2
BUNDLE: 0.990041 6 5 76 0.0239596 0.956522 0.980082 1
EQU CLASSES REFEQU CLASSES SEQUENCE: 5626 0 
INDEX: 
ID 6461
SIGNATURE 4473043
SIGNIFICANCE 1
LENGTH 2
BUNDLE: 1 2 1 126 0.12831 1 1 1
EQU CLASSES REF(4473043,1) 
EQU CLASSES 6462 SEQUENCE: 5041 3372 0 
INDEX: 
ID 6463
SIGNATURE 859178082
SIGNIFICANCE 0.999801
LENGTH 3
BUNDLE: 0.999801 3 1 10 0.322581 0.666667 0.999602 1
EQU CLASSES REF(859178082,2) 
EQU CLASSES 6464 SEQUENCE: 6384 4752 0 
INDEX: 
ID 6465
SIGNATURE 1321701182
SIGNIFICANCE 0.999365
LENGTH 3
BUNDLE: 0.999365 5 3 19 0.387755 0.909091 1 0.998731
EQU CLASSES REF(1321701182,2) 
EQU CLASSES 6466 SEQUENCE: 4095 4614 
INDEX: 
ID 6467
SIGNATURE -1518148412
SIGNIFICANCE 1
LENGTH 2
BUNDLE: 1 4 3 44 0.0401826 0.967742 1 1
EQU CLASSES REFEQU CLASSES SEQUENCE: 6142 6375 
INDEX: 
ID 6468
SIGNATURE 559245228
SIGNIFICANCE 0.997747
LENGTH 3
BUNDLE: 0.997747 9 8 113 0.110352 0.366667 1 0.995495
EQU CLASSES REFEQU CLASSES SEQUENCE: 5644 6078 
INDEX: 
ID 6469
SIGNATURE -1498397809
SIGNIFICANCE 0.999758
LENGTH 2
BUNDLE: 0.999758 2 1 109 0.12704 0.186325 0.999516 1
EQU CLASSES REFEQU CLASSES SEQUENCE: 6406 1382 5728 
INDEX: 
ID 6470
SIGNATURE -511379592
SIGNIFICANCE 0.992141
LENGTH 4
BUNDLE: 0.992141 3 1 11 0.611111 0.578947 0.984282 1
EQU CLASSES REFEQU CLASSES SEQUENCE: 4095 0 
INDEX: 
ID 6471
SIGNATURE 4442893
SIGNIFICANCE 1
LENGTH 2
BUNDLE: 1 2 1 293 0.278782 0.228571 1 1
EQU CLASSES REF(4442893,1) 
EQU CLASSES 6472 SEQUENCE: 2859 6391 0 
INDEX: 
ID 6473
SIGNATURE 587350057
SIGNIFICANCE 0.995992
LENGTH 3.5
BUNDLE: 0.995992 6 4 28 0.341463 0.424242 1 0.991984
EQU CLASSES REF(587350057,2) 
EQU CLASSES 6474 SEQUENCE: 2470 1586 0 
INDEX: 
ID 6475
SIGNATURE 341185432
SIGNIFICANCE 1
LENGTH 3
BUNDLE: 1 3 1 9 0.310345 1 1 1
EQU CLASSES REF(341185432,2) 
EQU CLASSES 6476 SEQUENCE: 5644 0 2979 
INDEX: 
ID 6477
SIGNATURE 1194653842
SIGNIFICANCE 1
LENGTH 3
BUNDLE: 1 3 1 16 0.457143 0.454545 1 1
EQU CLASSES REF(1194653842,1) 
EQU CLASSES 6478 SEQUENCE: 497 5665 
INDEX: 
ID 6479
SIGNATURE 557772795
SIGNIFICANCE 0.993174
LENGTH 2
BUNDLE: 0.993174 4 3 201 0.0733577 0.457859 0.986348 1
EQU CLASSES REFEQU CLASSES SEQUENCE: 0 6334 1452 
INDEX: 
ID 6480
SIGNATURE -490894365
SIGNIFICANCE 1
LENGTH 3
BUNDLE: 1 3 1 18 0.580645 0.909091 1 1
EQU CLASSES REF(-490894365,0) 
EQU CLASSES 6481 SEQUENCE: 6181 6466 
INDEX: 
ID 6482
SIGNATURE -1496647210
SIGNIFICANCE 0.996063
LENGTH 2
BUNDLE: 0.996063 2 1 36 0.226415 0.0171429 0.992126 1
EQU CLASSES REFEQU CLASSES SEQUENCE: 6439 6434 343 
INDEX: 
ID 6483
SIGNATURE 1618262724
SIGNIFICANCE 1
LENGTH 5.4
BUNDLE: 1 3 1 4 1 1 1 1
EQU CLASSES REFEQU CLASSES SEQUENCE: 3129 3372 0 
INDEX: 
ID 6484
SIGNATURE 466209332
SIGNIFICANCE 0.994108
LENGTH 3
BUNDLE: 0.994108 7 5 28 0.373333 0.325581 0.997144 0.991073
EQU CLASSES REF(466209332,2) 
EQU CLASSES 6485 SEQUENCE: 1452 6103 6402 
INDEX: 
ID 6486
SIGNATURE -127435200
SIGNIFICANCE 0.995664
LENGTH 4
BUNDLE: 0.995664 4 2 10 1 1 0.99144 0.999888
EQU CLASSES REFEQU CLASSES SEQUENCE: 6040 5728 0 0 
INDEX: 
ID 6487
SIGNATURE 1560330417
SIGNIFICANCE 0.999939
LENGTH 4
BUNDLE: 0.999939 7 4 15 0.9375 1 0.999877 1
EQU CLASSES REF(430085729,2) 
(249067401,3) 
EQU CLASSES 6488 6489 