ADIOS V1.00 (Automatic DistIlation Of Strctures)
Thu Mar 29 11:21:34 2012

Verbosity level: 0
Context window-length: 5
Coverage: 0.65
Eta: 0.9
P-value: 0.01
Rewiring mode: Single
itrs = number of iterations
#ptrs = number of patterns
#ecs = number of equiavlence classes
#edges = number of edges
entropy = entropy (bits)
size = size (bits)
comp = compression (%)
itrs	#ptrs	#ecs	#edges	entropy	size	comp
0	0	0	5407	1.02	79728	100
100	8	6	1718	0.396	21808	27.4
200	8	6	1718	0.396	21808	27.4
300	8	6	1718	0.396	21808	27.4
400	8	6	1718	0.396	21808	27.4
