ID 54
PATTERN ID 53
PATTERN SIGNATURE 0
SEQUENCE LOC 0
TOTAL OCC 0
TOTAL OCC IN CLASS 0
MEAN LENGTH 0
CAPACITY 0
HIERARCHY LEVEL 1
EQU CLASSES UNIQUE PATHS: 
EQU CLASSES FLOW: 
EQU CLASSES CONTENT: (12,1) (44,1) 
ID 56
PATTERN ID 55
PATTERN SIGNATURE 0
SEQUENCE LOC 0
TOTAL OCC 0
TOTAL OCC IN CLASS 0
MEAN LENGTH 0
CAPACITY 0
HIERARCHY LEVEL 1
EQU CLASSES UNIQUE PATHS: 
EQU CLASSES FLOW: 
EQU CLASSES CONTENT: (4,1) 
ID 58
PATTERN ID 57
PATTERN SIGNATURE 0
SEQUENCE LOC 0
TOTAL OCC 0
TOTAL OCC IN CLASS 0
MEAN LENGTH 0
CAPACITY 0
HIERARCHY LEVEL 1
EQU CLASSES UNIQUE PATHS: 
EQU CLASSES FLOW: 
EQU CLASSES CONTENT: (16,1) (37,1) 
ID 60
PATTERN ID 59
PATTERN SIGNATURE 0
SEQUENCE LOC 0
TOTAL OCC 0
TOTAL OCC IN CLASS 0
MEAN LENGTH 0
CAPACITY 0
HIERARCHY LEVEL 1
EQU CLASSES UNIQUE PATHS: 
EQU CLASSES FLOW: 
EQU CLASSES CONTENT: (29,1) (34,1) (35,1) 
ID 62
PATTERN ID 61
PATTERN SIGNATURE 0
SEQUENCE LOC 0
TOTAL OCC 0
TOTAL OCC IN CLASS 0
MEAN LENGTH 0
CAPACITY 0
HIERARCHY LEVEL 1
EQU CLASSES UNIQUE PATHS: 
EQU CLASSES FLOW: 
EQU CLASSES CONTENT: (43,1) 
ID 64
PATTERN ID 63
PATTERN SIGNATURE 0
SEQUENCE LOC 0
TOTAL OCC 0
TOTAL OCC IN CLASS 0
MEAN LENGTH 0
CAPACITY 0
HIERARCHY LEVEL 1
EQU CLASSES UNIQUE PATHS: 
EQU CLASSES FLOW: 
EQU CLASSES CONTENT: (15,1) (20,1) (23,1) (51,1) 
ID 66
PATTERN ID 65
PATTERN SIGNATURE 0
SEQUENCE LOC 0
TOTAL OCC 0
TOTAL OCC IN CLASS 0
MEAN LENGTH 0
CAPACITY 0
HIERARCHY LEVEL 1
EQU CLASSES UNIQUE PATHS: 
EQU CLASSES FLOW: 
EQU CLASSES CONTENT: (27,1) (28,1) (49,1) 
ID 68
PATTERN ID 67
PATTERN SIGNATURE 0
SEQUENCE LOC 0
TOTAL OCC 0
TOTAL OCC IN CLASS 0
MEAN LENGTH 0
CAPACITY 0
HIERARCHY LEVEL 1
EQU CLASSES UNIQUE PATHS: 
EQU CLASSES FLOW: 
EQU CLASSES CONTENT: (28,1) (49,1) 
ID 70
PATTERN ID 69
PATTERN SIGNATURE 0
SEQUENCE LOC 0
TOTAL OCC 0
TOTAL OCC IN CLASS 0
MEAN LENGTH 0
CAPACITY 0
HIERARCHY LEVEL 1
EQU CLASSES UNIQUE PATHS: 
EQU CLASSES FLOW: 
EQU CLASSES CONTENT: (38,1) (40,1) 
ID 72
PATTERN ID 71
PATTERN SIGNATURE 0
SEQUENCE LOC 0
TOTAL OCC 0
TOTAL OCC IN CLASS 0
MEAN LENGTH 0
CAPACITY 0
HIERARCHY LEVEL 1
EQU CLASSES UNIQUE PATHS: 
EQU CLASSES FLOW: 
EQU CLASSES CONTENT: (19,1) (21,1) (22,1) (25,1) (30,1) (39,1) 
ID 74
PATTERN ID 73
PATTERN SIGNATURE 0
SEQUENCE LOC 0
TOTAL OCC 0
TOTAL OCC IN CLASS 0
MEAN LENGTH 0
CAPACITY 0
HIERARCHY LEVEL 1
EQU CLASSES UNIQUE PATHS: 
EQU CLASSES FLOW: 
EQU CLASSES CONTENT: (6,1) (7,1) (8,1) (9,1) (10,1) (11,1) 
ID 76
PATTERN ID 75
PATTERN SIGNATURE 0
SEQUENCE LOC 0
TOTAL OCC 0
TOTAL OCC IN CLASS 0
MEAN LENGTH 0
CAPACITY 0
HIERARCHY LEVEL 1
EQU CLASSES UNIQUE PATHS: 
EQU CLASSES FLOW: 
EQU CLASSES CONTENT: (6,1) (7,1) (11,1) 
ID 78
PATTERN ID 77
PATTERN SIGNATURE 0
SEQUENCE LOC 0
TOTAL OCC 0
TOTAL OCC IN CLASS 0
MEAN LENGTH 0
CAPACITY 0
HIERARCHY LEVEL 1
EQU CLASSES UNIQUE PATHS: 
EQU CLASSES FLOW: 
EQU CLASSES CONTENT: (5,1) 
ID 80
PATTERN ID 79
PATTERN SIGNATURE 0
SEQUENCE LOC 0
TOTAL OCC 0
TOTAL OCC IN CLASS 0
MEAN LENGTH 0
CAPACITY 0
HIERARCHY LEVEL 1
EQU CLASSES UNIQUE PATHS: 
EQU CLASSES FLOW: 
EQU CLASSES CONTENT: (13,1) (36,1) (41,1) (52,1) 
ID 82
PATTERN ID 81
PATTERN SIGNATURE 0
SEQUENCE LOC 0
TOTAL OCC 0
TOTAL OCC IN CLASS 0
MEAN LENGTH 0
CAPACITY 0
HIERARCHY LEVEL 1
EQU CLASSES UNIQUE PATHS: 
EQU CLASSES FLOW: 
EQU CLASSES CONTENT: (18,1) (47,1) 
ID 84
PATTERN ID 83
PATTERN SIGNATURE 0
SEQUENCE LOC 0
TOTAL OCC 0
TOTAL OCC IN CLASS 0
MEAN LENGTH 0
CAPACITY 0
HIERARCHY LEVEL 1
EQU CLASSES UNIQUE PATHS: 
EQU CLASSES FLOW: 
EQU CLASSES CONTENT: (17,1) (46,1) 
ID 86
PATTERN ID 85
PATTERN SIGNATURE 0
SEQUENCE LOC 0
TOTAL OCC 0
TOTAL OCC IN CLASS 0
MEAN LENGTH 0
CAPACITY 0
HIERARCHY LEVEL 1
EQU CLASSES UNIQUE PATHS: 
EQU CLASSES FLOW: 
EQU CLASSES CONTENT: (87,1) 
ID 89
PATTERN ID 88
PATTERN SIGNATURE 0
SEQUENCE LOC 0
TOTAL OCC 0
TOTAL OCC IN CLASS 0
MEAN LENGTH 0
CAPACITY 0
HIERARCHY LEVEL 1
EQU CLASSES UNIQUE PATHS: 
EQU CLASSES FLOW: 
EQU CLASSES CONTENT: (90,1) 
ID 92
PATTERN ID 91
PATTERN SIGNATURE 0
SEQUENCE LOC 0
TOTAL OCC 0
TOTAL OCC IN CLASS 0
MEAN LENGTH 0
CAPACITY 0
HIERARCHY LEVEL 1
EQU CLASSES UNIQUE PATHS: 
EQU CLASSES FLOW: 
EQU CLASSES CONTENT: (93,1) 
ID 95
PATTERN ID 94
PATTERN SIGNATURE 0
SEQUENCE LOC 0
TOTAL OCC 0
TOTAL OCC IN CLASS 0
MEAN LENGTH 0
CAPACITY 0
HIERARCHY LEVEL 1
EQU CLASSES UNIQUE PATHS: 
EQU CLASSES FLOW: 
EQU CLASSES CONTENT: (96,1) 
ID 98
PATTERN ID 97
PATTERN SIGNATURE 0
SEQUENCE LOC 0
TOTAL OCC 0
TOTAL OCC IN CLASS 0
MEAN LENGTH 0
CAPACITY 0
HIERARCHY LEVEL 1
EQU CLASSES UNIQUE PATHS: 
EQU CLASSES FLOW: 
EQU CLASSES CONTENT: (99,1) (100,1) 
ID 102
PATTERN ID 101
PATTERN SIGNATURE 0
SEQUENCE LOC 0
TOTAL OCC 0
TOTAL OCC IN CLASS 0
MEAN LENGTH 0
CAPACITY 0
HIERARCHY LEVEL 1
EQU CLASSES UNIQUE PATHS: 
EQU CLASSES FLOW: 
EQU CLASSES CONTENT: (103,1) 
ID 105
PATTERN ID 104
PATTERN SIGNATURE 0
SEQUENCE LOC 0
TOTAL OCC 0
TOTAL OCC IN CLASS 0
MEAN LENGTH 0
CAPACITY 0
HIERARCHY LEVEL 1
EQU CLASSES UNIQUE PATHS: 
EQU CLASSES FLOW: 
EQU CLASSES CONTENT: (106,1) (108,1) 
ID 107
PATTERN ID 115
PATTERN SIGNATURE 0
SEQUENCE LOC 0
TOTAL OCC 0
TOTAL OCC IN CLASS 0
MEAN LENGTH 0
CAPACITY 0
HIERARCHY LEVEL 1
EQU CLASSES UNIQUE PATHS: 
EQU CLASSES FLOW: 
EQU CLASSES CONTENT: (116,1) (117,1) 
ID 110
PATTERN ID 109
PATTERN SIGNATURE 0
SEQUENCE LOC 0
TOTAL OCC 0
TOTAL OCC IN CLASS 0
MEAN LENGTH 0
CAPACITY 0
HIERARCHY LEVEL 1
EQU CLASSES UNIQUE PATHS: 
EQU CLASSES FLOW: 
EQU CLASSES CONTENT: (111,1) 
ID 113
PATTERN ID 112
PATTERN SIGNATURE 0
SEQUENCE LOC 0
TOTAL OCC 0
TOTAL OCC IN CLASS 0
MEAN LENGTH 0
CAPACITY 0
HIERARCHY LEVEL 1
EQU CLASSES UNIQUE PATHS: 
EQU CLASSES FLOW: 
EQU CLASSES CONTENT: (114,1) 
ID 119
PATTERN ID 118
PATTERN SIGNATURE 0
SEQUENCE LOC 0
TOTAL OCC 0
TOTAL OCC IN CLASS 0
MEAN LENGTH 0
CAPACITY 0
HIERARCHY LEVEL 1
EQU CLASSES UNIQUE PATHS: 
EQU CLASSES FLOW: 
EQU CLASSES CONTENT: (120,1) 
ID 122
PATTERN ID 121
PATTERN SIGNATURE 0
SEQUENCE LOC 0
TOTAL OCC 0
TOTAL OCC IN CLASS 0
MEAN LENGTH 0
CAPACITY 0
HIERARCHY LEVEL 1
EQU CLASSES UNIQUE PATHS: 
EQU CLASSES FLOW: 
EQU CLASSES CONTENT: (123,1) (124,1) 
ID 126
PATTERN ID 125
PATTERN SIGNATURE 0
SEQUENCE LOC 0
TOTAL OCC 0
TOTAL OCC IN CLASS 0
MEAN LENGTH 0
CAPACITY 0
HIERARCHY LEVEL 1
EQU CLASSES UNIQUE PATHS: 
EQU CLASSES FLOW: 
EQU CLASSES CONTENT: (127,1) (128,1) 
ID 130
PATTERN ID 129
PATTERN SIGNATURE 0
SEQUENCE LOC 0
TOTAL OCC 0
TOTAL OCC IN CLASS 0
MEAN LENGTH 0
CAPACITY 0
HIERARCHY LEVEL 1
EQU CLASSES UNIQUE PATHS: 
EQU CLASSES FLOW: 
EQU CLASSES CONTENT: (131,1) 
ID 133
PATTERN ID 132
PATTERN SIGNATURE 0
SEQUENCE LOC 0
TOTAL OCC 0
TOTAL OCC IN CLASS 0
MEAN LENGTH 0
CAPACITY 0
HIERARCHY LEVEL 1
EQU CLASSES UNIQUE PATHS: 
EQU CLASSES FLOW: 
EQU CLASSES CONTENT: (134,1) 
ID 136
PATTERN ID 135
PATTERN SIGNATURE 0
SEQUENCE LOC 0
TOTAL OCC 0
TOTAL OCC IN CLASS 0
MEAN LENGTH 0
CAPACITY 0
HIERARCHY LEVEL 1
EQU CLASSES UNIQUE PATHS: 
EQU CLASSES FLOW: 
EQU CLASSES CONTENT: (137,1) (138,1) (139,1) (140,1) 


SEQUENCE: 0 
INDEX: SIZE = 0
ID: 53
SIGNATURE: 53
SIGNIFICANCE: 0
LENGTH: 0
CAPACITY: 0
FLOW: 0
UNIQUE_PATHS: 0
HIERARCHY_LEVEL: 1
BUNDLE: 0 0 0 0 0 0 0 0
EQU CLASSES REF (1398,0) 
EQU CLASSES SIZE = 1
LOCATE POINTER: 54


SEQUENCE: 0 
INDEX: SIZE = 0
ID: 55
SIGNATURE: 55
SIGNIFICANCE: 0
LENGTH: 0
CAPACITY: 0
FLOW: 0
UNIQUE_PATHS: 0
HIERARCHY_LEVEL: 1
BUNDLE: 0 0 0 0 0 0 0 0
EQU CLASSES REF (1398,0) 
EQU CLASSES SIZE = 1
LOCATE POINTER: 56


SEQUENCE: 0 
INDEX: SIZE = 0
ID: 57
SIGNATURE: 57
SIGNIFICANCE: 0
LENGTH: 0
CAPACITY: 0
FLOW: 0
UNIQUE_PATHS: 0
HIERARCHY_LEVEL: 1
BUNDLE: 0 0 0 0 0 0 0 0
EQU CLASSES REF (1398,0) 
EQU CLASSES SIZE = 1
LOCATE POINTER: 58


SEQUENCE: 0 
INDEX: SIZE = 0
ID: 59
SIGNATURE: 59
SIGNIFICANCE: 0
LENGTH: 0
CAPACITY: 0
FLOW: 0
UNIQUE_PATHS: 0
HIERARCHY_LEVEL: 1
BUNDLE: 0 0 0 0 0 0 0 0
EQU CLASSES REF (1398,0) 
EQU CLASSES SIZE = 1
LOCATE POINTER: 60


SEQUENCE: 0 
INDEX: SIZE = 0
ID: 61
SIGNATURE: 61
SIGNIFICANCE: 0
LENGTH: 0
CAPACITY: 0
FLOW: 0
UNIQUE_PATHS: 0
HIERARCHY_LEVEL: 1
BUNDLE: 0 0 0 0 0 0 0 0
EQU CLASSES REF (1398,0) 
EQU CLASSES SIZE = 1
LOCATE POINTER: 62


SEQUENCE: 0 
INDEX: SIZE = 0
ID: 63
SIGNATURE: 63
SIGNIFICANCE: 0
LENGTH: 0
CAPACITY: 0
FLOW: 0
UNIQUE_PATHS: 0
HIERARCHY_LEVEL: 1
BUNDLE: 0 0 0 0 0 0 0 0
EQU CLASSES REF (1398,0) 
EQU CLASSES SIZE = 1
LOCATE POINTER: 64


SEQUENCE: 0 
INDEX: SIZE = 0
ID: 65
SIGNATURE: 65
SIGNIFICANCE: 0
LENGTH: 0
CAPACITY: 0
FLOW: 0
UNIQUE_PATHS: 0
HIERARCHY_LEVEL: 1
BUNDLE: 0 0 0 0 0 0 0 0
EQU CLASSES REF (1398,0) 
EQU CLASSES SIZE = 1
LOCATE POINTER: 66


SEQUENCE: 0 
INDEX: SIZE = 0
ID: 67
SIGNATURE: 67
SIGNIFICANCE: 0
LENGTH: 0
CAPACITY: 0
FLOW: 0
UNIQUE_PATHS: 0
HIERARCHY_LEVEL: 1
BUNDLE: 0 0 0 0 0 0 0 0
EQU CLASSES REF (1398,0) 
EQU CLASSES SIZE = 1
LOCATE POINTER: 68


SEQUENCE: 0 
INDEX: SIZE = 0
ID: 69
SIGNATURE: 69
SIGNIFICANCE: 0
LENGTH: 0
CAPACITY: 0
FLOW: 0
UNIQUE_PATHS: 0
HIERARCHY_LEVEL: 1
BUNDLE: 0 0 0 0 0 0 0 0
EQU CLASSES REF (1398,0) 
EQU CLASSES SIZE = 1
LOCATE POINTER: 70


SEQUENCE: 0 
INDEX: SIZE = 0
ID: 71
SIGNATURE: 71
SIGNIFICANCE: 0
LENGTH: 0
CAPACITY: 0
FLOW: 0
UNIQUE_PATHS: 0
HIERARCHY_LEVEL: 1
BUNDLE: 0 0 0 0 0 0 0 0
EQU CLASSES REF (1398,0) 
EQU CLASSES SIZE = 1
LOCATE POINTER: 72


SEQUENCE: 0 
INDEX: SIZE = 0
ID: 73
SIGNATURE: 73
SIGNIFICANCE: 0
LENGTH: 0
CAPACITY: 0
FLOW: 0
UNIQUE_PATHS: 0
HIERARCHY_LEVEL: 1
BUNDLE: 0 0 0 0 0 0 0 0
EQU CLASSES REF (1398,0) 
EQU CLASSES SIZE = 1
LOCATE POINTER: 74


SEQUENCE: 0 
INDEX: SIZE = 0
ID: 75
SIGNATURE: 75
SIGNIFICANCE: 0
LENGTH: 0
CAPACITY: 0
FLOW: 0
UNIQUE_PATHS: 0
HIERARCHY_LEVEL: 1
BUNDLE: 0 0 0 0 0 0 0 0
EQU CLASSES REF (1398,0) 
EQU CLASSES SIZE = 1
LOCATE POINTER: 76


SEQUENCE: 0 
INDEX: SIZE = 0
ID: 77
SIGNATURE: 77
SIGNIFICANCE: 0
LENGTH: 0
CAPACITY: 0
FLOW: 0
UNIQUE_PATHS: 0
HIERARCHY_LEVEL: 1
BUNDLE: 0 0 0 0 0 0 0 0
EQU CLASSES REF (1398,0) 
EQU CLASSES SIZE = 1
LOCATE POINTER: 78


SEQUENCE: 0 
INDEX: SIZE = 0
ID: 79
SIGNATURE: 79
SIGNIFICANCE: 0
LENGTH: 0
CAPACITY: 0
FLOW: 0
UNIQUE_PATHS: 0
HIERARCHY_LEVEL: 1
BUNDLE: 0 0 0 0 0 0 0 0
EQU CLASSES REF (1398,0) 
EQU CLASSES SIZE = 1
LOCATE POINTER: 80


SEQUENCE: 0 
INDEX: SIZE = 0
ID: 81
SIGNATURE: 81
SIGNIFICANCE: 0
LENGTH: 0
CAPACITY: 0
FLOW: 0
UNIQUE_PATHS: 0
HIERARCHY_LEVEL: 1
BUNDLE: 0 0 0 0 0 0 0 0
EQU CLASSES REF (1398,0) 
EQU CLASSES SIZE = 1
LOCATE POINTER: 82


SEQUENCE: 0 
INDEX: SIZE = 0
ID: 83
SIGNATURE: 83
SIGNIFICANCE: 0
LENGTH: 0
CAPACITY: 0
FLOW: 0
UNIQUE_PATHS: 0
HIERARCHY_LEVEL: 1
BUNDLE: 0 0 0 0 0 0 0 0
EQU CLASSES REF (1398,0) 
EQU CLASSES SIZE = 1
LOCATE POINTER: 84


SEQUENCE: 0 
INDEX: SIZE = 0
ID: 85
SIGNATURE: 85
SIGNIFICANCE: 0
LENGTH: 0
CAPACITY: 0
FLOW: 0
UNIQUE_PATHS: 0
HIERARCHY_LEVEL: 1
BUNDLE: 0 0 0 0 0 0 0 0
EQU CLASSES REF (1398,0) 
EQU CLASSES SIZE = 1
LOCATE POINTER: 86


SEQUENCE: 55 24 42 77 
INDEX: SIZE = 0
ID: 87
SIGNATURE: 87
SIGNIFICANCE: 0
LENGTH: 0
CAPACITY: 0
FLOW: 0
UNIQUE_PATHS: 0
HIERARCHY_LEVEL: 1
BUNDLE: 0 0 0 0 0 0 0 0
EQU CLASSES REF EQU CLASSES SIZE = 0


SEQUENCE: 0 
INDEX: SIZE = 0
ID: 88
SIGNATURE: 88
SIGNIFICANCE: 0
LENGTH: 0
CAPACITY: 0
FLOW: 0
UNIQUE_PATHS: 0
HIERARCHY_LEVEL: 1
BUNDLE: 0 0 0 0 0 0 0 0
EQU CLASSES REF (1398,0) 
EQU CLASSES SIZE = 1
LOCATE POINTER: 89


SEQUENCE: 31 65 
INDEX: SIZE = 0
ID: 90
SIGNATURE: 90
SIGNIFICANCE: 0
LENGTH: 0
CAPACITY: 0
FLOW: 0
UNIQUE_PATHS: 0
HIERARCHY_LEVEL: 1
BUNDLE: 0 0 0 0 0 0 0 0
EQU CLASSES REF EQU CLASSES SIZE = 0


SEQUENCE: 0 
INDEX: SIZE = 0
ID: 91
SIGNATURE: 91
SIGNIFICANCE: 0
LENGTH: 0
CAPACITY: 0
FLOW: 0
UNIQUE_PATHS: 0
HIERARCHY_LEVEL: 1
BUNDLE: 0 0 0 0 0 0 0 0
EQU CLASSES REF (1398,0) 
EQU CLASSES SIZE = 1
LOCATE POINTER: 92


SEQUENCE: 31 67 
INDEX: SIZE = 0
ID: 93
SIGNATURE: 93
SIGNIFICANCE: 0
LENGTH: 0
CAPACITY: 0
FLOW: 0
UNIQUE_PATHS: 0
HIERARCHY_LEVEL: 1
BUNDLE: 0 0 0 0 0 0 0 0
EQU CLASSES REF EQU CLASSES SIZE = 0


SEQUENCE: 0 
INDEX: SIZE = 0
ID: 94
SIGNATURE: 94
SIGNIFICANCE: 0
LENGTH: 0
CAPACITY: 0
FLOW: 0
UNIQUE_PATHS: 0
HIERARCHY_LEVEL: 1
BUNDLE: 0 0 0 0 0 0 0 0
EQU CLASSES REF (1398,0) 
EQU CLASSES SIZE = 1
LOCATE POINTER: 95


SEQUENCE: 48 69 
INDEX: SIZE = 0
ID: 96
SIGNATURE: 96
SIGNIFICANCE: 0
LENGTH: 0
CAPACITY: 0
FLOW: 0
UNIQUE_PATHS: 0
HIERARCHY_LEVEL: 1
BUNDLE: 0 0 0 0 0 0 0 0
EQU CLASSES REF EQU CLASSES SIZE = 0


SEQUENCE: 0 
INDEX: SIZE = 0
ID: 97
SIGNATURE: 97
SIGNIFICANCE: 0
LENGTH: 0
CAPACITY: 0
FLOW: 0
UNIQUE_PATHS: 0
HIERARCHY_LEVEL: 1
BUNDLE: 0 0 0 0 0 0 0 0
EQU CLASSES REF (1398,0) 
EQU CLASSES SIZE = 1
LOCATE POINTER: 98


SEQUENCE: 73 14 73 83 
INDEX: SIZE = 0
ID: 99
SIGNATURE: 99
SIGNIFICANCE: 0
LENGTH: 0
CAPACITY: 0
FLOW: 0
UNIQUE_PATHS: 0
HIERARCHY_LEVEL: 1
BUNDLE: 0 0 0 0 0 0 0 0
EQU CLASSES REF EQU CLASSES SIZE = 0


SEQUENCE: 73 73 14 73 83 
INDEX: SIZE = 0
ID: 100
SIGNATURE: 100
SIGNIFICANCE: 0
LENGTH: 0
CAPACITY: 0
FLOW: 0
UNIQUE_PATHS: 0
HIERARCHY_LEVEL: 1
BUNDLE: 0 0 0 0 0 0 0 0
EQU CLASSES REF EQU CLASSES SIZE = 0


SEQUENCE: 0 
INDEX: SIZE = 0
ID: 101
SIGNATURE: 101
SIGNIFICANCE: 0
LENGTH: 0
CAPACITY: 0
FLOW: 0
UNIQUE_PATHS: 0
HIERARCHY_LEVEL: 1
BUNDLE: 0 0 0 0 0 0 0 0
EQU CLASSES REF (1398,0) 
EQU CLASSES SIZE = 1
LOCATE POINTER: 102


SEQUENCE: 55 26 45 77 
INDEX: SIZE = 0
ID: 103
SIGNATURE: 103
SIGNIFICANCE: 0
LENGTH: 0
CAPACITY: 0
FLOW: 0
UNIQUE_PATHS: 0
HIERARCHY_LEVEL: 1
BUNDLE: 0 0 0 0 0 0 0 0
EQU CLASSES REF EQU CLASSES SIZE = 0


SEQUENCE: 0 
INDEX: SIZE = 0
ID: 104
SIGNATURE: 104
SIGNIFICANCE: 0
LENGTH: 0
CAPACITY: 0
FLOW: 0
UNIQUE_PATHS: 0
HIERARCHY_LEVEL: 1
BUNDLE: 0 0 0 0 0 0 0 0
EQU CLASSES REF (1398,0) 
EQU CLASSES SIZE = 1
LOCATE POINTER: 105


SEQUENCE: 53 71 
INDEX: SIZE = 0
ID: 106
SIGNATURE: 106
SIGNIFICANCE: 0
LENGTH: 0
CAPACITY: 0
FLOW: 0
UNIQUE_PATHS: 0
HIERARCHY_LEVEL: 1
BUNDLE: 0 0 0 0 0 0 0 0
EQU CLASSES REF EQU CLASSES SIZE = 0


SEQUENCE: 107 
INDEX: SIZE = 0
ID: 108
SIGNATURE: 108
SIGNIFICANCE: 0
LENGTH: 0
CAPACITY: 0
FLOW: 0
UNIQUE_PATHS: 0
HIERARCHY_LEVEL: 1
BUNDLE: 0 0 0 0 0 0 0 0
EQU CLASSES REF EQU CLASSES SIZE = 0


SEQUENCE: 0 
INDEX: SIZE = 0
ID: 109
SIGNATURE: 109
SIGNIFICANCE: 0
LENGTH: 0
CAPACITY: 0
FLOW: 0
UNIQUE_PATHS: 0
HIERARCHY_LEVEL: 1
BUNDLE: 0 0 0 0 0 0 0 0
EQU CLASSES REF (1398,0) 
EQU CLASSES SIZE = 1
LOCATE POINTER: 110


SEQUENCE: 50 79 105 
INDEX: SIZE = 0
ID: 111
SIGNATURE: 111
SIGNIFICANCE: 0
LENGTH: 0
CAPACITY: 0
FLOW: 0
UNIQUE_PATHS: 0
HIERARCHY_LEVEL: 1
BUNDLE: 0 0 0 0 0 0 0 0
EQU CLASSES REF EQU CLASSES SIZE = 0


SEQUENCE: 0 
INDEX: SIZE = 0
ID: 112
SIGNATURE: 112
SIGNIFICANCE: 0
LENGTH: 0
CAPACITY: 0
FLOW: 0
UNIQUE_PATHS: 0
HIERARCHY_LEVEL: 1
BUNDLE: 0 0 0 0 0 0 0 0
EQU CLASSES REF (1398,0) 
EQU CLASSES SIZE = 1
LOCATE POINTER: 113


SEQUENCE: 105 59 
INDEX: SIZE = 0
ID: 114
SIGNATURE: 114
SIGNIFICANCE: 0
LENGTH: 0
CAPACITY: 0
FLOW: 0
UNIQUE_PATHS: 0
HIERARCHY_LEVEL: 1
BUNDLE: 0 0 0 0 0 0 0 0
EQU CLASSES REF EQU CLASSES SIZE = 0


SEQUENCE: 0 
INDEX: SIZE = 0
ID: 115
SIGNATURE: 115
SIGNIFICANCE: 0
LENGTH: 0
CAPACITY: 0
FLOW: 0
UNIQUE_PATHS: 0
HIERARCHY_LEVEL: 1
BUNDLE: 0 0 0 0 0 0 0 0
EQU CLASSES REF (1398,0) 
EQU CLASSES SIZE = 1
LOCATE POINTER: 107


SEQUENCE: 73 110 
INDEX: SIZE = 0
ID: 116
SIGNATURE: 116
SIGNIFICANCE: 0
LENGTH: 0
CAPACITY: 0
FLOW: 0
UNIQUE_PATHS: 0
HIERARCHY_LEVEL: 1
BUNDLE: 0 0 0 0 0 0 0 0
EQU CLASSES REF EQU CLASSES SIZE = 0


SEQUENCE: 73 
INDEX: SIZE = 0
ID: 117
SIGNATURE: 117
SIGNIFICANCE: 0
LENGTH: 0
CAPACITY: 0
FLOW: 0
UNIQUE_PATHS: 0
HIERARCHY_LEVEL: 1
BUNDLE: 0 0 0 0 0 0 0 0
EQU CLASSES REF EQU CLASSES SIZE = 0


SEQUENCE: 0 
INDEX: SIZE = 0
ID: 118
SIGNATURE: 118
SIGNIFICANCE: 0
LENGTH: 0
CAPACITY: 0
FLOW: 0
UNIQUE_PATHS: 0
HIERARCHY_LEVEL: 1
BUNDLE: 0 0 0 0 0 0 0 0
EQU CLASSES REF (1398,0) 
EQU CLASSES SIZE = 1
LOCATE POINTER: 119


SEQUENCE: 57 14 113 
INDEX: SIZE = 0
ID: 120
SIGNATURE: 120
SIGNIFICANCE: 0
LENGTH: 0
CAPACITY: 0
FLOW: 0
UNIQUE_PATHS: 0
HIERARCHY_LEVEL: 1
BUNDLE: 0 0 0 0 0 0 0 0
EQU CLASSES REF EQU CLASSES SIZE = 0


SEQUENCE: 0 
INDEX: SIZE = 0
ID: 121
SIGNATURE: 121
SIGNIFICANCE: 0
LENGTH: 0
CAPACITY: 0
FLOW: 0
UNIQUE_PATHS: 0
HIERARCHY_LEVEL: 1
BUNDLE: 0 0 0 0 0 0 0 0
EQU CLASSES REF (1398,0) 
EQU CLASSES SIZE = 1
LOCATE POINTER: 122


SEQUENCE: 44 71 
INDEX: SIZE = 0
ID: 123
SIGNATURE: 123
SIGNIFICANCE: 0
LENGTH: 0
CAPACITY: 0
FLOW: 0
UNIQUE_PATHS: 0
HIERARCHY_LEVEL: 1
BUNDLE: 0 0 0 0 0 0 0 0
EQU CLASSES REF EQU CLASSES SIZE = 0


SEQUENCE: 107 
INDEX: SIZE = 0
ID: 124
SIGNATURE: 124
SIGNIFICANCE: 0
LENGTH: 0
CAPACITY: 0
FLOW: 0
UNIQUE_PATHS: 0
HIERARCHY_LEVEL: 1
BUNDLE: 0 0 0 0 0 0 0 0
EQU CLASSES REF EQU CLASSES SIZE = 0


SEQUENCE: 0 
INDEX: SIZE = 0
ID: 125
SIGNATURE: 125
SIGNIFICANCE: 0
LENGTH: 0
CAPACITY: 0
FLOW: 0
UNIQUE_PATHS: 0
HIERARCHY_LEVEL: 1
BUNDLE: 0 0 0 0 0 0 0 0
EQU CLASSES REF (1398,0) 
EQU CLASSES SIZE = 1
LOCATE POINTER: 126


SEQUENCE: 73 81 43 126 
INDEX: SIZE = 0
ID: 127
SIGNATURE: 127
SIGNIFICANCE: 0
LENGTH: 0
CAPACITY: 0
FLOW: 0
UNIQUE_PATHS: 0
HIERARCHY_LEVEL: 1
BUNDLE: 0 0 0 0 0 0 0 0
EQU CLASSES REF EQU CLASSES SIZE = 0


SEQUENCE: 73 81 43 
INDEX: SIZE = 0
ID: 128
SIGNATURE: 128
SIGNIFICANCE: 0
LENGTH: 0
CAPACITY: 0
FLOW: 0
UNIQUE_PATHS: 0
HIERARCHY_LEVEL: 1
BUNDLE: 0 0 0 0 0 0 0 0
EQU CLASSES REF EQU CLASSES SIZE = 0


SEQUENCE: 0 
INDEX: SIZE = 0
ID: 129
SIGNATURE: 129
SIGNIFICANCE: 0
LENGTH: 0
CAPACITY: 0
FLOW: 0
UNIQUE_PATHS: 0
HIERARCHY_LEVEL: 1
BUNDLE: 0 0 0 0 0 0 0 0
EQU CLASSES REF (1398,0) 
EQU CLASSES SIZE = 1
LOCATE POINTER: 130


SEQUENCE: 75 81 43 126 
INDEX: SIZE = 0
ID: 131
SIGNATURE: 131
SIGNIFICANCE: 0
LENGTH: 0
CAPACITY: 0
FLOW: 0
UNIQUE_PATHS: 0
HIERARCHY_LEVEL: 1
BUNDLE: 0 0 0 0 0 0 0 0
EQU CLASSES REF EQU CLASSES SIZE = 0


SEQUENCE: 0 
INDEX: SIZE = 0
ID: 132
SIGNATURE: 132
SIGNIFICANCE: 0
LENGTH: 0
CAPACITY: 0
FLOW: 0
UNIQUE_PATHS: 0
HIERARCHY_LEVEL: 1
BUNDLE: 0 0 0 0 0 0 0 0
EQU CLASSES REF (1398,0) 
EQU CLASSES SIZE = 1
LOCATE POINTER: 133


SEQUENCE: 98 43 126 
INDEX: SIZE = 0
ID: 134
SIGNATURE: 134
SIGNIFICANCE: 0
LENGTH: 0
CAPACITY: 0
FLOW: 0
UNIQUE_PATHS: 0
HIERARCHY_LEVEL: 1
BUNDLE: 0 0 0 0 0 0 0 0
EQU CLASSES REF EQU CLASSES SIZE = 0


SEQUENCE: 0 
INDEX: SIZE = 0
ID: 135
SIGNATURE: 135
SIGNIFICANCE: 0
LENGTH: 0
CAPACITY: 0
FLOW: 0
UNIQUE_PATHS: 0
HIERARCHY_LEVEL: 1
BUNDLE: 0 0 0 0 0 0 0 0
EQU CLASSES REF (1398,0) 
EQU CLASSES SIZE = 1
LOCATE POINTER: 136


SEQUENCE: 133 122 119 102 
INDEX: SIZE = 0
ID: 137
SIGNATURE: 137
SIGNIFICANCE: 0
LENGTH: 0
CAPACITY: 0
FLOW: 0
UNIQUE_PATHS: 0
HIERARCHY_LEVEL: 1
BUNDLE: 0 0 0 0 0 0 0 0
EQU CLASSES REF EQU CLASSES SIZE = 0


SEQUENCE: 130 122 119 86 
INDEX: SIZE = 0
ID: 138
SIGNATURE: 138
SIGNIFICANCE: 0
LENGTH: 0
CAPACITY: 0
FLOW: 0
UNIQUE_PATHS: 0
HIERARCHY_LEVEL: 1
BUNDLE: 0 0 0 0 0 0 0 0
EQU CLASSES REF EQU CLASSES SIZE = 0


SEQUENCE: 130 95 92 
INDEX: SIZE = 0
ID: 139
SIGNATURE: 139
SIGNIFICANCE: 0
LENGTH: 0
CAPACITY: 0
FLOW: 0
UNIQUE_PATHS: 0
HIERARCHY_LEVEL: 1
BUNDLE: 0 0 0 0 0 0 0 0
EQU CLASSES REF EQU CLASSES SIZE = 0


SEQUENCE: 61 122 89 95 63 122 
INDEX: SIZE = 0
ID: 140
SIGNATURE: 140
SIGNIFICANCE: 0
LENGTH: 0
CAPACITY: 0
FLOW: 0
UNIQUE_PATHS: 0
HIERARCHY_LEVEL: 1
BUNDLE: 0 0 0 0 0 0 0 0
EQU CLASSES REF EQU CLASSES SIZE = 0
