Offset: 0
Patterns start at ID:0
Serialization report: Tue Apr  3 10:17:53 2012

Serialize graph
Serialize patterns
DUMPING 32 EQU CALSSES
EQU CLASSES ID: 54
PATTERN ID: 53
EQU CLASSES UNIQUE_PATHS: 
EQU CLASSES FLOW: 
EQU CLASSES CONTENT: (12,1) (44,1) 
END
EQU CLASSES ID: 56
PATTERN ID: 55
EQU CLASSES UNIQUE_PATHS: 
EQU CLASSES FLOW: 
EQU CLASSES CONTENT: (4,1) 
END
EQU CLASSES ID: 58
PATTERN ID: 57
EQU CLASSES UNIQUE_PATHS: 
EQU CLASSES FLOW: 
EQU CLASSES CONTENT: (16,1) (37,1) 
END
EQU CLASSES ID: 60
PATTERN ID: 59
EQU CLASSES UNIQUE_PATHS: 
EQU CLASSES FLOW: 
EQU CLASSES CONTENT: (29,1) (34,1) (35,1) 
END
EQU CLASSES ID: 62
PATTERN ID: 61
EQU CLASSES UNIQUE_PATHS: 
EQU CLASSES FLOW: 
EQU CLASSES CONTENT: (43,1) 
END
EQU CLASSES ID: 64
PATTERN ID: 63
EQU CLASSES UNIQUE_PATHS: 
EQU CLASSES FLOW: 
EQU CLASSES CONTENT: (15,1) (20,1) (23,1) (51,1) 
END
EQU CLASSES ID: 66
PATTERN ID: 65
EQU CLASSES UNIQUE_PATHS: 
EQU CLASSES FLOW: 
EQU CLASSES CONTENT: (27,1) (28,1) (49,1) 
END
EQU CLASSES ID: 68
PATTERN ID: 67
EQU CLASSES UNIQUE_PATHS: 
EQU CLASSES FLOW: 
EQU CLASSES CONTENT: (28,1) (49,1) 
END
EQU CLASSES ID: 70
PATTERN ID: 69
EQU CLASSES UNIQUE_PATHS: 
EQU CLASSES FLOW: 
EQU CLASSES CONTENT: (38,1) (40,1) 
END
EQU CLASSES ID: 72
PATTERN ID: 71
EQU CLASSES UNIQUE_PATHS: 
EQU CLASSES FLOW: 
EQU CLASSES CONTENT: (19,1) (21,1) (22,1) (25,1) (30,1) (39,1) 
END
EQU CLASSES ID: 74
PATTERN ID: 73
EQU CLASSES UNIQUE_PATHS: 
EQU CLASSES FLOW: 
EQU CLASSES CONTENT: (6,1) (7,1) (8,1) (9,1) (10,1) (11,1) 
END
EQU CLASSES ID: 76
PATTERN ID: 75
EQU CLASSES UNIQUE_PATHS: 
EQU CLASSES FLOW: 
EQU CLASSES CONTENT: (6,1) (7,1) (11,1) 
END
EQU CLASSES ID: 78
PATTERN ID: 77
EQU CLASSES UNIQUE_PATHS: 
EQU CLASSES FLOW: 
EQU CLASSES CONTENT: (5,1) 
END
EQU CLASSES ID: 80
PATTERN ID: 79
EQU CLASSES UNIQUE_PATHS: 
EQU CLASSES FLOW: 
EQU CLASSES CONTENT: (13,1) (36,1) (41,1) (52,1) 
END
EQU CLASSES ID: 82
PATTERN ID: 81
EQU CLASSES UNIQUE_PATHS: 
EQU CLASSES FLOW: 
EQU CLASSES CONTENT: (18,1) (47,1) 
END
EQU CLASSES ID: 84
PATTERN ID: 83
EQU CLASSES UNIQUE_PATHS: 
EQU CLASSES FLOW: 
EQU CLASSES CONTENT: (17,1) (46,1) 
END
EQU CLASSES ID: 86
PATTERN ID: 85
EQU CLASSES UNIQUE_PATHS: 
EQU CLASSES FLOW: 
EQU CLASSES CONTENT: (87,1) 
END
EQU CLASSES ID: 89
PATTERN ID: 88
EQU CLASSES UNIQUE_PATHS: 
EQU CLASSES FLOW: 
EQU CLASSES CONTENT: (90,1) 
END
EQU CLASSES ID: 92
PATTERN ID: 91
EQU CLASSES UNIQUE_PATHS: 
EQU CLASSES FLOW: 
EQU CLASSES CONTENT: (93,1) 
END
EQU CLASSES ID: 95
PATTERN ID: 94
EQU CLASSES UNIQUE_PATHS: 
EQU CLASSES FLOW: 
EQU CLASSES CONTENT: (96,1) 
END
EQU CLASSES ID: 98
PATTERN ID: 97
EQU CLASSES UNIQUE_PATHS: 
EQU CLASSES FLOW: 
EQU CLASSES CONTENT: (99,1) (100,1) 
END
EQU CLASSES ID: 102
PATTERN ID: 101
EQU CLASSES UNIQUE_PATHS: 
EQU CLASSES FLOW: 
EQU CLASSES CONTENT: (103,1) 
END
EQU CLASSES ID: 105
PATTERN ID: 104
EQU CLASSES UNIQUE_PATHS: 
EQU CLASSES FLOW: 
EQU CLASSES CONTENT: (106,1) (108,1) 
END
EQU CLASSES ID: 107
PATTERN ID: 115
EQU CLASSES UNIQUE_PATHS: 
EQU CLASSES FLOW: 
EQU CLASSES CONTENT: (116,1) (117,1) 
END
EQU CLASSES ID: 110
PATTERN ID: 109
EQU CLASSES UNIQUE_PATHS: 
EQU CLASSES FLOW: 
EQU CLASSES CONTENT: (111,1) 
END
EQU CLASSES ID: 113
PATTERN ID: 112
EQU CLASSES UNIQUE_PATHS: 
EQU CLASSES FLOW: 
EQU CLASSES CONTENT: (114,1) 
END
EQU CLASSES ID: 119
PATTERN ID: 118
EQU CLASSES UNIQUE_PATHS: 
EQU CLASSES FLOW: 
EQU CLASSES CONTENT: (120,1) 
END
EQU CLASSES ID: 122
PATTERN ID: 121
EQU CLASSES UNIQUE_PATHS: 
EQU CLASSES FLOW: 
EQU CLASSES CONTENT: (123,1) (124,1) 
END
EQU CLASSES ID: 126
PATTERN ID: 125
EQU CLASSES UNIQUE_PATHS: 
EQU CLASSES FLOW: 
EQU CLASSES CONTENT: (127,1) (128,1) 
END
EQU CLASSES ID: 130
PATTERN ID: 129
EQU CLASSES UNIQUE_PATHS: 
EQU CLASSES FLOW: 
EQU CLASSES CONTENT: (131,1) 
END
EQU CLASSES ID: 133
PATTERN ID: 132
EQU CLASSES UNIQUE_PATHS: 
EQU CLASSES FLOW: 
EQU CLASSES CONTENT: (134,1) 
END
EQU CLASSES ID: 136
PATTERN ID: 135
EQU CLASSES UNIQUE_PATHS: 
EQU CLASSES FLOW: 
EQU CLASSES CONTENT: (137,1) (138,1) (139,1) (140,1) 
END
DUMPING 56 PATTERNS
SEQUENCE: 0 
INDEX: 
ID 53
SIGNATURE 53
SIGNIFICANCE 0
LENGTH 0
BUNDLE: 0 0 0 0 0 0 0 0
EQU CLASSES REF(1398,0) 
EQU CLASSES 54 SEQUENCE: 0 
INDEX: 
ID 55
SIGNATURE 55
SIGNIFICANCE 0
LENGTH 0
BUNDLE: 0 0 0 0 0 0 0 0
EQU CLASSES REF(1398,0) 
EQU CLASSES 56 SEQUENCE: 0 
INDEX: 
ID 57
SIGNATURE 57
SIGNIFICANCE 0
LENGTH 0
BUNDLE: 0 0 0 0 0 0 0 0
EQU CLASSES REF(1398,0) 
EQU CLASSES 58 SEQUENCE: 0 
INDEX: 
ID 59
SIGNATURE 59
SIGNIFICANCE 0
LENGTH 0
BUNDLE: 0 0 0 0 0 0 0 0
EQU CLASSES REF(1398,0) 
EQU CLASSES 60 SEQUENCE: 0 
INDEX: 
ID 61
SIGNATURE 61
SIGNIFICANCE 0
LENGTH 0
BUNDLE: 0 0 0 0 0 0 0 0
EQU CLASSES REF(1398,0) 
EQU CLASSES 62 SEQUENCE: 0 
INDEX: 
ID 63
SIGNATURE 63
SIGNIFICANCE 0
LENGTH 0
BUNDLE: 0 0 0 0 0 0 0 0
EQU CLASSES REF(1398,0) 
EQU CLASSES 64 SEQUENCE: 0 
INDEX: 
ID 65
SIGNATURE 65
SIGNIFICANCE 0
LENGTH 0
BUNDLE: 0 0 0 0 0 0 0 0
EQU CLASSES REF(1398,0) 
EQU CLASSES 66 SEQUENCE: 0 
INDEX: 
ID 67
SIGNATURE 67
SIGNIFICANCE 0
LENGTH 0
BUNDLE: 0 0 0 0 0 0 0 0
EQU CLASSES REF(1398,0) 
EQU CLASSES 68 SEQUENCE: 0 
INDEX: 
ID 69
SIGNATURE 69
SIGNIFICANCE 0
LENGTH 0
BUNDLE: 0 0 0 0 0 0 0 0
EQU CLASSES REF(1398,0) 
EQU CLASSES 70 SEQUENCE: 0 
INDEX: 
ID 71
SIGNATURE 71
SIGNIFICANCE 0
LENGTH 0
BUNDLE: 0 0 0 0 0 0 0 0
EQU CLASSES REF(1398,0) 
EQU CLASSES 72 SEQUENCE: 0 
INDEX: 
ID 73
SIGNATURE 73
SIGNIFICANCE 0
LENGTH 0
BUNDLE: 0 0 0 0 0 0 0 0
EQU CLASSES REF(1398,0) 
EQU CLASSES 74 SEQUENCE: 0 
INDEX: 
ID 75
SIGNATURE 75
SIGNIFICANCE 0
LENGTH 0
BUNDLE: 0 0 0 0 0 0 0 0
EQU CLASSES REF(1398,0) 
EQU CLASSES 76 SEQUENCE: 0 
INDEX: 
ID 77
SIGNATURE 77
SIGNIFICANCE 0
LENGTH 0
BUNDLE: 0 0 0 0 0 0 0 0
EQU CLASSES REF(1398,0) 
EQU CLASSES 78 SEQUENCE: 0 
INDEX: 
ID 79
SIGNATURE 79
SIGNIFICANCE 0
LENGTH 0
BUNDLE: 0 0 0 0 0 0 0 0
EQU CLASSES REF(1398,0) 
EQU CLASSES 80 SEQUENCE: 0 
INDEX: 
ID 81
SIGNATURE 81
SIGNIFICANCE 0
LENGTH 0
BUNDLE: 0 0 0 0 0 0 0 0
EQU CLASSES REF(1398,0) 
EQU CLASSES 82 SEQUENCE: 0 
INDEX: 
ID 83
SIGNATURE 83
SIGNIFICANCE 0
LENGTH 0
BUNDLE: 0 0 0 0 0 0 0 0
EQU CLASSES REF(1398,0) 
EQU CLASSES 84 SEQUENCE: 0 
INDEX: 
ID 85
SIGNATURE 85
SIGNIFICANCE 0
LENGTH 0
BUNDLE: 0 0 0 0 0 0 0 0
EQU CLASSES REF(1398,0) 
EQU CLASSES 86 SEQUENCE: 55 24 42 77 
INDEX: 
ID 87
SIGNATURE 87
SIGNIFICANCE 0
LENGTH 0
BUNDLE: 0 0 0 0 0 0 0 0
EQU CLASSES REFEQU CLASSES SEQUENCE: 0 
INDEX: 
ID 88
SIGNATURE 88
SIGNIFICANCE 0
LENGTH 0
BUNDLE: 0 0 0 0 0 0 0 0
EQU CLASSES REF(1398,0) 
EQU CLASSES 89 SEQUENCE: 31 65 
INDEX: 
ID 90
SIGNATURE 90
SIGNIFICANCE 0
LENGTH 0
BUNDLE: 0 0 0 0 0 0 0 0
EQU CLASSES REFEQU CLASSES SEQUENCE: 0 
INDEX: 
ID 91
SIGNATURE 91
SIGNIFICANCE 0
LENGTH 0
BUNDLE: 0 0 0 0 0 0 0 0
EQU CLASSES REF(1398,0) 
EQU CLASSES 92 SEQUENCE: 31 67 
INDEX: 
ID 93
SIGNATURE 93
SIGNIFICANCE 0
LENGTH 0
BUNDLE: 0 0 0 0 0 0 0 0
EQU CLASSES REFEQU CLASSES SEQUENCE: 0 
INDEX: 
ID 94
SIGNATURE 94
SIGNIFICANCE 0
LENGTH 0
BUNDLE: 0 0 0 0 0 0 0 0
EQU CLASSES REF(1398,0) 
EQU CLASSES 95 SEQUENCE: 48 69 
INDEX: 
ID 96
SIGNATURE 96
SIGNIFICANCE 0
LENGTH 0
BUNDLE: 0 0 0 0 0 0 0 0
EQU CLASSES REFEQU CLASSES SEQUENCE: 0 
INDEX: 
ID 97
SIGNATURE 97
SIGNIFICANCE 0
LENGTH 0
BUNDLE: 0 0 0 0 0 0 0 0
EQU CLASSES REF(1398,0) 
EQU CLASSES 98 SEQUENCE: 73 14 73 83 
INDEX: 
ID 99
SIGNATURE 99
SIGNIFICANCE 0
LENGTH 0
BUNDLE: 0 0 0 0 0 0 0 0
EQU CLASSES REFEQU CLASSES SEQUENCE: 73 73 14 73 83 
INDEX: 
ID 100
SIGNATURE 100
SIGNIFICANCE 0
LENGTH 0
BUNDLE: 0 0 0 0 0 0 0 0
EQU CLASSES REFEQU CLASSES SEQUENCE: 0 
INDEX: 
ID 101
SIGNATURE 101
SIGNIFICANCE 0
LENGTH 0
BUNDLE: 0 0 0 0 0 0 0 0
EQU CLASSES REF(1398,0) 
EQU CLASSES 102 SEQUENCE: 55 26 45 77 
INDEX: 
ID 103
SIGNATURE 103
SIGNIFICANCE 0
LENGTH 0
BUNDLE: 0 0 0 0 0 0 0 0
EQU CLASSES REFEQU CLASSES SEQUENCE: 0 
INDEX: 
ID 104
SIGNATURE 104
SIGNIFICANCE 0
LENGTH 0
BUNDLE: 0 0 0 0 0 0 0 0
EQU CLASSES REF(1398,0) 
EQU CLASSES 105 SEQUENCE: 53 71 
INDEX: 
ID 106
SIGNATURE 106
SIGNIFICANCE 0
LENGTH 0
BUNDLE: 0 0 0 0 0 0 0 0
EQU CLASSES REFEQU CLASSES SEQUENCE: 107 
INDEX: 
ID 108
SIGNATURE 108
SIGNIFICANCE 0
LENGTH 0
BUNDLE: 0 0 0 0 0 0 0 0
EQU CLASSES REFEQU CLASSES SEQUENCE: 0 
INDEX: 
ID 109
SIGNATURE 109
SIGNIFICANCE 0
LENGTH 0
BUNDLE: 0 0 0 0 0 0 0 0
EQU CLASSES REF(1398,0) 
EQU CLASSES 110 SEQUENCE: 50 79 105 
INDEX: 
ID 111
SIGNATURE 111
SIGNIFICANCE 0
LENGTH 0
BUNDLE: 0 0 0 0 0 0 0 0
EQU CLASSES REFEQU CLASSES SEQUENCE: 0 
INDEX: 
ID 112
SIGNATURE 112
SIGNIFICANCE 0
LENGTH 0
BUNDLE: 0 0 0 0 0 0 0 0
EQU CLASSES REF(1398,0) 
EQU CLASSES 113 SEQUENCE: 105 59 
INDEX: 
ID 114
SIGNATURE 114
SIGNIFICANCE 0
LENGTH 0
BUNDLE: 0 0 0 0 0 0 0 0
EQU CLASSES REFEQU CLASSES SEQUENCE: 0 
INDEX: 
ID 115
SIGNATURE 115
SIGNIFICANCE 0
LENGTH 0
BUNDLE: 0 0 0 0 0 0 0 0
EQU CLASSES REF(1398,0) 
EQU CLASSES 107 SEQUENCE: 73 110 
INDEX: 
ID 116
SIGNATURE 116
SIGNIFICANCE 0
LENGTH 0
BUNDLE: 0 0 0 0 0 0 0 0
EQU CLASSES REFEQU CLASSES SEQUENCE: 73 
INDEX: 
ID 117
SIGNATURE 117
SIGNIFICANCE 0
LENGTH 0
BUNDLE: 0 0 0 0 0 0 0 0
EQU CLASSES REFEQU CLASSES SEQUENCE: 0 
INDEX: 
ID 118
SIGNATURE 118
SIGNIFICANCE 0
LENGTH 0
BUNDLE: 0 0 0 0 0 0 0 0
EQU CLASSES REF(1398,0) 
EQU CLASSES 119 SEQUENCE: 57 14 113 
INDEX: 
ID 120
SIGNATURE 120
SIGNIFICANCE 0
LENGTH 0
BUNDLE: 0 0 0 0 0 0 0 0
EQU CLASSES REFEQU CLASSES SEQUENCE: 0 
INDEX: 
ID 121
SIGNATURE 121
SIGNIFICANCE 0
LENGTH 0
BUNDLE: 0 0 0 0 0 0 0 0
EQU CLASSES REF(1398,0) 
EQU CLASSES 122 SEQUENCE: 44 71 
INDEX: 
ID 123
SIGNATURE 123
SIGNIFICANCE 0
LENGTH 0
BUNDLE: 0 0 0 0 0 0 0 0
EQU CLASSES REFEQU CLASSES SEQUENCE: 107 
INDEX: 
ID 124
SIGNATURE 124
SIGNIFICANCE 0
LENGTH 0
BUNDLE: 0 0 0 0 0 0 0 0
EQU CLASSES REFEQU CLASSES SEQUENCE: 0 
INDEX: 
ID 125
SIGNATURE 125
SIGNIFICANCE 0
LENGTH 0
BUNDLE: 0 0 0 0 0 0 0 0
EQU CLASSES REF(1398,0) 
EQU CLASSES 126 SEQUENCE: 73 81 43 126 
INDEX: 
ID 127
SIGNATURE 127
SIGNIFICANCE 0
LENGTH 0
BUNDLE: 0 0 0 0 0 0 0 0
EQU CLASSES REFEQU CLASSES SEQUENCE: 73 81 43 
INDEX: 
ID 128
SIGNATURE 128
SIGNIFICANCE 0
LENGTH 0
BUNDLE: 0 0 0 0 0 0 0 0
EQU CLASSES REFEQU CLASSES SEQUENCE: 0 
INDEX: 
ID 129
SIGNATURE 129
SIGNIFICANCE 0
LENGTH 0
BUNDLE: 0 0 0 0 0 0 0 0
EQU CLASSES REF(1398,0) 
EQU CLASSES 130 SEQUENCE: 75 81 43 126 
INDEX: 
ID 131
SIGNATURE 131
SIGNIFICANCE 0
LENGTH 0
BUNDLE: 0 0 0 0 0 0 0 0
EQU CLASSES REFEQU CLASSES SEQUENCE: 0 
INDEX: 
ID 132
SIGNATURE 132
SIGNIFICANCE 0
LENGTH 0
BUNDLE: 0 0 0 0 0 0 0 0
EQU CLASSES REF(1398,0) 
EQU CLASSES 133 SEQUENCE: 98 43 126 
INDEX: 
ID 134
SIGNATURE 134
SIGNIFICANCE 0
LENGTH 0
BUNDLE: 0 0 0 0 0 0 0 0
EQU CLASSES REFEQU CLASSES SEQUENCE: 0 
INDEX: 
ID 135
SIGNATURE 135
SIGNIFICANCE 0
LENGTH 0
BUNDLE: 0 0 0 0 0 0 0 0
EQU CLASSES REF(1398,0) 
EQU CLASSES 136 SEQUENCE: 133 122 119 102 
INDEX: 
ID 137
SIGNATURE 137
SIGNIFICANCE 0
LENGTH 0
BUNDLE: 0 0 0 0 0 0 0 0
EQU CLASSES REFEQU CLASSES SEQUENCE: 130 122 119 86 
INDEX: 
ID 138
SIGNATURE 138
SIGNIFICANCE 0
LENGTH 0
BUNDLE: 0 0 0 0 0 0 0 0
EQU CLASSES REFEQU CLASSES SEQUENCE: 130 95 92 
INDEX: 
ID 139
SIGNATURE 139
SIGNIFICANCE 0
LENGTH 0
BUNDLE: 0 0 0 0 0 0 0 0
EQU CLASSES REFEQU CLASSES SEQUENCE: 61 122 89 95 63 122 
INDEX: 
ID 140
SIGNATURE 140
SIGNIFICANCE 0
LENGTH 0
BUNDLE: 0 0 0 0 0 0 0 0
EQU CLASSES REFEQU CLASSES 